<?xml version="1.0" encoding="UTF-8"?>
<testsuite xmlns:xsi="http://www.w3.org/2001/XMLSchema-instance" xsi:noNamespaceSchemaLocation="https://maven.apache.org/surefire/maven-surefire-plugin/xsd/surefire-test-report-3.0.xsd" version="3.0" name="nbatools.StatsProcessorTest" time="0.046" tests="1" errors="0" skipped="0" failures="0">
  <properties>
    <property name="java.specification.version" value="21"/>
    <property name="sun.jnu.encoding" value="UTF-8"/>
    <property name="java.class.path" value="/home/donnie/StatsCollector/target/test-classes:/home/donnie/StatsCollector/target/classes:/home/donnie/.m2/repository/com/microsoft/sqlserver/mssql-jdbc/11.2.1.jre17/mssql-jdbc-11.2.1.jre17.jar:/home/donnie/.m2/repository/com/azure/resourcemanager/azure-resourcemanager/2.1.0/azure-resourcemanager-2.1.0.jar:/home/donnie/.m2/repository/com/azure/resourcemanager/azure-resourcemanager-resources/2.1.0/azure-resourcemanager-resources-2.1.0.jar:/home/donnie/.m2/repository/com/azure/azure-core/1.45.1/azure-core-1.45.1.jar:/home/donnie/.m2/repository/com/azure/azure-json/1.1.0/azure-json-1.1.0.jar:/home/donnie/.m2/repository/com/fasterxml/jackson/core/jackson-annotations/2.13.5/jackson-annotations-2.13.5.jar:/home/donnie/.m2/repository/com/fasterxml/jackson/core/jackson-core/2.13.5/jackson-core-2.13.5.jar:/home/donnie/.m2/repository/com/fasterxml/jackson/core/jackson-databind/2.13.5/jackson-databind-2.13.5.jar:/home/donnie/.m2/repository/com/fasterxml/jackson/datatype/jackson-datatype-jsr310/2.13.5/jackson-datatype-jsr310-2.13.5.jar:/home/donnie/.m2/repository/org/slf4j/slf4j-api/1.7.36/slf4j-api-1.7.36.jar:/home/donnie/.m2/repository/io/projectreactor/reactor-core/3.4.34/reactor-core-3.4.34.jar:/home/donnie/.m2/repository/org/reactivestreams/reactive-streams/1.0.4/reactive-streams-1.0.4.jar:/home/donnie/.m2/repository/com/azure/azure-core-management/1.11.9/azure-core-management-1.11.9.jar:/home/donnie/.m2/repository/com/azure/resourcemanager/azure-resourcemanager-storage/2.1.0/azure-resourcemanager-storage-2.1.0.jar:/home/donnie/.m2/repository/com/azure/resourcemanager/azure-resourcemanager-compute/2.1.0/azure-resourcemanager-compute-2.1.0.jar:/home/donnie/.m2/repository/com/azure/resourcemanager/azure-resourcemanager-network/2.1.0/azure-resourcemanager-network-2.1.0.jar:/home/donnie/.m2/repository/com/azure/resourcemanager/azure-resourcemanager-keyvault/2.1.0/azure-resourcemanager-keyvault-2.1.0.jar:/home/donnie/.m2/repository/com/azure/azure-security-keyvault-keys/4.7.3/azure-security-keyvault-keys-4.7.3.jar:/home/donnie/.m2/repository/com/azure/azure-security-keyvault-secrets/4.7.3/azure-security-keyvault-secrets-4.7.3.jar:/home/donnie/.m2/repository/com/azure/resourcemanager/azure-resourcemanager-msi/2.1.0/azure-resourcemanager-msi-2.1.0.jar:/home/donnie/.m2/repository/com/azure/resourcemanager/azure-resourcemanager-sql/2.1.0/azure-resourcemanager-sql-2.1.0.jar:/home/donnie/.m2/repository/com/azure/resourcemanager/azure-resourcemanager-authorization/2.1.0/azure-resourcemanager-authorization-2.1.0.jar:/home/donnie/.m2/repository/com/azure/resourcemanager/azure-resourcemanager-appservice/2.1.0/azure-resourcemanager-appservice-2.1.0.jar:/home/donnie/.m2/repository/com/azure/resourcemanager/azure-resourcemanager-cosmos/2.1.0/azure-resourcemanager-cosmos-2.1.0.jar:/home/donnie/.m2/repository/com/azure/resourcemanager/azure-resourcemanager-containerservice/2.1.0/azure-resourcemanager-containerservice-2.1.0.jar:/home/donnie/.m2/repository/com/azure/resourcemanager/azure-resourcemanager-monitor/2.1.0/azure-resourcemanager-monitor-2.1.0.jar:/home/donnie/.m2/repository/com/azure/resourcemanager/azure-resourcemanager-containerregistry/2.1.0/azure-resourcemanager-containerregistry-2.1.0.jar:/home/donnie/.m2/repository/com/azure/resourcemanager/azure-resourcemanager-dns/2.1.0/azure-resourcemanager-dns-2.1.0.jar:/home/donnie/.m2/repository/com/azure/resourcemanager/azure-resourcemanager-appplatform/2.1.0/azure-resourcemanager-appplatform-2.1.0.jar:/home/donnie/.m2/repository/com/azure/azure-storage-file-share/12.21.1/azure-storage-file-share-12.21.1.jar:/home/donnie/.m2/repository/com/azure/azure-storage-common/12.24.1/azure-storage-common-12.24.1.jar:/home/donnie/.m2/repository/com/fasterxml/jackson/dataformat/jackson-dataformat-xml/2.13.5/jackson-dataformat-xml-2.13.5.jar:/home/donnie/.m2/repository/org/codehaus/woodstox/stax2-api/4.2.1/stax2-api-4.2.1.jar:/home/donnie/.m2/repository/com/fasterxml/woodstox/woodstox-core/6.4.0/woodstox-core-6.4.0.jar:/home/donnie/.m2/repository/com/azure/resourcemanager/azure-resourcemanager-containerinstance/2.1.0/azure-resourcemanager-containerinstance-2.1.0.jar:/home/donnie/.m2/repository/com/azure/resourcemanager/azure-resourcemanager-privatedns/2.1.0/azure-resourcemanager-privatedns-2.1.0.jar:/home/donnie/.m2/repository/com/azure/resourcemanager/azure-resourcemanager-redis/2.1.0/azure-resourcemanager-redis-2.1.0.jar:/home/donnie/.m2/repository/com/azure/resourcemanager/azure-resourcemanager-eventhubs/2.1.0/azure-resourcemanager-eventhubs-2.1.0.jar:/home/donnie/.m2/repository/com/azure/resourcemanager/azure-resourcemanager-trafficmanager/2.1.0/azure-resourcemanager-trafficmanager-2.1.0.jar:/home/donnie/.m2/repository/com/azure/resourcemanager/azure-resourcemanager-servicebus/2.1.0/azure-resourcemanager-servicebus-2.1.0.jar:/home/donnie/.m2/repository/com/azure/resourcemanager/azure-resourcemanager-cdn/2.1.0/azure-resourcemanager-cdn-2.1.0.jar:/home/donnie/.m2/repository/org/junit/jupiter/junit-jupiter-api/5.7.2/junit-jupiter-api-5.7.2.jar:/home/donnie/.m2/repository/org/apiguardian/apiguardian-api/1.1.0/apiguardian-api-1.1.0.jar:/home/donnie/.m2/repository/org/opentest4j/opentest4j/1.2.0/opentest4j-1.2.0.jar:/home/donnie/.m2/repository/org/junit/platform/junit-platform-commons/1.7.2/junit-platform-commons-1.7.2.jar:/home/donnie/.m2/repository/org/junit/jupiter/junit-jupiter-engine/5.7.2/junit-jupiter-engine-5.7.2.jar:/home/donnie/.m2/repository/org/junit/platform/junit-platform-engine/1.7.2/junit-platform-engine-1.7.2.jar:/home/donnie/.m2/repository/org/junit/jupiter/junit-jupiter-params/5.7.2/junit-jupiter-params-5.7.2.jar:/home/donnie/.m2/repository/com/googlecode/json-simple/json-simple/1.1.1/json-simple-1.1.1.jar:/home/donnie/.m2/repository/junit/junit/4.10/junit-4.10.jar:/home/donnie/.m2/repository/org/hamcrest/hamcrest-core/1.1/hamcrest-core-1.1.jar:/home/donnie/.m2/repository/org/json/json/20231013/json-20231013.jar:"/>
    <property name="java.vm.vendor" value="Oracle Corporation"/>
    <property name="sun.arch.data.model" value="64"/>
    <property name="java.vendor.url" value="https://java.oracle.com/"/>
    <property name="os.name" value="Linux"/>
    <property name="java.vm.specification.version" value="21"/>
    <property name="sun.java.launcher" value="SUN_STANDARD"/>
    <property name="sun.boot.library.path" value="/usr/lib/jvm/jdk-21-oracle-x64/lib"/>
    <property name="sun.java.command" value="/home/donnie/StatsCollector/target/surefire/surefirebooter-20240204152253317_3.jar /home/donnie/StatsCollector/target/surefire 2024-02-04T15-22-53_252-jvmRun1 surefire-20240204152253317_1tmp surefire_0-20240204152253317_2tmp"/>
    <property name="jdk.debug" value="release"/>
    <property name="surefire.test.class.path" value="/home/donnie/StatsCollector/target/test-classes:/home/donnie/StatsCollector/target/classes:/home/donnie/.m2/repository/com/microsoft/sqlserver/mssql-jdbc/11.2.1.jre17/mssql-jdbc-11.2.1.jre17.jar:/home/donnie/.m2/repository/com/azure/resourcemanager/azure-resourcemanager/2.1.0/azure-resourcemanager-2.1.0.jar:/home/donnie/.m2/repository/com/azure/resourcemanager/azure-resourcemanager-resources/2.1.0/azure-resourcemanager-resources-2.1.0.jar:/home/donnie/.m2/repository/com/azure/azure-core/1.45.1/azure-core-1.45.1.jar:/home/donnie/.m2/repository/com/azure/azure-json/1.1.0/azure-json-1.1.0.jar:/home/donnie/.m2/repository/com/fasterxml/jackson/core/jackson-annotations/2.13.5/jackson-annotations-2.13.5.jar:/home/donnie/.m2/repository/com/fasterxml/jackson/core/jackson-core/2.13.5/jackson-core-2.13.5.jar:/home/donnie/.m2/repository/com/fasterxml/jackson/core/jackson-databind/2.13.5/jackson-databind-2.13.5.jar:/home/donnie/.m2/repository/com/fasterxml/jackson/datatype/jackson-datatype-jsr310/2.13.5/jackson-datatype-jsr310-2.13.5.jar:/home/donnie/.m2/repository/org/slf4j/slf4j-api/1.7.36/slf4j-api-1.7.36.jar:/home/donnie/.m2/repository/io/projectreactor/reactor-core/3.4.34/reactor-core-3.4.34.jar:/home/donnie/.m2/repository/org/reactivestreams/reactive-streams/1.0.4/reactive-streams-1.0.4.jar:/home/donnie/.m2/repository/com/azure/azure-core-management/1.11.9/azure-core-management-1.11.9.jar:/home/donnie/.m2/repository/com/azure/resourcemanager/azure-resourcemanager-storage/2.1.0/azure-resourcemanager-storage-2.1.0.jar:/home/donnie/.m2/repository/com/azure/resourcemanager/azure-resourcemanager-compute/2.1.0/azure-resourcemanager-compute-2.1.0.jar:/home/donnie/.m2/repository/com/azure/resourcemanager/azure-resourcemanager-network/2.1.0/azure-resourcemanager-network-2.1.0.jar:/home/donnie/.m2/repository/com/azure/resourcemanager/azure-resourcemanager-keyvault/2.1.0/azure-resourcemanager-keyvault-2.1.0.jar:/home/donnie/.m2/repository/com/azure/azure-security-keyvault-keys/4.7.3/azure-security-keyvault-keys-4.7.3.jar:/home/donnie/.m2/repository/com/azure/azure-security-keyvault-secrets/4.7.3/azure-security-keyvault-secrets-4.7.3.jar:/home/donnie/.m2/repository/com/azure/resourcemanager/azure-resourcemanager-msi/2.1.0/azure-resourcemanager-msi-2.1.0.jar:/home/donnie/.m2/repository/com/azure/resourcemanager/azure-resourcemanager-sql/2.1.0/azure-resourcemanager-sql-2.1.0.jar:/home/donnie/.m2/repository/com/azure/resourcemanager/azure-resourcemanager-authorization/2.1.0/azure-resourcemanager-authorization-2.1.0.jar:/home/donnie/.m2/repository/com/azure/resourcemanager/azure-resourcemanager-appservice/2.1.0/azure-resourcemanager-appservice-2.1.0.jar:/home/donnie/.m2/repository/com/azure/resourcemanager/azure-resourcemanager-cosmos/2.1.0/azure-resourcemanager-cosmos-2.1.0.jar:/home/donnie/.m2/repository/com/azure/resourcemanager/azure-resourcemanager-containerservice/2.1.0/azure-resourcemanager-containerservice-2.1.0.jar:/home/donnie/.m2/repository/com/azure/resourcemanager/azure-resourcemanager-monitor/2.1.0/azure-resourcemanager-monitor-2.1.0.jar:/home/donnie/.m2/repository/com/azure/resourcemanager/azure-resourcemanager-containerregistry/2.1.0/azure-resourcemanager-containerregistry-2.1.0.jar:/home/donnie/.m2/repository/com/azure/resourcemanager/azure-resourcemanager-dns/2.1.0/azure-resourcemanager-dns-2.1.0.jar:/home/donnie/.m2/repository/com/azure/resourcemanager/azure-resourcemanager-appplatform/2.1.0/azure-resourcemanager-appplatform-2.1.0.jar:/home/donnie/.m2/repository/com/azure/azure-storage-file-share/12.21.1/azure-storage-file-share-12.21.1.jar:/home/donnie/.m2/repository/com/azure/azure-storage-common/12.24.1/azure-storage-common-12.24.1.jar:/home/donnie/.m2/repository/com/fasterxml/jackson/dataformat/jackson-dataformat-xml/2.13.5/jackson-dataformat-xml-2.13.5.jar:/home/donnie/.m2/repository/org/codehaus/woodstox/stax2-api/4.2.1/stax2-api-4.2.1.jar:/home/donnie/.m2/repository/com/fasterxml/woodstox/woodstox-core/6.4.0/woodstox-core-6.4.0.jar:/home/donnie/.m2/repository/com/azure/resourcemanager/azure-resourcemanager-containerinstance/2.1.0/azure-resourcemanager-containerinstance-2.1.0.jar:/home/donnie/.m2/repository/com/azure/resourcemanager/azure-resourcemanager-privatedns/2.1.0/azure-resourcemanager-privatedns-2.1.0.jar:/home/donnie/.m2/repository/com/azure/resourcemanager/azure-resourcemanager-redis/2.1.0/azure-resourcemanager-redis-2.1.0.jar:/home/donnie/.m2/repository/com/azure/resourcemanager/azure-resourcemanager-eventhubs/2.1.0/azure-resourcemanager-eventhubs-2.1.0.jar:/home/donnie/.m2/repository/com/azure/resourcemanager/azure-resourcemanager-trafficmanager/2.1.0/azure-resourcemanager-trafficmanager-2.1.0.jar:/home/donnie/.m2/repository/com/azure/resourcemanager/azure-resourcemanager-servicebus/2.1.0/azure-resourcemanager-servicebus-2.1.0.jar:/home/donnie/.m2/repository/com/azure/resourcemanager/azure-resourcemanager-cdn/2.1.0/azure-resourcemanager-cdn-2.1.0.jar:/home/donnie/.m2/repository/org/junit/jupiter/junit-jupiter-api/5.7.2/junit-jupiter-api-5.7.2.jar:/home/donnie/.m2/repository/org/apiguardian/apiguardian-api/1.1.0/apiguardian-api-1.1.0.jar:/home/donnie/.m2/repository/org/opentest4j/opentest4j/1.2.0/opentest4j-1.2.0.jar:/home/donnie/.m2/repository/org/junit/platform/junit-platform-commons/1.7.2/junit-platform-commons-1.7.2.jar:/home/donnie/.m2/repository/org/junit/jupiter/junit-jupiter-engine/5.7.2/junit-jupiter-engine-5.7.2.jar:/home/donnie/.m2/repository/org/junit/platform/junit-platform-engine/1.7.2/junit-platform-engine-1.7.2.jar:/home/donnie/.m2/repository/org/junit/jupiter/junit-jupiter-params/5.7.2/junit-jupiter-params-5.7.2.jar:/home/donnie/.m2/repository/com/googlecode/json-simple/json-simple/1.1.1/json-simple-1.1.1.jar:/home/donnie/.m2/repository/junit/junit/4.10/junit-4.10.jar:/home/donnie/.m2/repository/org/hamcrest/hamcrest-core/1.1/hamcrest-core-1.1.jar:/home/donnie/.m2/repository/org/json/json/20231013/json-20231013.jar:"/>
    <property name="sun.cpu.endian" value="little"/>
    <property name="user.home" value="/home/donnie"/>
    <property name="user.language" value="en"/>
    <property name="java.specification.vendor" value="Oracle Corporation"/>
    <property name="java.version.date" value="2023-10-17"/>
    <property name="java.home" value="/usr/lib/jvm/jdk-21-oracle-x64"/>
    <property name="file.separator" value="/"/>
    <property name="basedir" value="/home/donnie/StatsCollector"/>
    <property name="java.vm.compressedOopsMode" value="32-bit"/>
    <property name="line.separator" value="&#10;"/>
    <property name="java.vm.specification.vendor" value="Oracle Corporation"/>
    <property name="java.specification.name" value="Java Platform API Specification"/>
    <property name="surefire.real.class.path" value="/home/donnie/StatsCollector/target/surefire/surefirebooter-20240204152253317_3.jar"/>
    <property name="sun.management.compiler" value="HotSpot 64-Bit Tiered Compilers"/>
    <property name="java.runtime.version" value="21.0.1+12-LTS-29"/>
    <property name="user.name" value="donnie"/>
    <property name="stdout.encoding" value="UTF-8"/>
    <property name="path.separator" value=":"/>
    <property name="os.version" value="5.15.133.1-microsoft-standard-WSL2"/>
    <property name="java.runtime.name" value="Java(TM) SE Runtime Environment"/>
    <property name="file.encoding" value="UTF-8"/>
    <property name="java.vm.name" value="Java HotSpot(TM) 64-Bit Server VM"/>
    <property name="localRepository" value="/home/donnie/.m2/repository"/>
    <property name="java.vendor.url.bug" value="https://bugreport.java.com/bugreport/"/>
    <property name="java.io.tmpdir" value="/tmp"/>
    <property name="java.version" value="21.0.1"/>
    <property name="user.dir" value="/home/donnie/StatsCollector"/>
    <property name="os.arch" value="amd64"/>
    <property name="java.vm.specification.name" value="Java Virtual Machine Specification"/>
    <property name="native.encoding" value="UTF-8"/>
    <property name="java.library.path" value="/usr/java/packages/lib:/usr/lib64:/lib64:/lib:/usr/lib"/>
    <property name="stderr.encoding" value="UTF-8"/>
    <property name="java.vm.info" value="mixed mode, sharing"/>
    <property name="java.vendor" value="Oracle Corporation"/>
    <property name="java.vm.version" value="21.0.1+12-LTS-29"/>
    <property name="sun.io.unicode.encoding" value="UnicodeLittle"/>
    <property name="java.class.version" value="65.0"/>
  </properties>
  <testcase name="testStatProcessor" classname="nbatools.StatsProcessorTest" time="0.027"/>
</testsuite>