<?xml version="1.0" encoding="UTF-8"?>
<testsuite xmlns:xsi="http://www.w3.org/2001/XMLSchema-instance" xsi:noNamespaceSchemaLocation="https://maven.apache.org/surefire/maven-surefire-plugin/xsd/surefire-test-report-3.0.xsd" version="3.0" name="nbatools.TestPastGames" time="32.002" tests="2" errors="0" skipped="0" failures="0">
  <properties>
    <property name="java.specification.version" value="21"/>
    <property name="sun.jnu.encoding" value="UTF-8"/>
    <property name="java.class.path" value="/home/donnie/StatsCollector/target/test-classes:/home/donnie/StatsCollector/target/classes:/home/donnie/.m2/repository/com/microsoft/sqlserver/mssql-jdbc/11.2.1.jre17/mssql-jdbc-11.2.1.jre17.jar:/home/donnie/.m2/repository/com/azure/resourcemanager/azure-resourcemanager/2.1.0/azure-resourcemanager-2.1.0.jar:/home/donnie/.m2/repository/com/azure/resourcemanager/azure-resourcemanager-resources/2.1.0/azure-resourcemanager-resources-2.1.0.jar:/home/donnie/.m2/repository/com/azure/azure-core/1.45.1/azure-core-1.45.1.jar:/home/donnie/.m2/repository/com/azure/azure-json/1.1.0/azure-json-1.1.0.jar:/home/donnie/.m2/repository/com/fasterxml/jackson/core/jackson-annotations/2.13.5/jackson-annotations-2.13.5.jar:/home/donnie/.m2/repository/com/fasterxml/jackson/core/jackson-core/2.13.5/jackson-core-2.13.5.jar:/home/donnie/.m2/repository/com/fasterxml/jackson/core/jackson-databind/2.13.5/jackson-databind-2.13.5.jar:/home/donnie/.m2/repository/com/fasterxml/jackson/datatype/jackson-datatype-jsr310/2.13.5/jackson-datatype-jsr310-2.13.5.jar:/home/donnie/.m2/repository/org/slf4j/slf4j-api/1.7.36/slf4j-api-1.7.36.jar:/home/donnie/.m2/repository/io/projectreactor/reactor-core/3.4.34/reactor-core-3.4.34.jar:/home/donnie/.m2/repository/org/reactivestreams/reactive-streams/1.0.4/reactive-streams-1.0.4.jar:/home/donnie/.m2/repository/com/azure/azure-core-management/1.11.9/azure-core-management-1.11.9.jar:/home/donnie/.m2/repository/com/azure/resourcemanager/azure-resourcemanager-storage/2.1.0/azure-resourcemanager-storage-2.1.0.jar:/home/donnie/.m2/repository/com/azure/resourcemanager/azure-resourcemanager-compute/2.1.0/azure-resourcemanager-compute-2.1.0.jar:/home/donnie/.m2/repository/com/azure/resourcemanager/azure-resourcemanager-network/2.1.0/azure-resourcemanager-network-2.1.0.jar:/home/donnie/.m2/repository/com/azure/resourcemanager/azure-resourcemanager-keyvault/2.1.0/azure-resourcemanager-keyvault-2.1.0.jar:/home/donnie/.m2/repository/com/azure/azure-security-keyvault-keys/4.7.3/azure-security-keyvault-keys-4.7.3.jar:/home/donnie/.m2/repository/com/azure/azure-security-keyvault-secrets/4.7.3/azure-security-keyvault-secrets-4.7.3.jar:/home/donnie/.m2/repository/com/azure/resourcemanager/azure-resourcemanager-msi/2.1.0/azure-resourcemanager-msi-2.1.0.jar:/home/donnie/.m2/repository/com/azure/resourcemanager/azure-resourcemanager-sql/2.1.0/azure-resourcemanager-sql-2.1.0.jar:/home/donnie/.m2/repository/com/azure/resourcemanager/azure-resourcemanager-authorization/2.1.0/azure-resourcemanager-authorization-2.1.0.jar:/home/donnie/.m2/repository/com/azure/resourcemanager/azure-resourcemanager-appservice/2.1.0/azure-resourcemanager-appservice-2.1.0.jar:/home/donnie/.m2/repository/com/azure/resourcemanager/azure-resourcemanager-cosmos/2.1.0/azure-resourcemanager-cosmos-2.1.0.jar:/home/donnie/.m2/repository/com/azure/resourcemanager/azure-resourcemanager-containerservice/2.1.0/azure-resourcemanager-containerservice-2.1.0.jar:/home/donnie/.m2/repository/com/azure/resourcemanager/azure-resourcemanager-monitor/2.1.0/azure-resourcemanager-monitor-2.1.0.jar:/home/donnie/.m2/repository/com/azure/resourcemanager/azure-resourcemanager-containerregistry/2.1.0/azure-resourcemanager-containerregistry-2.1.0.jar:/home/donnie/.m2/repository/com/azure/resourcemanager/azure-resourcemanager-dns/2.1.0/azure-resourcemanager-dns-2.1.0.jar:/home/donnie/.m2/repository/com/azure/resourcemanager/azure-resourcemanager-appplatform/2.1.0/azure-resourcemanager-appplatform-2.1.0.jar:/home/donnie/.m2/repository/com/azure/azure-storage-file-share/12.21.1/azure-storage-file-share-12.21.1.jar:/home/donnie/.m2/repository/com/azure/azure-storage-common/12.24.1/azure-storage-common-12.24.1.jar:/home/donnie/.m2/repository/com/fasterxml/jackson/dataformat/jackson-dataformat-xml/2.13.5/jackson-dataformat-xml-2.13.5.jar:/home/donnie/.m2/repository/org/codehaus/woodstox/stax2-api/4.2.1/stax2-api-4.2.1.jar:/home/donnie/.m2/repository/com/fasterxml/woodstox/woodstox-core/6.4.0/woodstox-core-6.4.0.jar:/home/donnie/.m2/repository/com/azure/resourcemanager/azure-resourcemanager-containerinstance/2.1.0/azure-resourcemanager-containerinstance-2.1.0.jar:/home/donnie/.m2/repository/com/azure/resourcemanager/azure-resourcemanager-privatedns/2.1.0/azure-resourcemanager-privatedns-2.1.0.jar:/home/donnie/.m2/repository/com/azure/resourcemanager/azure-resourcemanager-redis/2.1.0/azure-resourcemanager-redis-2.1.0.jar:/home/donnie/.m2/repository/com/azure/resourcemanager/azure-resourcemanager-eventhubs/2.1.0/azure-resourcemanager-eventhubs-2.1.0.jar:/home/donnie/.m2/repository/com/azure/resourcemanager/azure-resourcemanager-trafficmanager/2.1.0/azure-resourcemanager-trafficmanager-2.1.0.jar:/home/donnie/.m2/repository/com/azure/resourcemanager/azure-resourcemanager-servicebus/2.1.0/azure-resourcemanager-servicebus-2.1.0.jar:/home/donnie/.m2/repository/com/azure/resourcemanager/azure-resourcemanager-cdn/2.1.0/azure-resourcemanager-cdn-2.1.0.jar:/home/donnie/.m2/repository/org/junit/jupiter/junit-jupiter-api/5.7.2/junit-jupiter-api-5.7.2.jar:/home/donnie/.m2/repository/org/apiguardian/apiguardian-api/1.1.0/apiguardian-api-1.1.0.jar:/home/donnie/.m2/repository/org/opentest4j/opentest4j/1.2.0/opentest4j-1.2.0.jar:/home/donnie/.m2/repository/org/junit/platform/junit-platform-commons/1.7.2/junit-platform-commons-1.7.2.jar:/home/donnie/.m2/repository/org/junit/jupiter/junit-jupiter-engine/5.7.2/junit-jupiter-engine-5.7.2.jar:/home/donnie/.m2/repository/org/junit/platform/junit-platform-engine/1.7.2/junit-platform-engine-1.7.2.jar:/home/donnie/.m2/repository/org/junit/jupiter/junit-jupiter-params/5.7.2/junit-jupiter-params-5.7.2.jar:/home/donnie/.m2/repository/com/googlecode/json-simple/json-simple/1.1.1/json-simple-1.1.1.jar:/home/donnie/.m2/repository/junit/junit/4.10/junit-4.10.jar:/home/donnie/.m2/repository/org/hamcrest/hamcrest-core/1.1/hamcrest-core-1.1.jar:/home/donnie/.m2/repository/org/json/json/20231013/json-20231013.jar:"/>
    <property name="java.vm.vendor" value="Oracle Corporation"/>
    <property name="sun.arch.data.model" value="64"/>
    <property name="java.vendor.url" value="https://java.oracle.com/"/>
    <property name="user.timezone" value="America/Chicago"/>
    <property name="os.name" value="Linux"/>
    <property name="java.vm.specification.version" value="21"/>
    <property name="sun.java.launcher" value="SUN_STANDARD"/>
    <property name="sun.boot.library.path" value="/usr/lib/jvm/jdk-21-oracle-x64/lib"/>
    <property name="sun.java.command" value="/home/donnie/StatsCollector/target/surefire/surefirebooter-20240113132053781_3.jar /home/donnie/StatsCollector/target/surefire 2024-01-13T13-20-53_721-jvmRun1 surefire-20240113132053781_1tmp surefire_0-20240113132053781_2tmp"/>
    <property name="jdk.debug" value="release"/>
    <property name="test" value="TestPastGames"/>
    <property name="surefire.test.class.path" value="/home/donnie/StatsCollector/target/test-classes:/home/donnie/StatsCollector/target/classes:/home/donnie/.m2/repository/com/microsoft/sqlserver/mssql-jdbc/11.2.1.jre17/mssql-jdbc-11.2.1.jre17.jar:/home/donnie/.m2/repository/com/azure/resourcemanager/azure-resourcemanager/2.1.0/azure-resourcemanager-2.1.0.jar:/home/donnie/.m2/repository/com/azure/resourcemanager/azure-resourcemanager-resources/2.1.0/azure-resourcemanager-resources-2.1.0.jar:/home/donnie/.m2/repository/com/azure/azure-core/1.45.1/azure-core-1.45.1.jar:/home/donnie/.m2/repository/com/azure/azure-json/1.1.0/azure-json-1.1.0.jar:/home/donnie/.m2/repository/com/fasterxml/jackson/core/jackson-annotations/2.13.5/jackson-annotations-2.13.5.jar:/home/donnie/.m2/repository/com/fasterxml/jackson/core/jackson-core/2.13.5/jackson-core-2.13.5.jar:/home/donnie/.m2/repository/com/fasterxml/jackson/core/jackson-databind/2.13.5/jackson-databind-2.13.5.jar:/home/donnie/.m2/repository/com/fasterxml/jackson/datatype/jackson-datatype-jsr310/2.13.5/jackson-datatype-jsr310-2.13.5.jar:/home/donnie/.m2/repository/org/slf4j/slf4j-api/1.7.36/slf4j-api-1.7.36.jar:/home/donnie/.m2/repository/io/projectreactor/reactor-core/3.4.34/reactor-core-3.4.34.jar:/home/donnie/.m2/repository/org/reactivestreams/reactive-streams/1.0.4/reactive-streams-1.0.4.jar:/home/donnie/.m2/repository/com/azure/azure-core-management/1.11.9/azure-core-management-1.11.9.jar:/home/donnie/.m2/repository/com/azure/resourcemanager/azure-resourcemanager-storage/2.1.0/azure-resourcemanager-storage-2.1.0.jar:/home/donnie/.m2/repository/com/azure/resourcemanager/azure-resourcemanager-compute/2.1.0/azure-resourcemanager-compute-2.1.0.jar:/home/donnie/.m2/repository/com/azure/resourcemanager/azure-resourcemanager-network/2.1.0/azure-resourcemanager-network-2.1.0.jar:/home/donnie/.m2/repository/com/azure/resourcemanager/azure-resourcemanager-keyvault/2.1.0/azure-resourcemanager-keyvault-2.1.0.jar:/home/donnie/.m2/repository/com/azure/azure-security-keyvault-keys/4.7.3/azure-security-keyvault-keys-4.7.3.jar:/home/donnie/.m2/repository/com/azure/azure-security-keyvault-secrets/4.7.3/azure-security-keyvault-secrets-4.7.3.jar:/home/donnie/.m2/repository/com/azure/resourcemanager/azure-resourcemanager-msi/2.1.0/azure-resourcemanager-msi-2.1.0.jar:/home/donnie/.m2/repository/com/azure/resourcemanager/azure-resourcemanager-sql/2.1.0/azure-resourcemanager-sql-2.1.0.jar:/home/donnie/.m2/repository/com/azure/resourcemanager/azure-resourcemanager-authorization/2.1.0/azure-resourcemanager-authorization-2.1.0.jar:/home/donnie/.m2/repository/com/azure/resourcemanager/azure-resourcemanager-appservice/2.1.0/azure-resourcemanager-appservice-2.1.0.jar:/home/donnie/.m2/repository/com/azure/resourcemanager/azure-resourcemanager-cosmos/2.1.0/azure-resourcemanager-cosmos-2.1.0.jar:/home/donnie/.m2/repository/com/azure/resourcemanager/azure-resourcemanager-containerservice/2.1.0/azure-resourcemanager-containerservice-2.1.0.jar:/home/donnie/.m2/repository/com/azure/resourcemanager/azure-resourcemanager-monitor/2.1.0/azure-resourcemanager-monitor-2.1.0.jar:/home/donnie/.m2/repository/com/azure/resourcemanager/azure-resourcemanager-containerregistry/2.1.0/azure-resourcemanager-containerregistry-2.1.0.jar:/home/donnie/.m2/repository/com/azure/resourcemanager/azure-resourcemanager-dns/2.1.0/azure-resourcemanager-dns-2.1.0.jar:/home/donnie/.m2/repository/com/azure/resourcemanager/azure-resourcemanager-appplatform/2.1.0/azure-resourcemanager-appplatform-2.1.0.jar:/home/donnie/.m2/repository/com/azure/azure-storage-file-share/12.21.1/azure-storage-file-share-12.21.1.jar:/home/donnie/.m2/repository/com/azure/azure-storage-common/12.24.1/azure-storage-common-12.24.1.jar:/home/donnie/.m2/repository/com/fasterxml/jackson/dataformat/jackson-dataformat-xml/2.13.5/jackson-dataformat-xml-2.13.5.jar:/home/donnie/.m2/repository/org/codehaus/woodstox/stax2-api/4.2.1/stax2-api-4.2.1.jar:/home/donnie/.m2/repository/com/fasterxml/woodstox/woodstox-core/6.4.0/woodstox-core-6.4.0.jar:/home/donnie/.m2/repository/com/azure/resourcemanager/azure-resourcemanager-containerinstance/2.1.0/azure-resourcemanager-containerinstance-2.1.0.jar:/home/donnie/.m2/repository/com/azure/resourcemanager/azure-resourcemanager-privatedns/2.1.0/azure-resourcemanager-privatedns-2.1.0.jar:/home/donnie/.m2/repository/com/azure/resourcemanager/azure-resourcemanager-redis/2.1.0/azure-resourcemanager-redis-2.1.0.jar:/home/donnie/.m2/repository/com/azure/resourcemanager/azure-resourcemanager-eventhubs/2.1.0/azure-resourcemanager-eventhubs-2.1.0.jar:/home/donnie/.m2/repository/com/azure/resourcemanager/azure-resourcemanager-trafficmanager/2.1.0/azure-resourcemanager-trafficmanager-2.1.0.jar:/home/donnie/.m2/repository/com/azure/resourcemanager/azure-resourcemanager-servicebus/2.1.0/azure-resourcemanager-servicebus-2.1.0.jar:/home/donnie/.m2/repository/com/azure/resourcemanager/azure-resourcemanager-cdn/2.1.0/azure-resourcemanager-cdn-2.1.0.jar:/home/donnie/.m2/repository/org/junit/jupiter/junit-jupiter-api/5.7.2/junit-jupiter-api-5.7.2.jar:/home/donnie/.m2/repository/org/apiguardian/apiguardian-api/1.1.0/apiguardian-api-1.1.0.jar:/home/donnie/.m2/repository/org/opentest4j/opentest4j/1.2.0/opentest4j-1.2.0.jar:/home/donnie/.m2/repository/org/junit/platform/junit-platform-commons/1.7.2/junit-platform-commons-1.7.2.jar:/home/donnie/.m2/repository/org/junit/jupiter/junit-jupiter-engine/5.7.2/junit-jupiter-engine-5.7.2.jar:/home/donnie/.m2/repository/org/junit/platform/junit-platform-engine/1.7.2/junit-platform-engine-1.7.2.jar:/home/donnie/.m2/repository/org/junit/jupiter/junit-jupiter-params/5.7.2/junit-jupiter-params-5.7.2.jar:/home/donnie/.m2/repository/com/googlecode/json-simple/json-simple/1.1.1/json-simple-1.1.1.jar:/home/donnie/.m2/repository/junit/junit/4.10/junit-4.10.jar:/home/donnie/.m2/repository/org/hamcrest/hamcrest-core/1.1/hamcrest-core-1.1.jar:/home/donnie/.m2/repository/org/json/json/20231013/json-20231013.jar:"/>
    <property name="sun.cpu.endian" value="little"/>
    <property name="user.home" value="/home/donnie"/>
    <property name="user.language" value="en"/>
    <property name="java.specification.vendor" value="Oracle Corporation"/>
    <property name="java.version.date" value="2023-10-17"/>
    <property name="java.home" value="/usr/lib/jvm/jdk-21-oracle-x64"/>
    <property name="file.separator" value="/"/>
    <property name="basedir" value="/home/donnie/StatsCollector"/>
    <property name="java.vm.compressedOopsMode" value="32-bit"/>
    <property name="line.separator" value="&#10;"/>
    <property name="java.vm.specification.vendor" value="Oracle Corporation"/>
    <property name="java.specification.name" value="Java Platform API Specification"/>
    <property name="surefire.real.class.path" value="/home/donnie/StatsCollector/target/surefire/surefirebooter-20240113132053781_3.jar"/>
    <property name="sun.management.compiler" value="HotSpot 64-Bit Tiered Compilers"/>
    <property name="java.runtime.version" value="21.0.1+12-LTS-29"/>
    <property name="user.name" value="donnie"/>
    <property name="stdout.encoding" value="UTF-8"/>
    <property name="path.separator" value=":"/>
    <property name="os.version" value="5.15.133.1-microsoft-standard-WSL2"/>
    <property name="java.runtime.name" value="Java(TM) SE Runtime Environment"/>
    <property name="file.encoding" value="UTF-8"/>
    <property name="java.vm.name" value="Java HotSpot(TM) 64-Bit Server VM"/>
    <property name="localRepository" value="/home/donnie/.m2/repository"/>
    <property name="java.vendor.url.bug" value="https://bugreport.java.com/bugreport/"/>
    <property name="java.io.tmpdir" value="/tmp"/>
    <property name="java.version" value="21.0.1"/>
    <property name="user.dir" value="/home/donnie/StatsCollector"/>
    <property name="os.arch" value="amd64"/>
    <property name="java.vm.specification.name" value="Java Virtual Machine Specification"/>
    <property name="native.encoding" value="UTF-8"/>
    <property name="java.library.path" value="/usr/java/packages/lib:/usr/lib64:/lib64:/lib:/usr/lib"/>
    <property name="stderr.encoding" value="UTF-8"/>
    <property name="java.vm.info" value="mixed mode, sharing"/>
    <property name="java.vendor" value="Oracle Corporation"/>
    <property name="java.vm.version" value="21.0.1+12-LTS-29"/>
    <property name="sun.io.unicode.encoding" value="UnicodeLittle"/>
    <property name="java.class.version" value="65.0"/>
  </properties>
  <testcase name="testStatCollector" classname="nbatools.TestPastGames" time="31.988">
    <system-out><![CDATA[Player game rows and game row for game 0022300541 have been set
{
  "actions": [
    {
      "period": 1,
      "side": null,
      "orderNumber": 20000,
      "yLegacy": null,
      "isFieldGoal": 0,
      "edited": "2024-01-13T01:10:20Z",
      "isTargetScoreLastPeriod": false,
      "possession": 0,
      "qualifiers": [],
      "description": "Period Start",
      "clock": "PT12M00.00S",
      "personIdsFilter": [],
      "actionType": "period",
      "scoreHome": "0",
      "periodType": "REGULAR",
      "actionNumber": 2,
      "x": null,
      "timeActual": "2024-01-13T01:10:20.2Z",
      "y": null,
      "subType": "start",
      "personId": 0,
      "xLegacy": null,
      "scoreAway": "0"
    },
    {
      "playerNameI": "J. Sochan",
      "orderNumber": 40000,
      "isFieldGoal": 0,
      "jumpBallRecoverdPersonId": 1631110,
      "possession": 1610612759,
      "teamTricode": "SAS",
      "description": "Jump Ball V. Wembanyama vs. N. Richards: Tip to J. Sochan",
      "descriptor": "startperiod",
      "personIdsFilter": [
        1631110,
        1641705,
        1630208
      ],
      "jumpBallLostPersonId": 1630208,
      "jumpBallWonPersonId": 1641705,
      "timeActual": "2024-01-13T01:10:21.9Z",
      "jumpBallWonPlayerName": "Wembanyama",
      "period": 1,
      "side": null,
      "jumpBallLostPlayerName": "Richards",
      "yLegacy": null,
      "edited": "2024-01-13T01:10:22Z",
      "playerName": "Sochan",
      "isTargetScoreLastPeriod": false,
      "qualifiers": [],
      "clock": "PT11M58.00S",
      "actionType": "jumpball",
      "scoreHome": "0",
      "periodType": "REGULAR",
      "teamId": 1610612759,
      "actionNumber": 4,
      "x": null,
      "y": null,
      "subType": "recovered",
      "personId": 1631110,
      "xLegacy": null,
      "scoreAway": "0",
      "jumpBallRecoveredName": "J. Sochan"
    },
    {
      "playerNameI": "V. Wembanyama",
      "orderNumber": 70000,
      "isFieldGoal": 0,
      "possession": 1610612759,
      "teamTricode": "SAS",
      "description": "V. Wembanyama bad pass TURNOVER (1 TO)",
      "personIdsFilter": [
        1641705,
        1630163
      ],
      "areaDetail": "16-24 Left Center",
      "timeActual": "2024-01-13T01:10:34.7Z",
      "area": "Mid-Range",
      "period": 1,
      "side": null,
      "yLegacy": null,
      "edited": "2024-01-13T01:10:43Z",
      "playerName": "Wembanyama",
      "isTargetScoreLastPeriod": false,
      "qualifiers": [],
      "clock": "PT11M47.00S",
      "turnoverTotal": 1,
      "actionType": "turnover",
      "scoreHome": "0",
      "periodType": "REGULAR",
      "stealPersonId": 1630163,
      "teamId": 1610612759,
      "actionNumber": 7,
      "x": null,
      "y": null,
      "subType": "bad pass",
      "personId": 1641705,
      "xLegacy": null,
      "scoreAway": "0",
      "stealPlayerName": "Ball"
    },
    {
      "playerNameI": "L. Ball",
      "orderNumber": 80000,
      "isFieldGoal": 0,
      "possession": 1610612766,
      "teamTricode": "CHA",
      "description": "L. Ball STEAL (1 STL)",
      "personIdsFilter": [
        1630163
      ],
      "areaDetail": "16-24 Left Center",
      "timeActual": "2024-01-13T01:10:34.7Z",
      "area": "Mid-Range",
      "period": 1,
      "side": null,
      "yLegacy": null,
      "edited": "2024-01-13T01:10:36Z",
      "playerName": "Ball",
      "isTargetScoreLastPeriod": false,
      "qualifiers": [],
      "clock": "PT11M47.00S",
      "actionType": "steal",
      "scoreHome": "0",
      "periodType": "REGULAR",
      "teamId": 1610612766,
      "actionNumber": 8,
      "x": null,
      "y": null,
      "personId": 1630163,
      "subType": "",
      "xLegacy": null,
      "scoreAway": "0"
    },
    {
      "officialId": 1627962,
      "foulTechnicalTotal": 0,
      "playerNameI": "T. Jones",
      "orderNumber": 90000,
      "isFieldGoal": 0,
      "foulDrawnPlayerName": "Richards",
      "possession": 1610612766,
      "teamTricode": "SAS",
      "foulPersonalTotal": 1,
      "description": "T. Jones personal FOUL (1 PF)",
      "personIdsFilter": [
        1630200,
        1630208
      ],
      "areaDetail": "8-16 Center",
      "timeActual": "2024-01-13T01:10:43.4Z",
      "area": "Mid-Range",
      "period": 1,
      "side": null,
      "yLegacy": null,
      "edited": "2024-01-13T01:11:01Z",
      "playerName": "Jones",
      "isTargetScoreLastPeriod": false,
      "qualifiers": [],
      "clock": "PT11M46.00S",
      "actionType": "foul",
      "scoreHome": "0",
      "periodType": "REGULAR",
      "teamId": 1610612759,
      "actionNumber": 9,
      "x": null,
      "y": null,
      "subType": "personal",
      "personId": 1630200,
      "xLegacy": null,
      "scoreAway": "0",
      "foulDrawnPersonId": 1630208
    },
    {
      "playerNameI": "T. Rozier",
      "orderNumber": 110000,
      "isFieldGoal": 1,
      "shotResult": "Made",
      "possession": 1610612766,
      "teamTricode": "CHA",
      "description": "T. Rozier 9' fadeaway Jump Shot (2 PTS) (L. Ball 1 AST)",
      "descriptor": "fadeaway",
      "personIdsFilter": [
        1626179,
        1630163
      ],
      "areaDetail": "8-16 Center",
      "shotDistance": 9.9,
      "timeActual": "2024-01-13T01:11:01.1Z",
      "assistPersonId": 1630163,
      "area": "In The Paint (Non-RA)",
      "period": 1,
      "side": "right",
      "yLegacy": 99,
      "edited": "2024-01-13T01:11:09Z",
      "playerName": "Rozier",
      "isTargetScoreLastPeriod": false,
      "qualifiers": [
        "pointsinthepaint",
        "fromturnover"
      ],
      "assistTotal": 1,
      "clock": "PT11M29.00S",
      "actionType": "2pt",
      "scoreHome": "0",
      "periodType": "REGULAR",
      "teamId": 1610612766,
      "actionNumber": 11,
      "x": 83.919185282523,
      "y": 51.470588235294116,
      "subType": "Jump Shot",
      "personId": 1626179,
      "xLegacy": 7,
      "scoreAway": "2",
      "pointsTotal": 2,
      "assistPlayerNameInitial": "L. Ball"
    },
    {
      "officialId": 1628159,
      "foulTechnicalTotal": 0,
      "playerNameI": "B. Miller",
      "orderNumber": 120000,
      "isFieldGoal": 0,
      "foulDrawnPlayerName": "Champagnie",
      "possession": 1610612759,
      "teamTricode": "CHA",
      "foulPersonalTotal": 1,
      "description": "B. Miller flagrant-type-1 personal FOUL (1 PF) (Champagnie 3 FT)",
      "descriptor": "flagrant-type-1",
      "personIdsFilter": [
        1641706,
        1630577
      ],
      "areaDetail": "24+ Right",
      "timeActual": "2024-01-13T01:11:19.5Z",
      "area": "Right Corner 3",
      "period": 1,
      "side": null,
      "yLegacy": null,
      "edited": "2024-01-13T01:13:20Z",
      "playerName": "Miller",
      "isTargetScoreLastPeriod": false,
      "qualifiers": [
        "3freethrow"
      ],
      "clock": "PT11M11.00S",
      "actionType": "foul",
      "scoreHome": "0",
      "periodType": "REGULAR",
      "teamId": 1610612766,
      "actionNumber": 12,
      "x": null,
      "y": null,
      "subType": "personal",
      "personId": 1641706,
      "xLegacy": null,
      "scoreAway": "2",
      "foulDrawnPersonId": 1630577
    },
    {
      "playerNameI": "J. Champagnie",
      "orderNumber": 150000,
      "isFieldGoal": 0,
      "shotResult": "Made",
      "possession": 1610612759,
      "teamTricode": "SAS",
      "description": "J. Champagnie flagrant Free Throw 1 of 3 (1 PTS)",
      "descriptor": "flagrant",
      "personIdsFilter": [
        1630577
      ],
      "timeActual": "2024-01-13T01:13:24.9Z",
      "period": 1,
      "side": null,
      "yLegacy": null,
      "edited": "2024-01-13T01:14:25Z",
      "playerName": "Champagnie",
      "isTargetScoreLastPeriod": false,
      "qualifiers": [],
      "clock": "PT11M11.00S",
      "actionType": "freethrow",
      "scoreHome": "1",
      "periodType": "REGULAR",
      "teamId": 1610612759,
      "actionNumber": 16,
      "x": null,
      "y": null,
      "subType": "1 of 3",
      "personId": 1630577,
      "xLegacy": null,
      "scoreAway": "2",
      "pointsTotal": 1
    },
    {
      "playerNameI": "J. Champagnie",
      "orderNumber": 160000,
      "isFieldGoal": 0,
      "shotResult": "Made",
      "possession": 1610612759,
      "teamTricode": "SAS",
      "description": "J. Champagnie flagrant Free Throw 2 of 3 (2 PTS)",
      "descriptor": "flagrant",
      "personIdsFilter": [
        1630577
      ],
      "timeActual": "2024-01-13T01:13:24.9Z",
      "period": 1,
      "side": null,
      "yLegacy": null,
      "edited": "2024-01-13T01:14:25Z",
      "playerName": "Champagnie",
      "isTargetScoreLastPeriod": false,
      "qualifiers": [],
      "clock": "PT11M11.00S",
      "actionType": "freethrow",
      "scoreHome": "2",
      "periodType": "REGULAR",
      "teamId": 1610612759,
      "actionNumber": 17,
      "x": null,
      "y": null,
      "subType": "2 of 3",
      "personId": 1630577,
      "xLegacy": null,
      "scoreAway": "2",
      "pointsTotal": 2
    },
    {
      "playerNameI": "J. Champagnie",
      "orderNumber": 170000,
      "isFieldGoal": 0,
      "shotResult": "Made",
      "possession": 1610612759,
      "teamTricode": "SAS",
      "description": "J. Champagnie flagrant Free Throw 3 of 3 (3 PTS)",
      "descriptor": "flagrant",
      "personIdsFilter": [
        1630577
      ],
      "timeActual": "2024-01-13T01:13:24.9Z",
      "period": 1,
      "side": null,
      "yLegacy": null,
      "edited": "2024-01-13T01:14:25Z",
      "playerName": "Champagnie",
      "isTargetScoreLastPeriod": false,
      "qualifiers": [],
      "clock": "PT11M11.00S",
      "actionType": "freethrow",
      "scoreHome": "3",
      "periodType": "REGULAR",
      "teamId": 1610612759,
      "actionNumber": 18,
      "x": null,
      "y": null,
      "subType": "3 of 3",
      "personId": 1630577,
      "xLegacy": null,
      "scoreAway": "2",
      "pointsTotal": 3
    },
    {
      "officialId": 1628159,
      "foulTechnicalTotal": 0,
      "playerNameI": "N. Richards",
      "orderNumber": 180000,
      "isFieldGoal": 0,
      "foulDrawnPlayerName": "Wembanyama",
      "possession": 1610612759,
      "teamTricode": "CHA",
      "foulPersonalTotal": 1,
      "description": "N. Richards shooting personal FOUL (1 PF) (Wembanyama 2 FT)",
      "descriptor": "shooting",
      "personIdsFilter": [
        1630208,
        1641705
      ],
      "areaDetail": "8-16 Center",
      "timeActual": "2024-01-13T01:14:13.7Z",
      "area": "In The Paint (Non-RA)",
      "period": 1,
      "side": null,
      "yLegacy": null,
      "edited": "2024-01-13T01:14:34Z",
      "playerName": "Richards",
      "isTargetScoreLastPeriod": false,
      "qualifiers": [
        "2freethrow"
      ],
      "clock": "PT11M01.00S",
      "actionType": "foul",
      "scoreHome": "3",
      "periodType": "REGULAR",
      "teamId": 1610612766,
      "actionNumber": 19,
      "x": null,
      "y": null,
      "subType": "personal",
      "personId": 1630208,
      "xLegacy": null,
      "scoreAway": "2",
      "foulDrawnPersonId": 1641705
    },
    {
      "playerNameI": "V. Wembanyama",
      "orderNumber": 200000,
      "isFieldGoal": 0,
      "shotResult": "Made",
      "possession": 1610612759,
      "teamTricode": "SAS",
      "description": "V. Wembanyama Free Throw 1 of 2 (1 PTS)",
      "personIdsFilter": [
        1641705
      ],
      "timeActual": "2024-01-13T01:14:40.0Z",
      "period": 1,
      "side": null,
      "yLegacy": null,
      "edited": "2024-01-13T01:14:40Z",
      "playerName": "Wembanyama",
      "isTargetScoreLastPeriod": false,
      "qualifiers": [],
      "clock": "PT11M01.00S",
      "actionType": "freethrow",
      "scoreHome": "4",
      "periodType": "REGULAR",
      "teamId": 1610612759,
      "actionNumber": 21,
      "x": null,
      "y": null,
      "subType": "1 of 2",
      "personId": 1641705,
      "xLegacy": null,
      "scoreAway": "2",
      "pointsTotal": 1
    },
    {
      "playerNameI": "V. Wembanyama",
      "orderNumber": 210000,
      "isFieldGoal": 0,
      "shotResult": "Made",
      "possession": 1610612759,
      "teamTricode": "SAS",
      "description": "V. Wembanyama Free Throw 2 of 2 (2 PTS)",
      "personIdsFilter": [
        1641705
      ],
      "timeActual": "2024-01-13T01:14:57.6Z",
      "period": 1,
      "side": null,
      "yLegacy": null,
      "edited": "2024-01-13T01:14:57Z",
      "playerName": "Wembanyama",
      "isTargetScoreLastPeriod": false,
      "qualifiers": [],
      "clock": "PT11M01.00S",
      "actionType": "freethrow",
      "scoreHome": "5",
      "periodType": "REGULAR",
      "teamId": 1610612759,
      "actionNumber": 22,
      "x": null,
      "y": null,
      "subType": "2 of 2",
      "personId": 1641705,
      "xLegacy": null,
      "scoreAway": "2",
      "pointsTotal": 2
    },
    {
      "playerNameI": "T. Rozier",
      "orderNumber": 220000,
      "isFieldGoal": 1,
      "shotResult": "Missed",
      "possession": 1610612766,
      "teamTricode": "CHA",
      "description": "MISS T. Rozier 27' pullup 3PT",
      "descriptor": "pullup",
      "personIdsFilter": [
        1626179
      ],
      "areaDetail": "24+ Left Center",
      "shotDistance": 27.31,
      "timeActual": "2024-01-13T01:15:15.2Z",
      "area": "Above the Break 3",
      "period": 1,
      "side": "right",
      "yLegacy": 190,
      "edited": "2024-01-13T01:15:25Z",
      "playerName": "Rozier",
      "isTargetScoreLastPeriod": false,
      "qualifiers": [],
      "clock": "PT10M44.00S",
      "actionType": "3pt",
      "scoreHome": "5",
      "periodType": "REGULAR",
      "teamId": 1610612766,
      "actionNumber": 23,
      "x": 74.19513797634691,
      "y": 10.784313725490197,
      "subType": "Jump Shot",
      "personId": 1626179,
      "xLegacy": -196,
      "scoreAway": "2"
    },
    {
      "playerNameI": "V. Wembanyama",
      "orderNumber": 230000,
      "isFieldGoal": 0,
      "possession": 1610612759,
      "teamTricode": "SAS",
      "description": "V. Wembanyama REBOUND (Off:0 Def:1)",
      "personIdsFilter": [
        1641705
      ],
      "areaDetail": "24+ Left Center",
      "reboundDefensiveTotal": 1,
      "timeActual": "2024-01-13T01:15:19.2Z",
      "shotActionNumber": 23,
      "area": "Above the Break 3",
      "reboundOffensiveTotal": 0,
      "period": 1,
      "side": null,
      "yLegacy": null,
      "edited": "2024-01-13T01:15:25Z",
      "playerName": "Wembanyama",
      "isTargetScoreLastPeriod": false,
      "qualifiers": [],
      "clock": "PT10M40.00S",
      "actionType": "rebound",
      "scoreHome": "5",
      "periodType": "REGULAR",
      "reboundTotal": 1,
      "teamId": 1610612759,
      "actionNumber": 24,
      "x": null,
      "y": null,
      "subType": "defensive",
      "personId": 1641705,
      "xLegacy": null,
      "scoreAway": "2"
    },
    {
      "playerNameI": "J. Champagnie",
      "orderNumber": 240000,
      "isFieldGoal": 1,
      "shotResult": "Missed",
      "possession": 1610612759,
      "teamTricode": "SAS",
      "description": "MISS J. Champagnie 25' 3PT",
      "personIdsFilter": [
        1630577
      ],
      "areaDetail": "24+ Right Center",
      "shotDistance": 25.78,
      "timeActual": "2024-01-13T01:15:29.9Z",
      "area": "Above the Break 3",
      "period": 1,
      "side": "left",
      "yLegacy": 239,
      "edited": "2024-01-13T01:15:35Z",
      "playerName": "Champagnie",
      "isTargetScoreLastPeriod": false,
      "qualifiers": [],
      "clock": "PT10M29.00S",
      "actionType": "3pt",
      "scoreHome": "5",
      "periodType": "REGULAR",
      "teamId": 1610612759,
      "actionNumber": 25,
      "x": 30.962549277266753,
      "y": 30.392156862745097,
      "subType": "Jump Shot",
      "personId": 1630577,
      "xLegacy": 98,
      "scoreAway": "2"
    },
    {
      "playerNameI": "N. Richards",
      "orderNumber": 250000,
      "isFieldGoal": 0,
      "possession": 1610612766,
      "teamTricode": "CHA",
      "description": "N. Richards REBOUND (Off:0 Def:1)",
      "personIdsFilter": [
        1630208
      ],
      "areaDetail": "24+ Right Center",
      "reboundDefensiveTotal": 1,
      "timeActual": "2024-01-13T01:15:33.9Z",
      "shotActionNumber": 25,
      "area": "Above the Break 3",
      "reboundOffensiveTotal": 0,
      "period": 1,
      "side": null,
      "yLegacy": null,
      "edited": "2024-01-13T01:15:35Z",
      "playerName": "Richards",
      "isTargetScoreLastPeriod": false,
      "qualifiers": [],
      "clock": "PT10M25.00S",
      "actionType": "rebound",
      "scoreHome": "5",
      "periodType": "REGULAR",
      "reboundTotal": 1,
      "teamId": 1610612766,
      "actionNumber": 26,
      "x": null,
      "y": null,
      "subType": "defensive",
      "personId": 1630208,
      "xLegacy": null,
      "scoreAway": "2"
    },
    {
      "playerNameI": "B. Miller",
      "orderNumber": 260000,
      "isFieldGoal": 1,
      "shotResult": "Missed",
      "possession": 1610612766,
      "teamTricode": "CHA",
      "description": "MISS B. Miller 26' 3PT",
      "personIdsFilter": [
        1641706
      ],
      "areaDetail": "24+ Right Center",
      "shotDistance": 26.71,
      "timeActual": "2024-01-13T01:15:40.7Z",
      "area": "Above the Break 3",
      "period": 1,
      "side": "right",
      "yLegacy": 249,
      "edited": "2024-01-13T01:15:52Z",
      "playerName": "Miller",
      "isTargetScoreLastPeriod": false,
      "qualifiers": [],
      "clock": "PT10M18.00S",
      "actionType": "3pt",
      "scoreHome": "5",
      "periodType": "REGULAR",
      "teamId": 1610612766,
      "actionNumber": 27,
      "x": 67.88764783180025,
      "y": 69.11764705882352,
      "subType": "Jump Shot",
      "personId": 1641706,
      "xLegacy": 96,
      "scoreAway": "2"
    },
    {
      "orderNumber": 270000,
      "isFieldGoal": 0,
      "possession": 1610612759,
      "teamTricode": "SAS",
      "description": "TEAM defensive REBOUND",
      "personIdsFilter": [],
      "areaDetail": "24+ Right Center",
      "timeActual": "2024-01-13T01:15:44.7Z",
      "shotActionNumber": 27,
      "area": "Above the Break 3",
      "period": 1,
      "side": null,
      "yLegacy": null,
      "edited": "2024-01-13T01:15:52Z",
      "isTargetScoreLastPeriod": false,
      "qualifiers": [
        "team"
      ],
      "clock": "PT10M14.00S",
      "actionType": "rebound",
      "scoreHome": "5",
      "periodType": "REGULAR",
      "teamId": 1610612759,
      "actionNumber": 28,
      "x": null,
      "y": null,
      "subType": "defensive",
      "personId": 0,
      "xLegacy": null,
      "scoreAway": "2"
    },
    {
      "playerNameI": "D. Vassell",
      "orderNumber": 280000,
      "isFieldGoal": 1,
      "shotResult": "Missed",
      "possession": 1610612759,
      "teamTricode": "SAS",
      "description": "MISS D. Vassell driving finger roll Layup - blocked",
      "descriptor": "driving finger roll",
      "personIdsFilter": [
        1630170,
        1630208
      ],
      "areaDetail": "0-8 Center",
      "shotDistance": 2.75,
      "timeActual": "2024-01-13T01:16:06.8Z",
      "blockPlayerName": "Richards",
      "area": "Restricted Area",
      "period": 1,
      "side": "left",
      "yLegacy": 5,
      "edited": "2024-01-13T01:16:15Z",
      "playerName": "Vassell",
      "isTargetScoreLastPeriod": false,
      "qualifiers": [
        "pointsinthepaint"
      ],
      "clock": "PT10M02.00S",
      "actionType": "2pt",
      "scoreHome": "5",
      "periodType": "REGULAR",
      "blockPersonId": 1630208,
      "teamId": 1610612759,
      "actionNumber": 29,
      "x": 6.1268068331143235,
      "y": 55.392156862745104,
      "subType": "Layup",
      "personId": 1630170,
      "xLegacy": -27,
      "scoreAway": "2"
    },
    {
      "playerNameI": "N. Richards",
      "orderNumber": 290000,
      "isFieldGoal": 0,
      "possession": 1610612759,
      "teamTricode": "CHA",
      "description": "N. Richards BLOCK (1 BLK)",
      "personIdsFilter": [
        1630208
      ],
      "areaDetail": "0-8 Center",
      "timeActual": "2024-01-13T01:16:06.8Z",
      "area": "Restricted Area",
      "period": 1,
      "side": null,
      "yLegacy": null,
      "edited": "2024-01-13T01:16:10Z",
      "playerName": "Richards",
      "isTargetScoreLastPeriod": false,
      "qualifiers": [],
      "clock": "PT10M02.00S",
      "actionType": "block",
      "scoreHome": "5",
      "periodType": "REGULAR",
      "teamId": 1610612766,
      "actionNumber": 30,
      "x": null,
      "y": null,
      "personId": 1630208,
      "subType": "",
      "xLegacy": null,
      "scoreAway": "2"
    },
    {
      "orderNumber": 300000,
      "isFieldGoal": 0,
      "possession": 1610612759,
      "teamTricode": "SAS",
      "description": "TEAM offensive REBOUND",
      "personIdsFilter": [],
      "areaDetail": "0-8 Center",
      "timeActual": "2024-01-13T01:16:06.8Z",
      "shotActionNumber": 29,
      "area": "Restricted Area",
      "period": 1,
      "side": null,
      "yLegacy": null,
      "edited": "2024-01-13T01:16:15Z",
      "isTargetScoreLastPeriod": false,
      "qualifiers": [
        "team"
      ],
      "clock": "PT10M02.00S",
      "actionType": "rebound",
      "scoreHome": "5",
      "periodType": "REGULAR",
      "teamId": 1610612759,
      "actionNumber": 31,
      "x": null,
      "y": null,
      "subType": "offensive",
      "personId": 0,
      "xLegacy": null,
      "scoreAway": "2"
    },
    {
      "playerNameI": "V. Wembanyama",
      "orderNumber": 320000,
      "isFieldGoal": 1,
      "shotResult": "Missed",
      "possession": 1610612759,
      "teamTricode": "SAS",
      "description": "MISS V. Wembanyama 25' 3PT",
      "personIdsFilter": [
        1641705
      ],
      "areaDetail": "24+ Center",
      "shotDistance": 25.5,
      "timeActual": "2024-01-13T01:16:30.2Z",
      "area": "Above the Break 3",
      "period": 1,
      "side": "left",
      "yLegacy": 248,
      "edited": "2024-01-13T01:16:34Z",
      "playerName": "Wembanyama",
      "isTargetScoreLastPeriod": false,
      "qualifiers": [
        "2ndchance"
      ],
      "clock": "PT09M55.00S",
      "actionType": "3pt",
      "scoreHome": "5",
      "periodType": "REGULAR",
      "teamId": 1610612759,
      "actionNumber": 33,
      "x": 32.013797634691194,
      "y": 61.51960784313726,
      "subType": "Jump Shot",
      "personId": 1641705,
      "xLegacy": -58,
      "scoreAway": "2"
    },
    {
      "playerNameI": "M. Bridges",
      "orderNumber": 330000,
      "isFieldGoal": 0,
      "possession": 1610612766,
      "teamTricode": "CHA",
      "description": "M. Bridges REBOUND (Off:0 Def:1)",
      "personIdsFilter": [
        1628970
      ],
      "areaDetail": "24+ Center",
      "reboundDefensiveTotal": 1,
      "timeActual": "2024-01-13T01:16:33.2Z",
      "shotActionNumber": 33,
      "area": "Above the Break 3",
      "reboundOffensiveTotal": 0,
      "period": 1,
      "side": null,
      "yLegacy": null,
      "edited": "2024-01-13T01:16:34Z",
      "playerName": "Bridges",
      "isTargetScoreLastPeriod": false,
      "qualifiers": [],
      "clock": "PT09M52.00S",
      "actionType": "rebound",
      "scoreHome": "5",
      "periodType": "REGULAR",
      "reboundTotal": 1,
      "teamId": 1610612766,
      "actionNumber": 34,
      "x": null,
      "y": null,
      "subType": "defensive",
      "personId": 1628970,
      "xLegacy": null,
      "scoreAway": "2"
    },
    {
      "playerNameI": "B. Miller",
      "orderNumber": 340000,
      "isFieldGoal": 1,
      "shotResult": "Missed",
      "possession": 1610612766,
      "teamTricode": "CHA",
      "description": "MISS B. Miller 11' turnaround fadeaway Shot",
      "descriptor": "turnaround fadeaway",
      "personIdsFilter": [
        1641706
      ],
      "areaDetail": "8-16 Center",
      "shotDistance": 11.7,
      "timeActual": "2024-01-13T01:16:40.4Z",
      "area": "In The Paint (Non-RA)",
      "period": 1,
      "side": "right",
      "yLegacy": 112,
      "edited": "2024-01-13T01:17:51Z",
      "playerName": "Miller",
      "isTargetScoreLastPeriod": false,
      "qualifiers": [
        "pointsinthepaint"
      ],
      "clock": "PT09M45.00S",
      "actionType": "2pt",
      "scoreHome": "5",
      "periodType": "REGULAR",
      "teamId": 1610612766,
      "actionNumber": 35,
      "x": 82.47371879106439,
      "y": 56.61764705882353,
      "subType": "Jump Shot",
      "personId": 1641706,
      "xLegacy": 33,
      "scoreAway": "2"
    },
    {
      "playerNameI": "V. Wembanyama",
      "orderNumber": 350000,
      "isFieldGoal": 0,
      "possession": 1610612759,
      "teamTricode": "SAS",
      "description": "V. Wembanyama REBOUND (Off:0 Def:2)",
      "personIdsFilter": [
        1641705
      ],
      "areaDetail": "8-16 Center",
      "reboundDefensiveTotal": 2,
      "timeActual": "2024-01-13T01:16:43.4Z",
      "shotActionNumber": 35,
      "area": "In The Paint (Non-RA)",
      "reboundOffensiveTotal": 0,
      "period": 1,
      "side": null,
      "yLegacy": null,
      "edited": "2024-01-13T01:16:45Z",
      "playerName": "Wembanyama",
      "isTargetScoreLastPeriod": false,
      "qualifiers": [],
      "clock": "PT09M42.00S",
      "actionType": "rebound",
      "scoreHome": "5",
      "periodType": "REGULAR",
      "reboundTotal": 2,
      "teamId": 1610612759,
      "actionNumber": 36,
      "x": null,
      "y": null,
      "subType": "defensive",
      "personId": 1641705,
      "xLegacy": null,
      "scoreAway": "2"
    },
    {
      "playerNameI": "V. Wembanyama",
      "orderNumber": 360000,
      "isFieldGoal": 1,
      "shotResult": "Missed",
      "possession": 1610612759,
      "teamTricode": "SAS",
      "description": "MISS V. Wembanyama 10' Jump Shot",
      "personIdsFilter": [
        1641705
      ],
      "areaDetail": "8-16 Right",
      "shotDistance": 10.69,
      "timeActual": "2024-01-13T01:16:53.4Z",
      "area": "Mid-Range",
      "period": 1,
      "side": "left",
      "yLegacy": 8,
      "edited": "2024-01-13T01:16:57Z",
      "playerName": "Wembanyama",
      "isTargetScoreLastPeriod": false,
      "qualifiers": [],
      "clock": "PT09M32.00S",
      "actionType": "2pt",
      "scoreHome": "5",
      "periodType": "REGULAR",
      "teamId": 1610612759,
      "actionNumber": 37,
      "x": 6.389618922470433,
      "y": 28.676470588235293,
      "subType": "Jump Shot",
      "personId": 1641705,
      "xLegacy": 107,
      "scoreAway": "2"
    },
    {
      "playerNameI": "T. Rozier",
      "orderNumber": 370000,
      "isFieldGoal": 0,
      "possession": 1610612766,
      "teamTricode": "CHA",
      "description": "T. Rozier REBOUND (Off:0 Def:1)",
      "personIdsFilter": [
        1626179
      ],
      "areaDetail": "8-16 Right",
      "reboundDefensiveTotal": 1,
      "timeActual": "2024-01-13T01:16:56.4Z",
      "shotActionNumber": 37,
      "area": "Mid-Range",
      "reboundOffensiveTotal": 0,
      "period": 1,
      "side": null,
      "yLegacy": null,
      "edited": "2024-01-13T01:16:57Z",
      "playerName": "Rozier",
      "isTargetScoreLastPeriod": false,
      "qualifiers": [],
      "clock": "PT09M29.00S",
      "actionType": "rebound",
      "scoreHome": "5",
      "periodType": "REGULAR",
      "reboundTotal": 1,
      "teamId": 1610612766,
      "actionNumber": 38,
      "x": null,
      "y": null,
      "subType": "defensive",
      "personId": 1626179,
      "xLegacy": null,
      "scoreAway": "2"
    },
    {
      "playerNameI": "L. Ball",
      "orderNumber": 380000,
      "isFieldGoal": 1,
      "shotResult": "Missed",
      "possession": 1610612766,
      "teamTricode": "CHA",
      "description": "MISS L. Ball 29' running pullup 3PT",
      "descriptor": "running pullup",
      "personIdsFilter": [
        1630163
      ],
      "areaDetail": "24+ Left Center",
      "shotDistance": 29.38,
      "timeActual": "2024-01-13T01:17:00.8Z",
      "area": "Above the Break 3",
      "period": 1,
      "side": "right",
      "yLegacy": 242,
      "edited": "2024-01-13T01:18:29Z",
      "playerName": "Ball",
      "isTargetScoreLastPeriod": false,
      "qualifiers": [
        "fastbreak"
      ],
      "clock": "PT09M24.00S",
      "actionType": "3pt",
      "scoreHome": "5",
      "periodType": "REGULAR",
      "teamId": 1610612766,
      "actionNumber": 39,
      "x": 68.67608409986859,
      "y": 16.666666666666664,
      "subType": "Jump Shot",
      "personId": 1630163,
      "xLegacy": -167,
      "scoreAway": "2"
    },
    {
      "playerNameI": "V. Wembanyama",
      "orderNumber": 390000,
      "isFieldGoal": 0,
      "possession": 1610612759,
      "teamTricode": "SAS",
      "description": "V. Wembanyama REBOUND (Off:0 Def:3)",
      "personIdsFilter": [
        1641705
      ],
      "areaDetail": "24+ Left Center",
      "reboundDefensiveTotal": 3,
      "timeActual": "2024-01-13T01:17:02.8Z",
      "shotActionNumber": 39,
      "area": "Above the Break 3",
      "reboundOffensiveTotal": 0,
      "period": 1,
      "side": null,
      "yLegacy": null,
      "edited": "2024-01-13T01:17:13Z",
      "playerName": "Wembanyama",
      "isTargetScoreLastPeriod": false,
      "qualifiers": [],
      "clock": "PT09M22.00S",
      "actionType": "rebound",
      "scoreHome": "5",
      "periodType": "REGULAR",
      "reboundTotal": 3,
      "teamId": 1610612759,
      "actionNumber": 40,
      "x": null,
      "y": null,
      "subType": "defensive",
      "personId": 1641705,
      "xLegacy": null,
      "scoreAway": "2"
    },
    {
      "playerNameI": "D. Vassell",
      "orderNumber": 400000,
      "isFieldGoal": 0,
      "possession": 1610612759,
      "teamTricode": "SAS",
      "description": "D. Vassell bad pass TURNOVER (1 TO)",
      "personIdsFilter": [
        1630170,
        1626179
      ],
      "areaDetail": "0-8 Center",
      "timeActual": "2024-01-13T01:17:12.2Z",
      "area": "In The Paint (Non-RA)",
      "period": 1,
      "side": null,
      "yLegacy": null,
      "edited": "2024-01-13T01:17:24Z",
      "playerName": "Vassell",
      "isTargetScoreLastPeriod": false,
      "qualifiers": [],
      "clock": "PT09M13.00S",
      "turnoverTotal": 1,
      "actionType": "turnover",
      "scoreHome": "5",
      "periodType": "REGULAR",
      "stealPersonId": 1626179,
      "teamId": 1610612759,
      "actionNumber": 41,
      "x": null,
      "y": null,
      "subType": "bad pass",
      "personId": 1630170,
      "xLegacy": null,
      "scoreAway": "2",
      "stealPlayerName": "Rozier"
    },
    {
      "playerNameI": "T. Rozier",
      "orderNumber": 410000,
      "isFieldGoal": 0,
      "possession": 1610612766,
      "teamTricode": "CHA",
      "description": "T. Rozier STEAL (1 STL)",
      "personIdsFilter": [
        1626179
      ],
      "areaDetail": "0-8 Center",
      "timeActual": "2024-01-13T01:17:12.2Z",
      "area": "In The Paint (Non-RA)",
      "period": 1,
      "side": null,
      "yLegacy": null,
      "edited": "2024-01-13T01:17:14Z",
      "playerName": "Rozier",
      "isTargetScoreLastPeriod": false,
      "qualifiers": [],
      "clock": "PT09M13.00S",
      "actionType": "steal",
      "scoreHome": "5",
      "periodType": "REGULAR",
      "teamId": 1610612766,
      "actionNumber": 42,
      "x": null,
      "y": null,
      "personId": 1626179,
      "subType": "",
      "xLegacy": null,
      "scoreAway": "2"
    },
    {
      "playerNameI": "L. Ball",
      "orderNumber": 420000,
      "isFieldGoal": 1,
      "shotResult": "Missed",
      "possession": 1610612766,
      "teamTricode": "CHA",
      "description": "MISS L. Ball running Layup",
      "descriptor": "running",
      "personIdsFilter": [
        1630163
      ],
      "areaDetail": "0-8 Center",
      "shotDistance": 1.92,
      "timeActual": "2024-01-13T01:17:15.8Z",
      "area": "Restricted Area",
      "period": 1,
      "side": "right",
      "yLegacy": 8,
      "edited": "2024-01-13T01:19:57Z",
      "playerName": "Ball",
      "isTargetScoreLastPeriod": false,
      "qualifiers": [
        "pointsinthepaint",
        "fromturnover",
        "fastbreak"
      ],
      "clock": "PT09M09.00S",
      "actionType": "2pt",
      "scoreHome": "5",
      "periodType": "REGULAR",
      "teamId": 1610612766,
      "actionNumber": 43,
      "x": 93.51182654402102,
      "y": 53.431372549019606,
      "subType": "Layup",
      "personId": 1630163,
      "xLegacy": 17,
      "scoreAway": "2"
    },
    {
      "playerNameI": "B. Miller",
      "orderNumber": 430000,
      "isFieldGoal": 0,
      "possession": 1610612766,
      "teamTricode": "CHA",
      "description": "B. Miller REBOUND (Off:1 Def:0)",
      "personIdsFilter": [
        1641706
      ],
      "areaDetail": "0-8 Center",
      "reboundDefensiveTotal": 0,
      "timeActual": "2024-01-13T01:17:16.8Z",
      "shotActionNumber": 43,
      "area": "Restricted Area",
      "reboundOffensiveTotal": 1,
      "period": 1,
      "side": null,
      "yLegacy": null,
      "edited": "2024-01-13T01:46:35Z",
      "playerName": "Miller",
      "isTargetScoreLastPeriod": false,
      "qualifiers": [],
      "clock": "PT09M08.00S",
      "actionType": "rebound",
      "scoreHome": "5",
      "periodType": "REGULAR",
      "reboundTotal": 1,
      "teamId": 1610612766,
      "actionNumber": 44,
      "x": null,
      "y": null,
      "subType": "offensive",
      "personId": 1641706,
      "xLegacy": null,
      "scoreAway": "2"
    },
    {
      "playerNameI": "B. Miller",
      "orderNumber": 440000,
      "isFieldGoal": 1,
      "shotResult": "Missed",
      "possession": 1610612766,
      "teamTricode": "CHA",
      "description": "MISS B. Miller tip Layup",
      "descriptor": "tip",
      "personIdsFilter": [
        1641706
      ],
      "areaDetail": "0-8 Center",
      "shotDistance": 0,
      "timeActual": "2024-01-13T01:17:20.7Z",
      "area": "Restricted Area",
      "period": 1,
      "side": "right",
      "yLegacy": 0,
      "edited": "2024-01-13T01:45:47Z",
      "playerName": "Miller",
      "isTargetScoreLastPeriod": false,
      "qualifiers": [
        "2ndchance",
        "pointsinthepaint",
        "fromturnover"
      ],
      "clock": "PT09M05.00S",
      "actionType": "2pt",
      "scoreHome": "5",
      "periodType": "REGULAR",
      "teamId": 1610612766,
      "actionNumber": 45,
      "x": 94.40999984741211,
      "y": 50,
      "subType": "Layup",
      "personId": 1641706,
      "xLegacy": 0,
      "scoreAway": "2"
    },
    {
      "playerNameI": "B. Miller",
      "orderNumber": 450000,
      "isFieldGoal": 0,
      "possession": 1610612766,
      "teamTricode": "CHA",
      "description": "B. Miller REBOUND (Off:2 Def:0)",
      "personIdsFilter": [
        1641706
      ],
      "areaDetail": "0-8 Center",
      "reboundDefensiveTotal": 0,
      "timeActual": "2024-01-13T01:17:20.7Z",
      "shotActionNumber": 45,
      "area": "Restricted Area",
      "reboundOffensiveTotal": 2,
      "period": 1,
      "side": null,
      "yLegacy": null,
      "edited": "2024-01-13T01:21:54Z",
      "playerName": "Miller",
      "isTargetScoreLastPeriod": false,
      "qualifiers": [],
      "clock": "PT09M05.00S",
      "actionType": "rebound",
      "scoreHome": "5",
      "periodType": "REGULAR",
      "reboundTotal": 2,
      "teamId": 1610612766,
      "actionNumber": 46,
      "x": null,
      "y": null,
      "subType": "offensive",
      "personId": 1641706,
      "xLegacy": null,
      "scoreAway": "2"
    },
    {
      "playerNameI": "B. Miller",
      "orderNumber": 460000,
      "isFieldGoal": 1,
      "shotResult": "Missed",
      "possession": 1610612766,
      "teamTricode": "CHA",
      "description": "MISS B. Miller tip Layup",
      "descriptor": "tip",
      "personIdsFilter": [
        1641706
      ],
      "areaDetail": "0-8 Center",
      "shotDistance": 0,
      "timeActual": "2024-01-13T01:17:22.4Z",
      "area": "Restricted Area",
      "period": 1,
      "side": "right",
      "yLegacy": 0,
      "edited": "2024-01-13T01:17:30Z",
      "playerName": "Miller",
      "isTargetScoreLastPeriod": false,
      "qualifiers": [
        "2ndchance",
        "pointsinthepaint",
        "fromturnover"
      ],
      "clock": "PT09M05.00S",
      "actionType": "2pt",
      "scoreHome": "5",
      "periodType": "REGULAR",
      "teamId": 1610612766,
      "actionNumber": 47,
      "x": 94.40999984741211,
      "y": 50,
      "subType": "Layup",
      "personId": 1641706,
      "xLegacy": 0,
      "scoreAway": "2"
    },
    {
      "orderNumber": 470000,
      "isFieldGoal": 0,
      "possession": 1610612759,
      "teamTricode": "SAS",
      "description": "TEAM defensive REBOUND",
      "personIdsFilter": [],
      "areaDetail": "0-8 Center",
      "timeActual": "2024-01-13T01:17:22.4Z",
      "shotActionNumber": 47,
      "area": "Restricted Area",
      "period": 1,
      "side": null,
      "yLegacy": null,
      "edited": "2024-01-13T01:24:13Z",
      "isTargetScoreLastPeriod": false,
      "qualifiers": [
        "team"
      ],
      "clock": "PT09M05.00S",
      "actionType": "rebound",
      "scoreHome": "5",
      "periodType": "REGULAR",
      "teamId": 1610612759,
      "actionNumber": 48,
      "x": null,
      "y": null,
      "subType": "defensive",
      "personId": 0,
      "xLegacy": null,
      "scoreAway": "2"
    },
    {
      "officialId": 202049,
      "foulTechnicalTotal": 0,
      "playerNameI": "L. Ball",
      "orderNumber": 480000,
      "isFieldGoal": 0,
      "foulDrawnPlayerName": "Jones",
      "possession": 1610612759,
      "teamTricode": "CHA",
      "foulPersonalTotal": 1,
      "description": "L. Ball loose ball personal FOUL (1 PF)",
      "descriptor": "loose ball",
      "personIdsFilter": [
        1630163,
        1630200
      ],
      "areaDetail": "8-16 Left",
      "timeActual": "2024-01-13T01:17:33.7Z",
      "area": "Mid-Range",
      "period": 1,
      "side": null,
      "yLegacy": null,
      "edited": "2024-01-13T01:17:58Z",
      "playerName": "Ball",
      "isTargetScoreLastPeriod": false,
      "qualifiers": [],
      "clock": "PT09M05.00S",
      "actionType": "foul",
      "scoreHome": "5",
      "periodType": "REGULAR",
      "teamId": 1610612766,
      "actionNumber": 49,
      "x": null,
      "y": null,
      "subType": "personal",
      "personId": 1630163,
      "xLegacy": null,
      "scoreAway": "2",
      "foulDrawnPersonId": 1630200
    },
    {
      "playerNameI": "D. Vassell",
      "orderNumber": 500000,
      "isFieldGoal": 1,
      "shotResult": "Missed",
      "possession": 1610612759,
      "teamTricode": "SAS",
      "description": "MISS D. Vassell 25' pullup 3PT",
      "descriptor": "pullup",
      "personIdsFilter": [
        1630170
      ],
      "areaDetail": "24+ Right Center",
      "shotDistance": 25.56,
      "timeActual": "2024-01-13T01:18:00.8Z",
      "area": "Above the Break 3",
      "period": 1,
      "side": "left",
      "yLegacy": 236,
      "edited": "2024-01-13T01:23:47Z",
      "playerName": "Vassell",
      "isTargetScoreLastPeriod": false,
      "qualifiers": [],
      "clock": "PT08M45.00S",
      "actionType": "3pt",
      "scoreHome": "5",
      "periodType": "REGULAR",
      "teamId": 1610612759,
      "actionNumber": 51,
      "x": 30.699737187910642,
      "y": 30.392156862745097,
      "subType": "Jump Shot",
      "personId": 1630170,
      "xLegacy": 98,
      "scoreAway": "2"
    },
    {
      "playerNameI": "M. Bridges",
      "orderNumber": 510000,
      "isFieldGoal": 0,
      "possession": 1610612766,
      "teamTricode": "CHA",
      "description": "M. Bridges REBOUND (Off:0 Def:2)",
      "personIdsFilter": [
        1628970
      ],
      "areaDetail": "24+ Right Center",
      "reboundDefensiveTotal": 2,
      "timeActual": "2024-01-13T01:18:03.8Z",
      "shotActionNumber": 51,
      "area": "Above the Break 3",
      "reboundOffensiveTotal": 0,
      "period": 1,
      "side": null,
      "yLegacy": null,
      "edited": "2024-01-13T01:18:06Z",
      "playerName": "Bridges",
      "isTargetScoreLastPeriod": false,
      "qualifiers": [],
      "clock": "PT08M42.00S",
      "actionType": "rebound",
      "scoreHome": "5",
      "periodType": "REGULAR",
      "reboundTotal": 2,
      "teamId": 1610612766,
      "actionNumber": 52,
      "x": null,
      "y": null,
      "subType": "defensive",
      "personId": 1628970,
      "xLegacy": null,
      "scoreAway": "2"
    },
    {
      "playerNameI": "M. Bridges",
      "orderNumber": 520000,
      "isFieldGoal": 1,
      "shotResult": "Missed",
      "possession": 1610612766,
      "teamTricode": "CHA",
      "description": "MISS M. Bridges 21' Jump Shot",
      "personIdsFilter": [
        1628970
      ],
      "areaDetail": "16-24 Center",
      "shotDistance": 21.48,
      "timeActual": "2024-01-13T01:18:17.2Z",
      "area": "Mid-Range",
      "period": 1,
      "side": "right",
      "yLegacy": 215,
      "edited": "2024-01-13T01:18:22Z",
      "playerName": "Bridges",
      "isTargetScoreLastPeriod": false,
      "qualifiers": [],
      "clock": "PT08M28.00S",
      "actionType": "2pt",
      "scoreHome": "5",
      "periodType": "REGULAR",
      "teamId": 1610612766,
      "actionNumber": 53,
      "x": 71.56701708278581,
      "y": 49.754901960784316,
      "subType": "Jump Shot",
      "personId": 1628970,
      "xLegacy": -1,
      "scoreAway": "2"
    },
    {
      "playerNameI": "D. Vassell",
      "orderNumber": 530000,
      "isFieldGoal": 0,
      "possession": 1610612759,
      "teamTricode": "SAS",
      "description": "D. Vassell REBOUND (Off:0 Def:1)",
      "personIdsFilter": [
        1630170
      ],
      "areaDetail": "16-24 Center",
      "reboundDefensiveTotal": 1,
      "timeActual": "2024-01-13T01:18:21.2Z",
      "shotActionNumber": 53,
      "area": "Mid-Range",
      "reboundOffensiveTotal": 0,
      "period": 1,
      "side": null,
      "yLegacy": null,
      "edited": "2024-01-13T01:18:22Z",
      "playerName": "Vassell",
      "isTargetScoreLastPeriod": false,
      "qualifiers": [],
      "clock": "PT08M24.00S",
      "actionType": "rebound",
      "scoreHome": "5",
      "periodType": "REGULAR",
      "reboundTotal": 1,
      "teamId": 1610612759,
      "actionNumber": 54,
      "x": null,
      "y": null,
      "subType": "defensive",
      "personId": 1630170,
      "xLegacy": null,
      "scoreAway": "2"
    },
    {
      "playerNameI": "V. Wembanyama",
      "orderNumber": 540000,
      "isFieldGoal": 0,
      "possession": 1610612759,
      "teamTricode": "SAS",
      "description": "V. Wembanyama lost ball TURNOVER (2 TO)",
      "personIdsFilter": [
        1641705,
        1630163
      ],
      "areaDetail": "0-8 Center",
      "timeActual": "2024-01-13T01:18:27.5Z",
      "area": "In The Paint (Non-RA)",
      "period": 1,
      "side": null,
      "yLegacy": null,
      "edited": "2024-01-13T01:18:33Z",
      "playerName": "Wembanyama",
      "isTargetScoreLastPeriod": false,
      "qualifiers": [],
      "clock": "PT08M17.00S",
      "turnoverTotal": 2,
      "actionType": "turnover",
      "scoreHome": "5",
      "periodType": "REGULAR",
      "stealPersonId": 1630163,
      "teamId": 1610612759,
      "actionNumber": 55,
      "x": null,
      "y": null,
      "subType": "lost ball",
      "personId": 1641705,
      "xLegacy": null,
      "scoreAway": "2",
      "stealPlayerName": "Ball"
    },
    {
      "playerNameI": "L. Ball",
      "orderNumber": 550000,
      "isFieldGoal": 0,
      "possession": 1610612766,
      "teamTricode": "CHA",
      "description": "L. Ball STEAL (2 STL)",
      "personIdsFilter": [
        1630163
      ],
      "areaDetail": "0-8 Center",
      "timeActual": "2024-01-13T01:18:27.5Z",
      "area": "In The Paint (Non-RA)",
      "period": 1,
      "side": null,
      "yLegacy": null,
      "edited": "2024-01-13T01:18:30Z",
      "playerName": "Ball",
      "isTargetScoreLastPeriod": false,
      "qualifiers": [],
      "clock": "PT08M17.00S",
      "actionType": "steal",
      "scoreHome": "5",
      "periodType": "REGULAR",
      "teamId": 1610612766,
      "actionNumber": 56,
      "x": null,
      "y": null,
      "personId": 1630163,
      "subType": "",
      "xLegacy": null,
      "scoreAway": "2"
    },
    {
      "playerNameI": "L. Ball",
      "orderNumber": 560000,
      "isFieldGoal": 0,
      "possession": 1610612766,
      "teamTricode": "CHA",
      "description": "L. Ball bad pass TURNOVER (1 TO)",
      "personIdsFilter": [
        1630163,
        1631110
      ],
      "areaDetail": "0-8 Center",
      "timeActual": "2024-01-13T01:18:32.7Z",
      "area": "Restricted Area",
      "period": 1,
      "side": null,
      "yLegacy": null,
      "edited": "2024-01-13T01:18:40Z",
      "playerName": "Ball",
      "isTargetScoreLastPeriod": false,
      "qualifiers": [],
      "clock": "PT08M12.00S",
      "turnoverTotal": 1,
      "actionType": "turnover",
      "scoreHome": "5",
      "periodType": "REGULAR",
      "stealPersonId": 1631110,
      "teamId": 1610612766,
      "actionNumber": 57,
      "x": null,
      "y": null,
      "subType": "bad pass",
      "personId": 1630163,
      "xLegacy": null,
      "scoreAway": "2",
      "stealPlayerName": "Sochan"
    },
    {
      "playerNameI": "J. Sochan",
      "orderNumber": 570000,
      "isFieldGoal": 0,
      "possession": 1610612759,
      "teamTricode": "SAS",
      "description": "J. Sochan STEAL (1 STL)",
      "personIdsFilter": [
        1631110
      ],
      "areaDetail": "0-8 Center",
      "timeActual": "2024-01-13T01:18:32.7Z",
      "area": "Restricted Area",
      "period": 1,
      "side": null,
      "yLegacy": null,
      "edited": "2024-01-13T01:18:35Z",
      "playerName": "Sochan",
      "isTargetScoreLastPeriod": false,
      "qualifiers": [],
      "clock": "PT08M12.00S",
      "actionType": "steal",
      "scoreHome": "5",
      "periodType": "REGULAR",
      "teamId": 1610612759,
      "actionNumber": 58,
      "x": null,
      "y": null,
      "personId": 1631110,
      "subType": "",
      "xLegacy": null,
      "scoreAway": "2"
    },
    {
      "playerNameI": "V. Wembanyama",
      "orderNumber": 580000,
      "isFieldGoal": 1,
      "shotResult": "Missed",
      "possession": 1610612759,
      "teamTricode": "SAS",
      "description": "MISS V. Wembanyama running DUNK",
      "descriptor": "running",
      "personIdsFilter": [
        1641705
      ],
      "areaDetail": "0-8 Center",
      "shotDistance": 1.37,
      "timeActual": "2024-01-13T01:18:39.0Z",
      "area": "Restricted Area",
      "period": 1,
      "side": "left",
      "yLegacy": 14,
      "edited": "2024-01-13T01:24:41Z",
      "playerName": "Wembanyama",
      "isTargetScoreLastPeriod": false,
      "qualifiers": [
        "pointsinthepaint",
        "fromturnover",
        "fastbreak"
      ],
      "clock": "PT08M06.00S",
      "actionType": "2pt",
      "scoreHome": "5",
      "periodType": "REGULAR",
      "teamId": 1610612759,
      "actionNumber": 59,
      "x": 7.046649145860711,
      "y": 50,
      "subType": "DUNK",
      "personId": 1641705,
      "xLegacy": 0,
      "scoreAway": "2"
    },
    {
      "orderNumber": 590000,
      "isFieldGoal": 0,
      "possession": 1610612766,
      "teamTricode": "CHA",
      "description": "TEAM defensive REBOUND",
      "personIdsFilter": [],
      "areaDetail": "0-8 Center",
      "timeActual": "2024-01-13T01:18:39.0Z",
      "shotActionNumber": 59,
      "area": "Restricted Area",
      "period": 1,
      "side": null,
      "yLegacy": null,
      "edited": "2024-01-13T01:18:47Z",
      "isTargetScoreLastPeriod": false,
      "qualifiers": [
        "team"
      ],
      "clock": "PT08M06.00S",
      "actionType": "rebound",
      "scoreHome": "5",
      "periodType": "REGULAR",
      "teamId": 1610612766,
      "actionNumber": 60,
      "x": null,
      "y": null,
      "subType": "defensive",
      "personId": 0,
      "xLegacy": null,
      "scoreAway": "2"
    },
    {
      "playerNameI": "L. Ball",
      "orderNumber": 610000,
      "isFieldGoal": 1,
      "shotResult": "Missed",
      "possession": 1610612766,
      "teamTricode": "CHA",
      "description": "MISS L. Ball 28' 3PT",
      "personIdsFilter": [
        1630163
      ],
      "areaDetail": "24+ Left Center",
      "shotDistance": 28.44,
      "timeActual": "2024-01-13T01:19:07.0Z",
      "area": "Above the Break 3",
      "period": 1,
      "side": "right",
      "yLegacy": 216,
      "edited": "2024-01-13T01:19:56Z",
      "playerName": "Ball",
      "isTargetScoreLastPeriod": false,
      "qualifiers": [],
      "clock": "PT07M49.00S",
      "actionType": "3pt",
      "scoreHome": "5",
      "periodType": "REGULAR",
      "teamId": 1610612766,
      "actionNumber": 63,
      "x": 71.43561103810775,
      "y": 12.990196078431374,
      "subType": "Jump Shot",
      "personId": 1630163,
      "xLegacy": -185,
      "scoreAway": "2"
    },
    {
      "orderNumber": 620000,
      "isFieldGoal": 0,
      "possession": 1610612759,
      "teamTricode": "SAS",
      "description": "TEAM defensive REBOUND",
      "personIdsFilter": [],
      "areaDetail": "24+ Left Center",
      "timeActual": "2024-01-13T01:19:09.0Z",
      "shotActionNumber": 63,
      "area": "Above the Break 3",
      "period": 1,
      "side": null,
      "yLegacy": null,
      "edited": "2024-01-13T01:19:56Z",
      "isTargetScoreLastPeriod": false,
      "qualifiers": [
        "team"
      ],
      "clock": "PT07M47.00S",
      "actionType": "rebound",
      "scoreHome": "5",
      "periodType": "REGULAR",
      "teamId": 1610612759,
      "actionNumber": 64,
      "x": null,
      "y": null,
      "subType": "defensive",
      "personId": 0,
      "xLegacy": null,
      "scoreAway": "2"
    },
    {
      "playerNameI": "D. Vassell",
      "orderNumber": 640000,
      "isFieldGoal": 1,
      "shotResult": "Made",
      "possession": 1610612759,
      "teamTricode": "SAS",
      "description": "D. Vassell Layup (2 PTS) (V. Wembanyama 1 AST)",
      "personIdsFilter": [
        1630170,
        1641705
      ],
      "areaDetail": "0-8 Center",
      "shotDistance": 2.91,
      "timeActual": "2024-01-13T01:19:27.9Z",
      "assistPersonId": 1641705,
      "area": "Restricted Area",
      "period": 1,
      "side": "left",
      "yLegacy": 14,
      "edited": "2024-01-13T01:20:07Z",
      "playerName": "Vassell",
      "isTargetScoreLastPeriod": false,
      "qualifiers": [
        "pointsinthepaint"
      ],
      "assistTotal": 1,
      "clock": "PT07M36.00S",
      "actionType": "2pt",
      "scoreHome": "7",
      "periodType": "REGULAR",
      "teamId": 1610612759,
      "actionNumber": 66,
      "x": 7.046649145860711,
      "y": 44.85294117647059,
      "subType": "Layup",
      "personId": 1630170,
      "xLegacy": 26,
      "scoreAway": "2",
      "pointsTotal": 2,
      "assistPlayerNameInitial": "V. Wembanyama"
    },
    {
      "officialId": 1627962,
      "foulTechnicalTotal": 0,
      "playerNameI": "T. Rozier",
      "orderNumber": 660000,
      "isFieldGoal": 0,
      "foulDrawnPlayerName": "Vassell",
      "possession": 1610612759,
      "teamTricode": "CHA",
      "foulPersonalTotal": 1,
      "description": "T. Rozier shooting personal FOUL (1 PF) (Vassell 1 FT)",
      "descriptor": "shooting",
      "personIdsFilter": [
        1626179,
        1630170
      ],
      "areaDetail": "0-8 Center",
      "timeActual": "2024-01-13T01:19:31.1Z",
      "area": "Restricted Area",
      "period": 1,
      "side": null,
      "yLegacy": null,
      "edited": "2024-01-13T01:19:41Z",
      "playerName": "Rozier",
      "isTargetScoreLastPeriod": false,
      "qualifiers": [
        "1freethrow"
      ],
      "clock": "PT07M36.00S",
      "actionType": "foul",
      "scoreHome": "7",
      "periodType": "REGULAR",
      "teamId": 1610612766,
      "actionNumber": 68,
      "x": null,
      "y": null,
      "subType": "personal",
      "personId": 1626179,
      "xLegacy": null,
      "scoreAway": "2",
      "foulDrawnPersonId": 1630170
    },
    {
      "playerNameI": "D. Vassell",
      "orderNumber": 680000,
      "isFieldGoal": 0,
      "shotResult": "Made",
      "possession": 1610612759,
      "teamTricode": "SAS",
      "description": "D. Vassell Free Throw 1 of 1 (3 PTS)",
      "personIdsFilter": [
        1630170
      ],
      "timeActual": "2024-01-13T01:19:51.4Z",
      "period": 1,
      "side": null,
      "yLegacy": null,
      "edited": "2024-01-13T01:19:51Z",
      "playerName": "Vassell",
      "isTargetScoreLastPeriod": false,
      "qualifiers": [],
      "clock": "PT07M36.00S",
      "actionType": "freethrow",
      "scoreHome": "8",
      "periodType": "REGULAR",
      "teamId": 1610612759,
      "actionNumber": 70,
      "x": null,
      "y": null,
      "subType": "1 of 1",
      "personId": 1630170,
      "xLegacy": null,
      "scoreAway": "2",
      "pointsTotal": 3
    },
    {
      "playerNameI": "N. Richards",
      "orderNumber": 690000,
      "isFieldGoal": 1,
      "shotResult": "Made",
      "possession": 1610612766,
      "teamTricode": "CHA",
      "description": "N. Richards alley-oop Layup (2 PTS) (T. Rozier 1 AST)",
      "descriptor": "alley-oop",
      "personIdsFilter": [
        1630208,
        1626179
      ],
      "areaDetail": "0-8 Center",
      "shotDistance": 1.73,
      "timeActual": "2024-01-13T01:20:07.0Z",
      "assistPersonId": 1626179,
      "area": "Restricted Area",
      "period": 1,
      "side": "right",
      "yLegacy": 17,
      "edited": "2024-01-13T01:20:12Z",
      "playerName": "Richards",
      "isTargetScoreLastPeriod": false,
      "qualifiers": [
        "pointsinthepaint"
      ],
      "assistTotal": 1,
      "clock": "PT07M24.00S",
      "actionType": "2pt",
      "scoreHome": "8",
      "periodType": "REGULAR",
      "teamId": 1610612766,
      "actionNumber": 71,
      "x": 92.59198423127464,
      "y": 50.49019607843137,
      "subType": "Layup",
      "personId": 1630208,
      "xLegacy": 2,
      "scoreAway": "4",
      "pointsTotal": 2,
      "assistPlayerNameInitial": "T. Rozier"
    },
    {
      "playerNameI": "T. Jones",
      "orderNumber": 710000,
      "isFieldGoal": 1,
      "shotResult": "Made",
      "possession": 1610612759,
      "teamTricode": "SAS",
      "description": "T. Jones 10' floating Jump Shot (2 PTS)",
      "descriptor": "floating",
      "personIdsFilter": [
        1630200
      ],
      "areaDetail": "8-16 Right",
      "shotDistance": 10.68,
      "timeActual": "2024-01-13T01:20:18.9Z",
      "area": "In The Paint (Non-RA)",
      "period": 1,
      "side": "left",
      "yLegacy": 87,
      "edited": "2024-01-13T01:20:26Z",
      "playerName": "Jones",
      "isTargetScoreLastPeriod": false,
      "qualifiers": [
        "pointsinthepaint"
      ],
      "clock": "PT07M12.00S",
      "actionType": "2pt",
      "scoreHome": "10",
      "periodType": "REGULAR",
      "teamId": 1610612759,
      "actionNumber": 73,
      "x": 14.799605781865965,
      "y": 37.5,
      "subType": "Jump Shot",
      "personId": 1630200,
      "xLegacy": 62,
      "scoreAway": "4",
      "pointsTotal": 2
    },
    {
      "officialId": 202049,
      "foulTechnicalTotal": 0,
      "playerNameI": "D. Vassell",
      "orderNumber": 720000,
      "isFieldGoal": 0,
      "foulDrawnPlayerName": "Miller",
      "possession": 1610612766,
      "teamTricode": "SAS",
      "foulPersonalTotal": 1,
      "description": "D. Vassell shooting personal FOUL (1 PF) (Miller 2 FT)",
      "descriptor": "shooting",
      "personIdsFilter": [
        1630170,
        1641706
      ],
      "areaDetail": "8-16 Center",
      "timeActual": "2024-01-13T01:20:33.0Z",
      "area": "In The Paint (Non-RA)",
      "period": 1,
      "side": null,
      "yLegacy": null,
      "edited": "2024-01-13T01:20:51Z",
      "playerName": "Vassell",
      "isTargetScoreLastPeriod": false,
      "qualifiers": [
        "2freethrow"
      ],
      "clock": "PT07M00.00S",
      "actionType": "foul",
      "scoreHome": "10",
      "periodType": "REGULAR",
      "teamId": 1610612759,
      "actionNumber": 74,
      "x": null,
      "y": null,
      "subType": "personal",
      "personId": 1630170,
      "xLegacy": null,
      "scoreAway": "4",
      "foulDrawnPersonId": 1641706
    },
    {
      "playerNameI": "B. Miller",
      "orderNumber": 740000,
      "isFieldGoal": 0,
      "shotResult": "Missed",
      "possession": 1610612766,
      "teamTricode": "CHA",
      "description": "MISS B. Miller Free Throw 1 of 2",
      "personIdsFilter": [
        1641706
      ],
      "timeActual": "2024-01-13T01:20:59.4Z",
      "period": 1,
      "side": null,
      "yLegacy": null,
      "edited": "2024-01-13T01:20:59Z",
      "playerName": "Miller",
      "isTargetScoreLastPeriod": false,
      "qualifiers": [],
      "clock": "PT07M00.00S",
      "actionType": "freethrow",
      "scoreHome": "10",
      "periodType": "REGULAR",
      "teamId": 1610612766,
      "actionNumber": 76,
      "x": null,
      "y": null,
      "subType": "1 of 2",
      "personId": 1641706,
      "xLegacy": null,
      "scoreAway": "4"
    },
    {
      "orderNumber": 750000,
      "isFieldGoal": 0,
      "possession": 1610612766,
      "teamTricode": "CHA",
      "description": "TEAM offensive REBOUND",
      "personIdsFilter": [],
      "timeActual": "2024-01-13T01:20:59.4Z",
      "shotActionNumber": 76,
      "period": 1,
      "side": null,
      "yLegacy": null,
      "edited": "2024-01-13T01:20:59Z",
      "isTargetScoreLastPeriod": false,
      "qualifiers": [
        "deadball",
        "team"
      ],
      "clock": "PT07M00.00S",
      "actionType": "rebound",
      "scoreHome": "10",
      "periodType": "REGULAR",
      "teamId": 1610612766,
      "actionNumber": 77,
      "x": null,
      "y": null,
      "subType": "offensive",
      "personId": 0,
      "xLegacy": null,
      "scoreAway": "4"
    },
    {
      "playerNameI": "V. Wembanyama",
      "orderNumber": 760000,
      "isFieldGoal": 0,
      "possession": 1610612766,
      "teamTricode": "SAS",
      "description": "SUB out: V. Wembanyama",
      "personIdsFilter": [
        1641705
      ],
      "timeActual": "2024-01-13T01:21:02.0Z",
      "period": 1,
      "side": null,
      "yLegacy": null,
      "edited": "2024-01-13T01:21:08Z",
      "playerName": "Wembanyama",
      "isTargetScoreLastPeriod": false,
      "qualifiers": [],
      "clock": "PT07M00.00S",
      "actionType": "substitution",
      "scoreHome": "10",
      "periodType": "REGULAR",
      "teamId": 1610612759,
      "actionNumber": 78,
      "x": null,
      "y": null,
      "subType": "out",
      "personId": 1641705,
      "xLegacy": null,
      "scoreAway": "4"
    },
    {
      "playerNameI": "D. Barlow",
      "orderNumber": 770000,
      "isFieldGoal": 0,
      "possession": 1610612766,
      "teamTricode": "SAS",
      "description": "SUB in: D. Barlow",
      "personIdsFilter": [
        1631230
      ],
      "timeActual": "2024-01-13T01:21:02.0Z",
      "period": 1,
      "side": null,
      "yLegacy": null,
      "edited": "2024-01-13T01:21:08Z",
      "playerName": "Barlow",
      "isTargetScoreLastPeriod": false,
      "qualifiers": [],
      "clock": "PT07M00.00S",
      "actionType": "substitution",
      "scoreHome": "10",
      "periodType": "REGULAR",
      "teamId": 1610612759,
      "actionNumber": 79,
      "x": null,
      "y": null,
      "subType": "in",
      "personId": 1631230,
      "xLegacy": null,
      "scoreAway": "4"
    },
    {
      "playerNameI": "B. Miller",
      "orderNumber": 780000,
      "isFieldGoal": 0,
      "shotResult": "Made",
      "possession": 1610612766,
      "teamTricode": "CHA",
      "description": "B. Miller Free Throw 2 of 2 (1 PTS)",
      "personIdsFilter": [
        1641706
      ],
      "timeActual": "2024-01-13T01:21:16.6Z",
      "period": 1,
      "side": null,
      "yLegacy": null,
      "edited": "2024-01-13T01:21:16Z",
      "playerName": "Miller",
      "isTargetScoreLastPeriod": false,
      "qualifiers": [],
      "clock": "PT07M00.00S",
      "actionType": "freethrow",
      "scoreHome": "10",
      "periodType": "REGULAR",
      "teamId": 1610612766,
      "actionNumber": 80,
      "x": null,
      "y": null,
      "subType": "2 of 2",
      "personId": 1641706,
      "xLegacy": null,
      "scoreAway": "5",
      "pointsTotal": 1
    },
    {
      "playerNameI": "J. Sochan",
      "orderNumber": 790000,
      "isFieldGoal": 0,
      "possession": 1610612759,
      "teamTricode": "SAS",
      "description": "J. Sochan lost ball TURNOVER (1 TO)",
      "personIdsFilter": [
        1631110,
        1626179
      ],
      "areaDetail": "24+ Right Center",
      "timeActual": "2024-01-13T01:21:24.9Z",
      "area": "Above the Break 3",
      "period": 1,
      "side": null,
      "yLegacy": null,
      "edited": "2024-01-13T01:22:16Z",
      "playerName": "Sochan",
      "isTargetScoreLastPeriod": false,
      "qualifiers": [],
      "clock": "PT06M53.00S",
      "turnoverTotal": 1,
      "actionType": "turnover",
      "scoreHome": "10",
      "periodType": "REGULAR",
      "stealPersonId": 1626179,
      "teamId": 1610612759,
      "actionNumber": 81,
      "x": null,
      "y": null,
      "subType": "lost ball",
      "personId": 1631110,
      "xLegacy": null,
      "scoreAway": "5",
      "stealPlayerName": "Rozier"
    },
    {
      "playerNameI": "T. Rozier",
      "orderNumber": 800000,
      "isFieldGoal": 0,
      "possession": 1610612766,
      "teamTricode": "CHA",
      "description": "T. Rozier STEAL (2 STL)",
      "personIdsFilter": [
        1626179
      ],
      "areaDetail": "24+ Right Center",
      "timeActual": "2024-01-13T01:21:24.9Z",
      "area": "Above the Break 3",
      "period": 1,
      "side": null,
      "yLegacy": null,
      "edited": "2024-01-13T01:21:26Z",
      "playerName": "Rozier",
      "isTargetScoreLastPeriod": false,
      "qualifiers": [],
      "clock": "PT06M53.00S",
      "actionType": "steal",
      "scoreHome": "10",
      "periodType": "REGULAR",
      "teamId": 1610612766,
      "actionNumber": 82,
      "x": null,
      "y": null,
      "personId": 1626179,
      "subType": "",
      "xLegacy": null,
      "scoreAway": "5"
    },
    {
      "playerNameI": "T. Rozier",
      "orderNumber": 810000,
      "isFieldGoal": 1,
      "shotResult": "Missed",
      "possession": 1610612766,
      "teamTricode": "CHA",
      "description": "MISS T. Rozier 24' pullup 3PT",
      "descriptor": "pullup",
      "personIdsFilter": [
        1626179
      ],
      "areaDetail": "24+ Right",
      "shotDistance": 24.67,
      "timeActual": "2024-01-13T01:21:30.6Z",
      "area": "Right Corner 3",
      "period": 1,
      "side": "right",
      "yLegacy": 85,
      "edited": "2024-01-13T01:22:22Z",
      "playerName": "Rozier",
      "isTargetScoreLastPeriod": false,
      "qualifiers": [
        "fromturnover"
      ],
      "clock": "PT06M47.00S",
      "actionType": "3pt",
      "scoreHome": "10",
      "periodType": "REGULAR",
      "teamId": 1610612766,
      "actionNumber": 83,
      "x": 85.3646517739816,
      "y": 96.32352941176471,
      "subType": "Jump Shot",
      "personId": 1626179,
      "xLegacy": 232,
      "scoreAway": "5"
    },
    {
      "playerNameI": "T. Jones",
      "orderNumber": 820000,
      "isFieldGoal": 0,
      "possession": 1610612759,
      "teamTricode": "SAS",
      "description": "T. Jones REBOUND (Off:0 Def:1)",
      "personIdsFilter": [
        1630200
      ],
      "areaDetail": "24+ Right",
      "reboundDefensiveTotal": 1,
      "timeActual": "2024-01-13T01:21:33.2Z",
      "shotActionNumber": 83,
      "area": "Right Corner 3",
      "reboundOffensiveTotal": 0,
      "period": 1,
      "side": null,
      "yLegacy": null,
      "edited": "2024-01-13T01:21:33Z",
      "playerName": "Jones",
      "isTargetScoreLastPeriod": false,
      "qualifiers": [],
      "clock": "PT06M45.00S",
      "actionType": "rebound",
      "scoreHome": "10",
      "periodType": "REGULAR",
      "reboundTotal": 1,
      "teamId": 1610612759,
      "actionNumber": 84,
      "x": null,
      "y": null,
      "subType": "defensive",
      "personId": 1630200,
      "xLegacy": null,
      "scoreAway": "5"
    },
    {
      "playerNameI": "T. Jones",
      "orderNumber": 830000,
      "isFieldGoal": 1,
      "shotResult": "Made",
      "possession": 1610612759,
      "teamTricode": "SAS",
      "description": "T. Jones driving finger roll Layup (4 PTS)",
      "descriptor": "driving finger roll",
      "personIdsFilter": [
        1630200
      ],
      "areaDetail": "0-8 Center",
      "shotDistance": 1.33,
      "timeActual": "2024-01-13T01:21:38.9Z",
      "area": "Restricted Area",
      "period": 1,
      "side": "left",
      "yLegacy": 5,
      "edited": "2024-01-13T01:22:30Z",
      "playerName": "Jones",
      "isTargetScoreLastPeriod": false,
      "qualifiers": [
        "pointsinthepaint"
      ],
      "clock": "PT06M40.00S",
      "actionType": "2pt",
      "scoreHome": "12",
      "periodType": "REGULAR",
      "teamId": 1610612759,
      "actionNumber": 85,
      "x": 6.1268068331143235,
      "y": 47.549019607843135,
      "subType": "Layup",
      "personId": 1630200,
      "xLegacy": 12,
      "scoreAway": "5",
      "pointsTotal": 4
    },
    {
      "playerNameI": "L. Ball",
      "orderNumber": 840000,
      "isFieldGoal": 1,
      "shotResult": "Made",
      "possession": 1610612766,
      "teamTricode": "CHA",
      "description": "L. Ball 24' 3PT  (3 PTS) (B. Miller 1 AST)",
      "personIdsFilter": [
        1630163,
        1641706
      ],
      "areaDetail": "24+ Right",
      "shotDistance": 24.41,
      "timeActual": "2024-01-13T01:21:56.7Z",
      "assistPersonId": 1641706,
      "area": "Right Corner 3",
      "period": 1,
      "side": "right",
      "yLegacy": 69,
      "edited": "2024-01-13T01:22:23Z",
      "playerName": "Ball",
      "isTargetScoreLastPeriod": false,
      "qualifiers": [],
      "assistTotal": 1,
      "clock": "PT06M21.00S",
      "actionType": "3pt",
      "scoreHome": "12",
      "periodType": "REGULAR",
      "teamId": 1610612766,
      "actionNumber": 86,
      "x": 87.07293035479631,
      "y": 96.81372549019608,
      "subType": "Jump Shot",
      "personId": 1630163,
      "xLegacy": 234,
      "scoreAway": "8",
      "pointsTotal": 3,
      "assistPlayerNameInitial": "B. Miller"
    },
    {
      "orderNumber": 860000,
      "isFieldGoal": 0,
      "possession": 1610612759,
      "teamTricode": "SAS",
      "description": "SAS Timeout",
      "personIdsFilter": [],
      "timeActual": "2024-01-13T01:22:01.7Z",
      "period": 1,
      "side": null,
      "yLegacy": null,
      "edited": "2024-01-13T01:22:01Z",
      "isTargetScoreLastPeriod": false,
      "qualifiers": [
        "team",
        "mandatory"
      ],
      "clock": "PT06M21.00S",
      "actionType": "timeout",
      "scoreHome": "12",
      "periodType": "REGULAR",
      "teamId": 1610612759,
      "actionNumber": 88,
      "x": null,
      "y": null,
      "subType": "full",
      "personId": 0,
      "xLegacy": null,
      "scoreAway": "8"
    },
    {
      "playerNameI": "J. Champagnie",
      "orderNumber": 870000,
      "isFieldGoal": 0,
      "possession": 1610612759,
      "teamTricode": "SAS",
      "description": "SUB out: J. Champagnie",
      "personIdsFilter": [
        1630577
      ],
      "timeActual": "2024-01-13T01:24:28.1Z",
      "period": 1,
      "side": null,
      "yLegacy": null,
      "edited": "2024-01-13T01:24:55Z",
      "playerName": "Champagnie",
      "isTargetScoreLastPeriod": false,
      "qualifiers": [],
      "clock": "PT06M21.00S",
      "actionType": "substitution",
      "scoreHome": "12",
      "periodType": "REGULAR",
      "teamId": 1610612759,
      "actionNumber": 89,
      "x": null,
      "y": null,
      "subType": "out",
      "personId": 1630577,
      "xLegacy": null,
      "scoreAway": "8"
    },
    {
      "playerNameI": "L. Ball",
      "orderNumber": 880000,
      "isFieldGoal": 0,
      "possession": 1610612759,
      "teamTricode": "CHA",
      "description": "SUB out: L. Ball",
      "personIdsFilter": [
        1630163
      ],
      "timeActual": "2024-01-13T01:24:28.1Z",
      "period": 1,
      "side": null,
      "yLegacy": null,
      "edited": "2024-01-13T01:24:55Z",
      "playerName": "Ball",
      "isTargetScoreLastPeriod": false,
      "qualifiers": [],
      "clock": "PT06M21.00S",
      "actionType": "substitution",
      "scoreHome": "12",
      "periodType": "REGULAR",
      "teamId": 1610612766,
      "actionNumber": 90,
      "x": null,
      "y": null,
      "subType": "out",
      "personId": 1630163,
      "xLegacy": null,
      "scoreAway": "8"
    },
    {
      "playerNameI": "K. Johnson",
      "orderNumber": 890000,
      "isFieldGoal": 0,
      "possession": 1610612759,
      "teamTricode": "SAS",
      "description": "SUB in: K. Johnson",
      "personIdsFilter": [
        1629640
      ],
      "timeActual": "2024-01-13T01:24:28.1Z",
      "period": 1,
      "side": null,
      "yLegacy": null,
      "edited": "2024-01-13T01:24:55Z",
      "playerName": "Johnson",
      "isTargetScoreLastPeriod": false,
      "qualifiers": [],
      "clock": "PT06M21.00S",
      "actionType": "substitution",
      "scoreHome": "12",
      "periodType": "REGULAR",
      "teamId": 1610612759,
      "actionNumber": 91,
      "x": null,
      "y": null,
      "subType": "in",
      "personId": 1629640,
      "xLegacy": null,
      "scoreAway": "8"
    },
    {
      "playerNameI": "I. Smith",
      "orderNumber": 900000,
      "isFieldGoal": 0,
      "possession": 1610612759,
      "teamTricode": "CHA",
      "description": "SUB in: I. Smith",
      "personIdsFilter": [
        202397
      ],
      "timeActual": "2024-01-13T01:24:28.1Z",
      "period": 1,
      "side": null,
      "yLegacy": null,
      "edited": "2024-01-13T01:24:55Z",
      "playerName": "Smith",
      "isTargetScoreLastPeriod": false,
      "qualifiers": [],
      "clock": "PT06M21.00S",
      "actionType": "substitution",
      "scoreHome": "12",
      "periodType": "REGULAR",
      "teamId": 1610612766,
      "actionNumber": 92,
      "x": null,
      "y": null,
      "subType": "in",
      "personId": 202397,
      "xLegacy": null,
      "scoreAway": "8"
    },
    {
      "playerNameI": "D. Vassell",
      "orderNumber": 910000,
      "isFieldGoal": 1,
      "shotResult": "Made",
      "possession": 1610612759,
      "teamTricode": "SAS",
      "description": "D. Vassell 10' pullup Jump Shot (5 PTS)",
      "descriptor": "pullup",
      "personIdsFilter": [
        1630170
      ],
      "areaDetail": "8-16 Center",
      "shotDistance": 10.51,
      "timeActual": "2024-01-13T01:25:09.6Z",
      "area": "In The Paint (Non-RA)",
      "period": 1,
      "side": "left",
      "yLegacy": 105,
      "edited": "2024-01-13T01:25:14Z",
      "playerName": "Vassell",
      "isTargetScoreLastPeriod": false,
      "qualifiers": [
        "pointsinthepaint"
      ],
      "clock": "PT06M06.00S",
      "actionType": "2pt",
      "scoreHome": "14",
      "periodType": "REGULAR",
      "teamId": 1610612759,
      "actionNumber": 93,
      "x": 16.770696452036795,
      "y": 49.50980392156863,
      "subType": "Jump Shot",
      "personId": 1630170,
      "xLegacy": 2,
      "scoreAway": "8",
      "pointsTotal": 5
    },
    {
      "playerNameI": "M. Bridges",
      "orderNumber": 920000,
      "isFieldGoal": 1,
      "shotResult": "Missed",
      "possession": 1610612766,
      "teamTricode": "CHA",
      "description": "MISS M. Bridges driving Layup",
      "descriptor": "driving",
      "personIdsFilter": [
        1628970
      ],
      "areaDetail": "0-8 Center",
      "shotDistance": 3.82,
      "timeActual": "2024-01-13T01:25:26.9Z",
      "area": "Restricted Area",
      "period": 1,
      "side": "right",
      "yLegacy": 26,
      "edited": "2024-01-13T01:25:34Z",
      "playerName": "Bridges",
      "isTargetScoreLastPeriod": false,
      "qualifiers": [
        "pointsinthepaint"
      ],
      "clock": "PT05M48.00S",
      "actionType": "2pt",
      "scoreHome": "14",
      "periodType": "REGULAR",
      "teamId": 1610612766,
      "actionNumber": 94,
      "x": 91.67214191852825,
      "y": 55.63725490196079,
      "subType": "Layup",
      "personId": 1628970,
      "xLegacy": 28,
      "scoreAway": "8"
    },
    {
      "playerNameI": "N. Richards",
      "orderNumber": 930000,
      "isFieldGoal": 0,
      "possession": 1610612766,
      "teamTricode": "CHA",
      "description": "N. Richards REBOUND (Off:1 Def:1)",
      "personIdsFilter": [
        1630208
      ],
      "areaDetail": "0-8 Center",
      "reboundDefensiveTotal": 1,
      "timeActual": "2024-01-13T01:25:31.9Z",
      "shotActionNumber": 94,
      "area": "Restricted Area",
      "reboundOffensiveTotal": 1,
      "period": 1,
      "side": null,
      "yLegacy": null,
      "edited": "2024-01-13T01:25:34Z",
      "playerName": "Richards",
      "isTargetScoreLastPeriod": false,
      "qualifiers": [],
      "clock": "PT05M43.00S",
      "actionType": "rebound",
      "scoreHome": "14",
      "periodType": "REGULAR",
      "reboundTotal": 2,
      "teamId": 1610612766,
      "actionNumber": 95,
      "x": null,
      "y": null,
      "subType": "offensive",
      "personId": 1630208,
      "xLegacy": null,
      "scoreAway": "8"
    },
    {
      "playerNameI": "N. Richards",
      "orderNumber": 940000,
      "isFieldGoal": 1,
      "shotResult": "Made",
      "possession": 1610612766,
      "teamTricode": "CHA",
      "description": "N. Richards putback Layup (4 PTS)",
      "descriptor": "putback",
      "personIdsFilter": [
        1630208
      ],
      "areaDetail": "8-16 Left",
      "shotDistance": 0,
      "timeActual": "2024-01-13T01:25:32.5Z",
      "area": "Mid-Range",
      "period": 1,
      "side": "right",
      "yLegacy": 0,
      "edited": "2024-01-13T01:25:32Z",
      "playerName": "Richards",
      "isTargetScoreLastPeriod": false,
      "qualifiers": [
        "pointsinthepaint",
        "2ndchance"
      ],
      "clock": "PT05M43.00S",
      "actionType": "2pt",
      "scoreHome": "14",
      "periodType": "REGULAR",
      "teamId": 1610612766,
      "actionNumber": 96,
      "x": 94.40999984741211,
      "y": 50,
      "subType": "Layup",
      "personId": 1630208,
      "xLegacy": 0,
      "scoreAway": "10",
      "pointsTotal": 4
    },
    {
      "playerNameI": "T. Jones",
      "orderNumber": 960000,
      "isFieldGoal": 0,
      "possession": 1610612759,
      "teamTricode": "SAS",
      "description": "SUB out: T. Jones",
      "personIdsFilter": [
        1630200
      ],
      "timeActual": "2024-01-13T01:25:51.3Z",
      "period": 1,
      "side": null,
      "yLegacy": null,
      "edited": "2024-01-13T01:25:55Z",
      "playerName": "Jones",
      "isTargetScoreLastPeriod": false,
      "qualifiers": [],
      "clock": "PT05M31.00S",
      "actionType": "substitution",
      "scoreHome": "14",
      "periodType": "REGULAR",
      "teamId": 1610612759,
      "actionNumber": 98,
      "x": null,
      "y": null,
      "subType": "out",
      "personId": 1630200,
      "xLegacy": null,
      "scoreAway": "10"
    },
    {
      "playerNameI": "M. Branham",
      "orderNumber": 970000,
      "isFieldGoal": 0,
      "possession": 1610612759,
      "teamTricode": "SAS",
      "description": "SUB in: M. Branham",
      "personIdsFilter": [
        1631103
      ],
      "timeActual": "2024-01-13T01:25:51.3Z",
      "period": 1,
      "side": null,
      "yLegacy": null,
      "edited": "2024-01-13T01:25:55Z",
      "playerName": "Branham",
      "isTargetScoreLastPeriod": false,
      "qualifiers": [],
      "clock": "PT05M31.00S",
      "actionType": "substitution",
      "scoreHome": "14",
      "periodType": "REGULAR",
      "teamId": 1610612759,
      "actionNumber": 99,
      "x": null,
      "y": null,
      "subType": "in",
      "personId": 1631103,
      "xLegacy": null,
      "scoreAway": "10"
    },
    {
      "playerNameI": "M. Branham",
      "orderNumber": 980000,
      "isFieldGoal": 1,
      "shotResult": "Missed",
      "possession": 1610612759,
      "teamTricode": "SAS",
      "description": "MISS M. Branham floating Shot",
      "descriptor": "floating",
      "personIdsFilter": [
        1631103
      ],
      "areaDetail": "0-8 Center",
      "shotDistance": 5.58,
      "timeActual": "2024-01-13T01:26:14.3Z",
      "area": "In The Paint (Non-RA)",
      "period": 1,
      "side": "left",
      "yLegacy": 56,
      "edited": "2024-01-13T01:26:19Z",
      "playerName": "Branham",
      "isTargetScoreLastPeriod": false,
      "qualifiers": [
        "pointsinthepaint"
      ],
      "clock": "PT05M22.00S",
      "actionType": "2pt",
      "scoreHome": "14",
      "periodType": "REGULAR",
      "teamId": 1610612759,
      "actionNumber": 100,
      "x": 11.514454664914586,
      "y": 50.73529411764706,
      "subType": "Jump Shot",
      "personId": 1631103,
      "xLegacy": -4,
      "scoreAway": "10"
    },
    {
      "playerNameI": "N. Richards",
      "orderNumber": 990000,
      "isFieldGoal": 0,
      "possession": 1610612766,
      "teamTricode": "CHA",
      "description": "N. Richards REBOUND (Off:1 Def:2)",
      "personIdsFilter": [
        1630208
      ],
      "areaDetail": "0-8 Center",
      "reboundDefensiveTotal": 2,
      "timeActual": "2024-01-13T01:26:17.5Z",
      "shotActionNumber": 100,
      "area": "In The Paint (Non-RA)",
      "reboundOffensiveTotal": 1,
      "period": 1,
      "side": null,
      "yLegacy": null,
      "edited": "2024-01-13T01:26:17Z",
      "playerName": "Richards",
      "isTargetScoreLastPeriod": false,
      "qualifiers": [],
      "clock": "PT05M18.00S",
      "actionType": "rebound",
      "scoreHome": "14",
      "periodType": "REGULAR",
      "reboundTotal": 3,
      "teamId": 1610612766,
      "actionNumber": 101,
      "x": null,
      "y": null,
      "subType": "defensive",
      "personId": 1630208,
      "xLegacy": null,
      "scoreAway": "10"
    },
    {
      "officialId": 202049,
      "playerNameI": "B. Miller",
      "orderNumber": 1000000,
      "isFieldGoal": 0,
      "possession": 1610612766,
      "teamTricode": "CHA",
      "description": "B. Miller bad pass out-of-bounds TURNOVER (1 TO)",
      "descriptor": "bad pass",
      "personIdsFilter": [
        1641706
      ],
      "areaDetail": "0-8 Center",
      "timeActual": "2024-01-13T01:26:26.8Z",
      "area": "Restricted Area",
      "period": 1,
      "side": null,
      "yLegacy": null,
      "edited": "2024-01-13T01:26:36Z",
      "playerName": "Miller",
      "isTargetScoreLastPeriod": false,
      "qualifiers": [],
      "clock": "PT05M11.00S",
      "turnoverTotal": 1,
      "actionType": "turnover",
      "scoreHome": "14",
      "periodType": "REGULAR",
      "teamId": 1610612766,
      "actionNumber": 102,
      "x": null,
      "y": null,
      "subType": "out-of-bounds",
      "personId": 1641706,
      "xLegacy": null,
      "scoreAway": "10"
    },
    {
      "playerNameI": "M. Branham",
      "orderNumber": 1010000,
      "isFieldGoal": 1,
      "shotResult": "Made",
      "possession": 1610612759,
      "teamTricode": "SAS",
      "description": "M. Branham 25' 3PT  (3 PTS) (D. Vassell 1 AST)",
      "personIdsFilter": [
        1631103,
        1630170
      ],
      "areaDetail": "24+ Right Center",
      "shotDistance": 25.86,
      "timeActual": "2024-01-13T01:26:53.9Z",
      "assistPersonId": 1630170,
      "area": "Above the Break 3",
      "period": 1,
      "side": "left",
      "yLegacy": 225,
      "edited": "2024-01-13T01:26:58Z",
      "playerName": "Branham",
      "isTargetScoreLastPeriod": false,
      "qualifiers": [
        "fromturnover"
      ],
      "assistTotal": 1,
      "clock": "PT04M52.00S",
      "actionType": "3pt",
      "scoreHome": "17",
      "periodType": "REGULAR",
      "teamId": 1610612759,
      "actionNumber": 103,
      "x": 29.517082785808146,
      "y": 24.509803921568626,
      "subType": "Jump Shot",
      "personId": 1631103,
      "xLegacy": 127,
      "scoreAway": "10",
      "pointsTotal": 3,
      "assistPlayerNameInitial": "D. Vassell"
    },
    {
      "playerNameI": "M. Bridges",
      "orderNumber": 1030000,
      "isFieldGoal": 1,
      "shotResult": "Missed",
      "possession": 1610612766,
      "teamTricode": "CHA",
      "description": "MISS M. Bridges 13' turnaround Shot - blocked",
      "descriptor": "turnaround",
      "personIdsFilter": [
        1628970,
        1631110
      ],
      "areaDetail": "8-16 Right",
      "shotDistance": 13.68,
      "timeActual": "2024-01-13T01:27:13.4Z",
      "blockPlayerName": "Sochan",
      "area": "Mid-Range",
      "period": 1,
      "side": "right",
      "yLegacy": 23,
      "edited": "2024-01-13T01:27:24Z",
      "playerName": "Bridges",
      "isTargetScoreLastPeriod": false,
      "qualifiers": [],
      "clock": "PT04M32.00S",
      "actionType": "2pt",
      "scoreHome": "17",
      "periodType": "REGULAR",
      "blockPersonId": 1631110,
      "teamId": 1610612766,
      "actionNumber": 105,
      "x": 91.93495400788436,
      "y": 76.9607843137255,
      "subType": "Jump Shot",
      "personId": 1628970,
      "xLegacy": 135,
      "scoreAway": "10"
    },
    {
      "playerNameI": "J. Sochan",
      "orderNumber": 1040000,
      "isFieldGoal": 0,
      "possession": 1610612766,
      "teamTricode": "SAS",
      "description": "J. Sochan BLOCK (1 BLK)",
      "personIdsFilter": [
        1631110
      ],
      "areaDetail": "8-16 Right",
      "timeActual": "2024-01-13T01:27:13.4Z",
      "area": "Mid-Range",
      "period": 1,
      "side": null,
      "yLegacy": null,
      "edited": "2024-01-13T01:27:15Z",
      "playerName": "Sochan",
      "isTargetScoreLastPeriod": false,
      "qualifiers": [],
      "clock": "PT04M32.00S",
      "actionType": "block",
      "scoreHome": "17",
      "periodType": "REGULAR",
      "teamId": 1610612759,
      "actionNumber": 106,
      "x": null,
      "y": null,
      "personId": 1631110,
      "subType": "",
      "xLegacy": null,
      "scoreAway": "10"
    },
    {
      "playerNameI": "J. Sochan",
      "orderNumber": 1050000,
      "isFieldGoal": 0,
      "possession": 1610612759,
      "teamTricode": "SAS",
      "description": "J. Sochan REBOUND (Off:0 Def:1)",
      "personIdsFilter": [
        1631110
      ],
      "areaDetail": "8-16 Right",
      "reboundDefensiveTotal": 1,
      "timeActual": "2024-01-13T01:27:16.4Z",
      "shotActionNumber": 105,
      "area": "Mid-Range",
      "reboundOffensiveTotal": 0,
      "period": 1,
      "side": null,
      "yLegacy": null,
      "edited": "2024-01-13T01:27:24Z",
      "playerName": "Sochan",
      "isTargetScoreLastPeriod": false,
      "qualifiers": [],
      "clock": "PT04M29.00S",
      "actionType": "rebound",
      "scoreHome": "17",
      "periodType": "REGULAR",
      "reboundTotal": 1,
      "teamId": 1610612759,
      "actionNumber": 107,
      "x": null,
      "y": null,
      "subType": "defensive",
      "personId": 1631110,
      "xLegacy": null,
      "scoreAway": "10"
    },
    {
      "playerNameI": "D. Vassell",
      "orderNumber": 1060000,
      "isFieldGoal": 1,
      "shotResult": "Made",
      "possession": 1610612759,
      "teamTricode": "SAS",
      "description": "D. Vassell 26' 3PT running (8 PTS) (J. Sochan 1 AST)",
      "descriptor": "running",
      "personIdsFilter": [
        1630170,
        1631110
      ],
      "areaDetail": "24+ Left Center",
      "shotDistance": 26.45,
      "timeActual": "2024-01-13T01:27:19.7Z",
      "assistPersonId": 1631110,
      "area": "Above the Break 3",
      "period": 1,
      "side": "left",
      "yLegacy": 200,
      "edited": "2024-01-13T01:29:57Z",
      "playerName": "Vassell",
      "isTargetScoreLastPeriod": false,
      "qualifiers": [
        "fastbreak"
      ],
      "assistTotal": 1,
      "clock": "PT04M26.00S",
      "actionType": "3pt",
      "scoreHome": "20",
      "periodType": "REGULAR",
      "teamId": 1610612759,
      "actionNumber": 108,
      "x": 26.888961892247043,
      "y": 84.55882352941177,
      "subType": "Jump Shot",
      "personId": 1630170,
      "xLegacy": -173,
      "scoreAway": "10",
      "pointsTotal": 8,
      "assistPlayerNameInitial": "J. Sochan"
    },
    {
      "officialId": 202049,
      "foulTechnicalTotal": 0,
      "playerNameI": "D. Vassell",
      "orderNumber": 1080000,
      "isFieldGoal": 0,
      "foulDrawnPlayerName": "Richards",
      "possession": 1610612766,
      "teamTricode": "SAS",
      "foulPersonalTotal": 2,
      "description": "D. Vassell shooting personal FOUL (2 PF) (Richards 2 FT)",
      "descriptor": "shooting",
      "personIdsFilter": [
        1630170,
        1630208
      ],
      "areaDetail": "0-8 Center",
      "timeActual": "2024-01-13T01:27:40.9Z",
      "area": "In The Paint (Non-RA)",
      "period": 1,
      "side": null,
      "yLegacy": null,
      "edited": "2024-01-13T01:28:03Z",
      "playerName": "Vassell",
      "isTargetScoreLastPeriod": false,
      "qualifiers": [
        "2freethrow"
      ],
      "clock": "PT04M08.00S",
      "actionType": "foul",
      "scoreHome": "20",
      "periodType": "REGULAR",
      "teamId": 1610612759,
      "actionNumber": 110,
      "x": null,
      "y": null,
      "subType": "personal",
      "personId": 1630170,
      "xLegacy": null,
      "scoreAway": "10",
      "foulDrawnPersonId": 1630208
    },
    {
      "playerNameI": "N. Richards",
      "orderNumber": 1100000,
      "isFieldGoal": 0,
      "shotResult": "Made",
      "possession": 1610612766,
      "teamTricode": "CHA",
      "description": "N. Richards Free Throw 1 of 2 (5 PTS)",
      "personIdsFilter": [
        1630208
      ],
      "timeActual": "2024-01-13T01:28:15.2Z",
      "period": 1,
      "side": null,
      "yLegacy": null,
      "edited": "2024-01-13T01:28:15Z",
      "playerName": "Richards",
      "isTargetScoreLastPeriod": false,
      "qualifiers": [],
      "clock": "PT04M08.00S",
      "actionType": "freethrow",
      "scoreHome": "20",
      "periodType": "REGULAR",
      "teamId": 1610612766,
      "actionNumber": 112,
      "x": null,
      "y": null,
      "subType": "1 of 2",
      "personId": 1630208,
      "xLegacy": null,
      "scoreAway": "11",
      "pointsTotal": 5
    },
    {
      "playerNameI": "D. Vassell",
      "orderNumber": 1110000,
      "isFieldGoal": 0,
      "possession": 1610612766,
      "teamTricode": "SAS",
      "description": "SUB out: D. Vassell",
      "personIdsFilter": [
        1630170
      ],
      "timeActual": "2024-01-13T01:28:16.3Z",
      "period": 1,
      "side": null,
      "yLegacy": null,
      "edited": "2024-01-13T01:28:23Z",
      "playerName": "Vassell",
      "isTargetScoreLastPeriod": false,
      "qualifiers": [],
      "clock": "PT04M08.00S",
      "actionType": "substitution",
      "scoreHome": "20",
      "periodType": "REGULAR",
      "teamId": 1610612759,
      "actionNumber": 113,
      "x": null,
      "y": null,
      "subType": "out",
      "personId": 1630170,
      "xLegacy": null,
      "scoreAway": "11"
    },
    {
      "playerNameI": "B. Miller",
      "orderNumber": 1120000,
      "isFieldGoal": 0,
      "possession": 1610612766,
      "teamTricode": "CHA",
      "description": "SUB out: B. Miller",
      "personIdsFilter": [
        1641706
      ],
      "timeActual": "2024-01-13T01:28:16.3Z",
      "period": 1,
      "side": null,
      "yLegacy": null,
      "edited": "2024-01-13T01:28:23Z",
      "playerName": "Miller",
      "isTargetScoreLastPeriod": false,
      "qualifiers": [],
      "clock": "PT04M08.00S",
      "actionType": "substitution",
      "scoreHome": "20",
      "periodType": "REGULAR",
      "teamId": 1610612766,
      "actionNumber": 114,
      "x": null,
      "y": null,
      "subType": "out",
      "personId": 1641706,
      "xLegacy": null,
      "scoreAway": "11"
    },
    {
      "playerNameI": "C. Osman",
      "orderNumber": 1130000,
      "isFieldGoal": 0,
      "possession": 1610612766,
      "teamTricode": "SAS",
      "description": "SUB in: C. Osman",
      "personIdsFilter": [
        1626224
      ],
      "timeActual": "2024-01-13T01:28:16.3Z",
      "period": 1,
      "side": null,
      "yLegacy": null,
      "edited": "2024-01-13T01:28:23Z",
      "playerName": "Osman",
      "isTargetScoreLastPeriod": false,
      "qualifiers": [],
      "clock": "PT04M08.00S",
      "actionType": "substitution",
      "scoreHome": "20",
      "periodType": "REGULAR",
      "teamId": 1610612759,
      "actionNumber": 115,
      "x": null,
      "y": null,
      "subType": "in",
      "personId": 1626224,
      "xLegacy": null,
      "scoreAway": "11"
    },
    {
      "playerNameI": "J. Thor",
      "orderNumber": 1140000,
      "isFieldGoal": 0,
      "possession": 1610612766,
      "teamTricode": "CHA",
      "description": "SUB in: J. Thor",
      "personIdsFilter": [
        1630550
      ],
      "timeActual": "2024-01-13T01:28:16.3Z",
      "period": 1,
      "side": null,
      "yLegacy": null,
      "edited": "2024-01-13T01:28:23Z",
      "playerName": "Thor",
      "isTargetScoreLastPeriod": false,
      "qualifiers": [],
      "clock": "PT04M08.00S",
      "actionType": "substitution",
      "scoreHome": "20",
      "periodType": "REGULAR",
      "teamId": 1610612766,
      "actionNumber": 116,
      "x": null,
      "y": null,
      "subType": "in",
      "personId": 1630550,
      "xLegacy": null,
      "scoreAway": "11"
    },
    {
      "playerNameI": "N. Richards",
      "orderNumber": 1150000,
      "isFieldGoal": 0,
      "shotResult": "Made",
      "possession": 1610612766,
      "teamTricode": "CHA",
      "description": "N. Richards Free Throw 2 of 2 (6 PTS)",
      "personIdsFilter": [
        1630208
      ],
      "timeActual": "2024-01-13T01:28:45.9Z",
      "period": 1,
      "side": null,
      "yLegacy": null,
      "edited": "2024-01-13T01:28:45Z",
      "playerName": "Richards",
      "isTargetScoreLastPeriod": false,
      "qualifiers": [],
      "clock": "PT04M08.00S",
      "actionType": "freethrow",
      "scoreHome": "20",
      "periodType": "REGULAR",
      "teamId": 1610612766,
      "actionNumber": 117,
      "x": null,
      "y": null,
      "subType": "2 of 2",
      "personId": 1630208,
      "xLegacy": null,
      "scoreAway": "12",
      "pointsTotal": 6
    },
    {
      "playerNameI": "D. Barlow",
      "orderNumber": 1160000,
      "isFieldGoal": 1,
      "shotResult": "Missed",
      "possession": 1610612759,
      "teamTricode": "SAS",
      "description": "MISS D. Barlow 10' floating Shot",
      "descriptor": "floating",
      "personIdsFilter": [
        1631230
      ],
      "areaDetail": "8-16 Left",
      "shotDistance": 10.2,
      "timeActual": "2024-01-13T01:29:02.3Z",
      "area": "Mid-Range",
      "period": 1,
      "side": "left",
      "yLegacy": 8,
      "edited": "2024-01-13T01:29:08Z",
      "playerName": "Barlow",
      "isTargetScoreLastPeriod": false,
      "qualifiers": [],
      "clock": "PT03M53.00S",
      "actionType": "2pt",
      "scoreHome": "20",
      "periodType": "REGULAR",
      "teamId": 1610612759,
      "actionNumber": 118,
      "x": 6.389618922470433,
      "y": 70.34313725490196,
      "subType": "Jump Shot",
      "personId": 1631230,
      "xLegacy": -102,
      "scoreAway": "12"
    },
    {
      "orderNumber": 1170000,
      "isFieldGoal": 0,
      "possession": 1610612759,
      "teamTricode": "SAS",
      "description": "TEAM offensive REBOUND",
      "personIdsFilter": [],
      "areaDetail": "8-16 Left",
      "timeActual": "2024-01-13T01:29:02.3Z",
      "shotActionNumber": 118,
      "area": "Mid-Range",
      "period": 1,
      "side": null,
      "yLegacy": null,
      "edited": "2024-01-13T01:29:08Z",
      "isTargetScoreLastPeriod": false,
      "qualifiers": [
        "team"
      ],
      "clock": "PT03M53.00S",
      "actionType": "rebound",
      "scoreHome": "20",
      "periodType": "REGULAR",
      "teamId": 1610612759,
      "actionNumber": 119,
      "x": null,
      "y": null,
      "subType": "offensive",
      "personId": 0,
      "xLegacy": null,
      "scoreAway": "12"
    },
    {
      "officialId": 202049,
      "foulTechnicalTotal": 0,
      "playerNameI": "J. Thor",
      "orderNumber": 1180000,
      "isFieldGoal": 0,
      "foulDrawnPlayerName": "Osman",
      "possession": 1610612759,
      "teamTricode": "CHA",
      "foulPersonalTotal": 1,
      "description": "J. Thor loose ball personal FOUL (1 PF) (Osman 2 FT)",
      "descriptor": "loose ball",
      "personIdsFilter": [
        1630550,
        1626224
      ],
      "areaDetail": "0-8 Center",
      "timeActual": "2024-01-13T01:29:08.9Z",
      "area": "In The Paint (Non-RA)",
      "period": 1,
      "side": null,
      "yLegacy": null,
      "edited": "2024-01-13T01:29:24Z",
      "playerName": "Thor",
      "isTargetScoreLastPeriod": false,
      "qualifiers": [
        "inpenalty",
        "2freethrow"
      ],
      "clock": "PT03M53.00S",
      "actionType": "foul",
      "scoreHome": "20",
      "periodType": "REGULAR",
      "teamId": 1610612766,
      "actionNumber": 120,
      "x": null,
      "y": null,
      "subType": "personal",
      "personId": 1630550,
      "xLegacy": null,
      "scoreAway": "12",
      "foulDrawnPersonId": 1626224
    },
    {
      "playerNameI": "C. Osman",
      "orderNumber": 1200000,
      "isFieldGoal": 0,
      "shotResult": "Made",
      "possession": 1610612759,
      "teamTricode": "SAS",
      "description": "C. Osman Free Throw 1 of 2 (1 PTS)",
      "personIdsFilter": [
        1626224
      ],
      "timeActual": "2024-01-13T01:29:34.8Z",
      "period": 1,
      "side": null,
      "yLegacy": null,
      "edited": "2024-01-13T01:31:45Z",
      "playerName": "Osman",
      "isTargetScoreLastPeriod": false,
      "qualifiers": [
        "2ndchance"
      ],
      "clock": "PT03M53.00S",
      "actionType": "freethrow",
      "scoreHome": "21",
      "periodType": "REGULAR",
      "teamId": 1610612759,
      "actionNumber": 122,
      "x": null,
      "y": null,
      "subType": "1 of 2",
      "personId": 1626224,
      "xLegacy": null,
      "scoreAway": "12",
      "pointsTotal": 1
    },
    {
      "playerNameI": "N. Richards",
      "orderNumber": 1210000,
      "isFieldGoal": 0,
      "possession": 1610612759,
      "teamTricode": "CHA",
      "description": "SUB out: N. Richards",
      "personIdsFilter": [
        1630208
      ],
      "timeActual": "2024-01-13T01:29:35.8Z",
      "period": 1,
      "side": null,
      "yLegacy": null,
      "edited": "2024-01-13T01:29:38Z",
      "playerName": "Richards",
      "isTargetScoreLastPeriod": false,
      "qualifiers": [],
      "clock": "PT03M53.00S",
      "actionType": "substitution",
      "scoreHome": "21",
      "periodType": "REGULAR",
      "teamId": 1610612766,
      "actionNumber": 123,
      "x": null,
      "y": null,
      "subType": "out",
      "personId": 1630208,
      "xLegacy": null,
      "scoreAway": "12"
    },
    {
      "playerNameI": "N. Mensah",
      "orderNumber": 1220000,
      "isFieldGoal": 0,
      "possession": 1610612759,
      "teamTricode": "CHA",
      "description": "SUB in: N. Mensah",
      "personIdsFilter": [
        1641877
      ],
      "timeActual": "2024-01-13T01:29:35.8Z",
      "period": 1,
      "side": null,
      "yLegacy": null,
      "edited": "2024-01-13T01:29:38Z",
      "playerName": "Mensah",
      "isTargetScoreLastPeriod": false,
      "qualifiers": [],
      "clock": "PT03M53.00S",
      "actionType": "substitution",
      "scoreHome": "21",
      "periodType": "REGULAR",
      "teamId": 1610612766,
      "actionNumber": 124,
      "x": null,
      "y": null,
      "subType": "in",
      "personId": 1641877,
      "xLegacy": null,
      "scoreAway": "12"
    },
    {
      "playerNameI": "C. Osman",
      "orderNumber": 1230000,
      "isFieldGoal": 0,
      "shotResult": "Missed",
      "possession": 1610612759,
      "teamTricode": "SAS",
      "description": "MISS C. Osman Free Throw 2 of 2",
      "personIdsFilter": [
        1626224
      ],
      "timeActual": "2024-01-13T01:29:34.8Z",
      "period": 1,
      "side": null,
      "yLegacy": null,
      "edited": "2024-01-13T01:31:45Z",
      "playerName": "Osman",
      "isTargetScoreLastPeriod": false,
      "qualifiers": [
        "2ndchance"
      ],
      "clock": "PT03M53.00S",
      "actionType": "freethrow",
      "scoreHome": "21",
      "periodType": "REGULAR",
      "teamId": 1610612759,
      "actionNumber": 125,
      "x": null,
      "y": null,
      "subType": "2 of 2",
      "personId": 1626224,
      "xLegacy": null,
      "scoreAway": "12"
    },
    {
      "playerNameI": "M. Bridges",
      "orderNumber": 1235000,
      "isFieldGoal": 0,
      "possession": 1610612766,
      "teamTricode": "CHA",
      "description": "M. Bridges REBOUND (Off:0 Def:3)",
      "personIdsFilter": [
        1628970
      ],
      "reboundDefensiveTotal": 3,
      "timeActual": "2024-01-13T01:29:34.8Z",
      "shotActionNumber": 125,
      "reboundOffensiveTotal": 0,
      "period": 1,
      "side": null,
      "yLegacy": null,
      "edited": "2024-01-13T01:31:45Z",
      "playerName": "Bridges",
      "isTargetScoreLastPeriod": false,
      "qualifiers": [],
      "clock": "PT03M53.00S",
      "actionType": "rebound",
      "scoreHome": "21",
      "periodType": "REGULAR",
      "reboundTotal": 3,
      "teamId": 1610612766,
      "actionNumber": 140,
      "x": null,
      "y": null,
      "subType": "defensive",
      "personId": 1628970,
      "xLegacy": null,
      "scoreAway": "12"
    },
    {
      "playerNameI": "J. Thor",
      "orderNumber": 1370000,
      "isFieldGoal": 1,
      "shotResult": "Missed",
      "possession": 1610612766,
      "teamTricode": "CHA",
      "description": "MISS J. Thor Layup - blocked",
      "personIdsFilter": [
        1630550,
        1631230
      ],
      "areaDetail": "0-8 Center",
      "shotDistance": 2.59,
      "timeActual": "2024-01-13T01:31:50.3Z",
      "blockPlayerName": "Barlow",
      "area": "Restricted Area",
      "period": 1,
      "side": "right",
      "yLegacy": 22,
      "edited": "2024-01-13T01:37:31Z",
      "playerName": "Thor",
      "isTargetScoreLastPeriod": false,
      "qualifiers": [
        "pointsinthepaint"
      ],
      "clock": "PT02M59.00S",
      "actionType": "2pt",
      "scoreHome": "21",
      "periodType": "REGULAR",
      "blockPersonId": 1631230,
      "teamId": 1610612766,
      "actionNumber": 141,
      "x": 92.06636005256242,
      "y": 47.30392156862745,
      "subType": "Layup",
      "personId": 1630550,
      "xLegacy": -13,
      "scoreAway": "12"
    },
    {
      "playerNameI": "D. Barlow",
      "orderNumber": 1380000,
      "isFieldGoal": 0,
      "possession": 1610612766,
      "teamTricode": "SAS",
      "description": "D. Barlow BLOCK (2 BLK)",
      "personIdsFilter": [
        1631230
      ],
      "areaDetail": "0-8 Center",
      "timeActual": "2024-01-13T01:31:50.3Z",
      "area": "Restricted Area",
      "period": 1,
      "side": null,
      "yLegacy": null,
      "edited": "2024-01-13T01:31:53Z",
      "playerName": "Barlow",
      "isTargetScoreLastPeriod": false,
      "qualifiers": [],
      "clock": "PT02M59.00S",
      "actionType": "block",
      "scoreHome": "21",
      "periodType": "REGULAR",
      "teamId": 1610612759,
      "actionNumber": 142,
      "x": null,
      "y": null,
      "personId": 1631230,
      "subType": "",
      "xLegacy": null,
      "scoreAway": "12"
    },
    {
      "playerNameI": "J. Thor",
      "orderNumber": 1390000,
      "isFieldGoal": 0,
      "possession": 1610612766,
      "teamTricode": "CHA",
      "description": "J. Thor REBOUND (Off:2 Def:0)",
      "personIdsFilter": [
        1630550
      ],
      "areaDetail": "0-8 Center",
      "reboundDefensiveTotal": 0,
      "timeActual": "2024-01-13T01:31:52.3Z",
      "shotActionNumber": 141,
      "area": "Restricted Area",
      "reboundOffensiveTotal": 2,
      "period": 1,
      "side": null,
      "yLegacy": null,
      "edited": "2024-01-13T01:37:31Z",
      "playerName": "Thor",
      "isTargetScoreLastPeriod": false,
      "qualifiers": [],
      "clock": "PT02M57.00S",
      "actionType": "rebound",
      "scoreHome": "21",
      "periodType": "REGULAR",
      "reboundTotal": 2,
      "teamId": 1610612766,
      "actionNumber": 143,
      "x": null,
      "y": null,
      "subType": "offensive",
      "personId": 1630550,
      "xLegacy": null,
      "scoreAway": "12"
    },
    {
      "playerNameI": "J. Thor",
      "orderNumber": 1400000,
      "isFieldGoal": 1,
      "shotResult": "Missed",
      "possession": 1610612766,
      "teamTricode": "CHA",
      "description": "MISS J. Thor 19' putback Layup",
      "descriptor": "putback",
      "personIdsFilter": [
        1630550
      ],
      "areaDetail": "16-24 Center",
      "shotDistance": 19.49,
      "timeActual": "2024-01-13T01:31:59.7Z",
      "area": "Mid-Range",
      "period": 1,
      "side": "right",
      "yLegacy": 193,
      "edited": "2024-01-13T01:38:20Z",
      "playerName": "Thor",
      "isTargetScoreLastPeriod": false,
      "qualifiers": [
        "2ndchance"
      ],
      "clock": "PT02M56.00S",
      "actionType": "2pt",
      "scoreHome": "21",
      "periodType": "REGULAR",
      "teamId": 1610612766,
      "actionNumber": 144,
      "x": 73.9323258869908,
      "y": 56.127450980392155,
      "subType": "Layup",
      "personId": 1630550,
      "xLegacy": 31,
      "scoreAway": "12"
    },
    {
      "playerNameI": "N. Mensah",
      "orderNumber": 1410000,
      "isFieldGoal": 0,
      "possession": 1610612766,
      "teamTricode": "CHA",
      "description": "N. Mensah REBOUND (Off:1 Def:0)",
      "personIdsFilter": [
        1641877
      ],
      "areaDetail": "16-24 Center",
      "reboundDefensiveTotal": 0,
      "timeActual": "2024-01-13T01:32:00.7Z",
      "shotActionNumber": 144,
      "area": "Mid-Range",
      "reboundOffensiveTotal": 1,
      "period": 1,
      "side": null,
      "yLegacy": null,
      "edited": "2024-01-13T01:38:20Z",
      "playerName": "Mensah",
      "isTargetScoreLastPeriod": false,
      "qualifiers": [],
      "clock": "PT02M55.00S",
      "actionType": "rebound",
      "scoreHome": "21",
      "periodType": "REGULAR",
      "reboundTotal": 1,
      "teamId": 1610612766,
      "actionNumber": 145,
      "x": null,
      "y": null,
      "subType": "offensive",
      "personId": 1641877,
      "xLegacy": null,
      "scoreAway": "12"
    },
    {
      "officialId": 202049,
      "playerNameI": "L. Ball",
      "orderNumber": 1415000,
      "isFieldGoal": 0,
      "possession": 1610612766,
      "teamTricode": "CHA",
      "description": "L. Ball lost ball out-of-bounds TURNOVER (2 TO)",
      "descriptor": "lost ball",
      "personIdsFilter": [
        1630163
      ],
      "areaDetail": "24+ Left Center",
      "timeActual": "2024-01-13T01:32:05.8Z",
      "area": "Above the Break 3",
      "period": 1,
      "side": null,
      "yLegacy": null,
      "edited": "2024-01-13T01:35:13Z",
      "playerName": "Ball",
      "isTargetScoreLastPeriod": false,
      "qualifiers": [],
      "clock": "PT02M49.00S",
      "turnoverTotal": 2,
      "actionType": "turnover",
      "scoreHome": "21",
      "periodType": "REGULAR",
      "teamId": 1610612766,
      "actionNumber": 149,
      "x": null,
      "y": null,
      "subType": "out-of-bounds",
      "personId": 1630163,
      "xLegacy": null,
      "scoreAway": "12"
    },
    {
      "playerNameI": "M. Branham",
      "orderNumber": 1450000,
      "isFieldGoal": 1,
      "shotResult": "Missed",
      "possession": 1610612759,
      "teamTricode": "SAS",
      "description": "MISS M. Branham 12' pullup Shot",
      "descriptor": "pullup",
      "personIdsFilter": [
        1631103
      ],
      "areaDetail": "8-16 Center",
      "shotDistance": 12.62,
      "timeActual": "2024-01-13T01:35:19.0Z",
      "area": "In The Paint (Non-RA)",
      "period": 1,
      "side": "left",
      "yLegacy": 122,
      "edited": "2024-01-13T01:35:28Z",
      "playerName": "Branham",
      "isTargetScoreLastPeriod": false,
      "qualifiers": [
        "pointsinthepaint",
        "fromturnover"
      ],
      "clock": "PT02M36.00S",
      "actionType": "2pt",
      "scoreHome": "21",
      "periodType": "REGULAR",
      "teamId": 1610612759,
      "actionNumber": 150,
      "x": 18.610381077529567,
      "y": 43.872549019607845,
      "subType": "Jump Shot",
      "personId": 1631103,
      "xLegacy": 31,
      "scoreAway": "12"
    },
    {
      "playerNameI": "M. Bridges",
      "orderNumber": 1460000,
      "isFieldGoal": 0,
      "possession": 1610612766,
      "teamTricode": "CHA",
      "description": "M. Bridges REBOUND (Off:0 Def:5)",
      "personIdsFilter": [
        1628970
      ],
      "areaDetail": "8-16 Center",
      "reboundDefensiveTotal": 5,
      "timeActual": "2024-01-13T01:35:21.0Z",
      "shotActionNumber": 150,
      "area": "In The Paint (Non-RA)",
      "reboundOffensiveTotal": 0,
      "period": 1,
      "side": null,
      "yLegacy": null,
      "edited": "2024-01-13T01:35:28Z",
      "playerName": "Bridges",
      "isTargetScoreLastPeriod": false,
      "qualifiers": [],
      "clock": "PT02M34.00S",
      "actionType": "rebound",
      "scoreHome": "21",
      "periodType": "REGULAR",
      "reboundTotal": 5,
      "teamId": 1610612766,
      "actionNumber": 151,
      "x": null,
      "y": null,
      "subType": "defensive",
      "personId": 1628970,
      "xLegacy": null,
      "scoreAway": "12"
    },
    {
      "playerNameI": "M. Bridges",
      "orderNumber": 1470000,
      "isFieldGoal": 1,
      "shotResult": "Missed",
      "possession": 1610612766,
      "teamTricode": "CHA",
      "description": "MISS M. Bridges running DUNK - blocked",
      "descriptor": "running",
      "personIdsFilter": [
        1628970,
        1631230
      ],
      "areaDetail": "0-8 Center",
      "shotDistance": 4.68,
      "timeActual": "2024-01-13T01:35:26.0Z",
      "blockPlayerName": "Barlow",
      "area": "In The Paint (Non-RA)",
      "period": 1,
      "side": "right",
      "yLegacy": 47,
      "edited": "2024-01-13T01:39:37Z",
      "playerName": "Bridges",
      "isTargetScoreLastPeriod": false,
      "qualifiers": [
        "pointsinthepaint",
        "fastbreak"
      ],
      "clock": "PT02M30.00S",
      "actionType": "2pt",
      "scoreHome": "21",
      "periodType": "REGULAR",
      "blockPersonId": 1631230,
      "teamId": 1610612766,
      "actionNumber": 152,
      "x": 89.43823915900131,
      "y": 50,
      "subType": "DUNK",
      "personId": 1628970,
      "xLegacy": 0,
      "scoreAway": "12"
    },
    {
      "playerNameI": "D. Barlow",
      "orderNumber": 1480000,
      "isFieldGoal": 0,
      "possession": 1610612766,
      "teamTricode": "SAS",
      "description": "D. Barlow BLOCK (3 BLK)",
      "personIdsFilter": [
        1631230
      ],
      "areaDetail": "0-8 Center",
      "timeActual": "2024-01-13T01:35:26.0Z",
      "area": "In The Paint (Non-RA)",
      "period": 1,
      "side": null,
      "yLegacy": null,
      "edited": "2024-01-13T01:35:28Z",
      "playerName": "Barlow",
      "isTargetScoreLastPeriod": false,
      "qualifiers": [],
      "clock": "PT02M30.00S",
      "actionType": "block",
      "scoreHome": "21",
      "periodType": "REGULAR",
      "teamId": 1610612759,
      "actionNumber": 153,
      "x": null,
      "y": null,
      "personId": 1631230,
      "subType": "",
      "xLegacy": null,
      "scoreAway": "12"
    },
    {
      "orderNumber": 1490000,
      "isFieldGoal": 0,
      "possession": 1610612766,
      "teamTricode": "CHA",
      "description": "TEAM offensive REBOUND",
      "personIdsFilter": [],
      "areaDetail": "0-8 Center",
      "timeActual": "2024-01-13T01:35:26.0Z",
      "shotActionNumber": 152,
      "area": "In The Paint (Non-RA)",
      "period": 1,
      "side": null,
      "yLegacy": null,
      "edited": "2024-01-13T01:35:39Z",
      "isTargetScoreLastPeriod": false,
      "qualifiers": [
        "team"
      ],
      "clock": "PT02M30.00S",
      "actionType": "rebound",
      "scoreHome": "21",
      "periodType": "REGULAR",
      "teamId": 1610612766,
      "actionNumber": 154,
      "x": null,
      "y": null,
      "subType": "offensive",
      "personId": 0,
      "xLegacy": null,
      "scoreAway": "12"
    },
    {
      "playerNameI": "L. Ball",
      "orderNumber": 1510000,
      "isFieldGoal": 1,
      "shotResult": "Made",
      "possession": 1610612766,
      "teamTricode": "CHA",
      "description": "L. Ball 25' 3PT  (6 PTS) (I. Smith 1 AST)",
      "personIdsFilter": [
        1630163,
        202397
      ],
      "areaDetail": "24+ Left Center",
      "shotDistance": 25.78,
      "timeActual": "2024-01-13T01:35:44.5Z",
      "assistPersonId": 202397,
      "area": "Above the Break 3",
      "period": 1,
      "side": "right",
      "yLegacy": 139,
      "edited": "2024-01-13T01:35:49Z",
      "playerName": "Ball",
      "isTargetScoreLastPeriod": false,
      "qualifiers": [
        "2ndchance"
      ],
      "assistTotal": 1,
      "clock": "PT02M27.00S",
      "actionType": "3pt",
      "scoreHome": "21",
      "periodType": "REGULAR",
      "teamId": 1610612766,
      "actionNumber": 156,
      "x": 79.58278580814718,
      "y": 6.61764705882353,
      "subType": "Jump Shot",
      "personId": 1630163,
      "xLegacy": -217,
      "scoreAway": "15",
      "pointsTotal": 6,
      "assistPlayerNameInitial": "I. Smith"
    },
    {
      "playerNameI": "C. Osman",
      "orderNumber": 1530000,
      "isFieldGoal": 1,
      "shotResult": "Made",
      "possession": 1610612759,
      "teamTricode": "SAS",
      "description": "C. Osman driving finger roll Layup (3 PTS)",
      "descriptor": "driving finger roll",
      "personIdsFilter": [
        1626224
      ],
      "areaDetail": "0-8 Center",
      "shotDistance": 2.43,
      "timeActual": "2024-01-13T01:35:54.7Z",
      "area": "Restricted Area",
      "period": 1,
      "side": "left",
      "yLegacy": 10,
      "edited": "2024-01-13T01:36:11Z",
      "playerName": "Osman",
      "isTargetScoreLastPeriod": false,
      "qualifiers": [
        "pointsinthepaint",
        "defensivegoaltending"
      ],
      "clock": "PT02M18.00S",
      "actionType": "2pt",
      "scoreHome": "23",
      "periodType": "REGULAR",
      "teamId": 1610612759,
      "actionNumber": 158,
      "x": 6.652431011826544,
      "y": 45.588235294117645,
      "subType": "Layup",
      "personId": 1626224,
      "xLegacy": 22,
      "scoreAway": "15",
      "pointsTotal": 3
    },
    {
      "officialId": 1627962,
      "playerNameI": "N. Mensah",
      "orderNumber": 1540000,
      "isFieldGoal": 0,
      "possession": 1610612759,
      "teamTricode": "CHA",
      "description": "N. Mensah defensive goaltending VIOLATION",
      "personIdsFilter": [
        1641877
      ],
      "timeActual": "2024-01-13T01:35:59.8Z",
      "period": 1,
      "side": null,
      "yLegacy": null,
      "edited": "2024-01-13T01:40:34Z",
      "playerName": "Mensah",
      "isTargetScoreLastPeriod": false,
      "qualifiers": [],
      "clock": "PT02M18.00S",
      "actionType": "violation",
      "scoreHome": "23",
      "periodType": "REGULAR",
      "teamId": 1610612766,
      "actionNumber": 159,
      "x": null,
      "y": null,
      "subType": "defensive goaltending",
      "personId": 1641877,
      "xLegacy": null,
      "scoreAway": "15"
    },
    {
      "officialId": 1627962,
      "foulTechnicalTotal": 0,
      "playerNameI": "B. Wesley",
      "orderNumber": 1550000,
      "isFieldGoal": 0,
      "foulDrawnPlayerName": "Bridges",
      "possession": 1610612766,
      "teamTricode": "SAS",
      "foulPersonalTotal": 1,
      "description": "B. Wesley personal FOUL (1 PF)",
      "personIdsFilter": [
        1631104,
        1628970
      ],
      "areaDetail": "8-16 Left",
      "timeActual": "2024-01-13T01:36:20.2Z",
      "area": "In The Paint (Non-RA)",
      "period": 1,
      "side": null,
      "yLegacy": null,
      "edited": "2024-01-13T01:36:30Z",
      "playerName": "Wesley",
      "isTargetScoreLastPeriod": false,
      "qualifiers": [],
      "clock": "PT02M04.00S",
      "actionType": "foul",
      "scoreHome": "23",
      "periodType": "REGULAR",
      "teamId": 1610612759,
      "actionNumber": 160,
      "x": null,
      "y": null,
      "subType": "personal",
      "personId": 1631104,
      "xLegacy": null,
      "scoreAway": "15",
      "foulDrawnPersonId": 1628970
    },
    {
      "officialId": 202049,
      "playerNameI": "L. Ball",
      "orderNumber": 1570000,
      "isFieldGoal": 0,
      "possession": 1610612766,
      "teamTricode": "CHA",
      "description": "L. Ball step out-of-bounds TURNOVER (3 TO)",
      "descriptor": "step",
      "personIdsFilter": [
        1630163
      ],
      "areaDetail": "16-24 Right Center",
      "timeActual": "2024-01-13T01:36:48.8Z",
      "area": "Mid-Range",
      "period": 1,
      "side": null,
      "yLegacy": null,
      "edited": "2024-01-13T01:37:08Z",
      "playerName": "Ball",
      "isTargetScoreLastPeriod": false,
      "qualifiers": [],
      "clock": "PT02M00.00S",
      "turnoverTotal": 3,
      "actionType": "turnover",
      "scoreHome": "23",
      "periodType": "REGULAR",
      "teamId": 1610612766,
      "actionNumber": 162,
      "x": null,
      "y": null,
      "subType": "out-of-bounds",
      "personId": 1630163,
      "xLegacy": null,
      "scoreAway": "15"
    },
    {
      "playerNameI": "M. Branham",
      "orderNumber": 1580000,
      "isFieldGoal": 1,
      "shotResult": "Made",
      "possession": 1610612759,
      "teamTricode": "SAS",
      "description": "M. Branham driving Layup (5 PTS) (K. Johnson 1 AST)",
      "descriptor": "driving",
      "personIdsFilter": [
        1631103,
        1629640
      ],
      "areaDetail": "0-8 Center",
      "shotDistance": 4.23,
      "timeActual": "2024-01-13T01:37:14.4Z",
      "assistPersonId": 1629640,
      "area": "Restricted Area",
      "period": 1,
      "side": "left",
      "yLegacy": 42,
      "edited": "2024-01-13T01:41:28Z",
      "playerName": "Branham",
      "isTargetScoreLastPeriod": false,
      "qualifiers": [
        "pointsinthepaint",
        "fromturnover"
      ],
      "assistTotal": 1,
      "clock": "PT01M41.00S",
      "actionType": "2pt",
      "scoreHome": "25",
      "periodType": "REGULAR",
      "teamId": 1610612759,
      "actionNumber": 163,
      "x": 10.068988173455978,
      "y": 49.26470588235294,
      "subType": "Layup",
      "personId": 1631103,
      "xLegacy": 4,
      "scoreAway": "15",
      "pointsTotal": 5,
      "assistPlayerNameInitial": "K. Johnson"
    },
    {
      "playerNameI": "I. Smith",
      "orderNumber": 1600000,
      "isFieldGoal": 1,
      "shotResult": "Missed",
      "possession": 1610612766,
      "teamTricode": "CHA",
      "description": "MISS I. Smith 20' Jump Shot",
      "personIdsFilter": [
        202397
      ],
      "areaDetail": "16-24 Left",
      "shotDistance": 20.28,
      "timeActual": "2024-01-13T01:37:26.2Z",
      "area": "Mid-Range",
      "period": 1,
      "side": "right",
      "yLegacy": 16,
      "edited": "2024-01-13T01:37:38Z",
      "playerName": "Smith",
      "isTargetScoreLastPeriod": false,
      "qualifiers": [],
      "clock": "PT01M29.00S",
      "actionType": "2pt",
      "scoreHome": "25",
      "periodType": "REGULAR",
      "teamId": 1610612766,
      "actionNumber": 165,
      "x": 92.72339027595268,
      "y": 9.558823529411764,
      "subType": "Jump Shot",
      "personId": 202397,
      "xLegacy": -202,
      "scoreAway": "15"
    },
    {
      "playerNameI": "D. Barlow",
      "orderNumber": 1610000,
      "isFieldGoal": 0,
      "possession": 1610612759,
      "teamTricode": "SAS",
      "description": "D. Barlow REBOUND (Off:1 Def:1)",
      "personIdsFilter": [
        1631230
      ],
      "areaDetail": "16-24 Left",
      "reboundDefensiveTotal": 1,
      "timeActual": "2024-01-13T01:37:29.2Z",
      "shotActionNumber": 165,
      "area": "Mid-Range",
      "reboundOffensiveTotal": 1,
      "period": 1,
      "side": null,
      "yLegacy": null,
      "edited": "2024-01-13T01:37:38Z",
      "playerName": "Barlow",
      "isTargetScoreLastPeriod": false,
      "qualifiers": [],
      "clock": "PT01M26.00S",
      "actionType": "rebound",
      "scoreHome": "25",
      "periodType": "REGULAR",
      "reboundTotal": 2,
      "teamId": 1610612759,
      "actionNumber": 166,
      "x": null,
      "y": null,
      "subType": "defensive",
      "personId": 1631230,
      "xLegacy": null,
      "scoreAway": "15"
    },
    {
      "playerNameI": "K. Johnson",
      "orderNumber": 1620000,
      "isFieldGoal": 0,
      "possession": 1610612759,
      "teamTricode": "SAS",
      "description": "K. Johnson bad pass TURNOVER (1 TO)",
      "personIdsFilter": [
        1629640,
        1630163
      ],
      "areaDetail": "24+ Left Center",
      "timeActual": "2024-01-13T01:37:30.8Z",
      "area": "Above the Break 3",
      "period": 1,
      "side": null,
      "yLegacy": null,
      "edited": "2024-01-13T01:37:45Z",
      "playerName": "Johnson",
      "isTargetScoreLastPeriod": false,
      "qualifiers": [],
      "clock": "PT01M25.00S",
      "turnoverTotal": 1,
      "actionType": "turnover",
      "scoreHome": "25",
      "periodType": "REGULAR",
      "stealPersonId": 1630163,
      "teamId": 1610612759,
      "actionNumber": 167,
      "x": null,
      "y": null,
      "subType": "bad pass",
      "personId": 1629640,
      "xLegacy": null,
      "scoreAway": "15",
      "stealPlayerName": "Ball"
    },
    {
      "playerNameI": "L. Ball",
      "orderNumber": 1630000,
      "isFieldGoal": 0,
      "possession": 1610612766,
      "teamTricode": "CHA",
      "description": "L. Ball STEAL (3 STL)",
      "personIdsFilter": [
        1630163
      ],
      "areaDetail": "24+ Left Center",
      "timeActual": "2024-01-13T01:37:30.8Z",
      "area": "Above the Break 3",
      "period": 1,
      "side": null,
      "yLegacy": null,
      "edited": "2024-01-13T01:37:33Z",
      "playerName": "Ball",
      "isTargetScoreLastPeriod": false,
      "qualifiers": [],
      "clock": "PT01M25.00S",
      "actionType": "steal",
      "scoreHome": "25",
      "periodType": "REGULAR",
      "teamId": 1610612766,
      "actionNumber": 168,
      "x": null,
      "y": null,
      "personId": 1630163,
      "subType": "",
      "xLegacy": null,
      "scoreAway": "15"
    },
    {
      "officialId": 1628159,
      "foulTechnicalTotal": 0,
      "playerNameI": "K. Johnson",
      "orderNumber": 1640000,
      "isFieldGoal": 0,
      "foulDrawnPlayerName": "Ball",
      "possession": 1610612766,
      "teamTricode": "SAS",
      "foulPersonalTotal": 1,
      "description": "K. Johnson shooting personal FOUL (1 PF) (Ball 2 FT)",
      "descriptor": "shooting",
      "personIdsFilter": [
        1629640,
        1630163
      ],
      "areaDetail": "0-8 Center",
      "timeActual": "2024-01-13T01:37:36.4Z",
      "area": "Restricted Area",
      "period": 1,
      "side": null,
      "yLegacy": null,
      "edited": "2024-01-13T01:37:48Z",
      "playerName": "Johnson",
      "isTargetScoreLastPeriod": false,
      "qualifiers": [
        "inpenalty",
        "2freethrow"
      ],
      "clock": "PT01M23.00S",
      "actionType": "foul",
      "scoreHome": "25",
      "periodType": "REGULAR",
      "teamId": 1610612759,
      "actionNumber": 169,
      "x": null,
      "y": null,
      "subType": "personal",
      "personId": 1629640,
      "xLegacy": null,
      "scoreAway": "15",
      "foulDrawnPersonId": 1630163
    },
    {
      "playerNameI": "L. Ball",
      "orderNumber": 1660000,
      "isFieldGoal": 0,
      "shotResult": "Made",
      "possession": 1610612766,
      "teamTricode": "CHA",
      "description": "L. Ball Free Throw 1 of 2 (7 PTS)",
      "personIdsFilter": [
        1630163
      ],
      "timeActual": "2024-01-13T01:38:06.5Z",
      "period": 1,
      "side": null,
      "yLegacy": null,
      "edited": "2024-01-13T01:38:32Z",
      "playerName": "Ball",
      "isTargetScoreLastPeriod": false,
      "qualifiers": [
        "fromturnover",
        "fastbreak"
      ],
      "clock": "PT01M23.00S",
      "actionType": "freethrow",
      "scoreHome": "25",
      "periodType": "REGULAR",
      "teamId": 1610612766,
      "actionNumber": 171,
      "x": null,
      "y": null,
      "subType": "1 of 2",
      "personId": 1630163,
      "xLegacy": null,
      "scoreAway": "16",
      "pointsTotal": 7
    },
    {
      "playerNameI": "L. Ball",
      "orderNumber": 1670000,
      "isFieldGoal": 0,
      "shotResult": "Missed",
      "possession": 1610612766,
      "teamTricode": "CHA",
      "description": "MISS L. Ball Free Throw 2 of 2",
      "personIdsFilter": [
        1630163
      ],
      "timeActual": "2024-01-13T01:38:06.5Z",
      "period": 1,
      "side": null,
      "yLegacy": null,
      "edited": "2024-01-13T01:38:32Z",
      "playerName": "Ball",
      "isTargetScoreLastPeriod": false,
      "qualifiers": [
        "fromturnover",
        "fastbreak"
      ],
      "clock": "PT01M23.00S",
      "actionType": "freethrow",
      "scoreHome": "25",
      "periodType": "REGULAR",
      "teamId": 1610612766,
      "actionNumber": 172,
      "x": null,
      "y": null,
      "subType": "2 of 2",
      "personId": 1630163,
      "xLegacy": null,
      "scoreAway": "16"
    },
    {
      "playerNameI": "C. Osman",
      "orderNumber": 1680000,
      "isFieldGoal": 0,
      "possession": 1610612759,
      "teamTricode": "SAS",
      "description": "C. Osman REBOUND (Off:0 Def:1)",
      "personIdsFilter": [
        1626224
      ],
      "reboundDefensiveTotal": 1,
      "timeActual": "2024-01-13T01:38:09.5Z",
      "shotActionNumber": 172,
      "reboundOffensiveTotal": 0,
      "period": 1,
      "side": null,
      "yLegacy": null,
      "edited": "2024-01-13T01:38:32Z",
      "playerName": "Osman",
      "isTargetScoreLastPeriod": false,
      "qualifiers": [],
      "clock": "PT01M20.00S",
      "actionType": "rebound",
      "scoreHome": "25",
      "periodType": "REGULAR",
      "reboundTotal": 1,
      "teamId": 1610612759,
      "actionNumber": 173,
      "x": null,
      "y": null,
      "subType": "defensive",
      "personId": 1626224,
      "xLegacy": null,
      "scoreAway": "16"
    },
    {
      "playerNameI": "K. Johnson",
      "orderNumber": 1690000,
      "isFieldGoal": 1,
      "shotResult": "Missed",
      "possession": 1610612759,
      "teamTricode": "SAS",
      "description": "MISS K. Johnson driving Layup",
      "descriptor": "driving",
      "personIdsFilter": [
        1629640
      ],
      "areaDetail": "0-8 Center",
      "shotDistance": 4.35,
      "timeActual": "2024-01-13T01:38:43.7Z",
      "area": "Restricted Area",
      "period": 1,
      "side": "left",
      "yLegacy": 43,
      "edited": "2024-01-13T01:38:57Z",
      "playerName": "Johnson",
      "isTargetScoreLastPeriod": false,
      "qualifiers": [
        "pointsinthepaint"
      ],
      "clock": "PT01M07.00S",
      "actionType": "2pt",
      "scoreHome": "25",
      "periodType": "REGULAR",
      "teamId": 1610612759,
      "actionNumber": 174,
      "x": 10.200394218134035,
      "y": 50.49019607843137,
      "subType": "Layup",
      "personId": 1629640,
      "xLegacy": -2,
      "scoreAway": "16"
    },
    {
      "orderNumber": 1700000,
      "isFieldGoal": 0,
      "possession": 1610612766,
      "teamTricode": "CHA",
      "description": "TEAM defensive REBOUND",
      "personIdsFilter": [],
      "areaDetail": "0-8 Center",
      "timeActual": "2024-01-13T01:38:44.7Z",
      "shotActionNumber": 174,
      "area": "Restricted Area",
      "period": 1,
      "side": null,
      "yLegacy": null,
      "edited": "2024-01-13T01:38:57Z",
      "isTargetScoreLastPeriod": false,
      "qualifiers": [
        "team"
      ],
      "clock": "PT01M06.00S",
      "actionType": "rebound",
      "scoreHome": "25",
      "periodType": "REGULAR",
      "teamId": 1610612766,
      "actionNumber": 175,
      "x": null,
      "y": null,
      "subType": "defensive",
      "personId": 0,
      "xLegacy": null,
      "scoreAway": "16"
    },
    {
      "officialId": 1628159,
      "foulTechnicalTotal": 0,
      "playerNameI": "D. Barlow",
      "orderNumber": 1710000,
      "isFieldGoal": 0,
      "foulDrawnPlayerName": "Bridges",
      "possession": 1610612766,
      "teamTricode": "SAS",
      "foulPersonalTotal": 1,
      "description": "D. Barlow loose ball personal FOUL (1 PF) (Bridges 2 FT)",
      "descriptor": "loose ball",
      "personIdsFilter": [
        1631230,
        1628970
      ],
      "areaDetail": "0-8 Center",
      "timeActual": "2024-01-13T01:38:49.2Z",
      "area": "Restricted Area",
      "period": 1,
      "side": null,
      "yLegacy": null,
      "edited": "2024-01-13T01:39:07Z",
      "playerName": "Barlow",
      "isTargetScoreLastPeriod": false,
      "qualifiers": [
        "inpenalty",
        "2freethrow"
      ],
      "clock": "PT01M06.00S",
      "actionType": "foul",
      "scoreHome": "25",
      "periodType": "REGULAR",
      "teamId": 1610612759,
      "actionNumber": 176,
      "x": null,
      "y": null,
      "subType": "personal",
      "personId": 1631230,
      "xLegacy": null,
      "scoreAway": "16",
      "foulDrawnPersonId": 1628970
    },
    {
      "playerNameI": "M. Bridges",
      "orderNumber": 1730000,
      "isFieldGoal": 0,
      "shotResult": "Made",
      "possession": 1610612766,
      "teamTricode": "CHA",
      "description": "M. Bridges Free Throw 1 of 2 (1 PTS)",
      "personIdsFilter": [
        1628970
      ],
      "timeActual": "2024-01-13T01:39:21.9Z",
      "period": 1,
      "side": null,
      "yLegacy": null,
      "edited": "2024-01-13T01:39:21Z",
      "playerName": "Bridges",
      "isTargetScoreLastPeriod": false,
      "qualifiers": [],
      "clock": "PT01M06.00S",
      "actionType": "freethrow",
      "scoreHome": "25",
      "periodType": "REGULAR",
      "teamId": 1610612766,
      "actionNumber": 178,
      "x": null,
      "y": null,
      "subType": "1 of 2",
      "personId": 1628970,
      "xLegacy": null,
      "scoreAway": "17",
      "pointsTotal": 1
    },
    {
      "playerNameI": "M. Bridges",
      "orderNumber": 1740000,
      "isFieldGoal": 0,
      "shotResult": "Made",
      "possession": 1610612766,
      "teamTricode": "CHA",
      "description": "M. Bridges Free Throw 2 of 2 (2 PTS)",
      "personIdsFilter": [
        1628970
      ],
      "timeActual": "2024-01-13T01:39:38.3Z",
      "period": 1,
      "side": null,
      "yLegacy": null,
      "edited": "2024-01-13T01:39:38Z",
      "playerName": "Bridges",
      "isTargetScoreLastPeriod": false,
      "qualifiers": [],
      "clock": "PT01M06.00S",
      "actionType": "freethrow",
      "scoreHome": "25",
      "periodType": "REGULAR",
      "teamId": 1610612766,
      "actionNumber": 179,
      "x": null,
      "y": null,
      "subType": "2 of 2",
      "personId": 1628970,
      "xLegacy": null,
      "scoreAway": "18",
      "pointsTotal": 2
    },
    {
      "officialId": 1628159,
      "foulTechnicalTotal": 0,
      "playerNameI": "N. Mensah",
      "orderNumber": 1750000,
      "isFieldGoal": 0,
      "foulDrawnPlayerName": "Johnson",
      "possession": 1610612759,
      "teamTricode": "CHA",
      "foulPersonalTotal": 2,
      "description": "N. Mensah personal FOUL (2 PF) (Johnson 2 FT)",
      "personIdsFilter": [
        1641877,
        1629640
      ],
      "areaDetail": "0-8 Center",
      "timeActual": "2024-01-13T01:39:55.1Z",
      "area": "In The Paint (Non-RA)",
      "period": 1,
      "side": null,
      "yLegacy": null,
      "edited": "2024-01-13T01:40:13Z",
      "playerName": "Mensah",
      "isTargetScoreLastPeriod": false,
      "qualifiers": [
        "inpenalty",
        "2freethrow"
      ],
      "clock": "PT00M53.10S",
      "actionType": "foul",
      "scoreHome": "25",
      "periodType": "REGULAR",
      "teamId": 1610612766,
      "actionNumber": 180,
      "x": null,
      "y": null,
      "subType": "personal",
      "personId": 1641877,
      "xLegacy": null,
      "scoreAway": "18",
      "foulDrawnPersonId": 1629640
    },
    {
      "playerNameI": "K. Johnson",
      "orderNumber": 1770000,
      "isFieldGoal": 0,
      "shotResult": "Made",
      "possession": 1610612759,
      "teamTricode": "SAS",
      "description": "K. Johnson Free Throw 1 of 2 (1 PTS)",
      "personIdsFilter": [
        1629640
      ],
      "timeActual": "2024-01-13T01:40:27.8Z",
      "period": 1,
      "side": null,
      "yLegacy": null,
      "edited": "2024-01-13T01:40:27Z",
      "playerName": "Johnson",
      "isTargetScoreLastPeriod": false,
      "qualifiers": [],
      "clock": "PT00M53.10S",
      "actionType": "freethrow",
      "scoreHome": "26",
      "periodType": "REGULAR",
      "teamId": 1610612759,
      "actionNumber": 182,
      "x": null,
      "y": null,
      "subType": "1 of 2",
      "personId": 1629640,
      "xLegacy": null,
      "scoreAway": "18",
      "pointsTotal": 1
    },
    {
      "playerNameI": "K. Johnson",
      "orderNumber": 1780000,
      "isFieldGoal": 0,
      "shotResult": "Made",
      "possession": 1610612759,
      "teamTricode": "SAS",
      "description": "K. Johnson Free Throw 2 of 2 (2 PTS)",
      "personIdsFilter": [
        1629640
      ],
      "timeActual": "2024-01-13T01:40:48.6Z",
      "period": 1,
      "side": null,
      "yLegacy": null,
      "edited": "2024-01-13T01:40:48Z",
      "playerName": "Johnson",
      "isTargetScoreLastPeriod": false,
      "qualifiers": [],
      "clock": "PT00M53.10S",
      "actionType": "freethrow",
      "scoreHome": "27",
      "periodType": "REGULAR",
      "teamId": 1610612759,
      "actionNumber": 183,
      "x": null,
      "y": null,
      "subType": "2 of 2",
      "personId": 1629640,
      "xLegacy": null,
      "scoreAway": "18",
      "pointsTotal": 2
    },
    {
      "officialId": 1628159,
      "foulTechnicalTotal": 0,
      "playerNameI": "B. Wesley",
      "orderNumber": 1790000,
      "isFieldGoal": 0,
      "foulDrawnPlayerName": "Ball",
      "possession": 1610612766,
      "teamTricode": "SAS",
      "foulPersonalTotal": 2,
      "description": "B. Wesley personal FOUL (2 PF) (Ball 2 FT)",
      "personIdsFilter": [
        1631104,
        1630163
      ],
      "areaDetail": "8-16 Right",
      "timeActual": "2024-01-13T01:41:05.1Z",
      "area": "In The Paint (Non-RA)",
      "period": 1,
      "side": null,
      "yLegacy": null,
      "edited": "2024-01-13T01:41:18Z",
      "playerName": "Wesley",
      "isTargetScoreLastPeriod": false,
      "qualifiers": [
        "inpenalty",
        "2freethrow"
      ],
      "clock": "PT00M41.90S",
      "actionType": "foul",
      "scoreHome": "27",
      "periodType": "REGULAR",
      "teamId": 1610612759,
      "actionNumber": 184,
      "x": null,
      "y": null,
      "subType": "personal",
      "personId": 1631104,
      "xLegacy": null,
      "scoreAway": "18",
      "foulDrawnPersonId": 1630163
    },
    {
      "playerNameI": "L. Ball",
      "orderNumber": 1810000,
      "isFieldGoal": 0,
      "shotResult": "Made",
      "possession": 1610612766,
      "teamTricode": "CHA",
      "description": "L. Ball Free Throw 1 of 2 (8 PTS)",
      "personIdsFilter": [
        1630163
      ],
      "timeActual": "2024-01-13T01:41:40.8Z",
      "period": 1,
      "side": null,
      "yLegacy": null,
      "edited": "2024-01-13T01:41:40Z",
      "playerName": "Ball",
      "isTargetScoreLastPeriod": false,
      "qualifiers": [],
      "clock": "PT00M41.90S",
      "actionType": "freethrow",
      "scoreHome": "27",
      "periodType": "REGULAR",
      "teamId": 1610612766,
      "actionNumber": 186,
      "x": null,
      "y": null,
      "subType": "1 of 2",
      "personId": 1630163,
      "xLegacy": null,
      "scoreAway": "19",
      "pointsTotal": 8
    },
    {
      "playerNameI": "L. Ball",
      "orderNumber": 1820000,
      "isFieldGoal": 0,
      "shotResult": "Made",
      "possession": 1610612766,
      "teamTricode": "CHA",
      "description": "L. Ball Free Throw 2 of 2 (9 PTS)",
      "personIdsFilter": [
        1630163
      ],
      "timeActual": "2024-01-13T01:42:03.4Z",
      "period": 1,
      "side": null,
      "yLegacy": null,
      "edited": "2024-01-13T01:42:03Z",
      "playerName": "Ball",
      "isTargetScoreLastPeriod": false,
      "qualifiers": [],
      "clock": "PT00M41.90S",
      "actionType": "freethrow",
      "scoreHome": "27",
      "periodType": "REGULAR",
      "teamId": 1610612766,
      "actionNumber": 187,
      "x": null,
      "y": null,
      "subType": "2 of 2",
      "personId": 1630163,
      "xLegacy": null,
      "scoreAway": "20",
      "pointsTotal": 9
    },
    {
      "officialId": 1628159,
      "foulTechnicalTotal": 0,
      "playerNameI": "N. Mensah",
      "orderNumber": 1830000,
      "isFieldGoal": 0,
      "foulDrawnPlayerName": "Barlow",
      "possession": 1610612759,
      "teamTricode": "CHA",
      "foulPersonalTotal": 3,
      "description": "N. Mensah shooting personal FOUL (3 PF) (Barlow 2 FT)",
      "descriptor": "shooting",
      "personIdsFilter": [
        1641877,
        1631230
      ],
      "areaDetail": "0-8 Center",
      "timeActual": "2024-01-13T01:42:16.3Z",
      "area": "In The Paint (Non-RA)",
      "period": 1,
      "side": null,
      "yLegacy": null,
      "edited": "2024-01-13T01:42:41Z",
      "playerName": "Mensah",
      "isTargetScoreLastPeriod": false,
      "qualifiers": [
        "inpenalty",
        "2freethrow"
      ],
      "clock": "PT00M35.50S",
      "actionType": "foul",
      "scoreHome": "27",
      "periodType": "REGULAR",
      "teamId": 1610612766,
      "actionNumber": 188,
      "x": null,
      "y": null,
      "subType": "personal",
      "personId": 1641877,
      "xLegacy": null,
      "scoreAway": "20",
      "foulDrawnPersonId": 1631230
    },
    {
      "playerNameI": "D. Barlow",
      "orderNumber": 1850000,
      "isFieldGoal": 0,
      "shotResult": "Missed",
      "possession": 1610612759,
      "teamTricode": "SAS",
      "description": "MISS D. Barlow Free Throw 1 of 2",
      "personIdsFilter": [
        1631230
      ],
      "timeActual": "2024-01-13T01:42:50.5Z",
      "period": 1,
      "side": null,
      "yLegacy": null,
      "edited": "2024-01-13T01:42:50Z",
      "playerName": "Barlow",
      "isTargetScoreLastPeriod": false,
      "qualifiers": [],
      "clock": "PT00M35.50S",
      "actionType": "freethrow",
      "scoreHome": "27",
      "periodType": "REGULAR",
      "teamId": 1610612759,
      "actionNumber": 190,
      "x": null,
      "y": null,
      "subType": "1 of 2",
      "personId": 1631230,
      "xLegacy": null,
      "scoreAway": "20"
    },
    {
      "orderNumber": 1860000,
      "isFieldGoal": 0,
      "possession": 1610612759,
      "teamTricode": "SAS",
      "description": "TEAM offensive REBOUND",
      "personIdsFilter": [],
      "timeActual": "2024-01-13T01:42:50.5Z",
      "shotActionNumber": 190,
      "period": 1,
      "side": null,
      "yLegacy": null,
      "edited": "2024-01-13T01:42:50Z",
      "isTargetScoreLastPeriod": false,
      "qualifiers": [
        "deadball",
        "team"
      ],
      "clock": "PT00M35.50S",
      "actionType": "rebound",
      "scoreHome": "27",
      "periodType": "REGULAR",
      "teamId": 1610612759,
      "actionNumber": 191,
      "x": null,
      "y": null,
      "subType": "offensive",
      "personId": 0,
      "xLegacy": null,
      "scoreAway": "20"
    },
    {
      "playerNameI": "N. Mensah",
      "orderNumber": 1870000,
      "isFieldGoal": 0,
      "possession": 1610612759,
      "teamTricode": "CHA",
      "description": "SUB out: N. Mensah",
      "personIdsFilter": [
        1641877
      ],
      "timeActual": "2024-01-13T01:42:52.1Z",
      "period": 1,
      "side": null,
      "yLegacy": null,
      "edited": "2024-01-13T01:42:55Z",
      "playerName": "Mensah",
      "isTargetScoreLastPeriod": false,
      "qualifiers": [],
      "clock": "PT00M35.50S",
      "actionType": "substitution",
      "scoreHome": "27",
      "periodType": "REGULAR",
      "teamId": 1610612766,
      "actionNumber": 192,
      "x": null,
      "y": null,
      "subType": "out",
      "personId": 1641877,
      "xLegacy": null,
      "scoreAway": "20"
    },
    {
      "playerNameI": "L. Black",
      "orderNumber": 1880000,
      "isFieldGoal": 0,
      "possession": 1610612759,
      "teamTricode": "CHA",
      "description": "SUB in: L. Black",
      "personIdsFilter": [
        1641778
      ],
      "timeActual": "2024-01-13T01:42:52.1Z",
      "period": 1,
      "side": null,
      "yLegacy": null,
      "edited": "2024-01-13T01:42:55Z",
      "playerName": "Black",
      "isTargetScoreLastPeriod": false,
      "qualifiers": [],
      "clock": "PT00M35.50S",
      "actionType": "substitution",
      "scoreHome": "27",
      "periodType": "REGULAR",
      "teamId": 1610612766,
      "actionNumber": 193,
      "x": null,
      "y": null,
      "subType": "in",
      "personId": 1641778,
      "xLegacy": null,
      "scoreAway": "20"
    },
    {
      "playerNameI": "D. Barlow",
      "orderNumber": 1890000,
      "isFieldGoal": 0,
      "shotResult": "Made",
      "possession": 1610612759,
      "teamTricode": "SAS",
      "description": "D. Barlow Free Throw 2 of 2 (1 PTS)",
      "personIdsFilter": [
        1631230
      ],
      "timeActual": "2024-01-13T01:43:11.0Z",
      "period": 1,
      "side": null,
      "yLegacy": null,
      "edited": "2024-01-13T01:43:11Z",
      "playerName": "Barlow",
      "isTargetScoreLastPeriod": false,
      "qualifiers": [],
      "clock": "PT00M35.50S",
      "actionType": "freethrow",
      "scoreHome": "28",
      "periodType": "REGULAR",
      "teamId": 1610612759,
      "actionNumber": 194,
      "x": null,
      "y": null,
      "subType": "2 of 2",
      "personId": 1631230,
      "xLegacy": null,
      "scoreAway": "20",
      "pointsTotal": 1
    },
    {
      "playerNameI": "L. Ball",
      "orderNumber": 1900000,
      "isFieldGoal": 1,
      "shotResult": "Made",
      "possession": 1610612766,
      "teamTricode": "CHA",
      "description": "L. Ball driving finger roll Layup (11 PTS)",
      "descriptor": "driving finger roll",
      "personIdsFilter": [
        1630163
      ],
      "areaDetail": "0-8 Center",
      "shotDistance": 5.06,
      "timeActual": "2024-01-13T01:43:33.7Z",
      "area": "In The Paint (Non-RA)",
      "period": 1,
      "side": "right",
      "yLegacy": 50,
      "edited": "2024-01-13T01:43:59Z",
      "playerName": "Ball",
      "isTargetScoreLastPeriod": false,
      "qualifiers": [
        "pointsinthepaint"
      ],
      "clock": "PT00M16.40S",
      "actionType": "2pt",
      "scoreHome": "28",
      "periodType": "REGULAR",
      "teamId": 1610612766,
      "actionNumber": 195,
      "x": 89.04402102496715,
      "y": 49.50980392156863,
      "subType": "Layup",
      "personId": 1630163,
      "xLegacy": -2,
      "scoreAway": "22",
      "pointsTotal": 11
    },
    {
      "playerNameI": "K. Johnson",
      "orderNumber": 1910000,
      "isFieldGoal": 1,
      "shotResult": "Missed",
      "possession": 1610612759,
      "teamTricode": "SAS",
      "description": "MISS K. Johnson 25' pullup 3PT",
      "descriptor": "pullup",
      "personIdsFilter": [
        1629640
      ],
      "areaDetail": "24+ Center",
      "shotDistance": 25.95,
      "timeActual": "2024-01-13T01:43:57.2Z",
      "area": "Above the Break 3",
      "period": 1,
      "side": "left",
      "yLegacy": 260,
      "edited": "2024-01-13T01:46:32Z",
      "playerName": "Johnson",
      "isTargetScoreLastPeriod": false,
      "qualifiers": [],
      "clock": "PT00M00.00S",
      "actionType": "3pt",
      "scoreHome": "28",
      "periodType": "REGULAR",
      "teamId": 1610612759,
      "actionNumber": 196,
      "x": 33.196452036793694,
      "y": 50.73529411764706,
      "subType": "Jump Shot",
      "personId": 1629640,
      "xLegacy": -4,
      "scoreAway": "22"
    },
    {
      "orderNumber": 1920000,
      "isFieldGoal": 0,
      "possession": 1610612759,
      "teamTricode": "SAS",
      "description": "TEAM offensive REBOUND",
      "personIdsFilter": [],
      "areaDetail": "24+ Center",
      "timeActual": "2024-01-13T01:43:57.2Z",
      "shotActionNumber": 196,
      "area": "Above the Break 3",
      "period": 1,
      "side": null,
      "yLegacy": null,
      "edited": "2024-01-13T01:46:32Z",
      "isTargetScoreLastPeriod": false,
      "qualifiers": [
        "team"
      ],
      "clock": "PT00M00.00S",
      "actionType": "rebound",
      "scoreHome": "28",
      "periodType": "REGULAR",
      "teamId": 1610612759,
      "actionNumber": 197,
      "x": null,
      "y": null,
      "subType": "offensive",
      "personId": 0,
      "xLegacy": null,
      "scoreAway": "22"
    },
    {
      "period": 1,
      "side": null,
      "orderNumber": 1930000,
      "yLegacy": null,
      "isFieldGoal": 0,
      "edited": "2024-01-13T01:44:15Z",
      "isTargetScoreLastPeriod": false,
      "possession": 1610612759,
      "qualifiers": [],
      "description": "Period End",
      "clock": "PT00M00.00S",
      "personIdsFilter": [],
      "actionType": "period",
      "scoreHome": "28",
      "periodType": "REGULAR",
      "actionNumber": 198,
      "x": null,
      "timeActual": "2024-01-13T01:44:15.4Z",
      "y": null,
      "subType": "end",
      "personId": 0,
      "xLegacy": null,
      "scoreAway": "22"
    },
    {
      "playerNameI": "B. Wesley",
      "orderNumber": 1940000,
      "isFieldGoal": 0,
      "possession": 1610612759,
      "teamTricode": "SAS",
      "description": "SUB out: B. Wesley",
      "personIdsFilter": [
        1631104
      ],
      "timeActual": "2024-01-13T01:46:04.6Z",
      "period": 2,
      "side": null,
      "yLegacy": null,
      "edited": "2024-01-13T01:46:32Z",
      "playerName": "Wesley",
      "isTargetScoreLastPeriod": false,
      "qualifiers": [
        "startperiod"
      ],
      "clock": "PT12M00.00S",
      "actionType": "substitution",
      "scoreHome": "28",
      "periodType": "REGULAR",
      "teamId": 1610612759,
      "actionNumber": 199,
      "x": null,
      "y": null,
      "subType": "out",
      "personId": 1631104,
      "xLegacy": null,
      "scoreAway": "22"
    },
    {
      "playerNameI": "C. Osman",
      "orderNumber": 1950000,
      "isFieldGoal": 0,
      "possession": 1610612759,
      "teamTricode": "SAS",
      "description": "SUB out: C. Osman",
      "personIdsFilter": [
        1626224
      ],
      "timeActual": "2024-01-13T01:46:04.6Z",
      "period": 2,
      "side": null,
      "yLegacy": null,
      "edited": "2024-01-13T01:46:32Z",
      "playerName": "Osman",
      "isTargetScoreLastPeriod": false,
      "qualifiers": [
        "startperiod"
      ],
      "clock": "PT12M00.00S",
      "actionType": "substitution",
      "scoreHome": "28",
      "periodType": "REGULAR",
      "teamId": 1610612759,
      "actionNumber": 200,
      "x": null,
      "y": null,
      "subType": "out",
      "personId": 1626224,
      "xLegacy": null,
      "scoreAway": "22"
    },
    {
      "playerNameI": "D. Barlow",
      "orderNumber": 1960000,
      "isFieldGoal": 0,
      "possession": 1610612759,
      "teamTricode": "SAS",
      "description": "SUB out: D. Barlow",
      "personIdsFilter": [
        1631230
      ],
      "timeActual": "2024-01-13T01:46:04.6Z",
      "period": 2,
      "side": null,
      "yLegacy": null,
      "edited": "2024-01-13T01:46:32Z",
      "playerName": "Barlow",
      "isTargetScoreLastPeriod": false,
      "qualifiers": [
        "startperiod"
      ],
      "clock": "PT12M00.00S",
      "actionType": "substitution",
      "scoreHome": "28",
      "periodType": "REGULAR",
      "teamId": 1610612759,
      "actionNumber": 201,
      "x": null,
      "y": null,
      "subType": "out",
      "personId": 1631230,
      "xLegacy": null,
      "scoreAway": "22"
    },
    {
      "playerNameI": "M. Bridges",
      "orderNumber": 1970000,
      "isFieldGoal": 0,
      "possession": 1610612759,
      "teamTricode": "CHA",
      "description": "SUB out: M. Bridges",
      "personIdsFilter": [
        1628970
      ],
      "timeActual": "2024-01-13T01:46:04.6Z",
      "period": 2,
      "side": null,
      "yLegacy": null,
      "edited": "2024-01-13T01:46:32Z",
      "playerName": "Bridges",
      "isTargetScoreLastPeriod": false,
      "qualifiers": [
        "startperiod"
      ],
      "clock": "PT12M00.00S",
      "actionType": "substitution",
      "scoreHome": "28",
      "periodType": "REGULAR",
      "teamId": 1610612766,
      "actionNumber": 202,
      "x": null,
      "y": null,
      "subType": "out",
      "personId": 1628970,
      "xLegacy": null,
      "scoreAway": "22"
    },
    {
      "playerNameI": "I. Smith",
      "orderNumber": 1980000,
      "isFieldGoal": 0,
      "possession": 1610612759,
      "teamTricode": "CHA",
      "description": "SUB out: I. Smith",
      "personIdsFilter": [
        202397
      ],
      "timeActual": "2024-01-13T01:46:04.6Z",
      "period": 2,
      "side": null,
      "yLegacy": null,
      "edited": "2024-01-13T01:46:32Z",
      "playerName": "Smith",
      "isTargetScoreLastPeriod": false,
      "qualifiers": [
        "startperiod"
      ],
      "clock": "PT12M00.00S",
      "actionType": "substitution",
      "scoreHome": "28",
      "periodType": "REGULAR",
      "teamId": 1610612766,
      "actionNumber": 203,
      "x": null,
      "y": null,
      "subType": "out",
      "personId": 202397,
      "xLegacy": null,
      "scoreAway": "22"
    },
    {
      "playerNameI": "L. Black",
      "orderNumber": 1990000,
      "isFieldGoal": 0,
      "possession": 1610612759,
      "teamTricode": "CHA",
      "description": "SUB out: L. Black",
      "personIdsFilter": [
        1641778
      ],
      "timeActual": "2024-01-13T01:46:04.6Z",
      "period": 2,
      "side": null,
      "yLegacy": null,
      "edited": "2024-01-13T01:46:32Z",
      "playerName": "Black",
      "isTargetScoreLastPeriod": false,
      "qualifiers": [
        "startperiod"
      ],
      "clock": "PT12M00.00S",
      "actionType": "substitution",
      "scoreHome": "28",
      "periodType": "REGULAR",
      "teamId": 1610612766,
      "actionNumber": 204,
      "x": null,
      "y": null,
      "subType": "out",
      "personId": 1641778,
      "xLegacy": null,
      "scoreAway": "22"
    },
    {
      "playerNameI": "T. Jones",
      "orderNumber": 2000000,
      "isFieldGoal": 0,
      "possession": 1610612759,
      "teamTricode": "SAS",
      "description": "SUB in: T. Jones",
      "personIdsFilter": [
        1630200
      ],
      "timeActual": "2024-01-13T01:46:04.6Z",
      "period": 2,
      "side": null,
      "yLegacy": null,
      "edited": "2024-01-13T01:46:32Z",
      "playerName": "Jones",
      "isTargetScoreLastPeriod": false,
      "qualifiers": [
        "startperiod"
      ],
      "clock": "PT12M00.00S",
      "actionType": "substitution",
      "scoreHome": "28",
      "periodType": "REGULAR",
      "teamId": 1610612759,
      "actionNumber": 205,
      "x": null,
      "y": null,
      "subType": "in",
      "personId": 1630200,
      "xLegacy": null,
      "scoreAway": "22"
    },
    {
      "playerNameI": "D. McDermott",
      "orderNumber": 2010000,
      "isFieldGoal": 0,
      "possession": 1610612759,
      "teamTricode": "SAS",
      "description": "SUB in: D. McDermott",
      "personIdsFilter": [
        203926
      ],
      "timeActual": "2024-01-13T01:46:04.6Z",
      "period": 2,
      "side": null,
      "yLegacy": null,
      "edited": "2024-01-13T01:46:32Z",
      "playerName": "McDermott",
      "isTargetScoreLastPeriod": false,
      "qualifiers": [
        "startperiod"
      ],
      "clock": "PT12M00.00S",
      "actionType": "substitution",
      "scoreHome": "28",
      "periodType": "REGULAR",
      "teamId": 1610612759,
      "actionNumber": 206,
      "x": null,
      "y": null,
      "subType": "in",
      "personId": 203926,
      "xLegacy": null,
      "scoreAway": "22"
    },
    {
      "playerNameI": "V. Wembanyama",
      "orderNumber": 2020000,
      "isFieldGoal": 0,
      "possession": 1610612759,
      "teamTricode": "SAS",
      "description": "SUB in: V. Wembanyama",
      "personIdsFilter": [
        1641705
      ],
      "timeActual": "2024-01-13T01:46:04.6Z",
      "period": 2,
      "side": null,
      "yLegacy": null,
      "edited": "2024-01-13T01:46:32Z",
      "playerName": "Wembanyama",
      "isTargetScoreLastPeriod": false,
      "qualifiers": [
        "startperiod"
      ],
      "clock": "PT12M00.00S",
      "actionType": "substitution",
      "scoreHome": "28",
      "periodType": "REGULAR",
      "teamId": 1610612759,
      "actionNumber": 207,
      "x": null,
      "y": null,
      "subType": "in",
      "personId": 1641705,
      "xLegacy": null,
      "scoreAway": "22"
    },
    {
      "playerNameI": "N. Richards",
      "orderNumber": 2030000,
      "isFieldGoal": 0,
      "possession": 1610612759,
      "teamTricode": "CHA",
      "description": "SUB in: N. Richards",
      "personIdsFilter": [
        1630208
      ],
      "timeActual": "2024-01-13T01:46:04.6Z",
      "period": 2,
      "side": null,
      "yLegacy": null,
      "edited": "2024-01-13T01:46:32Z",
      "playerName": "Richards",
      "isTargetScoreLastPeriod": false,
      "qualifiers": [
        "startperiod"
      ],
      "clock": "PT12M00.00S",
      "actionType": "substitution",
      "scoreHome": "28",
      "periodType": "REGULAR",
      "teamId": 1610612766,
      "actionNumber": 208,
      "x": null,
      "y": null,
      "subType": "in",
      "personId": 1630208,
      "xLegacy": null,
      "scoreAway": "22"
    },
    {
      "playerNameI": "N. Smith Jr.",
      "orderNumber": 2040000,
      "isFieldGoal": 0,
      "possession": 1610612759,
      "teamTricode": "CHA",
      "description": "SUB in: N. Smith Jr.",
      "personIdsFilter": [
        1641733
      ],
      "timeActual": "2024-01-13T01:46:04.6Z",
      "period": 2,
      "side": null,
      "yLegacy": null,
      "edited": "2024-01-13T01:46:32Z",
      "playerName": "Smith Jr.",
      "isTargetScoreLastPeriod": false,
      "qualifiers": [
        "startperiod"
      ],
      "clock": "PT12M00.00S",
      "actionType": "substitution",
      "scoreHome": "28",
      "periodType": "REGULAR",
      "teamId": 1610612766,
      "actionNumber": 209,
      "x": null,
      "y": null,
      "subType": "in",
      "personId": 1641733,
      "xLegacy": null,
      "scoreAway": "22"
    },
    {
      "playerNameI": "B. Miller",
      "orderNumber": 2050000,
      "isFieldGoal": 0,
      "possession": 1610612759,
      "teamTricode": "CHA",
      "description": "SUB in: B. Miller",
      "personIdsFilter": [
        1641706
      ],
      "timeActual": "2024-01-13T01:46:04.6Z",
      "period": 2,
      "side": null,
      "yLegacy": null,
      "edited": "2024-01-13T01:46:32Z",
      "playerName": "Miller",
      "isTargetScoreLastPeriod": false,
      "qualifiers": [
        "startperiod"
      ],
      "clock": "PT12M00.00S",
      "actionType": "substitution",
      "scoreHome": "28",
      "periodType": "REGULAR",
      "teamId": 1610612766,
      "actionNumber": 210,
      "x": null,
      "y": null,
      "subType": "in",
      "personId": 1641706,
      "xLegacy": null,
      "scoreAway": "22"
    },
    {
      "period": 2,
      "side": null,
      "orderNumber": 2060000,
      "yLegacy": null,
      "isFieldGoal": 0,
      "edited": "2024-01-13T01:46:37Z",
      "isTargetScoreLastPeriod": false,
      "possession": 1610612766,
      "qualifiers": [],
      "description": "Period Start",
      "clock": "PT12M00.00S",
      "personIdsFilter": [],
      "actionType": "period",
      "scoreHome": "28",
      "periodType": "REGULAR",
      "actionNumber": 211,
      "x": null,
      "timeActual": "2024-01-13T01:46:37.6Z",
      "y": null,
      "subType": "start",
      "personId": 0,
      "xLegacy": null,
      "scoreAway": "22"
    },
    {
      "playerNameI": "B. Miller",
      "orderNumber": 2080000,
      "isFieldGoal": 1,
      "shotResult": "Missed",
      "possession": 1610612766,
      "teamTricode": "CHA",
      "description": "MISS B. Miller 13' pullup Shot",
      "descriptor": "pullup",
      "personIdsFilter": [
        1641706
      ],
      "areaDetail": "8-16 Center",
      "shotDistance": 13.88,
      "timeActual": "2024-01-13T01:47:08.2Z",
      "area": "In The Paint (Non-RA)",
      "period": 2,
      "side": "right",
      "yLegacy": 132,
      "edited": "2024-01-13T01:47:14Z",
      "playerName": "Miller",
      "isTargetScoreLastPeriod": false,
      "qualifiers": [
        "pointsinthepaint"
      ],
      "clock": "PT11M42.00S",
      "actionType": "2pt",
      "scoreHome": "28",
      "periodType": "REGULAR",
      "teamId": 1610612766,
      "actionNumber": 213,
      "x": 80.3712220762155,
      "y": 58.57843137254902,
      "subType": "Jump Shot",
      "personId": 1641706,
      "xLegacy": 43,
      "scoreAway": "22"
    },
    {
      "playerNameI": "N. Richards",
      "orderNumber": 2090000,
      "isFieldGoal": 0,
      "possession": 1610612766,
      "teamTricode": "CHA",
      "description": "N. Richards REBOUND (Off:2 Def:2)",
      "personIdsFilter": [
        1630208
      ],
      "areaDetail": "8-16 Center",
      "reboundDefensiveTotal": 2,
      "timeActual": "2024-01-13T01:47:13.2Z",
      "shotActionNumber": 213,
      "area": "In The Paint (Non-RA)",
      "reboundOffensiveTotal": 2,
      "period": 2,
      "side": null,
      "yLegacy": null,
      "edited": "2024-01-13T01:47:14Z",
      "playerName": "Richards",
      "isTargetScoreLastPeriod": false,
      "qualifiers": [],
      "clock": "PT11M37.00S",
      "actionType": "rebound",
      "scoreHome": "28",
      "periodType": "REGULAR",
      "reboundTotal": 4,
      "teamId": 1610612766,
      "actionNumber": 214,
      "x": null,
      "y": null,
      "subType": "offensive",
      "personId": 1630208,
      "xLegacy": null,
      "scoreAway": "22"
    },
    {
      "playerNameI": "N. Richards",
      "orderNumber": 2100000,
      "isFieldGoal": 1,
      "shotResult": "Missed",
      "possession": 1610612766,
      "teamTricode": "CHA",
      "description": "MISS N. Richards tip Layup",
      "descriptor": "tip",
      "personIdsFilter": [
        1630208
      ],
      "areaDetail": "0-8 Center",
      "shotDistance": 0,
      "timeActual": "2024-01-13T01:47:13.2Z",
      "area": "Restricted Area",
      "period": 2,
      "side": "right",
      "yLegacy": 0,
      "edited": "2024-01-13T01:47:19Z",
      "playerName": "Richards",
      "isTargetScoreLastPeriod": false,
      "qualifiers": [
        "2ndchance",
        "pointsinthepaint"
      ],
      "clock": "PT11M37.00S",
      "actionType": "2pt",
      "scoreHome": "28",
      "periodType": "REGULAR",
      "teamId": 1610612766,
      "actionNumber": 215,
      "x": 94.40999984741211,
      "y": 50,
      "subType": "Layup",
      "personId": 1630208,
      "xLegacy": 0,
      "scoreAway": "22"
    },
    {
      "playerNameI": "D. McDermott",
      "orderNumber": 2110000,
      "isFieldGoal": 0,
      "possession": 1610612759,
      "teamTricode": "SAS",
      "description": "D. McDermott REBOUND (Off:0 Def:1)",
      "personIdsFilter": [
        203926
      ],
      "areaDetail": "0-8 Center",
      "reboundDefensiveTotal": 1,
      "timeActual": "2024-01-13T01:47:13.2Z",
      "shotActionNumber": 215,
      "area": "Restricted Area",
      "reboundOffensiveTotal": 0,
      "period": 2,
      "side": null,
      "yLegacy": null,
      "edited": "2024-01-13T01:47:19Z",
      "playerName": "McDermott",
      "isTargetScoreLastPeriod": false,
      "qualifiers": [],
      "clock": "PT11M37.00S",
      "actionType": "rebound",
      "scoreHome": "28",
      "periodType": "REGULAR",
      "reboundTotal": 1,
      "teamId": 1610612759,
      "actionNumber": 216,
      "x": null,
      "y": null,
      "subType": "defensive",
      "personId": 203926,
      "xLegacy": null,
      "scoreAway": "22"
    },
    {
      "officialId": 1628159,
      "playerNameI": "K. Johnson",
      "orderNumber": 2120000,
      "isFieldGoal": 0,
      "possession": 1610612759,
      "teamTricode": "SAS",
      "description": "K. Johnson bad pass out-of-bounds TURNOVER (2 TO)",
      "descriptor": "bad pass",
      "personIdsFilter": [
        1629640
      ],
      "areaDetail": "8-16 Right",
      "timeActual": "2024-01-13T01:47:18.9Z",
      "area": "Mid-Range",
      "period": 2,
      "side": null,
      "yLegacy": null,
      "edited": "2024-01-13T01:47:42Z",
      "playerName": "Johnson",
      "isTargetScoreLastPeriod": false,
      "qualifiers": [],
      "clock": "PT11M35.00S",
      "turnoverTotal": 2,
      "actionType": "turnover",
      "scoreHome": "28",
      "periodType": "REGULAR",
      "teamId": 1610612759,
      "actionNumber": 217,
      "x": null,
      "y": null,
      "subType": "out-of-bounds",
      "personId": 1629640,
      "xLegacy": null,
      "scoreAway": "22"
    },
    {
      "playerNameI": "J. Thor",
      "orderNumber": 2130000,
      "isFieldGoal": 1,
      "shotResult": "Missed",
      "possession": 1610612766,
      "teamTricode": "CHA",
      "description": "MISS J. Thor 26' 3PT",
      "personIdsFilter": [
        1630550
      ],
      "areaDetail": "24+ Center",
      "shotDistance": 26.46,
      "timeActual": "2024-01-13T01:47:36.8Z",
      "area": "Above the Break 3",
      "period": 2,
      "side": "right",
      "yLegacy": 258,
      "edited": "2024-01-13T01:47:45Z",
      "playerName": "Thor",
      "isTargetScoreLastPeriod": false,
      "qualifiers": [
        "fromturnover"
      ],
      "clock": "PT11M26.00S",
      "actionType": "3pt",
      "scoreHome": "28",
      "periodType": "REGULAR",
      "teamId": 1610612766,
      "actionNumber": 218,
      "x": 66.96780551905388,
      "y": 38.23529411764706,
      "subType": "Jump Shot",
      "personId": 1630550,
      "xLegacy": -59,
      "scoreAway": "22"
    },
    {
      "playerNameI": "N. Richards",
      "orderNumber": 2140000,
      "isFieldGoal": 0,
      "possession": 1610612766,
      "teamTricode": "CHA",
      "description": "N. Richards REBOUND (Off:3 Def:2)",
      "personIdsFilter": [
        1630208
      ],
      "areaDetail": "24+ Center",
      "reboundDefensiveTotal": 2,
      "timeActual": "2024-01-13T01:47:43.5Z",
      "shotActionNumber": 218,
      "area": "Above the Break 3",
      "reboundOffensiveTotal": 3,
      "period": 2,
      "side": null,
      "yLegacy": null,
      "edited": "2024-01-13T01:47:43Z",
      "playerName": "Richards",
      "isTargetScoreLastPeriod": false,
      "qualifiers": [],
      "clock": "PT11M20.00S",
      "actionType": "rebound",
      "scoreHome": "28",
      "periodType": "REGULAR",
      "reboundTotal": 5,
      "teamId": 1610612766,
      "actionNumber": 219,
      "x": null,
      "y": null,
      "subType": "offensive",
      "personId": 1630208,
      "xLegacy": null,
      "scoreAway": "22"
    },
    {
      "playerNameI": "N. Richards",
      "orderNumber": 2150000,
      "isFieldGoal": 1,
      "shotResult": "Missed",
      "possession": 1610612766,
      "teamTricode": "CHA",
      "description": "MISS N. Richards putback Layup - blocked",
      "descriptor": "putback",
      "personIdsFilter": [
        1630208,
        1641705
      ],
      "areaDetail": "0-8 Center",
      "shotDistance": 0,
      "timeActual": "2024-01-13T01:47:43.5Z",
      "blockPlayerName": "Wembanyama",
      "area": "Restricted Area",
      "period": 2,
      "side": "right",
      "yLegacy": 0,
      "edited": "2024-01-13T01:47:48Z",
      "playerName": "Richards",
      "isTargetScoreLastPeriod": false,
      "qualifiers": [
        "2ndchance",
        "pointsinthepaint",
        "fromturnover"
      ],
      "clock": "PT11M20.00S",
      "actionType": "2pt",
      "scoreHome": "28",
      "periodType": "REGULAR",
      "blockPersonId": 1641705,
      "teamId": 1610612766,
      "actionNumber": 220,
      "x": 94.40999984741211,
      "y": 50,
      "subType": "Layup",
      "personId": 1630208,
      "xLegacy": 0,
      "scoreAway": "22"
    },
    {
      "playerNameI": "V. Wembanyama",
      "orderNumber": 2160000,
      "isFieldGoal": 0,
      "possession": 1610612766,
      "teamTricode": "SAS",
      "description": "V. Wembanyama BLOCK (1 BLK)",
      "personIdsFilter": [
        1641705
      ],
      "areaDetail": "0-8 Center",
      "timeActual": "2024-01-13T01:47:43.5Z",
      "area": "Restricted Area",
      "period": 2,
      "side": null,
      "yLegacy": null,
      "edited": "2024-01-13T01:47:46Z",
      "playerName": "Wembanyama",
      "isTargetScoreLastPeriod": false,
      "qualifiers": [],
      "clock": "PT11M20.00S",
      "actionType": "block",
      "scoreHome": "28",
      "periodType": "REGULAR",
      "teamId": 1610612759,
      "actionNumber": 221,
      "x": null,
      "y": null,
      "personId": 1641705,
      "subType": "",
      "xLegacy": null,
      "scoreAway": "22"
    },
    {
      "playerNameI": "V. Wembanyama",
      "orderNumber": 2170000,
      "isFieldGoal": 0,
      "possession": 1610612759,
      "teamTricode": "SAS",
      "description": "V. Wembanyama REBOUND (Off:0 Def:4)",
      "personIdsFilter": [
        1641705
      ],
      "areaDetail": "0-8 Center",
      "reboundDefensiveTotal": 4,
      "timeActual": "2024-01-13T01:47:43.5Z",
      "shotActionNumber": 220,
      "area": "Restricted Area",
      "reboundOffensiveTotal": 0,
      "period": 2,
      "side": null,
      "yLegacy": null,
      "edited": "2024-01-13T01:47:48Z",
      "playerName": "Wembanyama",
      "isTargetScoreLastPeriod": false,
      "qualifiers": [],
      "clock": "PT11M20.00S",
      "actionType": "rebound",
      "scoreHome": "28",
      "periodType": "REGULAR",
      "reboundTotal": 4,
      "teamId": 1610612759,
      "actionNumber": 222,
      "x": null,
      "y": null,
      "subType": "defensive",
      "personId": 1641705,
      "xLegacy": null,
      "scoreAway": "22"
    },
    {
      "officialId": 1627962,
      "foulTechnicalTotal": 0,
      "playerNameI": "N. Richards",
      "orderNumber": 2180000,
      "isFieldGoal": 0,
      "foulDrawnPlayerName": "Wembanyama",
      "possession": 1610612759,
      "teamTricode": "CHA",
      "foulPersonalTotal": 2,
      "description": "N. Richards shooting personal FOUL (2 PF) (Wembanyama 2 FT)",
      "descriptor": "shooting",
      "personIdsFilter": [
        1630208,
        1641705
      ],
      "areaDetail": "0-8 Center",
      "timeActual": "2024-01-13T01:48:01.6Z",
      "area": "In The Paint (Non-RA)",
      "period": 2,
      "side": null,
      "yLegacy": null,
      "edited": "2024-01-13T01:48:16Z",
      "playerName": "Richards",
      "isTargetScoreLastPeriod": false,
      "qualifiers": [
        "2freethrow"
      ],
      "clock": "PT11M04.00S",
      "actionType": "foul",
      "scoreHome": "28",
      "periodType": "REGULAR",
      "teamId": 1610612766,
      "actionNumber": 223,
      "x": null,
      "y": null,
      "subType": "personal",
      "personId": 1630208,
      "xLegacy": null,
      "scoreAway": "22",
      "foulDrawnPersonId": 1641705
    },
    {
      "officialId": 202049,
      "orderNumber": 2200000,
      "isFieldGoal": 0,
      "possession": 1610612759,
      "teamTricode": "CHA",
      "description": "TEAM delay-of-game VIOLATION",
      "personIdsFilter": [],
      "timeActual": "2024-01-13T01:48:21.3Z",
      "period": 2,
      "side": null,
      "yLegacy": null,
      "edited": "2024-01-13T01:48:28Z",
      "isTargetScoreLastPeriod": false,
      "qualifiers": [
        "team"
      ],
      "clock": "PT11M04.00S",
      "actionType": "violation",
      "scoreHome": "28",
      "periodType": "REGULAR",
      "teamId": 1610612766,
      "actionNumber": 225,
      "x": null,
      "y": null,
      "subType": "delay-of-game",
      "personId": 0,
      "xLegacy": null,
      "scoreAway": "22"
    },
    {
      "playerNameI": "V. Wembanyama",
      "orderNumber": 2210000,
      "isFieldGoal": 0,
      "shotResult": "Made",
      "possession": 1610612759,
      "teamTricode": "SAS",
      "description": "V. Wembanyama Free Throw 1 of 2 (3 PTS)",
      "personIdsFilter": [
        1641705
      ],
      "timeActual": "2024-01-13T01:48:42.0Z",
      "period": 2,
      "side": null,
      "yLegacy": null,
      "edited": "2024-01-13T01:48:42Z",
      "playerName": "Wembanyama",
      "isTargetScoreLastPeriod": false,
      "qualifiers": [],
      "clock": "PT11M04.00S",
      "actionType": "freethrow",
      "scoreHome": "29",
      "periodType": "REGULAR",
      "teamId": 1610612759,
      "actionNumber": 226,
      "x": null,
      "y": null,
      "subType": "1 of 2",
      "personId": 1641705,
      "xLegacy": null,
      "scoreAway": "22",
      "pointsTotal": 3
    },
    {
      "playerNameI": "V. Wembanyama",
      "orderNumber": 2220000,
      "isFieldGoal": 0,
      "shotResult": "Made",
      "possession": 1610612759,
      "teamTricode": "SAS",
      "description": "V. Wembanyama Free Throw 2 of 2 (4 PTS)",
      "personIdsFilter": [
        1641705
      ],
      "timeActual": "2024-01-13T01:49:00.5Z",
      "period": 2,
      "side": null,
      "yLegacy": null,
      "edited": "2024-01-13T01:49:00Z",
      "playerName": "Wembanyama",
      "isTargetScoreLastPeriod": false,
      "qualifiers": [],
      "clock": "PT11M04.00S",
      "actionType": "freethrow",
      "scoreHome": "30",
      "periodType": "REGULAR",
      "teamId": 1610612759,
      "actionNumber": 227,
      "x": null,
      "y": null,
      "subType": "2 of 2",
      "personId": 1641705,
      "xLegacy": null,
      "scoreAway": "22",
      "pointsTotal": 4
    },
    {
      "playerNameI": "J. Thor",
      "orderNumber": 2230000,
      "isFieldGoal": 1,
      "shotResult": "Made",
      "possession": 1610612766,
      "teamTricode": "CHA",
      "description": "J. Thor 26' 3PT  (3 PTS) (L. Ball 2 AST)",
      "personIdsFilter": [
        1630550,
        1630163
      ],
      "areaDetail": "24+ Left Center",
      "shotDistance": 26.61,
      "timeActual": "2024-01-13T01:49:16.4Z",
      "assistPersonId": 1630163,
      "area": "Above the Break 3",
      "period": 2,
      "side": "right",
      "yLegacy": 223,
      "edited": "2024-01-13T01:49:21Z",
      "playerName": "Thor",
      "isTargetScoreLastPeriod": false,
      "qualifiers": [],
      "assistTotal": 2,
      "clock": "PT10M50.00S",
      "actionType": "3pt",
      "scoreHome": "30",
      "periodType": "REGULAR",
      "teamId": 1610612766,
      "actionNumber": 228,
      "x": 70.64717477003943,
      "y": 21.07843137254902,
      "subType": "Jump Shot",
      "personId": 1630550,
      "xLegacy": -145,
      "scoreAway": "25",
      "pointsTotal": 3,
      "assistPlayerNameInitial": "L. Ball"
    },
    {
      "playerNameI": "V. Wembanyama",
      "orderNumber": 2250000,
      "isFieldGoal": 0,
      "possession": 1610612759,
      "teamTricode": "SAS",
      "description": "V. Wembanyama lost ball TURNOVER (3 TO)",
      "personIdsFilter": [
        1641705,
        1641706
      ],
      "areaDetail": "0-8 Center",
      "timeActual": "2024-01-13T01:49:38.7Z",
      "area": "In The Paint (Non-RA)",
      "period": 2,
      "side": null,
      "yLegacy": null,
      "edited": "2024-01-13T01:49:49Z",
      "playerName": "Wembanyama",
      "isTargetScoreLastPeriod": false,
      "qualifiers": [],
      "clock": "PT10M27.00S",
      "turnoverTotal": 3,
      "actionType": "turnover",
      "scoreHome": "30",
      "periodType": "REGULAR",
      "stealPersonId": 1641706,
      "teamId": 1610612759,
      "actionNumber": 230,
      "x": null,
      "y": null,
      "subType": "lost ball",
      "personId": 1641705,
      "xLegacy": null,
      "scoreAway": "25",
      "stealPlayerName": "Miller"
    },
    {
      "playerNameI": "B. Miller",
      "orderNumber": 2260000,
      "isFieldGoal": 0,
      "possession": 1610612766,
      "teamTricode": "CHA",
      "description": "B. Miller STEAL (1 STL)",
      "personIdsFilter": [
        1641706
      ],
      "areaDetail": "0-8 Center",
      "timeActual": "2024-01-13T01:49:38.7Z",
      "area": "In The Paint (Non-RA)",
      "period": 2,
      "side": null,
      "yLegacy": null,
      "edited": "2024-01-13T01:49:40Z",
      "playerName": "Miller",
      "isTargetScoreLastPeriod": false,
      "qualifiers": [],
      "clock": "PT10M27.00S",
      "actionType": "steal",
      "scoreHome": "30",
      "periodType": "REGULAR",
      "teamId": 1610612766,
      "actionNumber": 231,
      "x": null,
      "y": null,
      "personId": 1641706,
      "subType": "",
      "xLegacy": null,
      "scoreAway": "25"
    },
    {
      "officialId": 1627962,
      "foulTechnicalTotal": 0,
      "playerNameI": "K. Johnson",
      "orderNumber": 2270000,
      "isFieldGoal": 0,
      "foulDrawnPlayerName": "Miller",
      "possession": 1610612766,
      "teamTricode": "SAS",
      "foulPersonalTotal": 2,
      "description": "K. Johnson flagrant-type-1 personal FOUL (2 PF) (Miller 2 FT)",
      "descriptor": "flagrant-type-1",
      "personIdsFilter": [
        1629640,
        1641706
      ],
      "areaDetail": "0-8 Center",
      "timeActual": "2024-01-13T01:49:42.3Z",
      "area": "Restricted Area",
      "period": 2,
      "side": null,
      "yLegacy": null,
      "edited": "2024-01-13T01:55:01Z",
      "playerName": "Johnson",
      "isTargetScoreLastPeriod": false,
      "qualifiers": [
        "2freethrow"
      ],
      "clock": "PT10M25.00S",
      "actionType": "foul",
      "scoreHome": "30",
      "periodType": "REGULAR",
      "teamId": 1610612759,
      "actionNumber": 232,
      "x": null,
      "y": null,
      "subType": "personal",
      "personId": 1629640,
      "xLegacy": null,
      "scoreAway": "25",
      "foulDrawnPersonId": 1641706
    },
    {
      "playerNameI": "B. Miller",
      "orderNumber": 2300000,
      "isFieldGoal": 0,
      "possession": 1610612766,
      "teamTricode": "CHA",
      "description": "SUB out: B. Miller",
      "personIdsFilter": [
        1641706
      ],
      "timeActual": "2024-01-13T01:54:59.0Z",
      "period": 2,
      "side": null,
      "yLegacy": null,
      "edited": "2024-01-13T01:55:17Z",
      "playerName": "Miller",
      "isTargetScoreLastPeriod": false,
      "qualifiers": [],
      "clock": "PT10M25.00S",
      "actionType": "substitution",
      "scoreHome": "30",
      "periodType": "REGULAR",
      "teamId": 1610612766,
      "actionNumber": 235,
      "x": null,
      "y": null,
      "subType": "out",
      "personId": 1641706,
      "xLegacy": null,
      "scoreAway": "25"
    },
    {
      "playerNameI": "T. Rozier",
      "orderNumber": 2310000,
      "isFieldGoal": 0,
      "possession": 1610612766,
      "teamTricode": "CHA",
      "description": "SUB in: T. Rozier",
      "personIdsFilter": [
        1626179
      ],
      "timeActual": "2024-01-13T01:54:59.0Z",
      "period": 2,
      "side": null,
      "yLegacy": null,
      "edited": "2024-01-13T01:55:17Z",
      "playerName": "Rozier",
      "isTargetScoreLastPeriod": false,
      "qualifiers": [],
      "clock": "PT10M25.00S",
      "actionType": "substitution",
      "scoreHome": "30",
      "periodType": "REGULAR",
      "teamId": 1610612766,
      "actionNumber": 236,
      "x": null,
      "y": null,
      "subType": "in",
      "personId": 1626179,
      "xLegacy": null,
      "scoreAway": "25"
    },
    {
      "playerNameI": "L. Ball",
      "orderNumber": 2320000,
      "isFieldGoal": 0,
      "shotResult": "Made",
      "possession": 1610612766,
      "teamTricode": "CHA",
      "description": "L. Ball flagrant Free Throw 1 of 2 (12 PTS)",
      "descriptor": "flagrant",
      "personIdsFilter": [
        1630163
      ],
      "timeActual": "2024-01-13T01:55:18.5Z",
      "period": 2,
      "side": null,
      "yLegacy": null,
      "edited": "2024-01-13T01:58:28Z",
      "playerName": "Ball",
      "isTargetScoreLastPeriod": false,
      "qualifiers": [
        "fromturnover"
      ],
      "clock": "PT10M25.00S",
      "actionType": "freethrow",
      "scoreHome": "30",
      "periodType": "REGULAR",
      "teamId": 1610612766,
      "actionNumber": 237,
      "x": null,
      "y": null,
      "subType": "1 of 2",
      "personId": 1630163,
      "xLegacy": null,
      "scoreAway": "26",
      "pointsTotal": 12
    },
    {
      "playerNameI": "L. Ball",
      "orderNumber": 2330000,
      "isFieldGoal": 0,
      "shotResult": "Made",
      "possession": 1610612766,
      "teamTricode": "CHA",
      "description": "L. Ball flagrant Free Throw 2 of 2 (13 PTS)",
      "descriptor": "flagrant",
      "personIdsFilter": [
        1630163
      ],
      "timeActual": "2024-01-13T01:55:18.5Z",
      "period": 2,
      "side": null,
      "yLegacy": null,
      "edited": "2024-01-13T01:58:28Z",
      "playerName": "Ball",
      "isTargetScoreLastPeriod": false,
      "qualifiers": [
        "fromturnover"
      ],
      "clock": "PT10M25.00S",
      "actionType": "freethrow",
      "scoreHome": "30",
      "periodType": "REGULAR",
      "teamId": 1610612766,
      "actionNumber": 238,
      "x": null,
      "y": null,
      "subType": "2 of 2",
      "personId": 1630163,
      "xLegacy": null,
      "scoreAway": "27",
      "pointsTotal": 13
    },
    {
      "playerNameI": "L. Ball",
      "orderNumber": 2340000,
      "isFieldGoal": 1,
      "shotResult": "Missed",
      "possession": 1610612766,
      "teamTricode": "CHA",
      "description": "MISS L. Ball 26' pullup 3PT",
      "descriptor": "pullup",
      "personIdsFilter": [
        1630163
      ],
      "areaDetail": "24+ Right Center",
      "shotDistance": 26.97,
      "timeActual": "2024-01-13T01:55:54.6Z",
      "area": "Above the Break 3",
      "period": 2,
      "side": "right",
      "yLegacy": 196,
      "edited": "2024-01-13T01:57:02Z",
      "playerName": "Ball",
      "isTargetScoreLastPeriod": false,
      "qualifiers": [
        "fromturnover"
      ],
      "clock": "PT10M12.00S",
      "actionType": "3pt",
      "scoreHome": "30",
      "periodType": "REGULAR",
      "teamId": 1610612766,
      "actionNumber": 239,
      "x": 73.53810775295663,
      "y": 87.00980392156863,
      "subType": "Jump Shot",
      "personId": 1630163,
      "xLegacy": 185,
      "scoreAway": "27"
    },
    {
      "playerNameI": "V. Wembanyama",
      "orderNumber": 2350000,
      "isFieldGoal": 0,
      "possession": 1610612759,
      "teamTricode": "SAS",
      "description": "V. Wembanyama REBOUND (Off:0 Def:5)",
      "personIdsFilter": [
        1641705
      ],
      "areaDetail": "24+ Right Center",
      "reboundDefensiveTotal": 5,
      "timeActual": "2024-01-13T01:55:57.2Z",
      "shotActionNumber": 239,
      "area": "Above the Break 3",
      "reboundOffensiveTotal": 0,
      "period": 2,
      "side": null,
      "yLegacy": null,
      "edited": "2024-01-13T01:55:57Z",
      "playerName": "Wembanyama",
      "isTargetScoreLastPeriod": false,
      "qualifiers": [],
      "clock": "PT10M09.00S",
      "actionType": "rebound",
      "scoreHome": "30",
      "periodType": "REGULAR",
      "reboundTotal": 5,
      "teamId": 1610612759,
      "actionNumber": 240,
      "x": null,
      "y": null,
      "subType": "defensive",
      "personId": 1641705,
      "xLegacy": null,
      "scoreAway": "27"
    },
    {
      "playerNameI": "V. Wembanyama",
      "orderNumber": 2360000,
      "isFieldGoal": 1,
      "shotResult": "Missed",
      "possession": 1610612759,
      "teamTricode": "SAS",
      "description": "MISS V. Wembanyama Layup",
      "personIdsFilter": [
        1641705
      ],
      "areaDetail": "0-8 Center",
      "shotDistance": 2.63,
      "timeActual": "2024-01-13T01:56:08.2Z",
      "area": "Restricted Area",
      "period": 2,
      "side": "left",
      "yLegacy": 25,
      "edited": "2024-01-13T01:58:54Z",
      "playerName": "Wembanyama",
      "isTargetScoreLastPeriod": false,
      "qualifiers": [
        "pointsinthepaint"
      ],
      "clock": "PT10M02.00S",
      "actionType": "2pt",
      "scoreHome": "30",
      "periodType": "REGULAR",
      "teamId": 1610612759,
      "actionNumber": 241,
      "x": 8.229303547963205,
      "y": 48.28431372549019,
      "subType": "Layup",
      "personId": 1641705,
      "xLegacy": 9,
      "scoreAway": "27"
    },
    {
      "playerNameI": "V. Wembanyama",
      "orderNumber": 2370000,
      "isFieldGoal": 0,
      "possession": 1610612759,
      "teamTricode": "SAS",
      "description": "V. Wembanyama REBOUND (Off:1 Def:5)",
      "personIdsFilter": [
        1641705
      ],
      "areaDetail": "0-8 Center",
      "reboundDefensiveTotal": 5,
      "timeActual": "2024-01-13T01:56:10.2Z",
      "shotActionNumber": 241,
      "area": "Restricted Area",
      "reboundOffensiveTotal": 1,
      "period": 2,
      "side": null,
      "yLegacy": null,
      "edited": "2024-01-13T01:58:54Z",
      "playerName": "Wembanyama",
      "isTargetScoreLastPeriod": false,
      "qualifiers": [],
      "clock": "PT10M00.00S",
      "actionType": "rebound",
      "scoreHome": "30",
      "periodType": "REGULAR",
      "reboundTotal": 6,
      "teamId": 1610612759,
      "actionNumber": 242,
      "x": null,
      "y": null,
      "subType": "offensive",
      "personId": 1641705,
      "xLegacy": null,
      "scoreAway": "27"
    },
    {
      "playerNameI": "V. Wembanyama",
      "orderNumber": 2380000,
      "isFieldGoal": 1,
      "shotResult": "Missed",
      "possession": 1610612759,
      "teamTricode": "SAS",
      "description": "MISS V. Wembanyama tip Layup",
      "descriptor": "tip",
      "personIdsFilter": [
        1641705
      ],
      "areaDetail": "0-8 Center",
      "shotDistance": 0,
      "timeActual": "2024-01-13T01:56:13.8Z",
      "area": "Restricted Area",
      "period": 2,
      "side": "left",
      "yLegacy": 0,
      "edited": "2024-01-13T01:59:51Z",
      "playerName": "Wembanyama",
      "isTargetScoreLastPeriod": false,
      "qualifiers": [
        "2ndchance",
        "pointsinthepaint"
      ],
      "clock": "PT10M00.00S",
      "actionType": "2pt",
      "scoreHome": "30",
      "periodType": "REGULAR",
      "teamId": 1610612759,
      "actionNumber": 243,
      "x": 5.590000152587891,
      "y": 50,
      "subType": "Layup",
      "personId": 1641705,
      "xLegacy": 0,
      "scoreAway": "27"
    },
    {
      "playerNameI": "V. Wembanyama",
      "orderNumber": 2390000,
      "isFieldGoal": 0,
      "possession": 1610612759,
      "teamTricode": "SAS",
      "description": "V. Wembanyama REBOUND (Off:2 Def:5)",
      "personIdsFilter": [
        1641705
      ],
      "areaDetail": "0-8 Center",
      "reboundDefensiveTotal": 5,
      "timeActual": "2024-01-13T01:56:15.8Z",
      "shotActionNumber": 243,
      "area": "Restricted Area",
      "reboundOffensiveTotal": 2,
      "period": 2,
      "side": null,
      "yLegacy": null,
      "edited": "2024-01-13T01:59:51Z",
      "playerName": "Wembanyama",
      "isTargetScoreLastPeriod": false,
      "qualifiers": [],
      "clock": "PT09M58.00S",
      "actionType": "rebound",
      "scoreHome": "30",
      "periodType": "REGULAR",
      "reboundTotal": 7,
      "teamId": 1610612759,
      "actionNumber": 244,
      "x": null,
      "y": null,
      "subType": "offensive",
      "personId": 1641705,
      "xLegacy": null,
      "scoreAway": "27"
    },
    {
      "playerNameI": "V. Wembanyama",
      "orderNumber": 2400000,
      "isFieldGoal": 1,
      "shotResult": "Made",
      "possession": 1610612759,
      "teamTricode": "SAS",
      "description": "V. Wembanyama tip DUNK (6 PTS)",
      "descriptor": "tip",
      "personIdsFilter": [
        1641705
      ],
      "areaDetail": "0-8 Center",
      "shotDistance": 0,
      "timeActual": "2024-01-13T01:56:15.5Z",
      "area": "Restricted Area",
      "period": 2,
      "side": "left",
      "yLegacy": 0,
      "edited": "2024-01-13T02:00:12Z",
      "playerName": "Wembanyama",
      "isTargetScoreLastPeriod": false,
      "qualifiers": [
        "2ndchance",
        "pointsinthepaint"
      ],
      "clock": "PT09M58.00S",
      "actionType": "2pt",
      "scoreHome": "32",
      "periodType": "REGULAR",
      "teamId": 1610612759,
      "actionNumber": 245,
      "x": 5.590000152587891,
      "y": 50,
      "subType": "DUNK",
      "personId": 1641705,
      "xLegacy": 0,
      "scoreAway": "27",
      "pointsTotal": 6
    },
    {
      "playerNameI": "T. Rozier",
      "orderNumber": 2410000,
      "isFieldGoal": 1,
      "shotResult": "Missed",
      "possession": 1610612766,
      "teamTricode": "CHA",
      "description": "MISS T. Rozier driving floating bank Shot",
      "descriptor": "driving floating bank",
      "personIdsFilter": [
        1626179
      ],
      "areaDetail": "0-8 Center",
      "shotDistance": 3.55,
      "timeActual": "2024-01-13T01:56:22.6Z",
      "area": "Restricted Area",
      "period": 2,
      "side": "right",
      "yLegacy": 25,
      "edited": "2024-01-13T02:00:43Z",
      "playerName": "Rozier",
      "isTargetScoreLastPeriod": false,
      "qualifiers": [
        "pointsinthepaint"
      ],
      "clock": "PT09M43.00S",
      "actionType": "2pt",
      "scoreHome": "32",
      "periodType": "REGULAR",
      "teamId": 1610612766,
      "actionNumber": 246,
      "x": 91.80354796320631,
      "y": 44.85294117647059,
      "subType": "Jump Shot",
      "personId": 1626179,
      "xLegacy": -26,
      "scoreAway": "27"
    },
    {
      "playerNameI": "T. Jones",
      "orderNumber": 2420000,
      "isFieldGoal": 0,
      "possession": 1610612759,
      "teamTricode": "SAS",
      "description": "T. Jones REBOUND (Off:0 Def:2)",
      "personIdsFilter": [
        1630200
      ],
      "areaDetail": "0-8 Center",
      "reboundDefensiveTotal": 2,
      "timeActual": "2024-01-13T01:56:24.6Z",
      "shotActionNumber": 246,
      "area": "Restricted Area",
      "reboundOffensiveTotal": 0,
      "period": 2,
      "side": null,
      "yLegacy": null,
      "edited": "2024-01-13T01:56:32Z",
      "playerName": "Jones",
      "isTargetScoreLastPeriod": false,
      "qualifiers": [],
      "clock": "PT09M41.00S",
      "actionType": "rebound",
      "scoreHome": "32",
      "periodType": "REGULAR",
      "reboundTotal": 2,
      "teamId": 1610612759,
      "actionNumber": 247,
      "x": null,
      "y": null,
      "subType": "defensive",
      "personId": 1630200,
      "xLegacy": null,
      "scoreAway": "27"
    },
    {
      "playerNameI": "M. Branham",
      "orderNumber": 2430000,
      "isFieldGoal": 1,
      "shotResult": "Made",
      "possession": 1610612759,
      "teamTricode": "SAS",
      "description": "M. Branham 25' 3PT running (8 PTS) (T. Jones 1 AST)",
      "descriptor": "running",
      "personIdsFilter": [
        1631103,
        1630200
      ],
      "areaDetail": "24+ Left Center",
      "shotDistance": 25.74,
      "timeActual": "2024-01-13T01:56:28.1Z",
      "assistPersonId": 1630200,
      "area": "Above the Break 3",
      "period": 2,
      "side": "left",
      "yLegacy": 146,
      "edited": "2024-01-13T02:00:59Z",
      "playerName": "Branham",
      "isTargetScoreLastPeriod": false,
      "qualifiers": [
        "fastbreak"
      ],
      "assistTotal": 1,
      "clock": "PT09M38.00S",
      "actionType": "3pt",
      "scoreHome": "35",
      "periodType": "REGULAR",
      "teamId": 1610612759,
      "actionNumber": 248,
      "x": 21.107095926412615,
      "y": 92.40196078431373,
      "subType": "Jump Shot",
      "personId": 1631103,
      "xLegacy": -212,
      "scoreAway": "27",
      "pointsTotal": 8,
      "assistPlayerNameInitial": "T. Jones"
    },
    {
      "playerNameI": "N. Richards",
      "orderNumber": 2450000,
      "isFieldGoal": 1,
      "shotResult": "Missed",
      "possession": 1610612766,
      "teamTricode": "CHA",
      "description": "MISS N. Richards DUNK - blocked",
      "personIdsFilter": [
        1630208,
        1641705
      ],
      "areaDetail": "0-8 Center",
      "shotDistance": 1.66,
      "timeActual": "2024-01-13T01:56:45.8Z",
      "blockPlayerName": "Wembanyama",
      "area": "Restricted Area",
      "period": 2,
      "side": "right",
      "yLegacy": 13,
      "edited": "2024-01-13T01:56:54Z",
      "playerName": "Richards",
      "isTargetScoreLastPeriod": false,
      "qualifiers": [
        "pointsinthepaint"
      ],
      "clock": "PT09M20.00S",
      "actionType": "2pt",
      "scoreHome": "35",
      "periodType": "REGULAR",
      "blockPersonId": 1641705,
      "teamId": 1610612766,
      "actionNumber": 250,
      "x": 92.9862023653088,
      "y": 48.03921568627451,
      "subType": "DUNK",
      "personId": 1630208,
      "xLegacy": -10,
      "scoreAway": "27"
    },
    {
      "playerNameI": "V. Wembanyama",
      "orderNumber": 2460000,
      "isFieldGoal": 0,
      "possession": 1610612766,
      "teamTricode": "SAS",
      "description": "V. Wembanyama BLOCK (2 BLK)",
      "personIdsFilter": [
        1641705
      ],
      "areaDetail": "0-8 Center",
      "timeActual": "2024-01-13T01:56:45.8Z",
      "area": "Restricted Area",
      "period": 2,
      "side": null,
      "yLegacy": null,
      "edited": "2024-01-13T01:56:49Z",
      "playerName": "Wembanyama",
      "isTargetScoreLastPeriod": false,
      "qualifiers": [],
      "clock": "PT09M20.00S",
      "actionType": "block",
      "scoreHome": "35",
      "periodType": "REGULAR",
      "teamId": 1610612759,
      "actionNumber": 251,
      "x": null,
      "y": null,
      "personId": 1641705,
      "subType": "",
      "xLegacy": null,
      "scoreAway": "27"
    },
    {
      "playerNameI": "N. Richards",
      "orderNumber": 2470000,
      "isFieldGoal": 0,
      "possession": 1610612766,
      "teamTricode": "CHA",
      "description": "N. Richards REBOUND (Off:4 Def:2)",
      "personIdsFilter": [
        1630208
      ],
      "areaDetail": "0-8 Center",
      "reboundDefensiveTotal": 2,
      "timeActual": "2024-01-13T01:56:51.8Z",
      "shotActionNumber": 250,
      "area": "Restricted Area",
      "reboundOffensiveTotal": 4,
      "period": 2,
      "side": null,
      "yLegacy": null,
      "edited": "2024-01-13T01:56:54Z",
      "playerName": "Richards",
      "isTargetScoreLastPeriod": false,
      "qualifiers": [],
      "clock": "PT09M14.00S",
      "actionType": "rebound",
      "scoreHome": "35",
      "periodType": "REGULAR",
      "reboundTotal": 6,
      "teamId": 1610612766,
      "actionNumber": 252,
      "x": null,
      "y": null,
      "subType": "offensive",
      "personId": 1630208,
      "xLegacy": null,
      "scoreAway": "27"
    },
    {
      "playerNameI": "N. Richards",
      "orderNumber": 2480000,
      "isFieldGoal": 1,
      "shotResult": "Made",
      "possession": 1610612766,
      "teamTricode": "CHA",
      "description": "N. Richards putback DUNK (8 PTS)",
      "descriptor": "putback",
      "personIdsFilter": [
        1630208
      ],
      "areaDetail": "8-16 Left",
      "shotDistance": 0,
      "timeActual": "2024-01-13T01:56:52.2Z",
      "area": "Mid-Range",
      "period": 2,
      "side": "right",
      "yLegacy": 0,
      "edited": "2024-01-13T01:56:52Z",
      "playerName": "Richards",
      "isTargetScoreLastPeriod": false,
      "qualifiers": [
        "pointsinthepaint",
        "2ndchance"
      ],
      "clock": "PT09M14.00S",
      "actionType": "2pt",
      "scoreHome": "35",
      "periodType": "REGULAR",
      "teamId": 1610612766,
      "actionNumber": 253,
      "x": 94.40999984741211,
      "y": 50,
      "subType": "DUNK",
      "personId": 1630208,
      "xLegacy": 0,
      "scoreAway": "29",
      "pointsTotal": 8
    },
    {
      "playerNameI": "V. Wembanyama",
      "orderNumber": 2490000,
      "isFieldGoal": 1,
      "shotResult": "Made",
      "possession": 1610612759,
      "teamTricode": "SAS",
      "description": "V. Wembanyama 24' 3PT  (9 PTS) (M. Branham 1 AST)",
      "personIdsFilter": [
        1641705,
        1631103
      ],
      "areaDetail": "24+ Right",
      "shotDistance": 24.85,
      "timeActual": "2024-01-13T01:56:57.3Z",
      "assistPersonId": 1631103,
      "area": "Right Corner 3",
      "period": 2,
      "side": "left",
      "yLegacy": 68,
      "edited": "2024-01-13T01:57:03Z",
      "playerName": "Wembanyama",
      "isTargetScoreLastPeriod": false,
      "qualifiers": [],
      "assistTotal": 1,
      "clock": "PT09M09.00S",
      "actionType": "3pt",
      "scoreHome": "38",
      "periodType": "REGULAR",
      "teamId": 1610612759,
      "actionNumber": 254,
      "x": 12.828515111695138,
      "y": 2.2058823529411766,
      "subType": "Jump Shot",
      "personId": 1641705,
      "xLegacy": 239,
      "scoreAway": "29",
      "pointsTotal": 9,
      "assistPlayerNameInitial": "M. Branham"
    },
    {
      "playerNameI": "L. Ball",
      "orderNumber": 2510000,
      "isFieldGoal": 1,
      "shotResult": "Made",
      "possession": 1610612766,
      "teamTricode": "CHA",
      "description": "L. Ball 26' 3PT pullup (16 PTS)",
      "descriptor": "pullup",
      "personIdsFilter": [
        1630163
      ],
      "areaDetail": "24+ Left Center",
      "shotDistance": 26.61,
      "timeActual": "2024-01-13T01:57:09.7Z",
      "area": "Above the Break 3",
      "period": 2,
      "side": "right",
      "yLegacy": 159,
      "edited": "2024-01-13T02:02:08Z",
      "playerName": "Ball",
      "isTargetScoreLastPeriod": false,
      "qualifiers": [],
      "clock": "PT08M57.00S",
      "actionType": "3pt",
      "scoreHome": "38",
      "periodType": "REGULAR",
      "teamId": 1610612766,
      "actionNumber": 256,
      "x": 77.4802890932983,
      "y": 7.352941176470589,
      "subType": "Jump Shot",
      "personId": 1630163,
      "xLegacy": -213,
      "scoreAway": "32",
      "pointsTotal": 16
    },
    {
      "officialId": 202049,
      "foulTechnicalTotal": 0,
      "playerNameI": "L. Ball",
      "orderNumber": 2520000,
      "isFieldGoal": 0,
      "foulDrawnPlayerName": "Jones",
      "possession": 1610612759,
      "teamTricode": "CHA",
      "foulPersonalTotal": 2,
      "description": "L. Ball personal FOUL (2 PF)",
      "personIdsFilter": [
        1630163,
        1630200
      ],
      "areaDetail": "24+ Right",
      "timeActual": "2024-01-13T01:57:19.8Z",
      "area": "Right Corner 3",
      "period": 2,
      "side": null,
      "yLegacy": null,
      "edited": "2024-01-13T01:57:29Z",
      "playerName": "Ball",
      "isTargetScoreLastPeriod": false,
      "qualifiers": [],
      "clock": "PT08M49.00S",
      "actionType": "foul",
      "scoreHome": "38",
      "periodType": "REGULAR",
      "teamId": 1610612766,
      "actionNumber": 257,
      "x": null,
      "y": null,
      "subType": "personal",
      "personId": 1630163,
      "xLegacy": null,
      "scoreAway": "32",
      "foulDrawnPersonId": 1630200
    },
    {
      "playerNameI": "K. Johnson",
      "orderNumber": 2540000,
      "isFieldGoal": 0,
      "possession": 1610612759,
      "teamTricode": "SAS",
      "description": "SUB out: K. Johnson",
      "personIdsFilter": [
        1629640
      ],
      "timeActual": "2024-01-13T01:57:28.1Z",
      "period": 2,
      "side": null,
      "yLegacy": null,
      "edited": "2024-01-13T01:57:34Z",
      "playerName": "Johnson",
      "isTargetScoreLastPeriod": false,
      "qualifiers": [],
      "clock": "PT08M49.00S",
      "actionType": "substitution",
      "scoreHome": "38",
      "periodType": "REGULAR",
      "teamId": 1610612759,
      "actionNumber": 259,
      "x": null,
      "y": null,
      "subType": "out",
      "personId": 1629640,
      "xLegacy": null,
      "scoreAway": "32"
    },
    {
      "playerNameI": "J. Thor",
      "orderNumber": 2550000,
      "isFieldGoal": 0,
      "possession": 1610612759,
      "teamTricode": "CHA",
      "description": "SUB out: J. Thor",
      "personIdsFilter": [
        1630550
      ],
      "timeActual": "2024-01-13T01:57:28.1Z",
      "period": 2,
      "side": null,
      "yLegacy": null,
      "edited": "2024-01-13T01:57:34Z",
      "playerName": "Thor",
      "isTargetScoreLastPeriod": false,
      "qualifiers": [],
      "clock": "PT08M49.00S",
      "actionType": "substitution",
      "scoreHome": "38",
      "periodType": "REGULAR",
      "teamId": 1610612766,
      "actionNumber": 260,
      "x": null,
      "y": null,
      "subType": "out",
      "personId": 1630550,
      "xLegacy": null,
      "scoreAway": "32"
    },
    {
      "playerNameI": "J. Sochan",
      "orderNumber": 2560000,
      "isFieldGoal": 0,
      "possession": 1610612759,
      "teamTricode": "SAS",
      "description": "SUB in: J. Sochan",
      "personIdsFilter": [
        1631110
      ],
      "timeActual": "2024-01-13T01:57:28.1Z",
      "period": 2,
      "side": null,
      "yLegacy": null,
      "edited": "2024-01-13T01:57:34Z",
      "playerName": "Sochan",
      "isTargetScoreLastPeriod": false,
      "qualifiers": [],
      "clock": "PT08M49.00S",
      "actionType": "substitution",
      "scoreHome": "38",
      "periodType": "REGULAR",
      "teamId": 1610612759,
      "actionNumber": 261,
      "x": null,
      "y": null,
      "subType": "in",
      "personId": 1631110,
      "xLegacy": null,
      "scoreAway": "32"
    },
    {
      "playerNameI": "M. Bridges",
      "orderNumber": 2570000,
      "isFieldGoal": 0,
      "possession": 1610612759,
      "teamTricode": "CHA",
      "description": "SUB in: M. Bridges",
      "personIdsFilter": [
        1628970
      ],
      "timeActual": "2024-01-13T01:57:28.1Z",
      "period": 2,
      "side": null,
      "yLegacy": null,
      "edited": "2024-01-13T01:57:34Z",
      "playerName": "Bridges",
      "isTargetScoreLastPeriod": false,
      "qualifiers": [],
      "clock": "PT08M49.00S",
      "actionType": "substitution",
      "scoreHome": "38",
      "periodType": "REGULAR",
      "teamId": 1610612766,
      "actionNumber": 262,
      "x": null,
      "y": null,
      "subType": "in",
      "personId": 1628970,
      "xLegacy": null,
      "scoreAway": "32"
    },
    {
      "playerNameI": "L. Ball",
      "orderNumber": 2580000,
      "isFieldGoal": 0,
      "possession": 1610612759,
      "teamTricode": "CHA",
      "description": "SUB out: L. Ball",
      "personIdsFilter": [
        1630163
      ],
      "timeActual": "2024-01-13T01:57:41.7Z",
      "period": 2,
      "side": null,
      "yLegacy": null,
      "edited": "2024-01-13T01:57:48Z",
      "playerName": "Ball",
      "isTargetScoreLastPeriod": false,
      "qualifiers": [],
      "clock": "PT08M49.00S",
      "actionType": "substitution",
      "scoreHome": "38",
      "periodType": "REGULAR",
      "teamId": 1610612766,
      "actionNumber": 263,
      "x": null,
      "y": null,
      "subType": "out",
      "personId": 1630163,
      "xLegacy": null,
      "scoreAway": "32"
    },
    {
      "playerNameI": "I. Smith",
      "orderNumber": 2590000,
      "isFieldGoal": 0,
      "possession": 1610612759,
      "teamTricode": "CHA",
      "description": "SUB in: I. Smith",
      "personIdsFilter": [
        202397
      ],
      "timeActual": "2024-01-13T01:57:41.7Z",
      "period": 2,
      "side": null,
      "yLegacy": null,
      "edited": "2024-01-13T01:57:48Z",
      "playerName": "Smith",
      "isTargetScoreLastPeriod": false,
      "qualifiers": [],
      "clock": "PT08M49.00S",
      "actionType": "substitution",
      "scoreHome": "38",
      "periodType": "REGULAR",
      "teamId": 1610612766,
      "actionNumber": 264,
      "x": null,
      "y": null,
      "subType": "in",
      "personId": 202397,
      "xLegacy": null,
      "scoreAway": "32"
    },
    {
      "playerNameI": "J. Sochan",
      "orderNumber": 2600000,
      "isFieldGoal": 1,
      "shotResult": "Made",
      "possession": 1610612759,
      "teamTricode": "SAS",
      "description": "J. Sochan 3PT  (3 PTS) (T. Jones 2 AST)",
      "personIdsFilter": [
        1631110,
        1630200
      ],
      "areaDetail": "24+ Left",
      "shotDistance": 23.42,
      "timeActual": "2024-01-13T01:58:06.2Z",
      "assistPersonId": 1630200,
      "area": "Left Corner 3",
      "period": 2,
      "side": "left",
      "yLegacy": 8,
      "edited": "2024-01-13T01:58:17Z",
      "playerName": "Sochan",
      "isTargetScoreLastPeriod": false,
      "qualifiers": [],
      "assistTotal": 2,
      "clock": "PT08M37.00S",
      "actionType": "3pt",
      "scoreHome": "41",
      "periodType": "REGULAR",
      "teamId": 1610612759,
      "actionNumber": 265,
      "x": 6.389618922470433,
      "y": 96.81372549019608,
      "subType": "Jump Shot",
      "personId": 1631110,
      "xLegacy": -234,
      "scoreAway": "32",
      "pointsTotal": 3,
      "assistPlayerNameInitial": "T. Jones"
    },
    {
      "playerNameI": "T. Rozier",
      "orderNumber": 2620000,
      "isFieldGoal": 1,
      "shotResult": "Missed",
      "possession": 1610612766,
      "teamTricode": "CHA",
      "description": "MISS T. Rozier 10' driving floating Shot",
      "descriptor": "driving floating",
      "personIdsFilter": [
        1626179
      ],
      "areaDetail": "8-16 Right",
      "shotDistance": 10.83,
      "timeActual": "2024-01-13T01:58:25.5Z",
      "area": "Mid-Range",
      "period": 2,
      "side": "right",
      "yLegacy": 29,
      "edited": "2024-01-13T02:04:18Z",
      "playerName": "Rozier",
      "isTargetScoreLastPeriod": false,
      "qualifiers": [],
      "clock": "PT08M17.00S",
      "actionType": "2pt",
      "scoreHome": "41",
      "periodType": "REGULAR",
      "teamId": 1610612766,
      "actionNumber": 267,
      "x": 91.27792378449409,
      "y": 70.83333333333334,
      "subType": "Jump Shot",
      "personId": 1626179,
      "xLegacy": 104,
      "scoreAway": "32"
    },
    {
      "playerNameI": "V. Wembanyama",
      "orderNumber": 2630000,
      "isFieldGoal": 0,
      "possession": 1610612759,
      "teamTricode": "SAS",
      "description": "V. Wembanyama REBOUND (Off:2 Def:6)",
      "personIdsFilter": [
        1641705
      ],
      "areaDetail": "8-16 Right",
      "reboundDefensiveTotal": 6,
      "timeActual": "2024-01-13T01:58:27.5Z",
      "shotActionNumber": 267,
      "area": "Mid-Range",
      "reboundOffensiveTotal": 2,
      "period": 2,
      "side": null,
      "yLegacy": null,
      "edited": "2024-01-13T01:58:30Z",
      "playerName": "Wembanyama",
      "isTargetScoreLastPeriod": false,
      "qualifiers": [],
      "clock": "PT08M15.00S",
      "actionType": "rebound",
      "scoreHome": "41",
      "periodType": "REGULAR",
      "reboundTotal": 8,
      "teamId": 1610612759,
      "actionNumber": 268,
      "x": null,
      "y": null,
      "subType": "defensive",
      "personId": 1641705,
      "xLegacy": null,
      "scoreAway": "32"
    },
    {
      "playerNameI": "T. Jones",
      "orderNumber": 2640000,
      "isFieldGoal": 1,
      "shotResult": "Missed",
      "possession": 1610612759,
      "teamTricode": "SAS",
      "description": "MISS T. Jones running 3PT",
      "descriptor": "running",
      "personIdsFilter": [
        1630200
      ],
      "areaDetail": "24+ Left",
      "shotDistance": 23.78,
      "timeActual": "2024-01-13T01:58:31.8Z",
      "area": "Left Corner 3",
      "period": 2,
      "side": "left",
      "yLegacy": 5,
      "edited": "2024-01-13T02:04:43Z",
      "playerName": "Jones",
      "isTargetScoreLastPeriod": false,
      "qualifiers": [
        "fastbreak"
      ],
      "clock": "PT08M11.00S",
      "actionType": "3pt",
      "scoreHome": "41",
      "periodType": "REGULAR",
      "teamId": 1610612759,
      "actionNumber": 269,
      "x": 6.1268068331143235,
      "y": 97.54901960784314,
      "subType": "Jump Shot",
      "personId": 1630200,
      "xLegacy": -238,
      "scoreAway": "32"
    },
    {
      "playerNameI": "N. Richards",
      "orderNumber": 2650000,
      "isFieldGoal": 0,
      "possession": 1610612766,
      "teamTricode": "CHA",
      "description": "N. Richards REBOUND (Off:4 Def:3)",
      "personIdsFilter": [
        1630208
      ],
      "areaDetail": "24+ Left",
      "reboundDefensiveTotal": 3,
      "timeActual": "2024-01-13T01:58:34.8Z",
      "shotActionNumber": 269,
      "area": "Left Corner 3",
      "reboundOffensiveTotal": 4,
      "period": 2,
      "side": null,
      "yLegacy": null,
      "edited": "2024-01-13T01:58:38Z",
      "playerName": "Richards",
      "isTargetScoreLastPeriod": false,
      "qualifiers": [],
      "clock": "PT08M08.00S",
      "actionType": "rebound",
      "scoreHome": "41",
      "periodType": "REGULAR",
      "reboundTotal": 7,
      "teamId": 1610612766,
      "actionNumber": 270,
      "x": null,
      "y": null,
      "subType": "defensive",
      "personId": 1630208,
      "xLegacy": null,
      "scoreAway": "32"
    },
    {
      "playerNameI": "I. Smith",
      "orderNumber": 2660000,
      "isFieldGoal": 1,
      "shotResult": "Missed",
      "possession": 1610612766,
      "teamTricode": "CHA",
      "description": "MISS I. Smith 10' pullup Shot",
      "descriptor": "pullup",
      "personIdsFilter": [
        202397
      ],
      "areaDetail": "8-16 Right",
      "shotDistance": 10.82,
      "timeActual": "2024-01-13T01:58:52.5Z",
      "area": "In The Paint (Non-RA)",
      "period": 2,
      "side": "right",
      "yLegacy": 88,
      "edited": "2024-01-13T01:59:05Z",
      "playerName": "Smith",
      "isTargetScoreLastPeriod": false,
      "qualifiers": [
        "pointsinthepaint"
      ],
      "clock": "PT07M50.00S",
      "actionType": "2pt",
      "scoreHome": "41",
      "periodType": "REGULAR",
      "teamId": 1610612766,
      "actionNumber": 271,
      "x": 85.10183968462549,
      "y": 62.745098039215684,
      "subType": "Jump Shot",
      "personId": 202397,
      "xLegacy": 64,
      "scoreAway": "32"
    },
    {
      "playerNameI": "D. McDermott",
      "orderNumber": 2670000,
      "isFieldGoal": 0,
      "possession": 1610612759,
      "teamTricode": "SAS",
      "description": "D. McDermott REBOUND (Off:0 Def:2)",
      "personIdsFilter": [
        203926
      ],
      "areaDetail": "8-16 Right",
      "reboundDefensiveTotal": 2,
      "timeActual": "2024-01-13T01:58:56.5Z",
      "shotActionNumber": 271,
      "area": "In The Paint (Non-RA)",
      "reboundOffensiveTotal": 0,
      "period": 2,
      "side": null,
      "yLegacy": null,
      "edited": "2024-01-13T01:59:05Z",
      "playerName": "McDermott",
      "isTargetScoreLastPeriod": false,
      "qualifiers": [],
      "clock": "PT07M46.00S",
      "actionType": "rebound",
      "scoreHome": "41",
      "periodType": "REGULAR",
      "reboundTotal": 2,
      "teamId": 1610612759,
      "actionNumber": 272,
      "x": null,
      "y": null,
      "subType": "defensive",
      "personId": 203926,
      "xLegacy": null,
      "scoreAway": "32"
    },
    {
      "playerNameI": "J. Sochan",
      "orderNumber": 2680000,
      "isFieldGoal": 1,
      "shotResult": "Made",
      "possession": 1610612759,
      "teamTricode": "SAS",
      "description": "J. Sochan driving Layup (5 PTS)",
      "descriptor": "driving",
      "personIdsFilter": [
        1631110
      ],
      "areaDetail": "0-8 Center",
      "shotDistance": 2.22,
      "timeActual": "2024-01-13T01:59:05.7Z",
      "area": "Restricted Area",
      "period": 2,
      "side": "left",
      "yLegacy": 13,
      "edited": "2024-01-13T01:59:12Z",
      "playerName": "Sochan",
      "isTargetScoreLastPeriod": false,
      "qualifiers": [
        "pointsinthepaint"
      ],
      "clock": "PT07M38.00S",
      "actionType": "2pt",
      "scoreHome": "43",
      "periodType": "REGULAR",
      "teamId": 1610612759,
      "actionNumber": 273,
      "x": 6.915243101182654,
      "y": 46.32352941176471,
      "subType": "Layup",
      "personId": 1631110,
      "xLegacy": 18,
      "scoreAway": "32",
      "pointsTotal": 5
    },
    {
      "orderNumber": 2690000,
      "isFieldGoal": 0,
      "possession": 1610612766,
      "teamTricode": "CHA",
      "description": "CHA Timeout",
      "personIdsFilter": [],
      "timeActual": "2024-01-13T01:59:12.6Z",
      "period": 2,
      "side": null,
      "yLegacy": null,
      "edited": "2024-01-13T01:59:12Z",
      "isTargetScoreLastPeriod": false,
      "qualifiers": [
        "team",
        "mandatory"
      ],
      "clock": "PT07M38.00S",
      "actionType": "timeout",
      "scoreHome": "43",
      "periodType": "REGULAR",
      "teamId": 1610612766,
      "actionNumber": 274,
      "x": null,
      "y": null,
      "subType": "full",
      "personId": 0,
      "xLegacy": null,
      "scoreAway": "32"
    },
    {
      "playerNameI": "M. Branham",
      "orderNumber": 2700000,
      "isFieldGoal": 0,
      "possession": 1610612766,
      "teamTricode": "SAS",
      "description": "SUB out: M. Branham",
      "personIdsFilter": [
        1631103
      ],
      "timeActual": "2024-01-13T02:00:55.3Z",
      "period": 2,
      "side": null,
      "yLegacy": null,
      "edited": "2024-01-13T02:01:46Z",
      "playerName": "Branham",
      "isTargetScoreLastPeriod": false,
      "qualifiers": [],
      "clock": "PT07M38.00S",
      "actionType": "substitution",
      "scoreHome": "43",
      "periodType": "REGULAR",
      "teamId": 1610612759,
      "actionNumber": 275,
      "x": null,
      "y": null,
      "subType": "out",
      "personId": 1631103,
      "xLegacy": null,
      "scoreAway": "32"
    },
    {
      "playerNameI": "D. Vassell",
      "orderNumber": 2710000,
      "isFieldGoal": 0,
      "possession": 1610612766,
      "teamTricode": "SAS",
      "description": "SUB in: D. Vassell",
      "personIdsFilter": [
        1630170
      ],
      "timeActual": "2024-01-13T02:00:55.3Z",
      "period": 2,
      "side": null,
      "yLegacy": null,
      "edited": "2024-01-13T02:01:46Z",
      "playerName": "Vassell",
      "isTargetScoreLastPeriod": false,
      "qualifiers": [],
      "clock": "PT07M38.00S",
      "actionType": "substitution",
      "scoreHome": "43",
      "periodType": "REGULAR",
      "teamId": 1610612759,
      "actionNumber": 276,
      "x": null,
      "y": null,
      "subType": "in",
      "personId": 1630170,
      "xLegacy": null,
      "scoreAway": "32"
    },
    {
      "playerNameI": "M. Bridges",
      "orderNumber": 2720000,
      "isFieldGoal": 1,
      "shotResult": "Missed",
      "possession": 1610612766,
      "teamTricode": "CHA",
      "description": "MISS M. Bridges 27' 3PT",
      "personIdsFilter": [
        1628970
      ],
      "areaDetail": "24+ Center",
      "shotDistance": 27.87,
      "timeActual": "2024-01-13T02:02:29.1Z",
      "area": "Above the Break 3",
      "period": 2,
      "side": "right",
      "yLegacy": 274,
      "edited": "2024-01-13T02:02:35Z",
      "playerName": "Bridges",
      "isTargetScoreLastPeriod": false,
      "qualifiers": [],
      "clock": "PT07M14.00S",
      "actionType": "3pt",
      "scoreHome": "43",
      "periodType": "REGULAR",
      "teamId": 1610612766,
      "actionNumber": 277,
      "x": 65.25952693823915,
      "y": 39.950980392156865,
      "subType": "Jump Shot",
      "personId": 1628970,
      "xLegacy": -50,
      "scoreAway": "32"
    },
    {
      "playerNameI": "N. Smith Jr.",
      "orderNumber": 2730000,
      "isFieldGoal": 0,
      "possession": 1610612766,
      "teamTricode": "CHA",
      "description": "N. Smith Jr. REBOUND (Off:1 Def:0)",
      "personIdsFilter": [
        1641733
      ],
      "areaDetail": "24+ Center",
      "reboundDefensiveTotal": 0,
      "timeActual": "2024-01-13T02:02:32.1Z",
      "shotActionNumber": 277,
      "area": "Above the Break 3",
      "reboundOffensiveTotal": 1,
      "period": 2,
      "side": null,
      "yLegacy": null,
      "edited": "2024-01-13T02:02:35Z",
      "playerName": "Smith Jr.",
      "isTargetScoreLastPeriod": false,
      "qualifiers": [],
      "clock": "PT07M11.00S",
      "actionType": "rebound",
      "scoreHome": "43",
      "periodType": "REGULAR",
      "reboundTotal": 1,
      "teamId": 1610612766,
      "actionNumber": 278,
      "x": null,
      "y": null,
      "subType": "offensive",
      "personId": 1641733,
      "xLegacy": null,
      "scoreAway": "32"
    },
    {
      "playerNameI": "N. Smith Jr.",
      "orderNumber": 2740000,
      "isFieldGoal": 1,
      "shotResult": "Missed",
      "possession": 1610612766,
      "teamTricode": "CHA",
      "description": "MISS N. Smith Jr. 19' pullup Shot",
      "descriptor": "pullup",
      "personIdsFilter": [
        1641733
      ],
      "areaDetail": "16-24 Left",
      "shotDistance": 19.33,
      "timeActual": "2024-01-13T02:02:35.9Z",
      "area": "Mid-Range",
      "period": 2,
      "side": "right",
      "yLegacy": 94,
      "edited": "2024-01-13T02:02:40Z",
      "playerName": "Smith Jr.",
      "isTargetScoreLastPeriod": false,
      "qualifiers": [
        "2ndchance"
      ],
      "clock": "PT07M07.00S",
      "actionType": "2pt",
      "scoreHome": "43",
      "periodType": "REGULAR",
      "teamId": 1610612766,
      "actionNumber": 279,
      "x": 84.44480946123521,
      "y": 16.176470588235293,
      "subType": "Jump Shot",
      "personId": 1641733,
      "xLegacy": -169,
      "scoreAway": "32"
    },
    {
      "playerNameI": "J. Sochan",
      "orderNumber": 2750000,
      "isFieldGoal": 0,
      "possession": 1610612759,
      "teamTricode": "SAS",
      "description": "J. Sochan REBOUND (Off:0 Def:2)",
      "personIdsFilter": [
        1631110
      ],
      "areaDetail": "16-24 Left",
      "reboundDefensiveTotal": 2,
      "timeActual": "2024-01-13T02:02:38.9Z",
      "shotActionNumber": 279,
      "area": "Mid-Range",
      "reboundOffensiveTotal": 0,
      "period": 2,
      "side": null,
      "yLegacy": null,
      "edited": "2024-01-13T02:02:40Z",
      "playerName": "Sochan",
      "isTargetScoreLastPeriod": false,
      "qualifiers": [],
      "clock": "PT07M04.00S",
      "actionType": "rebound",
      "scoreHome": "43",
      "periodType": "REGULAR",
      "reboundTotal": 2,
      "teamId": 1610612759,
      "actionNumber": 280,
      "x": null,
      "y": null,
      "subType": "defensive",
      "personId": 1631110,
      "xLegacy": null,
      "scoreAway": "32"
    },
    {
      "playerNameI": "V. Wembanyama",
      "orderNumber": 2760000,
      "isFieldGoal": 1,
      "shotResult": "Made",
      "possession": 1610612759,
      "teamTricode": "SAS",
      "description": "V. Wembanyama cutting DUNK (11 PTS) (J. Sochan 2 AST)",
      "descriptor": "cutting",
      "personIdsFilter": [
        1641705,
        1631110
      ],
      "areaDetail": "0-8 Center",
      "shotDistance": 1.87,
      "timeActual": "2024-01-13T02:02:55.6Z",
      "assistPersonId": 1631110,
      "area": "Restricted Area",
      "period": 2,
      "side": "left",
      "yLegacy": 19,
      "edited": "2024-01-13T02:03:00Z",
      "playerName": "Wembanyama",
      "isTargetScoreLastPeriod": false,
      "qualifiers": [
        "pointsinthepaint"
      ],
      "assistTotal": 2,
      "clock": "PT06M47.00S",
      "actionType": "2pt",
      "scoreHome": "45",
      "periodType": "REGULAR",
      "teamId": 1610612759,
      "actionNumber": 281,
      "x": 7.5722733245729295,
      "y": 49.754901960784316,
      "subType": "DUNK",
      "personId": 1641705,
      "xLegacy": 1,
      "scoreAway": "32",
      "pointsTotal": 11,
      "assistPlayerNameInitial": "J. Sochan"
    },
    {
      "playerNameI": "T. Rozier",
      "orderNumber": 2780000,
      "isFieldGoal": 1,
      "shotResult": "Made",
      "possession": 1610612766,
      "teamTricode": "CHA",
      "description": "T. Rozier 26' 3PT  (5 PTS) (N. Richards 1 AST)",
      "personIdsFilter": [
        1626179,
        1630208
      ],
      "areaDetail": "24+ Center",
      "shotDistance": 26.48,
      "timeActual": "2024-01-13T02:03:22.8Z",
      "assistPersonId": 1630208,
      "area": "Above the Break 3",
      "period": 2,
      "side": "right",
      "yLegacy": 252,
      "edited": "2024-01-13T02:03:41Z",
      "playerName": "Rozier",
      "isTargetScoreLastPeriod": false,
      "qualifiers": [],
      "assistTotal": 1,
      "clock": "PT06M28.00S",
      "actionType": "3pt",
      "scoreHome": "45",
      "periodType": "REGULAR",
      "teamId": 1610612766,
      "actionNumber": 283,
      "x": 67.62483574244416,
      "y": 66.42156862745098,
      "subType": "Jump Shot",
      "personId": 1626179,
      "xLegacy": 82,
      "scoreAway": "35",
      "pointsTotal": 5,
      "assistPlayerNameInitial": "N. Richards"
    },
    {
      "officialId": 1628159,
      "foulTechnicalTotal": 0,
      "playerNameI": "N. Smith Jr.",
      "orderNumber": 2810000,
      "isFieldGoal": 0,
      "foulDrawnPlayerName": "Wembanyama",
      "possession": 1610612759,
      "teamTricode": "CHA",
      "foulPersonalTotal": 1,
      "description": "N. Smith Jr. personal FOUL (1 PF)",
      "personIdsFilter": [
        1641733,
        1641705
      ],
      "areaDetail": "16-24 Left Center",
      "timeActual": "2024-01-13T02:03:43.1Z",
      "area": "Mid-Range",
      "period": 2,
      "side": null,
      "yLegacy": null,
      "edited": "2024-01-13T02:04:16Z",
      "playerName": "Smith Jr.",
      "isTargetScoreLastPeriod": false,
      "qualifiers": [],
      "clock": "PT06M11.00S",
      "actionType": "foul",
      "scoreHome": "45",
      "periodType": "REGULAR",
      "teamId": 1610612766,
      "actionNumber": 286,
      "x": null,
      "y": null,
      "subType": "personal",
      "personId": 1641733,
      "xLegacy": null,
      "scoreAway": "35",
      "foulDrawnPersonId": 1641705
    },
    {
      "playerNameI": "V. Wembanyama",
      "orderNumber": 2830000,
      "isFieldGoal": 0,
      "possession": 1610612759,
      "teamTricode": "SAS",
      "description": "SUB out: V. Wembanyama",
      "personIdsFilter": [
        1641705
      ],
      "timeActual": "2024-01-13T02:03:52.1Z",
      "period": 2,
      "side": null,
      "yLegacy": null,
      "edited": "2024-01-13T02:04:01Z",
      "playerName": "Wembanyama",
      "isTargetScoreLastPeriod": false,
      "qualifiers": [],
      "clock": "PT06M11.00S",
      "actionType": "substitution",
      "scoreHome": "45",
      "periodType": "REGULAR",
      "teamId": 1610612759,
      "actionNumber": 288,
      "x": null,
      "y": null,
      "subType": "out",
      "personId": 1641705,
      "xLegacy": null,
      "scoreAway": "35"
    },
    {
      "playerNameI": "N. Richards",
      "orderNumber": 2840000,
      "isFieldGoal": 0,
      "possession": 1610612759,
      "teamTricode": "CHA",
      "description": "SUB out: N. Richards",
      "personIdsFilter": [
        1630208
      ],
      "timeActual": "2024-01-13T02:03:52.1Z",
      "period": 2,
      "side": null,
      "yLegacy": null,
      "edited": "2024-01-13T02:04:01Z",
      "playerName": "Richards",
      "isTargetScoreLastPeriod": false,
      "qualifiers": [],
      "clock": "PT06M11.00S",
      "actionType": "substitution",
      "scoreHome": "45",
      "periodType": "REGULAR",
      "teamId": 1610612766,
      "actionNumber": 289,
      "x": null,
      "y": null,
      "subType": "out",
      "personId": 1630208,
      "xLegacy": null,
      "scoreAway": "35"
    },
    {
      "playerNameI": "D. Barlow",
      "orderNumber": 2850000,
      "isFieldGoal": 0,
      "possession": 1610612759,
      "teamTricode": "SAS",
      "description": "SUB in: D. Barlow",
      "personIdsFilter": [
        1631230
      ],
      "timeActual": "2024-01-13T02:03:52.1Z",
      "period": 2,
      "side": null,
      "yLegacy": null,
      "edited": "2024-01-13T02:04:01Z",
      "playerName": "Barlow",
      "isTargetScoreLastPeriod": false,
      "qualifiers": [],
      "clock": "PT06M11.00S",
      "actionType": "substitution",
      "scoreHome": "45",
      "periodType": "REGULAR",
      "teamId": 1610612759,
      "actionNumber": 290,
      "x": null,
      "y": null,
      "subType": "in",
      "personId": 1631230,
      "xLegacy": null,
      "scoreAway": "35"
    },
    {
      "playerNameI": "N. Mensah",
      "orderNumber": 2860000,
      "isFieldGoal": 0,
      "possession": 1610612759,
      "teamTricode": "CHA",
      "description": "SUB in: N. Mensah",
      "personIdsFilter": [
        1641877
      ],
      "timeActual": "2024-01-13T02:03:52.1Z",
      "period": 2,
      "side": null,
      "yLegacy": null,
      "edited": "2024-01-13T02:04:01Z",
      "playerName": "Mensah",
      "isTargetScoreLastPeriod": false,
      "qualifiers": [],
      "clock": "PT06M11.00S",
      "actionType": "substitution",
      "scoreHome": "45",
      "periodType": "REGULAR",
      "teamId": 1610612766,
      "actionNumber": 291,
      "x": null,
      "y": null,
      "subType": "in",
      "personId": 1641877,
      "xLegacy": null,
      "scoreAway": "35"
    },
    {
      "officialId": 1627962,
      "foulTechnicalTotal": 0,
      "playerNameI": "T. Rozier",
      "orderNumber": 2870000,
      "isFieldGoal": 0,
      "foulDrawnPlayerName": "Vassell",
      "possession": 1610612759,
      "teamTricode": "CHA",
      "foulPersonalTotal": 2,
      "description": "T. Rozier shooting personal FOUL (2 PF) (Vassell 2 FT)",
      "descriptor": "shooting",
      "personIdsFilter": [
        1626179,
        1630170
      ],
      "areaDetail": "0-8 Center",
      "timeActual": "2024-01-13T02:04:15.4Z",
      "area": "Restricted Area",
      "period": 2,
      "side": null,
      "yLegacy": null,
      "edited": "2024-01-13T02:04:40Z",
      "playerName": "Rozier",
      "isTargetScoreLastPeriod": false,
      "qualifiers": [
        "2freethrow"
      ],
      "clock": "PT06M03.00S",
      "actionType": "foul",
      "scoreHome": "45",
      "periodType": "REGULAR",
      "teamId": 1610612766,
      "actionNumber": 292,
      "x": null,
      "y": null,
      "subType": "personal",
      "personId": 1626179,
      "xLegacy": null,
      "scoreAway": "35",
      "foulDrawnPersonId": 1630170
    },
    {
      "playerNameI": "D. Vassell",
      "orderNumber": 2890000,
      "isFieldGoal": 0,
      "shotResult": "Made",
      "possession": 1610612759,
      "teamTricode": "SAS",
      "description": "D. Vassell Free Throw 1 of 2 (9 PTS)",
      "personIdsFilter": [
        1630170
      ],
      "timeActual": "2024-01-13T02:04:41.5Z",
      "period": 2,
      "side": null,
      "yLegacy": null,
      "edited": "2024-01-13T02:04:41Z",
      "playerName": "Vassell",
      "isTargetScoreLastPeriod": false,
      "qualifiers": [],
      "clock": "PT06M03.00S",
      "actionType": "freethrow",
      "scoreHome": "46",
      "periodType": "REGULAR",
      "teamId": 1610612759,
      "actionNumber": 294,
      "x": null,
      "y": null,
      "subType": "1 of 2",
      "personId": 1630170,
      "xLegacy": null,
      "scoreAway": "35",
      "pointsTotal": 9
    },
    {
      "playerNameI": "D. Vassell",
      "orderNumber": 2900000,
      "isFieldGoal": 0,
      "shotResult": "Made",
      "possession": 1610612759,
      "teamTricode": "SAS",
      "description": "D. Vassell Free Throw 2 of 2 (10 PTS)",
      "personIdsFilter": [
        1630170
      ],
      "timeActual": "2024-01-13T02:04:59.4Z",
      "period": 2,
      "side": null,
      "yLegacy": null,
      "edited": "2024-01-13T02:04:59Z",
      "playerName": "Vassell",
      "isTargetScoreLastPeriod": false,
      "qualifiers": [],
      "clock": "PT06M03.00S",
      "actionType": "freethrow",
      "scoreHome": "47",
      "periodType": "REGULAR",
      "teamId": 1610612759,
      "actionNumber": 295,
      "x": null,
      "y": null,
      "subType": "2 of 2",
      "personId": 1630170,
      "xLegacy": null,
      "scoreAway": "35",
      "pointsTotal": 10
    },
    {
      "playerNameI": "N. Mensah",
      "orderNumber": 2910000,
      "isFieldGoal": 1,
      "shotResult": "Missed",
      "possession": 1610612766,
      "teamTricode": "CHA",
      "description": "MISS N. Mensah floating Shot",
      "descriptor": "floating",
      "personIdsFilter": [
        1641877
      ],
      "areaDetail": "0-8 Center",
      "shotDistance": 5.94,
      "timeActual": "2024-01-13T02:05:25.4Z",
      "area": "In The Paint (Non-RA)",
      "period": 2,
      "side": "right",
      "yLegacy": 49,
      "edited": "2024-01-13T02:07:15Z",
      "playerName": "Mensah",
      "isTargetScoreLastPeriod": false,
      "qualifiers": [
        "pointsinthepaint"
      ],
      "clock": "PT05M38.00S",
      "actionType": "2pt",
      "scoreHome": "47",
      "periodType": "REGULAR",
      "teamId": 1610612766,
      "actionNumber": 296,
      "x": 89.17542706964521,
      "y": 56.61764705882353,
      "subType": "Jump Shot",
      "personId": 1641877,
      "xLegacy": 33,
      "scoreAway": "35"
    },
    {
      "playerNameI": "D. Vassell",
      "orderNumber": 2920000,
      "isFieldGoal": 0,
      "possession": 1610612759,
      "teamTricode": "SAS",
      "description": "D. Vassell REBOUND (Off:0 Def:2)",
      "personIdsFilter": [
        1630170
      ],
      "areaDetail": "0-8 Center",
      "reboundDefensiveTotal": 2,
      "timeActual": "2024-01-13T02:05:27.7Z",
      "shotActionNumber": 296,
      "area": "In The Paint (Non-RA)",
      "reboundOffensiveTotal": 0,
      "period": 2,
      "side": null,
      "yLegacy": null,
      "edited": "2024-01-13T02:05:27Z",
      "playerName": "Vassell",
      "isTargetScoreLastPeriod": false,
      "qualifiers": [],
      "clock": "PT05M35.00S",
      "actionType": "rebound",
      "scoreHome": "47",
      "periodType": "REGULAR",
      "reboundTotal": 2,
      "teamId": 1610612759,
      "actionNumber": 297,
      "x": null,
      "y": null,
      "subType": "defensive",
      "personId": 1630170,
      "xLegacy": null,
      "scoreAway": "35"
    },
    {
      "playerNameI": "D. McDermott",
      "orderNumber": 2930000,
      "isFieldGoal": 1,
      "shotResult": "Made",
      "possession": 1610612759,
      "teamTricode": "SAS",
      "description": "D. McDermott 25' 3PT running (3 PTS) (T. Jones 3 AST)",
      "descriptor": "running",
      "personIdsFilter": [
        203926,
        1630200
      ],
      "areaDetail": "24+ Right Center",
      "shotDistance": 25.73,
      "timeActual": "2024-01-13T02:05:33.5Z",
      "assistPersonId": 1630200,
      "area": "Above the Break 3",
      "period": 2,
      "side": "left",
      "yLegacy": 138,
      "edited": "2024-01-13T02:07:39Z",
      "playerName": "McDermott",
      "isTargetScoreLastPeriod": false,
      "qualifiers": [
        "fastbreak"
      ],
      "assistTotal": 3,
      "clock": "PT05M29.00S",
      "actionType": "3pt",
      "scoreHome": "50",
      "periodType": "REGULAR",
      "teamId": 1610612759,
      "actionNumber": 298,
      "x": 20.318659658344284,
      "y": 6.61764705882353,
      "subType": "Jump Shot",
      "personId": 203926,
      "xLegacy": 217,
      "scoreAway": "35",
      "pointsTotal": 3,
      "assistPlayerNameInitial": "T. Jones"
    },
    {
      "playerNameI": "N. Smith Jr.",
      "orderNumber": 2950000,
      "isFieldGoal": 1,
      "shotResult": "Missed",
      "possession": 1610612766,
      "teamTricode": "CHA",
      "description": "MISS N. Smith Jr. 27' 3PT",
      "personIdsFilter": [
        1641733
      ],
      "areaDetail": "24+ Left Center",
      "shotDistance": 27.3,
      "timeActual": "2024-01-13T02:05:45.1Z",
      "area": "Above the Break 3",
      "period": 2,
      "side": "right",
      "yLegacy": 248,
      "edited": "2024-01-13T02:05:51Z",
      "playerName": "Smith Jr.",
      "isTargetScoreLastPeriod": false,
      "qualifiers": [],
      "clock": "PT05M18.00S",
      "actionType": "3pt",
      "scoreHome": "50",
      "periodType": "REGULAR",
      "teamId": 1610612766,
      "actionNumber": 300,
      "x": 68.01905387647832,
      "y": 27.205882352941174,
      "subType": "Jump Shot",
      "personId": 1641733,
      "xLegacy": -114,
      "scoreAway": "35"
    },
    {
      "playerNameI": "D. Barlow",
      "orderNumber": 2960000,
      "isFieldGoal": 0,
      "possession": 1610612759,
      "teamTricode": "SAS",
      "description": "D. Barlow REBOUND (Off:1 Def:2)",
      "personIdsFilter": [
        1631230
      ],
      "areaDetail": "24+ Left Center",
      "reboundDefensiveTotal": 2,
      "timeActual": "2024-01-13T02:05:49.1Z",
      "shotActionNumber": 300,
      "area": "Above the Break 3",
      "reboundOffensiveTotal": 1,
      "period": 2,
      "side": null,
      "yLegacy": null,
      "edited": "2024-01-13T02:05:51Z",
      "playerName": "Barlow",
      "isTargetScoreLastPeriod": false,
      "qualifiers": [],
      "clock": "PT05M14.00S",
      "actionType": "rebound",
      "scoreHome": "50",
      "periodType": "REGULAR",
      "reboundTotal": 3,
      "teamId": 1610612759,
      "actionNumber": 301,
      "x": null,
      "y": null,
      "subType": "defensive",
      "personId": 1631230,
      "xLegacy": null,
      "scoreAway": "35"
    },
    {
      "playerNameI": "D. Vassell",
      "orderNumber": 2970000,
      "isFieldGoal": 1,
      "shotResult": "Missed",
      "possession": 1610612759,
      "teamTricode": "SAS",
      "description": "MISS D. Vassell 12' fadeaway Shot",
      "descriptor": "fadeaway",
      "personIdsFilter": [
        1630170
      ],
      "areaDetail": "8-16 Right",
      "shotDistance": 12.63,
      "timeActual": "2024-01-13T02:06:00.3Z",
      "area": "Mid-Range",
      "period": 2,
      "side": "left",
      "yLegacy": 59,
      "edited": "2024-01-13T02:06:06Z",
      "playerName": "Vassell",
      "isTargetScoreLastPeriod": false,
      "qualifiers": [],
      "clock": "PT05M02.00S",
      "actionType": "2pt",
      "scoreHome": "50",
      "periodType": "REGULAR",
      "teamId": 1610612759,
      "actionNumber": 302,
      "x": 11.908672798948752,
      "y": 27.696078431372552,
      "subType": "Jump Shot",
      "personId": 1630170,
      "xLegacy": 112,
      "scoreAway": "35"
    },
    {
      "orderNumber": 2980000,
      "isFieldGoal": 0,
      "possession": 1610612759,
      "teamTricode": "SAS",
      "description": "TEAM offensive REBOUND",
      "personIdsFilter": [],
      "areaDetail": "8-16 Right",
      "timeActual": "2024-01-13T02:06:01.3Z",
      "shotActionNumber": 302,
      "area": "Mid-Range",
      "period": 2,
      "side": null,
      "yLegacy": null,
      "edited": "2024-01-13T02:06:06Z",
      "isTargetScoreLastPeriod": false,
      "qualifiers": [
        "team"
      ],
      "clock": "PT05M01.00S",
      "actionType": "rebound",
      "scoreHome": "50",
      "periodType": "REGULAR",
      "teamId": 1610612759,
      "actionNumber": 303,
      "x": null,
      "y": null,
      "subType": "offensive",
      "personId": 0,
      "xLegacy": null,
      "scoreAway": "35"
    },
    {
      "playerNameI": "T. Jones",
      "orderNumber": 3000000,
      "isFieldGoal": 0,
      "possession": 1610612759,
      "teamTricode": "SAS",
      "description": "SUB out: T. Jones",
      "personIdsFilter": [
        1630200
      ],
      "timeActual": "2024-01-13T02:06:07.6Z",
      "period": 2,
      "side": null,
      "yLegacy": null,
      "edited": "2024-01-13T02:06:12Z",
      "playerName": "Jones",
      "isTargetScoreLastPeriod": false,
      "qualifiers": [],
      "clock": "PT05M01.00S",
      "actionType": "substitution",
      "scoreHome": "50",
      "periodType": "REGULAR",
      "teamId": 1610612759,
      "actionNumber": 305,
      "x": null,
      "y": null,
      "subType": "out",
      "personId": 1630200,
      "xLegacy": null,
      "scoreAway": "35"
    },
    {
      "playerNameI": "M. Branham",
      "orderNumber": 3010000,
      "isFieldGoal": 0,
      "possession": 1610612759,
      "teamTricode": "SAS",
      "description": "SUB in: M. Branham",
      "personIdsFilter": [
        1631103
      ],
      "timeActual": "2024-01-13T02:06:07.6Z",
      "period": 2,
      "side": null,
      "yLegacy": null,
      "edited": "2024-01-13T02:06:12Z",
      "playerName": "Branham",
      "isTargetScoreLastPeriod": false,
      "qualifiers": [],
      "clock": "PT05M01.00S",
      "actionType": "substitution",
      "scoreHome": "50",
      "periodType": "REGULAR",
      "teamId": 1610612759,
      "actionNumber": 306,
      "x": null,
      "y": null,
      "subType": "in",
      "personId": 1631103,
      "xLegacy": null,
      "scoreAway": "35"
    },
    {
      "playerNameI": "D. McDermott",
      "orderNumber": 3020000,
      "isFieldGoal": 1,
      "shotResult": "Made",
      "possession": 1610612759,
      "teamTricode": "SAS",
      "description": "D. McDermott 24' 3PT  (6 PTS) (D. Vassell 2 AST)",
      "personIdsFilter": [
        203926,
        1630170
      ],
      "areaDetail": "24+ Right",
      "shotDistance": 24.1,
      "timeActual": "2024-01-13T02:06:24.5Z",
      "assistPersonId": 1630170,
      "area": "Right Corner 3",
      "period": 2,
      "side": "left",
      "yLegacy": 31,
      "edited": "2024-01-13T02:06:30Z",
      "playerName": "McDermott",
      "isTargetScoreLastPeriod": false,
      "qualifiers": [
        "2ndchance"
      ],
      "assistTotal": 2,
      "clock": "PT04M58.00S",
      "actionType": "3pt",
      "scoreHome": "53",
      "periodType": "REGULAR",
      "teamId": 1610612759,
      "actionNumber": 307,
      "x": 8.886333771353483,
      "y": 2.2058823529411766,
      "subType": "Jump Shot",
      "personId": 203926,
      "xLegacy": 239,
      "scoreAway": "35",
      "pointsTotal": 6,
      "assistPlayerNameInitial": "D. Vassell"
    },
    {
      "playerNameI": "I. Smith",
      "orderNumber": 3040000,
      "isFieldGoal": 1,
      "shotResult": "Missed",
      "possession": 1610612766,
      "teamTricode": "CHA",
      "description": "MISS I. Smith driving Layup",
      "descriptor": "driving",
      "personIdsFilter": [
        202397
      ],
      "areaDetail": "0-8 Center",
      "shotDistance": 3.91,
      "timeActual": "2024-01-13T02:06:42.0Z",
      "area": "Restricted Area",
      "period": 2,
      "side": "right",
      "yLegacy": 29,
      "edited": "2024-01-13T02:06:50Z",
      "playerName": "Smith",
      "isTargetScoreLastPeriod": false,
      "qualifiers": [
        "pointsinthepaint"
      ],
      "clock": "PT04M40.00S",
      "actionType": "2pt",
      "scoreHome": "53",
      "periodType": "REGULAR",
      "teamId": 1610612766,
      "actionNumber": 309,
      "x": 91.27792378449409,
      "y": 44.85294117647059,
      "subType": "Layup",
      "personId": 202397,
      "xLegacy": -26,
      "scoreAway": "35"
    },
    {
      "playerNameI": "M. Bridges",
      "orderNumber": 3050000,
      "isFieldGoal": 0,
      "possession": 1610612766,
      "teamTricode": "CHA",
      "description": "M. Bridges REBOUND (Off:1 Def:5)",
      "personIdsFilter": [
        1628970
      ],
      "areaDetail": "0-8 Center",
      "reboundDefensiveTotal": 5,
      "timeActual": "2024-01-13T02:06:47.7Z",
      "shotActionNumber": 309,
      "area": "Restricted Area",
      "reboundOffensiveTotal": 1,
      "period": 2,
      "side": null,
      "yLegacy": null,
      "edited": "2024-01-13T02:06:47Z",
      "playerName": "Bridges",
      "isTargetScoreLastPeriod": false,
      "qualifiers": [],
      "clock": "PT04M39.00S",
      "actionType": "rebound",
      "scoreHome": "53",
      "periodType": "REGULAR",
      "reboundTotal": 6,
      "teamId": 1610612766,
      "actionNumber": 310,
      "x": null,
      "y": null,
      "subType": "offensive",
      "personId": 1628970,
      "xLegacy": null,
      "scoreAway": "35"
    },
    {
      "playerNameI": "M. Bridges",
      "orderNumber": 3060000,
      "isFieldGoal": 1,
      "shotResult": "Made",
      "possession": 1610612766,
      "teamTricode": "CHA",
      "description": "M. Bridges putback Layup (4 PTS)",
      "descriptor": "putback",
      "personIdsFilter": [
        1628970
      ],
      "areaDetail": "8-16 Left",
      "shotDistance": 0,
      "timeActual": "2024-01-13T02:06:47.7Z",
      "area": "Mid-Range",
      "period": 2,
      "side": "right",
      "yLegacy": 0,
      "edited": "2024-01-13T02:06:47Z",
      "playerName": "Bridges",
      "isTargetScoreLastPeriod": false,
      "qualifiers": [
        "pointsinthepaint",
        "2ndchance"
      ],
      "clock": "PT04M39.00S",
      "actionType": "2pt",
      "scoreHome": "53",
      "periodType": "REGULAR",
      "teamId": 1610612766,
      "actionNumber": 311,
      "x": 94.40999984741211,
      "y": 50,
      "subType": "Layup",
      "personId": 1628970,
      "xLegacy": 0,
      "scoreAway": "37",
      "pointsTotal": 4
    },
    {
      "officialId": 1627962,
      "foulTechnicalTotal": 0,
      "playerNameI": "D. Barlow",
      "orderNumber": 3070000,
      "isFieldGoal": 0,
      "foulDrawnPlayerName": "Bridges",
      "possession": 1610612766,
      "teamTricode": "SAS",
      "foulPersonalTotal": 2,
      "description": "D. Barlow shooting personal FOUL (2 PF) (Bridges 1 FT)",
      "descriptor": "shooting",
      "personIdsFilter": [
        1631230,
        1628970
      ],
      "areaDetail": "0-8 Center",
      "timeActual": "2024-01-13T02:06:49.4Z",
      "area": "Restricted Area",
      "period": 2,
      "side": null,
      "yLegacy": null,
      "edited": "2024-01-13T02:06:56Z",
      "playerName": "Barlow",
      "isTargetScoreLastPeriod": false,
      "qualifiers": [
        "1freethrow"
      ],
      "clock": "PT04M39.00S",
      "actionType": "foul",
      "scoreHome": "53",
      "periodType": "REGULAR",
      "teamId": 1610612759,
      "actionNumber": 312,
      "x": null,
      "y": null,
      "subType": "personal",
      "personId": 1631230,
      "xLegacy": null,
      "scoreAway": "37",
      "foulDrawnPersonId": 1628970
    },
    {
      "playerNameI": "M. Bridges",
      "orderNumber": 3090000,
      "isFieldGoal": 0,
      "shotResult": "Made",
      "possession": 1610612766,
      "teamTricode": "CHA",
      "description": "M. Bridges Free Throw 1 of 1 (5 PTS)",
      "personIdsFilter": [
        1628970
      ],
      "timeActual": "2024-01-13T02:07:10.4Z",
      "period": 2,
      "side": null,
      "yLegacy": null,
      "edited": "2024-01-13T02:07:10Z",
      "playerName": "Bridges",
      "isTargetScoreLastPeriod": false,
      "qualifiers": [
        "2ndchance"
      ],
      "clock": "PT04M39.00S",
      "actionType": "freethrow",
      "scoreHome": "53",
      "periodType": "REGULAR",
      "teamId": 1610612766,
      "actionNumber": 314,
      "x": null,
      "y": null,
      "subType": "1 of 1",
      "personId": 1628970,
      "xLegacy": null,
      "scoreAway": "38",
      "pointsTotal": 5
    },
    {
      "playerNameI": "D. McDermott",
      "orderNumber": 3100000,
      "isFieldGoal": 1,
      "shotResult": "Made",
      "possession": 1610612759,
      "teamTricode": "SAS",
      "description": "D. McDermott 26' 3PT  (9 PTS) (D. Barlow 1 AST)",
      "personIdsFilter": [
        203926,
        1631230
      ],
      "areaDetail": "24+ Left Center",
      "shotDistance": 26.44,
      "timeActual": "2024-01-13T02:07:30.9Z",
      "assistPersonId": 1631230,
      "area": "Above the Break 3",
      "period": 2,
      "side": "left",
      "yLegacy": 172,
      "edited": "2024-01-13T02:07:35Z",
      "playerName": "McDermott",
      "isTargetScoreLastPeriod": false,
      "qualifiers": [],
      "assistTotal": 1,
      "clock": "PT04M22.00S",
      "actionType": "3pt",
      "scoreHome": "56",
      "periodType": "REGULAR",
      "teamId": 1610612759,
      "actionNumber": 315,
      "x": 23.866622864651774,
      "y": 90.19607843137256,
      "subType": "Jump Shot",
      "personId": 203926,
      "xLegacy": -201,
      "scoreAway": "38",
      "pointsTotal": 9,
      "assistPlayerNameInitial": "D. Barlow"
    },
    {
      "playerNameI": "N. Mensah",
      "orderNumber": 3120000,
      "isFieldGoal": 1,
      "shotResult": "Missed",
      "possession": 1610612766,
      "teamTricode": "CHA",
      "description": "MISS N. Mensah 7' floating Shot",
      "descriptor": "floating",
      "personIdsFilter": [
        1641877
      ],
      "areaDetail": "0-8 Center",
      "shotDistance": 7.91,
      "timeActual": "2024-01-13T02:07:49.7Z",
      "area": "In The Paint (Non-RA)",
      "period": 2,
      "side": "right",
      "yLegacy": 79,
      "edited": "2024-01-13T02:07:59Z",
      "playerName": "Mensah",
      "isTargetScoreLastPeriod": false,
      "qualifiers": [
        "pointsinthepaint"
      ],
      "clock": "PT04M03.00S",
      "actionType": "2pt",
      "scoreHome": "56",
      "periodType": "REGULAR",
      "teamId": 1610612766,
      "actionNumber": 317,
      "x": 86.02168199737189,
      "y": 50.98039215686274,
      "subType": "Jump Shot",
      "personId": 1641877,
      "xLegacy": 5,
      "scoreAway": "38"
    },
    {
      "playerNameI": "D. Barlow",
      "orderNumber": 3130000,
      "isFieldGoal": 0,
      "possession": 1610612759,
      "teamTricode": "SAS",
      "description": "D. Barlow REBOUND (Off:1 Def:3)",
      "personIdsFilter": [
        1631230
      ],
      "areaDetail": "0-8 Center",
      "reboundDefensiveTotal": 3,
      "timeActual": "2024-01-13T02:07:52.6Z",
      "shotActionNumber": 317,
      "area": "In The Paint (Non-RA)",
      "reboundOffensiveTotal": 1,
      "period": 2,
      "side": null,
      "yLegacy": null,
      "edited": "2024-01-13T02:07:52Z",
      "playerName": "Barlow",
      "isTargetScoreLastPeriod": false,
      "qualifiers": [],
      "clock": "PT04M00.00S",
      "actionType": "rebound",
      "scoreHome": "56",
      "periodType": "REGULAR",
      "reboundTotal": 4,
      "teamId": 1610612759,
      "actionNumber": 318,
      "x": null,
      "y": null,
      "subType": "defensive",
      "personId": 1631230,
      "xLegacy": null,
      "scoreAway": "38"
    },
    {
      "playerNameI": "D. McDermott",
      "orderNumber": 3140000,
      "isFieldGoal": 1,
      "shotResult": "Missed",
      "possession": 1610612759,
      "teamTricode": "SAS",
      "description": "MISS D. McDermott running 3PT",
      "descriptor": "running",
      "personIdsFilter": [
        203926
      ],
      "areaDetail": "24+ Left",
      "shotDistance": 23.03,
      "timeActual": "2024-01-13T02:07:56.8Z",
      "area": "Left Corner 3",
      "period": 2,
      "side": "left",
      "yLegacy": 34,
      "edited": "2024-01-13T02:09:46Z",
      "playerName": "McDermott",
      "isTargetScoreLastPeriod": false,
      "qualifiers": [
        "fastbreak"
      ],
      "clock": "PT03M56.00S",
      "actionType": "3pt",
      "scoreHome": "56",
      "periodType": "REGULAR",
      "teamId": 1610612759,
      "actionNumber": 319,
      "x": 9.149145860709593,
      "y": 95.58823529411765,
      "subType": "Jump Shot",
      "personId": 203926,
      "xLegacy": -228,
      "scoreAway": "38"
    },
    {
      "playerNameI": "N. Mensah",
      "orderNumber": 3150000,
      "isFieldGoal": 0,
      "possession": 1610612766,
      "teamTricode": "CHA",
      "description": "N. Mensah REBOUND (Off:1 Def:1)",
      "personIdsFilter": [
        1641877
      ],
      "areaDetail": "24+ Left",
      "reboundDefensiveTotal": 1,
      "timeActual": "2024-01-13T02:07:59.8Z",
      "shotActionNumber": 319,
      "area": "Left Corner 3",
      "reboundOffensiveTotal": 1,
      "period": 2,
      "side": null,
      "yLegacy": null,
      "edited": "2024-01-13T02:08:02Z",
      "playerName": "Mensah",
      "isTargetScoreLastPeriod": false,
      "qualifiers": [],
      "clock": "PT03M53.00S",
      "actionType": "rebound",
      "scoreHome": "56",
      "periodType": "REGULAR",
      "reboundTotal": 2,
      "teamId": 1610612766,
      "actionNumber": 320,
      "x": null,
      "y": null,
      "subType": "defensive",
      "personId": 1641877,
      "xLegacy": null,
      "scoreAway": "38"
    },
    {
      "playerNameI": "T. Rozier",
      "orderNumber": 3160000,
      "isFieldGoal": 1,
      "shotResult": "Made",
      "possession": 1610612766,
      "teamTricode": "CHA",
      "description": "T. Rozier 26' 3PT pullup (8 PTS) (N. Smith Jr. 1 AST)",
      "descriptor": "pullup",
      "personIdsFilter": [
        1626179,
        1641733
      ],
      "areaDetail": "24+ Left Center",
      "shotDistance": 26.29,
      "timeActual": "2024-01-13T02:08:07.6Z",
      "assistPersonId": 1641733,
      "area": "Above the Break 3",
      "period": 2,
      "side": "right",
      "yLegacy": 194,
      "edited": "2024-01-13T02:08:12Z",
      "playerName": "Rozier",
      "isTargetScoreLastPeriod": false,
      "qualifiers": [],
      "assistTotal": 1,
      "clock": "PT03M45.00S",
      "actionType": "3pt",
      "scoreHome": "56",
      "periodType": "REGULAR",
      "teamId": 1610612766,
      "actionNumber": 321,
      "x": 73.80091984231275,
      "y": 14.460784313725492,
      "subType": "Jump Shot",
      "personId": 1626179,
      "xLegacy": -178,
      "scoreAway": "41",
      "pointsTotal": 8,
      "assistPlayerNameInitial": "N. Smith Jr."
    },
    {
      "orderNumber": 3180000,
      "isFieldGoal": 0,
      "possession": 1610612759,
      "teamTricode": "SAS",
      "description": "SAS Timeout",
      "personIdsFilter": [],
      "timeActual": "2024-01-13T02:08:13.1Z",
      "period": 2,
      "side": null,
      "yLegacy": null,
      "edited": "2024-01-13T02:08:13Z",
      "isTargetScoreLastPeriod": false,
      "qualifiers": [
        "team"
      ],
      "clock": "PT03M44.00S",
      "actionType": "timeout",
      "scoreHome": "56",
      "periodType": "REGULAR",
      "teamId": 1610612759,
      "actionNumber": 323,
      "x": null,
      "y": null,
      "subType": "full",
      "personId": 0,
      "xLegacy": null,
      "scoreAway": "41"
    },
    {
      "playerNameI": "N. Smith Jr.",
      "orderNumber": 3190000,
      "isFieldGoal": 0,
      "possession": 1610612759,
      "teamTricode": "CHA",
      "description": "SUB out: N. Smith Jr.",
      "personIdsFilter": [
        1641733
      ],
      "timeActual": "2024-01-13T02:11:05.0Z",
      "period": 2,
      "side": null,
      "yLegacy": null,
      "edited": "2024-01-13T02:11:14Z",
      "playerName": "Smith Jr.",
      "isTargetScoreLastPeriod": false,
      "qualifiers": [],
      "clock": "PT03M44.00S",
      "actionType": "substitution",
      "scoreHome": "56",
      "periodType": "REGULAR",
      "teamId": 1610612766,
      "actionNumber": 324,
      "x": null,
      "y": null,
      "subType": "out",
      "personId": 1641733,
      "xLegacy": null,
      "scoreAway": "41"
    },
    {
      "playerNameI": "B. McGowens",
      "orderNumber": 3200000,
      "isFieldGoal": 0,
      "possession": 1610612759,
      "teamTricode": "CHA",
      "description": "SUB in: B. McGowens",
      "personIdsFilter": [
        1631121
      ],
      "timeActual": "2024-01-13T02:11:05.0Z",
      "period": 2,
      "side": null,
      "yLegacy": null,
      "edited": "2024-01-13T02:11:14Z",
      "playerName": "McGowens",
      "isTargetScoreLastPeriod": false,
      "qualifiers": [],
      "clock": "PT03M44.00S",
      "actionType": "substitution",
      "scoreHome": "56",
      "periodType": "REGULAR",
      "teamId": 1610612766,
      "actionNumber": 325,
      "x": null,
      "y": null,
      "subType": "in",
      "personId": 1631121,
      "xLegacy": null,
      "scoreAway": "41"
    },
    {
      "playerNameI": "D. Vassell",
      "orderNumber": 3210000,
      "isFieldGoal": 1,
      "shotResult": "Missed",
      "possession": 1610612759,
      "teamTricode": "SAS",
      "description": "MISS D. Vassell driving Layup",
      "descriptor": "driving",
      "personIdsFilter": [
        1630170
      ],
      "areaDetail": "0-8 Center",
      "shotDistance": 2.24,
      "timeActual": "2024-01-13T02:11:30.3Z",
      "area": "Restricted Area",
      "period": 2,
      "side": "left",
      "yLegacy": 19,
      "edited": "2024-01-13T02:12:08Z",
      "playerName": "Vassell",
      "isTargetScoreLastPeriod": false,
      "qualifiers": [
        "pointsinthepaint"
      ],
      "clock": "PT03M30.00S",
      "actionType": "2pt",
      "scoreHome": "56",
      "periodType": "REGULAR",
      "teamId": 1610612759,
      "actionNumber": 326,
      "x": 7.5722733245729295,
      "y": 47.549019607843135,
      "subType": "Layup",
      "personId": 1630170,
      "xLegacy": 12,
      "scoreAway": "41"
    },
    {
      "playerNameI": "D. Barlow",
      "orderNumber": 3220000,
      "isFieldGoal": 0,
      "possession": 1610612759,
      "teamTricode": "SAS",
      "description": "D. Barlow REBOUND (Off:2 Def:3)",
      "personIdsFilter": [
        1631230
      ],
      "areaDetail": "0-8 Center",
      "reboundDefensiveTotal": 3,
      "timeActual": "2024-01-13T02:11:32.3Z",
      "shotActionNumber": 326,
      "area": "Restricted Area",
      "reboundOffensiveTotal": 2,
      "period": 2,
      "side": null,
      "yLegacy": null,
      "edited": "2024-01-13T02:12:08Z",
      "playerName": "Barlow",
      "isTargetScoreLastPeriod": false,
      "qualifiers": [],
      "clock": "PT03M28.00S",
      "actionType": "rebound",
      "scoreHome": "56",
      "periodType": "REGULAR",
      "reboundTotal": 5,
      "teamId": 1610612759,
      "actionNumber": 327,
      "x": null,
      "y": null,
      "subType": "offensive",
      "personId": 1631230,
      "xLegacy": null,
      "scoreAway": "41"
    },
    {
      "playerNameI": "D. Barlow",
      "orderNumber": 3230000,
      "isFieldGoal": 1,
      "shotResult": "Made",
      "possession": 1610612759,
      "teamTricode": "SAS",
      "description": "D. Barlow tip DUNK (3 PTS)",
      "descriptor": "tip",
      "personIdsFilter": [
        1631230
      ],
      "areaDetail": "0-8 Center",
      "shotDistance": 0,
      "timeActual": "2024-01-13T02:11:36.5Z",
      "area": "Restricted Area",
      "period": 2,
      "side": "left",
      "yLegacy": 0,
      "edited": "2024-01-13T02:12:23Z",
      "playerName": "Barlow",
      "isTargetScoreLastPeriod": false,
      "qualifiers": [
        "2ndchance",
        "pointsinthepaint"
      ],
      "clock": "PT03M27.00S",
      "actionType": "2pt",
      "scoreHome": "58",
      "periodType": "REGULAR",
      "teamId": 1610612759,
      "actionNumber": 328,
      "x": 5.590000152587891,
      "y": 50,
      "subType": "DUNK",
      "personId": 1631230,
      "xLegacy": 0,
      "scoreAway": "41",
      "pointsTotal": 3
    },
    {
      "playerNameI": "M. Bridges",
      "orderNumber": 3240000,
      "isFieldGoal": 1,
      "shotResult": "Made",
      "possession": 1610612766,
      "teamTricode": "CHA",
      "description": "M. Bridges DUNK (7 PTS) (I. Smith 2 AST)",
      "personIdsFilter": [
        1628970,
        202397
      ],
      "areaDetail": "0-8 Center",
      "shotDistance": 1.99,
      "timeActual": "2024-01-13T02:11:38.5Z",
      "assistPersonId": 202397,
      "area": "Restricted Area",
      "period": 2,
      "side": "right",
      "yLegacy": 13,
      "edited": "2024-01-13T02:11:44Z",
      "playerName": "Bridges",
      "isTargetScoreLastPeriod": false,
      "qualifiers": [
        "pointsinthepaint"
      ],
      "assistTotal": 2,
      "clock": "PT03M19.00S",
      "actionType": "2pt",
      "scoreHome": "58",
      "periodType": "REGULAR",
      "teamId": 1610612766,
      "actionNumber": 329,
      "x": 92.9862023653088,
      "y": 52.94117647058824,
      "subType": "DUNK",
      "personId": 1628970,
      "xLegacy": 15,
      "scoreAway": "43",
      "pointsTotal": 7,
      "assistPlayerNameInitial": "I. Smith"
    },
    {
      "playerNameI": "D. McDermott",
      "orderNumber": 3260000,
      "isFieldGoal": 1,
      "shotResult": "Made",
      "possession": 1610612759,
      "teamTricode": "SAS",
      "description": "D. McDermott 27' 3PT  (12 PTS) (M. Branham 2 AST)",
      "personIdsFilter": [
        203926,
        1631103
      ],
      "areaDetail": "24+ Right Center",
      "shotDistance": 27.04,
      "timeActual": "2024-01-13T02:11:49.7Z",
      "assistPersonId": 1631103,
      "area": "Above the Break 3",
      "period": 2,
      "side": "left",
      "yLegacy": 243,
      "edited": "2024-01-13T02:11:53Z",
      "playerName": "McDermott",
      "isTargetScoreLastPeriod": false,
      "qualifiers": [],
      "assistTotal": 2,
      "clock": "PT03M08.00S",
      "actionType": "3pt",
      "scoreHome": "61",
      "periodType": "REGULAR",
      "teamId": 1610612759,
      "actionNumber": 331,
      "x": 31.488173455978973,
      "y": 26.47058823529412,
      "subType": "Jump Shot",
      "personId": 203926,
      "xLegacy": 118,
      "scoreAway": "43",
      "pointsTotal": 12,
      "assistPlayerNameInitial": "M. Branham"
    },
    {
      "playerNameI": "I. Smith",
      "orderNumber": 3280000,
      "isFieldGoal": 1,
      "shotResult": "Missed",
      "possession": 1610612766,
      "teamTricode": "CHA",
      "description": "MISS I. Smith driving Layup",
      "descriptor": "driving",
      "personIdsFilter": [
        202397
      ],
      "areaDetail": "0-8 Center",
      "shotDistance": 3.83,
      "timeActual": "2024-01-13T02:12:13.0Z",
      "area": "Restricted Area",
      "period": 2,
      "side": "right",
      "yLegacy": 29,
      "edited": "2024-01-13T02:12:25Z",
      "playerName": "Smith",
      "isTargetScoreLastPeriod": false,
      "qualifiers": [
        "pointsinthepaint"
      ],
      "clock": "PT02M45.00S",
      "actionType": "2pt",
      "scoreHome": "61",
      "periodType": "REGULAR",
      "teamId": 1610612766,
      "actionNumber": 333,
      "x": 91.27792378449409,
      "y": 45.09803921568628,
      "subType": "Layup",
      "personId": 202397,
      "xLegacy": -25,
      "scoreAway": "43"
    },
    {
      "playerNameI": "J. Sochan",
      "orderNumber": 3290000,
      "isFieldGoal": 0,
      "possession": 1610612759,
      "teamTricode": "SAS",
      "description": "J. Sochan REBOUND (Off:0 Def:3)",
      "personIdsFilter": [
        1631110
      ],
      "areaDetail": "0-8 Center",
      "reboundDefensiveTotal": 3,
      "timeActual": "2024-01-13T02:12:16.0Z",
      "shotActionNumber": 333,
      "area": "Restricted Area",
      "reboundOffensiveTotal": 0,
      "period": 2,
      "side": null,
      "yLegacy": null,
      "edited": "2024-01-13T02:12:25Z",
      "playerName": "Sochan",
      "isTargetScoreLastPeriod": false,
      "qualifiers": [],
      "clock": "PT02M42.00S",
      "actionType": "rebound",
      "scoreHome": "61",
      "periodType": "REGULAR",
      "reboundTotal": 3,
      "teamId": 1610612759,
      "actionNumber": 334,
      "x": null,
      "y": null,
      "subType": "defensive",
      "personId": 1631110,
      "xLegacy": null,
      "scoreAway": "43"
    },
    {
      "playerNameI": "D. McDermott",
      "orderNumber": 3300000,
      "isFieldGoal": 1,
      "shotResult": "Missed",
      "possession": 1610612759,
      "teamTricode": "SAS",
      "description": "MISS D. McDermott 26' 3PT",
      "personIdsFilter": [
        203926
      ],
      "areaDetail": "24+ Right Center",
      "shotDistance": 26.81,
      "timeActual": "2024-01-13T02:12:22.2Z",
      "area": "Above the Break 3",
      "period": 2,
      "side": "left",
      "yLegacy": 222,
      "edited": "2024-01-13T02:14:15Z",
      "playerName": "McDermott",
      "isTargetScoreLastPeriod": false,
      "qualifiers": [],
      "clock": "PT02M38.00S",
      "actionType": "3pt",
      "scoreHome": "61",
      "periodType": "REGULAR",
      "teamId": 1610612759,
      "actionNumber": 335,
      "x": 29.25427069645204,
      "y": 20.098039215686274,
      "subType": "Jump Shot",
      "personId": 203926,
      "xLegacy": 150,
      "scoreAway": "43"
    },
    {
      "orderNumber": 3310000,
      "isFieldGoal": 0,
      "possession": 1610612759,
      "teamTricode": "SAS",
      "description": "TEAM offensive REBOUND",
      "personIdsFilter": [],
      "areaDetail": "24+ Right Center",
      "timeActual": "2024-01-13T02:12:24.2Z",
      "shotActionNumber": 335,
      "area": "Above the Break 3",
      "period": 2,
      "side": null,
      "yLegacy": null,
      "edited": "2024-01-13T02:14:15Z",
      "isTargetScoreLastPeriod": false,
      "qualifiers": [
        "team"
      ],
      "clock": "PT02M36.00S",
      "actionType": "rebound",
      "scoreHome": "61",
      "periodType": "REGULAR",
      "teamId": 1610612759,
      "actionNumber": 336,
      "x": null,
      "y": null,
      "subType": "offensive",
      "personId": 0,
      "xLegacy": null,
      "scoreAway": "43"
    },
    {
      "officialId": 1627962,
      "foulTechnicalTotal": 0,
      "playerNameI": "B. McGowens",
      "orderNumber": 3320000,
      "isFieldGoal": 0,
      "foulDrawnPlayerName": "Sochan",
      "possession": 1610612759,
      "teamTricode": "CHA",
      "foulPersonalTotal": 1,
      "description": "B. McGowens loose ball personal FOUL (1 PF) (Sochan 2 FT)",
      "descriptor": "loose ball",
      "personIdsFilter": [
        1631121,
        1631110
      ],
      "areaDetail": "16-24 Left Center",
      "timeActual": "2024-01-13T02:12:29.5Z",
      "area": "Mid-Range",
      "period": 2,
      "side": null,
      "yLegacy": null,
      "edited": "2024-01-13T02:12:43Z",
      "playerName": "McGowens",
      "isTargetScoreLastPeriod": false,
      "qualifiers": [
        "inpenalty",
        "2freethrow"
      ],
      "clock": "PT02M36.00S",
      "actionType": "foul",
      "scoreHome": "61",
      "periodType": "REGULAR",
      "teamId": 1610612766,
      "actionNumber": 337,
      "x": null,
      "y": null,
      "subType": "personal",
      "personId": 1631121,
      "xLegacy": null,
      "scoreAway": "43",
      "foulDrawnPersonId": 1631110
    },
    {
      "playerNameI": "J. Sochan",
      "orderNumber": 3340000,
      "isFieldGoal": 0,
      "shotResult": "Made",
      "possession": 1610612759,
      "teamTricode": "SAS",
      "description": "J. Sochan Free Throw 1 of 2 (6 PTS)",
      "personIdsFilter": [
        1631110
      ],
      "timeActual": "2024-01-13T02:12:52.6Z",
      "period": 2,
      "side": null,
      "yLegacy": null,
      "edited": "2024-01-13T02:12:52Z",
      "playerName": "Sochan",
      "isTargetScoreLastPeriod": false,
      "qualifiers": [
        "2ndchance"
      ],
      "clock": "PT02M36.00S",
      "actionType": "freethrow",
      "scoreHome": "62",
      "periodType": "REGULAR",
      "teamId": 1610612759,
      "actionNumber": 339,
      "x": null,
      "y": null,
      "subType": "1 of 2",
      "personId": 1631110,
      "xLegacy": null,
      "scoreAway": "43",
      "pointsTotal": 6
    },
    {
      "playerNameI": "I. Smith",
      "orderNumber": 3350000,
      "isFieldGoal": 0,
      "possession": 1610612759,
      "teamTricode": "CHA",
      "description": "SUB out: I. Smith",
      "personIdsFilter": [
        202397
      ],
      "timeActual": "2024-01-13T02:12:57.8Z",
      "period": 2,
      "side": null,
      "yLegacy": null,
      "edited": "2024-01-13T02:13:01Z",
      "playerName": "Smith",
      "isTargetScoreLastPeriod": false,
      "qualifiers": [],
      "clock": "PT02M36.00S",
      "actionType": "substitution",
      "scoreHome": "62",
      "periodType": "REGULAR",
      "teamId": 1610612766,
      "actionNumber": 340,
      "x": null,
      "y": null,
      "subType": "out",
      "personId": 202397,
      "xLegacy": null,
      "scoreAway": "43"
    },
    {
      "playerNameI": "L. Ball",
      "orderNumber": 3360000,
      "isFieldGoal": 0,
      "possession": 1610612759,
      "teamTricode": "CHA",
      "description": "SUB in: L. Ball",
      "personIdsFilter": [
        1630163
      ],
      "timeActual": "2024-01-13T02:12:57.8Z",
      "period": 2,
      "side": null,
      "yLegacy": null,
      "edited": "2024-01-13T02:13:01Z",
      "playerName": "Ball",
      "isTargetScoreLastPeriod": false,
      "qualifiers": [],
      "clock": "PT02M36.00S",
      "actionType": "substitution",
      "scoreHome": "62",
      "periodType": "REGULAR",
      "teamId": 1610612766,
      "actionNumber": 341,
      "x": null,
      "y": null,
      "subType": "in",
      "personId": 1630163,
      "xLegacy": null,
      "scoreAway": "43"
    },
    {
      "playerNameI": "J. Sochan",
      "orderNumber": 3370000,
      "isFieldGoal": 0,
      "shotResult": "Missed",
      "possession": 1610612759,
      "teamTricode": "SAS",
      "description": "MISS J. Sochan Free Throw 2 of 2",
      "personIdsFilter": [
        1631110
      ],
      "timeActual": "2024-01-13T02:12:52.6Z",
      "period": 2,
      "side": null,
      "yLegacy": null,
      "edited": "2024-01-13T02:13:14Z",
      "playerName": "Sochan",
      "isTargetScoreLastPeriod": false,
      "qualifiers": [
        "2ndchance"
      ],
      "clock": "PT02M36.00S",
      "actionType": "freethrow",
      "scoreHome": "62",
      "periodType": "REGULAR",
      "teamId": 1610612759,
      "actionNumber": 342,
      "x": null,
      "y": null,
      "subType": "2 of 2",
      "personId": 1631110,
      "xLegacy": null,
      "scoreAway": "43"
    },
    {
      "playerNameI": "M. Bridges",
      "orderNumber": 3380000,
      "isFieldGoal": 0,
      "possession": 1610612766,
      "teamTricode": "CHA",
      "description": "M. Bridges REBOUND (Off:1 Def:6)",
      "personIdsFilter": [
        1628970
      ],
      "reboundDefensiveTotal": 6,
      "timeActual": "2024-01-13T02:12:54.6Z",
      "shotActionNumber": 342,
      "reboundOffensiveTotal": 1,
      "period": 2,
      "side": null,
      "yLegacy": null,
      "edited": "2024-01-13T02:13:14Z",
      "playerName": "Bridges",
      "isTargetScoreLastPeriod": false,
      "qualifiers": [],
      "clock": "PT02M34.00S",
      "actionType": "rebound",
      "scoreHome": "62",
      "periodType": "REGULAR",
      "reboundTotal": 7,
      "teamId": 1610612766,
      "actionNumber": 343,
      "x": null,
      "y": null,
      "subType": "defensive",
      "personId": 1628970,
      "xLegacy": null,
      "scoreAway": "43"
    },
    {
      "playerNameI": "T. Rozier",
      "orderNumber": 3390000,
      "isFieldGoal": 1,
      "shotResult": "Made",
      "possession": 1610612766,
      "teamTricode": "CHA",
      "description": "T. Rozier driving finger roll Layup (10 PTS)",
      "descriptor": "driving finger roll",
      "personIdsFilter": [
        1626179
      ],
      "areaDetail": "0-8 Center",
      "shotDistance": 2.36,
      "timeActual": "2024-01-13T02:13:25.8Z",
      "area": "Restricted Area",
      "period": 2,
      "side": "right",
      "yLegacy": 18,
      "edited": "2024-01-13T02:13:31Z",
      "playerName": "Rozier",
      "isTargetScoreLastPeriod": false,
      "qualifiers": [
        "pointsinthepaint"
      ],
      "clock": "PT02M18.00S",
      "actionType": "2pt",
      "scoreHome": "62",
      "periodType": "REGULAR",
      "teamId": 1610612766,
      "actionNumber": 344,
      "x": 92.46057818659659,
      "y": 52.94117647058824,
      "subType": "Layup",
      "personId": 1626179,
      "xLegacy": 15,
      "scoreAway": "45",
      "pointsTotal": 10
    },
    {
      "playerNameI": "D. Barlow",
      "orderNumber": 3400000,
      "isFieldGoal": 1,
      "shotResult": "Missed",
      "possession": 1610612759,
      "teamTricode": "SAS",
      "description": "MISS D. Barlow 9' turnaround Hook",
      "descriptor": "turnaround",
      "personIdsFilter": [
        1631230
      ],
      "areaDetail": "8-16 Right",
      "shotDistance": 9.69,
      "timeActual": "2024-01-13T02:13:41.4Z",
      "area": "In The Paint (Non-RA)",
      "period": 2,
      "side": "left",
      "yLegacy": 63,
      "edited": "2024-01-13T02:15:33Z",
      "playerName": "Barlow",
      "isTargetScoreLastPeriod": false,
      "qualifiers": [
        "pointsinthepaint"
      ],
      "clock": "PT02M03.00S",
      "actionType": "2pt",
      "scoreHome": "62",
      "periodType": "REGULAR",
      "teamId": 1610612759,
      "actionNumber": 345,
      "x": 12.302890932982917,
      "y": 35.294117647058826,
      "subType": "Hook",
      "personId": 1631230,
      "xLegacy": 74,
      "scoreAway": "45"
    },
    {
      "playerNameI": "L. Ball",
      "orderNumber": 3410000,
      "isFieldGoal": 0,
      "possession": 1610612766,
      "teamTricode": "CHA",
      "description": "L. Ball REBOUND (Off:0 Def:1)",
      "personIdsFilter": [
        1630163
      ],
      "areaDetail": "8-16 Right",
      "reboundDefensiveTotal": 1,
      "timeActual": "2024-01-13T02:13:44.4Z",
      "shotActionNumber": 345,
      "area": "In The Paint (Non-RA)",
      "reboundOffensiveTotal": 0,
      "period": 2,
      "side": null,
      "yLegacy": null,
      "edited": "2024-01-13T02:13:49Z",
      "playerName": "Ball",
      "isTargetScoreLastPeriod": false,
      "qualifiers": [],
      "clock": "PT02M00.00S",
      "actionType": "rebound",
      "scoreHome": "62",
      "periodType": "REGULAR",
      "reboundTotal": 1,
      "teamId": 1610612766,
      "actionNumber": 346,
      "x": null,
      "y": null,
      "subType": "defensive",
      "personId": 1630163,
      "xLegacy": null,
      "scoreAway": "45"
    },
    {
      "playerNameI": "N. Mensah",
      "orderNumber": 3420000,
      "isFieldGoal": 1,
      "shotResult": "Missed",
      "possession": 1610612766,
      "teamTricode": "CHA",
      "description": "MISS N. Mensah 6' fadeaway Shot",
      "descriptor": "fadeaway",
      "personIdsFilter": [
        1641877
      ],
      "areaDetail": "0-8 Center",
      "shotDistance": 6.48,
      "timeActual": "2024-01-13T02:13:56.0Z",
      "area": "In The Paint (Non-RA)",
      "period": 2,
      "side": "right",
      "yLegacy": 63,
      "edited": "2024-01-13T02:14:01Z",
      "playerName": "Mensah",
      "isTargetScoreLastPeriod": false,
      "qualifiers": [
        "pointsinthepaint"
      ],
      "clock": "PT01M48.00S",
      "actionType": "2pt",
      "scoreHome": "62",
      "periodType": "REGULAR",
      "teamId": 1610612766,
      "actionNumber": 347,
      "x": 87.72996057818659,
      "y": 46.81372549019608,
      "subType": "Jump Shot",
      "personId": 1641877,
      "xLegacy": -16,
      "scoreAway": "45"
    },
    {
      "playerNameI": "D. Barlow",
      "orderNumber": 3430000,
      "isFieldGoal": 0,
      "possession": 1610612759,
      "teamTricode": "SAS",
      "description": "D. Barlow REBOUND (Off:2 Def:4)",
      "personIdsFilter": [
        1631230
      ],
      "areaDetail": "0-8 Center",
      "reboundDefensiveTotal": 4,
      "timeActual": "2024-01-13T02:13:59.0Z",
      "shotActionNumber": 347,
      "area": "In The Paint (Non-RA)",
      "reboundOffensiveTotal": 2,
      "period": 2,
      "side": null,
      "yLegacy": null,
      "edited": "2024-01-13T02:14:01Z",
      "playerName": "Barlow",
      "isTargetScoreLastPeriod": false,
      "qualifiers": [],
      "clock": "PT01M45.00S",
      "actionType": "rebound",
      "scoreHome": "62",
      "periodType": "REGULAR",
      "reboundTotal": 6,
      "teamId": 1610612759,
      "actionNumber": 348,
      "x": null,
      "y": null,
      "subType": "defensive",
      "personId": 1631230,
      "xLegacy": null,
      "scoreAway": "45"
    },
    {
      "playerNameI": "M. Branham",
      "orderNumber": 3440000,
      "isFieldGoal": 0,
      "possession": 1610612759,
      "teamTricode": "SAS",
      "description": "M. Branham lost ball TURNOVER (1 TO)",
      "personIdsFilter": [
        1631103,
        1631121
      ],
      "areaDetail": "0-8 Center",
      "timeActual": "2024-01-13T02:14:14.8Z",
      "area": "In The Paint (Non-RA)",
      "period": 2,
      "side": null,
      "yLegacy": null,
      "edited": "2024-01-13T02:14:20Z",
      "playerName": "Branham",
      "isTargetScoreLastPeriod": false,
      "qualifiers": [],
      "clock": "PT01M29.00S",
      "turnoverTotal": 1,
      "actionType": "turnover",
      "scoreHome": "62",
      "periodType": "REGULAR",
      "stealPersonId": 1631121,
      "teamId": 1610612759,
      "actionNumber": 349,
      "x": null,
      "y": null,
      "subType": "lost ball",
      "personId": 1631103,
      "xLegacy": null,
      "scoreAway": "45",
      "stealPlayerName": "McGowens"
    },
    {
      "playerNameI": "B. McGowens",
      "orderNumber": 3450000,
      "isFieldGoal": 0,
      "possession": 1610612766,
      "teamTricode": "CHA",
      "description": "B. McGowens STEAL (1 STL)",
      "personIdsFilter": [
        1631121
      ],
      "areaDetail": "0-8 Center",
      "timeActual": "2024-01-13T02:14:14.8Z",
      "area": "In The Paint (Non-RA)",
      "period": 2,
      "side": null,
      "yLegacy": null,
      "edited": "2024-01-13T02:14:17Z",
      "playerName": "McGowens",
      "isTargetScoreLastPeriod": false,
      "qualifiers": [],
      "clock": "PT01M29.00S",
      "actionType": "steal",
      "scoreHome": "62",
      "periodType": "REGULAR",
      "teamId": 1610612766,
      "actionNumber": 350,
      "x": null,
      "y": null,
      "personId": 1631121,
      "subType": "",
      "xLegacy": null,
      "scoreAway": "45"
    },
    {
      "playerNameI": "T. Rozier",
      "orderNumber": 3460000,
      "isFieldGoal": 0,
      "possession": 1610612766,
      "teamTricode": "CHA",
      "description": "T. Rozier lost ball TURNOVER (1 TO)",
      "personIdsFilter": [
        1626179,
        1630170
      ],
      "areaDetail": "8-16 Center",
      "timeActual": "2024-01-13T02:14:19.7Z",
      "area": "In The Paint (Non-RA)",
      "period": 2,
      "side": null,
      "yLegacy": null,
      "edited": "2024-01-13T02:14:28Z",
      "playerName": "Rozier",
      "isTargetScoreLastPeriod": false,
      "qualifiers": [],
      "clock": "PT01M24.00S",
      "turnoverTotal": 1,
      "actionType": "turnover",
      "scoreHome": "62",
      "periodType": "REGULAR",
      "stealPersonId": 1630170,
      "teamId": 1610612766,
      "actionNumber": 351,
      "x": null,
      "y": null,
      "subType": "lost ball",
      "personId": 1626179,
      "xLegacy": null,
      "scoreAway": "45",
      "stealPlayerName": "Vassell"
    },
    {
      "playerNameI": "D. Vassell",
      "orderNumber": 3470000,
      "isFieldGoal": 0,
      "possession": 1610612759,
      "teamTricode": "SAS",
      "description": "D. Vassell STEAL (1 STL)",
      "personIdsFilter": [
        1630170
      ],
      "areaDetail": "8-16 Center",
      "timeActual": "2024-01-13T02:14:19.7Z",
      "area": "In The Paint (Non-RA)",
      "period": 2,
      "side": null,
      "yLegacy": null,
      "edited": "2024-01-13T02:14:22Z",
      "playerName": "Vassell",
      "isTargetScoreLastPeriod": false,
      "qualifiers": [],
      "clock": "PT01M24.00S",
      "actionType": "steal",
      "scoreHome": "62",
      "periodType": "REGULAR",
      "teamId": 1610612759,
      "actionNumber": 352,
      "x": null,
      "y": null,
      "personId": 1630170,
      "subType": "",
      "xLegacy": null,
      "scoreAway": "45"
    },
    {
      "officialId": 202049,
      "foulTechnicalTotal": 0,
      "playerNameI": "M. Bridges",
      "orderNumber": 3480000,
      "isFieldGoal": 0,
      "foulDrawnPlayerName": "Barlow",
      "possession": 1610612759,
      "teamTricode": "CHA",
      "foulPersonalTotal": 1,
      "description": "M. Bridges personal FOUL (1 PF) (Barlow 2 FT)",
      "personIdsFilter": [
        1628970,
        1631230
      ],
      "areaDetail": "0-8 Center",
      "timeActual": "2024-01-13T02:14:42.8Z",
      "area": "Restricted Area",
      "period": 2,
      "side": null,
      "yLegacy": null,
      "edited": "2024-01-13T02:15:15Z",
      "playerName": "Bridges",
      "isTargetScoreLastPeriod": false,
      "qualifiers": [
        "inpenalty",
        "2freethrow"
      ],
      "clock": "PT01M05.00S",
      "actionType": "foul",
      "scoreHome": "62",
      "periodType": "REGULAR",
      "teamId": 1610612766,
      "actionNumber": 353,
      "x": null,
      "y": null,
      "subType": "personal",
      "personId": 1628970,
      "xLegacy": null,
      "scoreAway": "45",
      "foulDrawnPersonId": 1631230
    },
    {
      "playerNameI": "D. Barlow",
      "orderNumber": 3500000,
      "isFieldGoal": 0,
      "shotResult": "Made",
      "possession": 1610612759,
      "teamTricode": "SAS",
      "description": "D. Barlow Free Throw 1 of 2 (4 PTS)",
      "personIdsFilter": [
        1631230
      ],
      "timeActual": "2024-01-13T02:15:16.6Z",
      "period": 2,
      "side": null,
      "yLegacy": null,
      "edited": "2024-01-13T02:15:16Z",
      "playerName": "Barlow",
      "isTargetScoreLastPeriod": false,
      "qualifiers": [
        "fromturnover"
      ],
      "clock": "PT01M05.00S",
      "actionType": "freethrow",
      "scoreHome": "63",
      "periodType": "REGULAR",
      "teamId": 1610612759,
      "actionNumber": 355,
      "x": null,
      "y": null,
      "subType": "1 of 2",
      "personId": 1631230,
      "xLegacy": null,
      "scoreAway": "45",
      "pointsTotal": 4
    },
    {
      "playerNameI": "D. McDermott",
      "orderNumber": 3510000,
      "isFieldGoal": 0,
      "possession": 1610612759,
      "teamTricode": "SAS",
      "description": "SUB out: D. McDermott",
      "personIdsFilter": [
        203926
      ],
      "timeActual": "2024-01-13T02:15:18.2Z",
      "period": 2,
      "side": null,
      "yLegacy": null,
      "edited": "2024-01-13T02:15:27Z",
      "playerName": "McDermott",
      "isTargetScoreLastPeriod": false,
      "qualifiers": [],
      "clock": "PT01M05.00S",
      "actionType": "substitution",
      "scoreHome": "63",
      "periodType": "REGULAR",
      "teamId": 1610612759,
      "actionNumber": 356,
      "x": null,
      "y": null,
      "subType": "out",
      "personId": 203926,
      "xLegacy": null,
      "scoreAway": "45"
    },
    {
      "playerNameI": "C. Osman",
      "orderNumber": 3520000,
      "isFieldGoal": 0,
      "possession": 1610612759,
      "teamTricode": "SAS",
      "description": "SUB in: C. Osman",
      "personIdsFilter": [
        1626224
      ],
      "timeActual": "2024-01-13T02:15:18.2Z",
      "period": 2,
      "side": null,
      "yLegacy": null,
      "edited": "2024-01-13T02:15:27Z",
      "playerName": "Osman",
      "isTargetScoreLastPeriod": false,
      "qualifiers": [],
      "clock": "PT01M05.00S",
      "actionType": "substitution",
      "scoreHome": "63",
      "periodType": "REGULAR",
      "teamId": 1610612759,
      "actionNumber": 357,
      "x": null,
      "y": null,
      "subType": "in",
      "personId": 1626224,
      "xLegacy": null,
      "scoreAway": "45"
    },
    {
      "playerNameI": "D. Barlow",
      "orderNumber": 3530000,
      "isFieldGoal": 0,
      "shotResult": "Made",
      "possession": 1610612759,
      "teamTricode": "SAS",
      "description": "D. Barlow Free Throw 2 of 2 (5 PTS)",
      "personIdsFilter": [
        1631230
      ],
      "timeActual": "2024-01-13T02:15:38.1Z",
      "period": 2,
      "side": null,
      "yLegacy": null,
      "edited": "2024-01-13T02:15:38Z",
      "playerName": "Barlow",
      "isTargetScoreLastPeriod": false,
      "qualifiers": [
        "fromturnover"
      ],
      "clock": "PT01M05.00S",
      "actionType": "freethrow",
      "scoreHome": "64",
      "periodType": "REGULAR",
      "teamId": 1610612759,
      "actionNumber": 358,
      "x": null,
      "y": null,
      "subType": "2 of 2",
      "personId": 1631230,
      "xLegacy": null,
      "scoreAway": "45",
      "pointsTotal": 5
    },
    {
      "officialId": 1627962,
      "foulTechnicalTotal": 0,
      "playerNameI": "N. Mensah",
      "orderNumber": 3540000,
      "isFieldGoal": 0,
      "foulDrawnPlayerName": "Branham",
      "possession": 1610612766,
      "teamTricode": "CHA",
      "foulPersonalTotal": 4,
      "description": "N. Mensah offensive FOUL (4 PF)",
      "personIdsFilter": [
        1641877,
        1631103
      ],
      "areaDetail": "24+ Right Center",
      "timeActual": "2024-01-13T02:15:47.8Z",
      "area": "Above the Break 3",
      "period": 2,
      "side": null,
      "yLegacy": null,
      "edited": "2024-01-13T02:15:55Z",
      "playerName": "Mensah",
      "isTargetScoreLastPeriod": false,
      "qualifiers": [
        "inpenalty"
      ],
      "clock": "PT01M00.00S",
      "actionType": "foul",
      "scoreHome": "64",
      "periodType": "REGULAR",
      "teamId": 1610612766,
      "actionNumber": 359,
      "x": null,
      "y": null,
      "subType": "offensive",
      "personId": 1641877,
      "xLegacy": null,
      "scoreAway": "45",
      "foulDrawnPersonId": 1631103
    },
    {
      "officialId": 1627962,
      "playerNameI": "N. Mensah",
      "orderNumber": 3560000,
      "isFieldGoal": 0,
      "possession": 1610612766,
      "teamTricode": "CHA",
      "description": "N. Mensah offensive foul TURNOVER (1 TO)",
      "personIdsFilter": [
        1641877
      ],
      "areaDetail": "24+ Right Center",
      "timeActual": "2024-01-13T02:15:47.8Z",
      "area": "Above the Break 3",
      "period": 2,
      "side": null,
      "yLegacy": null,
      "edited": "2024-01-13T02:15:47Z",
      "playerName": "Mensah",
      "isTargetScoreLastPeriod": false,
      "qualifiers": [],
      "clock": "PT01M00.00S",
      "turnoverTotal": 1,
      "actionType": "turnover",
      "scoreHome": "64",
      "periodType": "REGULAR",
      "teamId": 1610612766,
      "actionNumber": 361,
      "x": null,
      "y": null,
      "subType": "offensive foul",
      "personId": 1641877,
      "xLegacy": null,
      "scoreAway": "45"
    },
    {
      "playerNameI": "N. Mensah",
      "orderNumber": 3570000,
      "isFieldGoal": 0,
      "possession": 1610612759,
      "teamTricode": "CHA",
      "description": "SUB out: N. Mensah",
      "personIdsFilter": [
        1641877
      ],
      "timeActual": "2024-01-13T02:15:54.9Z",
      "period": 2,
      "side": null,
      "yLegacy": null,
      "edited": "2024-01-13T02:16:01Z",
      "playerName": "Mensah",
      "isTargetScoreLastPeriod": false,
      "qualifiers": [],
      "clock": "PT01M00.00S",
      "actionType": "substitution",
      "scoreHome": "64",
      "periodType": "REGULAR",
      "teamId": 1610612766,
      "actionNumber": 362,
      "x": null,
      "y": null,
      "subType": "out",
      "personId": 1641877,
      "xLegacy": null,
      "scoreAway": "45"
    },
    {
      "playerNameI": "L. Black",
      "orderNumber": 3580000,
      "isFieldGoal": 0,
      "possession": 1610612759,
      "teamTricode": "CHA",
      "description": "SUB in: L. Black",
      "personIdsFilter": [
        1641778
      ],
      "timeActual": "2024-01-13T02:15:54.9Z",
      "period": 2,
      "side": null,
      "yLegacy": null,
      "edited": "2024-01-13T02:16:01Z",
      "playerName": "Black",
      "isTargetScoreLastPeriod": false,
      "qualifiers": [],
      "clock": "PT01M00.00S",
      "actionType": "substitution",
      "scoreHome": "64",
      "periodType": "REGULAR",
      "teamId": 1610612766,
      "actionNumber": 363,
      "x": null,
      "y": null,
      "subType": "in",
      "personId": 1641778,
      "xLegacy": null,
      "scoreAway": "45"
    },
    {
      "playerNameI": "D. Vassell",
      "orderNumber": 3590000,
      "isFieldGoal": 1,
      "shotResult": "Missed",
      "possession": 1610612759,
      "teamTricode": "SAS",
      "description": "MISS D. Vassell 8' driving Layup - blocked",
      "descriptor": "driving",
      "personIdsFilter": [
        1630170,
        1626179
      ],
      "areaDetail": "8-16 Center",
      "shotDistance": 8.32,
      "timeActual": "2024-01-13T02:16:24.1Z",
      "blockPlayerName": "Rozier",
      "area": "In The Paint (Non-RA)",
      "period": 2,
      "side": "left",
      "yLegacy": 83,
      "edited": "2024-01-13T02:18:33Z",
      "playerName": "Vassell",
      "isTargetScoreLastPeriod": false,
      "qualifiers": [
        "pointsinthepaint",
        "fromturnover"
      ],
      "clock": "PT00M47.50S",
      "actionType": "2pt",
      "scoreHome": "64",
      "periodType": "REGULAR",
      "blockPersonId": 1626179,
      "teamId": 1610612759,
      "actionNumber": 364,
      "x": 14.4053876478318,
      "y": 48.529411764705884,
      "subType": "Layup",
      "personId": 1630170,
      "xLegacy": 7,
      "scoreAway": "45"
    },
    {
      "playerNameI": "T. Rozier",
      "orderNumber": 3600000,
      "isFieldGoal": 0,
      "possession": 1610612759,
      "teamTricode": "CHA",
      "description": "T. Rozier BLOCK (1 BLK)",
      "personIdsFilter": [
        1626179
      ],
      "areaDetail": "8-16 Center",
      "timeActual": "2024-01-13T02:16:24.1Z",
      "area": "In The Paint (Non-RA)",
      "period": 2,
      "side": null,
      "yLegacy": null,
      "edited": "2024-01-13T02:16:29Z",
      "playerName": "Rozier",
      "isTargetScoreLastPeriod": false,
      "qualifiers": [],
      "clock": "PT00M47.50S",
      "actionType": "block",
      "scoreHome": "64",
      "periodType": "REGULAR",
      "teamId": 1610612766,
      "actionNumber": 365,
      "x": null,
      "y": null,
      "personId": 1626179,
      "subType": "",
      "xLegacy": null,
      "scoreAway": "45"
    },
    {
      "orderNumber": 3610000,
      "isFieldGoal": 0,
      "possession": 1610612766,
      "teamTricode": "CHA",
      "description": "TEAM defensive REBOUND",
      "personIdsFilter": [],
      "areaDetail": "8-16 Center",
      "timeActual": "2024-01-13T02:16:24.9Z",
      "shotActionNumber": 364,
      "area": "In The Paint (Non-RA)",
      "period": 2,
      "side": null,
      "yLegacy": null,
      "edited": "2024-01-13T02:18:33Z",
      "isTargetScoreLastPeriod": false,
      "qualifiers": [
        "team"
      ],
      "clock": "PT00M46.70S",
      "actionType": "rebound",
      "scoreHome": "64",
      "periodType": "REGULAR",
      "teamId": 1610612766,
      "actionNumber": 366,
      "x": null,
      "y": null,
      "subType": "defensive",
      "personId": 0,
      "xLegacy": null,
      "scoreAway": "45"
    },
    {
      "playerNameI": "L. Ball",
      "orderNumber": 3630000,
      "isFieldGoal": 1,
      "shotResult": "Missed",
      "possession": 1610612766,
      "teamTricode": "CHA",
      "description": "MISS L. Ball 8' floating Shot",
      "descriptor": "floating",
      "personIdsFilter": [
        1630163
      ],
      "areaDetail": "8-16 Center",
      "shotDistance": 8.88,
      "timeActual": "2024-01-13T02:16:46.6Z",
      "area": "In The Paint (Non-RA)",
      "period": 2,
      "side": "right",
      "yLegacy": 89,
      "edited": "2024-01-13T02:16:51Z",
      "playerName": "Ball",
      "isTargetScoreLastPeriod": false,
      "qualifiers": [
        "pointsinthepaint"
      ],
      "clock": "PT00M30.20S",
      "actionType": "2pt",
      "scoreHome": "64",
      "periodType": "REGULAR",
      "teamId": 1610612766,
      "actionNumber": 368,
      "x": 84.97043363994744,
      "y": 50.49019607843137,
      "subType": "Jump Shot",
      "personId": 1630163,
      "xLegacy": 2,
      "scoreAway": "45"
    },
    {
      "playerNameI": "M. Branham",
      "orderNumber": 3640000,
      "isFieldGoal": 0,
      "possession": 1610612759,
      "teamTricode": "SAS",
      "description": "M. Branham REBOUND (Off:0 Def:1)",
      "personIdsFilter": [
        1631103
      ],
      "areaDetail": "8-16 Center",
      "reboundDefensiveTotal": 1,
      "timeActual": "2024-01-13T02:16:48.9Z",
      "shotActionNumber": 368,
      "area": "In The Paint (Non-RA)",
      "reboundOffensiveTotal": 0,
      "period": 2,
      "side": null,
      "yLegacy": null,
      "edited": "2024-01-13T02:16:48Z",
      "playerName": "Branham",
      "isTargetScoreLastPeriod": false,
      "qualifiers": [],
      "clock": "PT00M28.00S",
      "actionType": "rebound",
      "scoreHome": "64",
      "periodType": "REGULAR",
      "reboundTotal": 1,
      "teamId": 1610612759,
      "actionNumber": 369,
      "x": null,
      "y": null,
      "subType": "defensive",
      "personId": 1631103,
      "xLegacy": null,
      "scoreAway": "45"
    },
    {
      "playerNameI": "J. Sochan",
      "orderNumber": 3650000,
      "isFieldGoal": 1,
      "shotResult": "Made",
      "possession": 1610612759,
      "teamTricode": "SAS",
      "description": "J. Sochan 11' turnaround Jump Shot (8 PTS) (M. Branham 3 AST)",
      "descriptor": "turnaround",
      "personIdsFilter": [
        1631110,
        1631103
      ],
      "areaDetail": "8-16 Center",
      "shotDistance": 11.07,
      "timeActual": "2024-01-13T02:17:12.7Z",
      "assistPersonId": 1631103,
      "area": "In The Paint (Non-RA)",
      "period": 2,
      "side": "left",
      "yLegacy": 95,
      "edited": "2024-01-13T02:17:25Z",
      "playerName": "Sochan",
      "isTargetScoreLastPeriod": false,
      "qualifiers": [
        "pointsinthepaint"
      ],
      "assistTotal": 3,
      "clock": "PT00M04.80S",
      "actionType": "2pt",
      "scoreHome": "66",
      "periodType": "REGULAR",
      "teamId": 1610612759,
      "actionNumber": 370,
      "x": 15.719448094612352,
      "y": 38.72549019607843,
      "subType": "Jump Shot",
      "personId": 1631110,
      "xLegacy": 56,
      "scoreAway": "45",
      "pointsTotal": 8,
      "assistPlayerNameInitial": "M. Branham"
    },
    {
      "playerNameI": "L. Ball",
      "orderNumber": 3660000,
      "isFieldGoal": 1,
      "shotResult": "Missed",
      "possession": 1610612766,
      "teamTricode": "CHA",
      "description": "MISS L. Ball 12' floating Shot",
      "descriptor": "floating",
      "personIdsFilter": [
        1630163
      ],
      "areaDetail": "8-16 Center",
      "shotDistance": 12.17,
      "timeActual": "2024-01-13T02:17:21.0Z",
      "area": "In The Paint (Non-RA)",
      "period": 2,
      "side": "right",
      "yLegacy": 121,
      "edited": "2024-01-13T02:17:52Z",
      "playerName": "Ball",
      "isTargetScoreLastPeriod": false,
      "qualifiers": [
        "pointsinthepaint"
      ],
      "clock": "PT00M00.00S",
      "actionType": "2pt",
      "scoreHome": "66",
      "periodType": "REGULAR",
      "teamId": 1610612766,
      "actionNumber": 371,
      "x": 81.553876478318,
      "y": 52.69607843137255,
      "subType": "Jump Shot",
      "personId": 1630163,
      "xLegacy": 13,
      "scoreAway": "45"
    },
    {
      "orderNumber": 3670000,
      "isFieldGoal": 0,
      "possession": 1610612766,
      "teamTricode": "CHA",
      "description": "TEAM offensive REBOUND",
      "personIdsFilter": [],
      "areaDetail": "8-16 Center",
      "timeActual": "2024-01-13T02:17:24.2Z",
      "shotActionNumber": 371,
      "area": "In The Paint (Non-RA)",
      "period": 2,
      "side": null,
      "yLegacy": null,
      "edited": "2024-01-13T02:17:24Z",
      "isTargetScoreLastPeriod": false,
      "qualifiers": [
        "team"
      ],
      "clock": "PT00M00.00S",
      "actionType": "rebound",
      "scoreHome": "66",
      "periodType": "REGULAR",
      "teamId": 1610612766,
      "actionNumber": 372,
      "x": null,
      "y": null,
      "subType": "offensive",
      "personId": 0,
      "xLegacy": null,
      "scoreAway": "45"
    },
    {
      "period": 2,
      "side": null,
      "orderNumber": 3680000,
      "yLegacy": null,
      "isFieldGoal": 0,
      "edited": "2024-01-13T02:17:31Z",
      "isTargetScoreLastPeriod": false,
      "possession": 1610612766,
      "qualifiers": [],
      "description": "Period End",
      "clock": "PT00M00.00S",
      "personIdsFilter": [],
      "actionType": "period",
      "scoreHome": "66",
      "periodType": "REGULAR",
      "actionNumber": 373,
      "x": null,
      "timeActual": "2024-01-13T02:17:31.3Z",
      "y": null,
      "subType": "end",
      "personId": 0,
      "xLegacy": null,
      "scoreAway": "45"
    },
    {
      "playerNameI": "C. Osman",
      "orderNumber": 3690000,
      "isFieldGoal": 0,
      "possession": 1610612766,
      "teamTricode": "SAS",
      "description": "SUB out: C. Osman",
      "personIdsFilter": [
        1626224
      ],
      "timeActual": "2024-01-13T02:32:59.9Z",
      "period": 3,
      "side": null,
      "yLegacy": null,
      "edited": "2024-01-13T02:33:22Z",
      "playerName": "Osman",
      "isTargetScoreLastPeriod": false,
      "qualifiers": [
        "startperiod"
      ],
      "clock": "PT12M00.00S",
      "actionType": "substitution",
      "scoreHome": "66",
      "periodType": "REGULAR",
      "teamId": 1610612759,
      "actionNumber": 375,
      "x": null,
      "y": null,
      "subType": "out",
      "personId": 1626224,
      "xLegacy": null,
      "scoreAway": "45"
    },
    {
      "playerNameI": "M. Branham",
      "orderNumber": 3700000,
      "isFieldGoal": 0,
      "possession": 1610612766,
      "teamTricode": "SAS",
      "description": "SUB out: M. Branham",
      "personIdsFilter": [
        1631103
      ],
      "timeActual": "2024-01-13T02:32:59.9Z",
      "period": 3,
      "side": null,
      "yLegacy": null,
      "edited": "2024-01-13T02:33:22Z",
      "playerName": "Branham",
      "isTargetScoreLastPeriod": false,
      "qualifiers": [
        "startperiod"
      ],
      "clock": "PT12M00.00S",
      "actionType": "substitution",
      "scoreHome": "66",
      "periodType": "REGULAR",
      "teamId": 1610612759,
      "actionNumber": 376,
      "x": null,
      "y": null,
      "subType": "out",
      "personId": 1631103,
      "xLegacy": null,
      "scoreAway": "45"
    },
    {
      "playerNameI": "D. Barlow",
      "orderNumber": 3710000,
      "isFieldGoal": 0,
      "possession": 1610612766,
      "teamTricode": "SAS",
      "description": "SUB out: D. Barlow",
      "personIdsFilter": [
        1631230
      ],
      "timeActual": "2024-01-13T02:32:59.9Z",
      "period": 3,
      "side": null,
      "yLegacy": null,
      "edited": "2024-01-13T02:33:22Z",
      "playerName": "Barlow",
      "isTargetScoreLastPeriod": false,
      "qualifiers": [
        "startperiod"
      ],
      "clock": "PT12M00.00S",
      "actionType": "substitution",
      "scoreHome": "66",
      "periodType": "REGULAR",
      "teamId": 1610612759,
      "actionNumber": 377,
      "x": null,
      "y": null,
      "subType": "out",
      "personId": 1631230,
      "xLegacy": null,
      "scoreAway": "45"
    },
    {
      "playerNameI": "L. Black",
      "orderNumber": 3720000,
      "isFieldGoal": 0,
      "possession": 1610612766,
      "teamTricode": "CHA",
      "description": "SUB out: L. Black",
      "personIdsFilter": [
        1641778
      ],
      "timeActual": "2024-01-13T02:32:59.9Z",
      "period": 3,
      "side": null,
      "yLegacy": null,
      "edited": "2024-01-13T02:33:22Z",
      "playerName": "Black",
      "isTargetScoreLastPeriod": false,
      "qualifiers": [
        "startperiod"
      ],
      "clock": "PT12M00.00S",
      "actionType": "substitution",
      "scoreHome": "66",
      "periodType": "REGULAR",
      "teamId": 1610612766,
      "actionNumber": 378,
      "x": null,
      "y": null,
      "subType": "out",
      "personId": 1641778,
      "xLegacy": null,
      "scoreAway": "45"
    },
    {
      "playerNameI": "V. Wembanyama",
      "orderNumber": 3730000,
      "isFieldGoal": 0,
      "possession": 1610612766,
      "teamTricode": "SAS",
      "description": "SUB in: V. Wembanyama",
      "personIdsFilter": [
        1641705
      ],
      "timeActual": "2024-01-13T02:32:59.9Z",
      "period": 3,
      "side": null,
      "yLegacy": null,
      "edited": "2024-01-13T02:33:22Z",
      "playerName": "Wembanyama",
      "isTargetScoreLastPeriod": false,
      "qualifiers": [
        "startperiod"
      ],
      "clock": "PT12M00.00S",
      "actionType": "substitution",
      "scoreHome": "66",
      "periodType": "REGULAR",
      "teamId": 1610612759,
      "actionNumber": 379,
      "x": null,
      "y": null,
      "subType": "in",
      "personId": 1641705,
      "xLegacy": null,
      "scoreAway": "45"
    },
    {
      "playerNameI": "J. Champagnie",
      "orderNumber": 3740000,
      "isFieldGoal": 0,
      "possession": 1610612766,
      "teamTricode": "SAS",
      "description": "SUB in: J. Champagnie",
      "personIdsFilter": [
        1630577
      ],
      "timeActual": "2024-01-13T02:32:59.9Z",
      "period": 3,
      "side": null,
      "yLegacy": null,
      "edited": "2024-01-13T02:33:22Z",
      "playerName": "Champagnie",
      "isTargetScoreLastPeriod": false,
      "qualifiers": [
        "startperiod"
      ],
      "clock": "PT12M00.00S",
      "actionType": "substitution",
      "scoreHome": "66",
      "periodType": "REGULAR",
      "teamId": 1610612759,
      "actionNumber": 380,
      "x": null,
      "y": null,
      "subType": "in",
      "personId": 1630577,
      "xLegacy": null,
      "scoreAway": "45"
    },
    {
      "playerNameI": "T. Jones",
      "orderNumber": 3750000,
      "isFieldGoal": 0,
      "possession": 1610612766,
      "teamTricode": "SAS",
      "description": "SUB in: T. Jones",
      "personIdsFilter": [
        1630200
      ],
      "timeActual": "2024-01-13T02:32:59.9Z",
      "period": 3,
      "side": null,
      "yLegacy": null,
      "edited": "2024-01-13T02:33:22Z",
      "playerName": "Jones",
      "isTargetScoreLastPeriod": false,
      "qualifiers": [
        "startperiod"
      ],
      "clock": "PT12M00.00S",
      "actionType": "substitution",
      "scoreHome": "66",
      "periodType": "REGULAR",
      "teamId": 1610612759,
      "actionNumber": 381,
      "x": null,
      "y": null,
      "subType": "in",
      "personId": 1630200,
      "xLegacy": null,
      "scoreAway": "45"
    },
    {
      "playerNameI": "N. Richards",
      "orderNumber": 3760000,
      "isFieldGoal": 0,
      "possession": 1610612766,
      "teamTricode": "CHA",
      "description": "SUB in: N. Richards",
      "personIdsFilter": [
        1630208
      ],
      "timeActual": "2024-01-13T02:32:59.9Z",
      "period": 3,
      "side": null,
      "yLegacy": null,
      "edited": "2024-01-13T02:33:22Z",
      "playerName": "Richards",
      "isTargetScoreLastPeriod": false,
      "qualifiers": [
        "startperiod"
      ],
      "clock": "PT12M00.00S",
      "actionType": "substitution",
      "scoreHome": "66",
      "periodType": "REGULAR",
      "teamId": 1610612766,
      "actionNumber": 382,
      "x": null,
      "y": null,
      "subType": "in",
      "personId": 1630208,
      "xLegacy": null,
      "scoreAway": "45"
    },
    {
      "period": 3,
      "side": null,
      "orderNumber": 3770000,
      "yLegacy": null,
      "isFieldGoal": 0,
      "edited": "2024-01-13T02:33:22Z",
      "isTargetScoreLastPeriod": false,
      "possession": 1610612766,
      "qualifiers": [],
      "description": "Period Start",
      "clock": "PT12M00.00S",
      "personIdsFilter": [],
      "actionType": "period",
      "scoreHome": "66",
      "periodType": "REGULAR",
      "actionNumber": 383,
      "x": null,
      "timeActual": "2024-01-13T02:33:22.6Z",
      "y": null,
      "subType": "start",
      "personId": 0,
      "xLegacy": null,
      "scoreAway": "45"
    },
    {
      "officialId": 1627962,
      "foulTechnicalTotal": 0,
      "playerNameI": "L. Ball",
      "orderNumber": 3790000,
      "isFieldGoal": 0,
      "foulDrawnPlayerName": "Jones",
      "possession": 1610612766,
      "teamTricode": "CHA",
      "foulPersonalTotal": 3,
      "description": "L. Ball offensive FOUL (3 PF)",
      "personIdsFilter": [
        1630163,
        1630200
      ],
      "areaDetail": "0-8 Center",
      "timeActual": "2024-01-13T02:33:50.4Z",
      "area": "In The Paint (Non-RA)",
      "period": 3,
      "side": null,
      "yLegacy": null,
      "edited": "2024-01-13T02:34:07Z",
      "playerName": "Ball",
      "isTargetScoreLastPeriod": false,
      "qualifiers": [],
      "clock": "PT11M42.00S",
      "actionType": "foul",
      "scoreHome": "66",
      "periodType": "REGULAR",
      "teamId": 1610612766,
      "actionNumber": 385,
      "x": null,
      "y": null,
      "subType": "offensive",
      "personId": 1630163,
      "xLegacy": null,
      "scoreAway": "45",
      "foulDrawnPersonId": 1630200
    },
    {
      "officialId": 1627962,
      "playerNameI": "L. Ball",
      "orderNumber": 3810000,
      "isFieldGoal": 0,
      "possession": 1610612766,
      "teamTricode": "CHA",
      "description": "L. Ball offensive foul TURNOVER (4 TO)",
      "personIdsFilter": [
        1630163
      ],
      "areaDetail": "0-8 Center",
      "timeActual": "2024-01-13T02:33:50.4Z",
      "area": "In The Paint (Non-RA)",
      "period": 3,
      "side": null,
      "yLegacy": null,
      "edited": "2024-01-13T02:34:07Z",
      "playerName": "Ball",
      "isTargetScoreLastPeriod": false,
      "qualifiers": [],
      "clock": "PT11M42.00S",
      "turnoverTotal": 4,
      "actionType": "turnover",
      "scoreHome": "66",
      "periodType": "REGULAR",
      "teamId": 1610612766,
      "actionNumber": 387,
      "x": null,
      "y": null,
      "subType": "offensive foul",
      "personId": 1630163,
      "xLegacy": null,
      "scoreAway": "45"
    },
    {
      "playerNameI": "V. Wembanyama",
      "orderNumber": 3820000,
      "isFieldGoal": 1,
      "shotResult": "Made",
      "possession": 1610612759,
      "teamTricode": "SAS",
      "description": "V. Wembanyama 26' 3PT  (14 PTS) (J. Sochan 3 AST)",
      "personIdsFilter": [
        1641705,
        1631110
      ],
      "areaDetail": "24+ Left Center",
      "shotDistance": 26.87,
      "timeActual": "2024-01-13T02:34:12.1Z",
      "assistPersonId": 1631110,
      "area": "Above the Break 3",
      "period": 3,
      "side": "right",
      "yLegacy": 191,
      "edited": "2024-01-13T02:34:17Z",
      "playerName": "Wembanyama",
      "isTargetScoreLastPeriod": false,
      "qualifiers": [
        "fromturnover"
      ],
      "assistTotal": 3,
      "clock": "PT11M27.00S",
      "actionType": "3pt",
      "scoreHome": "69",
      "periodType": "REGULAR",
      "teamId": 1610612759,
      "actionNumber": 388,
      "x": 74.06373193166885,
      "y": 12.254901960784313,
      "subType": "Jump Shot",
      "personId": 1641705,
      "xLegacy": -189,
      "scoreAway": "45",
      "pointsTotal": 14,
      "assistPlayerNameInitial": "J. Sochan"
    },
    {
      "playerNameI": "M. Bridges",
      "orderNumber": 3840000,
      "isFieldGoal": 1,
      "shotResult": "Made",
      "possession": 1610612766,
      "teamTricode": "CHA",
      "description": "M. Bridges driving finger roll Layup (9 PTS) (T. Rozier 2 AST)",
      "descriptor": "driving finger roll",
      "personIdsFilter": [
        1628970,
        1626179
      ],
      "areaDetail": "0-8 Center",
      "shotDistance": 1.98,
      "timeActual": "2024-01-13T02:34:28.5Z",
      "assistPersonId": 1626179,
      "area": "Restricted Area",
      "period": 3,
      "side": "left",
      "yLegacy": 3,
      "edited": "2024-01-13T02:34:34Z",
      "playerName": "Bridges",
      "isTargetScoreLastPeriod": false,
      "qualifiers": [
        "pointsinthepaint"
      ],
      "assistTotal": 2,
      "clock": "PT11M11.00S",
      "actionType": "2pt",
      "scoreHome": "69",
      "periodType": "REGULAR",
      "teamId": 1610612766,
      "actionNumber": 390,
      "x": 5.863994743758213,
      "y": 46.07843137254902,
      "subType": "Layup",
      "personId": 1628970,
      "xLegacy": 20,
      "scoreAway": "47",
      "pointsTotal": 9,
      "assistPlayerNameInitial": "T. Rozier"
    },
    {
      "playerNameI": "V. Wembanyama",
      "orderNumber": 3850000,
      "isFieldGoal": 1,
      "shotResult": "Made",
      "possession": 1610612759,
      "teamTricode": "SAS",
      "description": "V. Wembanyama alley-oop DUNK (16 PTS) (T. Jones 4 AST)",
      "descriptor": "alley-oop",
      "personIdsFilter": [
        1641705,
        1630200
      ],
      "areaDetail": "0-8 Center",
      "shotDistance": 1.55,
      "timeActual": "2024-01-13T02:34:37.6Z",
      "assistPersonId": 1630200,
      "area": "Restricted Area",
      "period": 3,
      "side": "right",
      "yLegacy": 15,
      "edited": "2024-01-13T02:34:45Z",
      "playerName": "Wembanyama",
      "isTargetScoreLastPeriod": false,
      "qualifiers": [
        "pointsinthepaint"
      ],
      "assistTotal": 4,
      "clock": "PT11M01.00S",
      "actionType": "2pt",
      "scoreHome": "71",
      "periodType": "REGULAR",
      "teamId": 1610612759,
      "actionNumber": 391,
      "x": 92.85479632063075,
      "y": 50.98039215686274,
      "subType": "DUNK",
      "personId": 1641705,
      "xLegacy": 5,
      "scoreAway": "47",
      "pointsTotal": 16,
      "assistPlayerNameInitial": "T. Jones"
    },
    {
      "playerNameI": "L. Ball",
      "orderNumber": 3870000,
      "isFieldGoal": 1,
      "shotResult": "Missed",
      "possession": 1610612766,
      "teamTricode": "CHA",
      "description": "MISS L. Ball 25' pullup 3PT",
      "descriptor": "pullup",
      "personIdsFilter": [
        1630163
      ],
      "areaDetail": "24+ Left Center",
      "shotDistance": 25.94,
      "timeActual": "2024-01-13T02:34:48.1Z",
      "area": "Above the Break 3",
      "period": 3,
      "side": "left",
      "yLegacy": 234,
      "edited": "2024-01-13T02:34:54Z",
      "playerName": "Ball",
      "isTargetScoreLastPeriod": false,
      "qualifiers": [],
      "clock": "PT10M51.00S",
      "actionType": "3pt",
      "scoreHome": "71",
      "periodType": "REGULAR",
      "teamId": 1610612766,
      "actionNumber": 393,
      "x": 30.436925098554536,
      "y": 72.54901960784314,
      "subType": "Jump Shot",
      "personId": 1630163,
      "xLegacy": -113,
      "scoreAway": "47"
    },
    {
      "playerNameI": "J. Sochan",
      "orderNumber": 3880000,
      "isFieldGoal": 0,
      "possession": 1610612759,
      "teamTricode": "SAS",
      "description": "J. Sochan REBOUND (Off:0 Def:4)",
      "personIdsFilter": [
        1631110
      ],
      "areaDetail": "24+ Left Center",
      "reboundDefensiveTotal": 4,
      "timeActual": "2024-01-13T02:34:50.7Z",
      "shotActionNumber": 393,
      "area": "Above the Break 3",
      "reboundOffensiveTotal": 0,
      "period": 3,
      "side": null,
      "yLegacy": null,
      "edited": "2024-01-13T02:34:50Z",
      "playerName": "Sochan",
      "isTargetScoreLastPeriod": false,
      "qualifiers": [],
      "clock": "PT10M48.00S",
      "actionType": "rebound",
      "scoreHome": "71",
      "periodType": "REGULAR",
      "reboundTotal": 4,
      "teamId": 1610612759,
      "actionNumber": 394,
      "x": null,
      "y": null,
      "subType": "defensive",
      "personId": 1631110,
      "xLegacy": null,
      "scoreAway": "47"
    },
    {
      "playerNameI": "V. Wembanyama",
      "orderNumber": 3890000,
      "isFieldGoal": 1,
      "shotResult": "Made",
      "possession": 1610612759,
      "teamTricode": "SAS",
      "description": "V. Wembanyama alley-oop DUNK (18 PTS) (D. Vassell 3 AST)",
      "descriptor": "alley-oop",
      "personIdsFilter": [
        1641705,
        1630170
      ],
      "areaDetail": "0-8 Center",
      "shotDistance": 2.55,
      "timeActual": "2024-01-13T02:34:57.6Z",
      "assistPersonId": 1630170,
      "area": "Restricted Area",
      "period": 3,
      "side": "right",
      "yLegacy": 15,
      "edited": "2024-01-13T02:35:02Z",
      "playerName": "Wembanyama",
      "isTargetScoreLastPeriod": false,
      "qualifiers": [
        "pointsinthepaint"
      ],
      "assistTotal": 3,
      "clock": "PT10M41.00S",
      "actionType": "2pt",
      "scoreHome": "73",
      "periodType": "REGULAR",
      "teamId": 1610612759,
      "actionNumber": 395,
      "x": 92.85479632063075,
      "y": 45.83333333333333,
      "subType": "DUNK",
      "personId": 1641705,
      "xLegacy": -21,
      "scoreAway": "47",
      "pointsTotal": 18,
      "assistPlayerNameInitial": "D. Vassell"
    },
    {
      "officialId": 1627962,
      "foulTechnicalTotal": 0,
      "playerNameI": "V. Wembanyama",
      "orderNumber": 3910000,
      "isFieldGoal": 0,
      "foulDrawnPlayerName": "Rozier",
      "possession": 1610612766,
      "teamTricode": "SAS",
      "foulPersonalTotal": 1,
      "description": "V. Wembanyama shooting personal FOUL (1 PF) (Rozier 2 FT)",
      "descriptor": "shooting",
      "personIdsFilter": [
        1641705,
        1626179
      ],
      "areaDetail": "0-8 Center",
      "timeActual": "2024-01-13T02:35:17.0Z",
      "area": "Restricted Area",
      "period": 3,
      "side": null,
      "yLegacy": null,
      "edited": "2024-01-13T02:35:37Z",
      "playerName": "Wembanyama",
      "isTargetScoreLastPeriod": false,
      "qualifiers": [
        "2freethrow"
      ],
      "clock": "PT10M26.00S",
      "actionType": "foul",
      "scoreHome": "73",
      "periodType": "REGULAR",
      "teamId": 1610612759,
      "actionNumber": 398,
      "x": null,
      "y": null,
      "subType": "personal",
      "personId": 1641705,
      "xLegacy": null,
      "scoreAway": "47",
      "foulDrawnPersonId": 1626179
    },
    {
      "playerNameI": "T. Rozier",
      "orderNumber": 3930000,
      "isFieldGoal": 0,
      "shotResult": "Made",
      "possession": 1610612766,
      "teamTricode": "CHA",
      "description": "T. Rozier Free Throw 1 of 2 (11 PTS)",
      "personIdsFilter": [
        1626179
      ],
      "timeActual": "2024-01-13T02:35:40.7Z",
      "period": 3,
      "side": null,
      "yLegacy": null,
      "edited": "2024-01-13T02:36:05Z",
      "playerName": "Rozier",
      "isTargetScoreLastPeriod": false,
      "qualifiers": [],
      "clock": "PT10M26.00S",
      "actionType": "freethrow",
      "scoreHome": "73",
      "periodType": "REGULAR",
      "teamId": 1610612766,
      "actionNumber": 400,
      "x": null,
      "y": null,
      "subType": "1 of 2",
      "personId": 1626179,
      "xLegacy": null,
      "scoreAway": "48",
      "pointsTotal": 11
    },
    {
      "playerNameI": "T. Rozier",
      "orderNumber": 3940000,
      "isFieldGoal": 0,
      "shotResult": "Missed",
      "possession": 1610612766,
      "teamTricode": "CHA",
      "description": "MISS T. Rozier Free Throw 2 of 2",
      "personIdsFilter": [
        1626179
      ],
      "timeActual": "2024-01-13T02:35:40.7Z",
      "period": 3,
      "side": null,
      "yLegacy": null,
      "edited": "2024-01-13T02:36:05Z",
      "playerName": "Rozier",
      "isTargetScoreLastPeriod": false,
      "qualifiers": [],
      "clock": "PT10M26.00S",
      "actionType": "freethrow",
      "scoreHome": "73",
      "periodType": "REGULAR",
      "teamId": 1610612766,
      "actionNumber": 401,
      "x": null,
      "y": null,
      "subType": "2 of 2",
      "personId": 1626179,
      "xLegacy": null,
      "scoreAway": "48"
    },
    {
      "playerNameI": "J. Champagnie",
      "orderNumber": 3950000,
      "isFieldGoal": 0,
      "possession": 1610612759,
      "teamTricode": "SAS",
      "description": "J. Champagnie REBOUND (Off:0 Def:1)",
      "personIdsFilter": [
        1630577
      ],
      "reboundDefensiveTotal": 1,
      "timeActual": "2024-01-13T02:35:43.7Z",
      "shotActionNumber": 401,
      "reboundOffensiveTotal": 0,
      "period": 3,
      "side": null,
      "yLegacy": null,
      "edited": "2024-01-13T02:36:05Z",
      "playerName": "Champagnie",
      "isTargetScoreLastPeriod": false,
      "qualifiers": [],
      "clock": "PT10M23.00S",
      "actionType": "rebound",
      "scoreHome": "73",
      "periodType": "REGULAR",
      "reboundTotal": 1,
      "teamId": 1610612759,
      "actionNumber": 402,
      "x": null,
      "y": null,
      "subType": "defensive",
      "personId": 1630577,
      "xLegacy": null,
      "scoreAway": "48"
    },
    {
      "playerNameI": "V. Wembanyama",
      "orderNumber": 3960000,
      "isFieldGoal": 1,
      "shotResult": "Made",
      "possession": 1610612759,
      "teamTricode": "SAS",
      "description": "V. Wembanyama driving DUNK (20 PTS) (T. Jones 5 AST)",
      "descriptor": "driving",
      "personIdsFilter": [
        1641705,
        1630200
      ],
      "areaDetail": "0-8 Center",
      "shotDistance": 1.43,
      "timeActual": "2024-01-13T02:36:06.9Z",
      "assistPersonId": 1630200,
      "area": "Restricted Area",
      "period": 3,
      "side": "right",
      "yLegacy": 13,
      "edited": "2024-01-13T02:36:30Z",
      "playerName": "Wembanyama",
      "isTargetScoreLastPeriod": false,
      "qualifiers": [
        "pointsinthepaint"
      ],
      "assistTotal": 5,
      "clock": "PT10M16.00S",
      "actionType": "2pt",
      "scoreHome": "75",
      "periodType": "REGULAR",
      "teamId": 1610612759,
      "actionNumber": 403,
      "x": 92.9862023653088,
      "y": 49.01960784313725,
      "subType": "DUNK",
      "personId": 1641705,
      "xLegacy": -5,
      "scoreAway": "48",
      "pointsTotal": 20,
      "assistPlayerNameInitial": "T. Jones"
    },
    {
      "orderNumber": 3980000,
      "isFieldGoal": 0,
      "possession": 1610612766,
      "teamTricode": "CHA",
      "description": "CHA Timeout",
      "personIdsFilter": [],
      "timeActual": "2024-01-13T02:36:13.1Z",
      "period": 3,
      "side": null,
      "yLegacy": null,
      "edited": "2024-01-13T02:36:13Z",
      "isTargetScoreLastPeriod": false,
      "qualifiers": [
        "team",
        "mandatory"
      ],
      "clock": "PT10M15.00S",
      "actionType": "timeout",
      "scoreHome": "75",
      "periodType": "REGULAR",
      "teamId": 1610612766,
      "actionNumber": 405,
      "x": null,
      "y": null,
      "subType": "full",
      "personId": 0,
      "xLegacy": null,
      "scoreAway": "48"
    },
    {
      "playerNameI": "M. Bridges",
      "orderNumber": 3990000,
      "isFieldGoal": 1,
      "shotResult": "Missed",
      "possession": 1610612766,
      "teamTricode": "CHA",
      "description": "MISS M. Bridges 25' 3PT",
      "personIdsFilter": [
        1628970
      ],
      "areaDetail": "24+ Right Center",
      "shotDistance": 25.78,
      "timeActual": "2024-01-13T02:39:23.3Z",
      "area": "Above the Break 3",
      "period": 3,
      "side": "left",
      "yLegacy": 174,
      "edited": "2024-01-13T02:39:31Z",
      "playerName": "Bridges",
      "isTargetScoreLastPeriod": false,
      "qualifiers": [],
      "clock": "PT10M01.00S",
      "actionType": "3pt",
      "scoreHome": "75",
      "periodType": "REGULAR",
      "teamId": 1610612766,
      "actionNumber": 406,
      "x": 24.129434954007884,
      "y": 12.009803921568627,
      "subType": "Jump Shot",
      "personId": 1628970,
      "xLegacy": 190,
      "scoreAway": "48"
    },
    {
      "playerNameI": "T. Jones",
      "orderNumber": 4000000,
      "isFieldGoal": 0,
      "possession": 1610612759,
      "teamTricode": "SAS",
      "description": "T. Jones REBOUND (Off:0 Def:3)",
      "personIdsFilter": [
        1630200
      ],
      "areaDetail": "24+ Right Center",
      "reboundDefensiveTotal": 3,
      "timeActual": "2024-01-13T02:39:27.3Z",
      "shotActionNumber": 406,
      "area": "Above the Break 3",
      "reboundOffensiveTotal": 0,
      "period": 3,
      "side": null,
      "yLegacy": null,
      "edited": "2024-01-13T02:39:31Z",
      "playerName": "Jones",
      "isTargetScoreLastPeriod": false,
      "qualifiers": [],
      "clock": "PT09M57.00S",
      "actionType": "rebound",
      "scoreHome": "75",
      "periodType": "REGULAR",
      "reboundTotal": 3,
      "teamId": 1610612759,
      "actionNumber": 407,
      "x": null,
      "y": null,
      "subType": "defensive",
      "personId": 1630200,
      "xLegacy": null,
      "scoreAway": "48"
    },
    {
      "playerNameI": "V. Wembanyama",
      "orderNumber": 4010000,
      "isFieldGoal": 1,
      "shotResult": "Made",
      "possession": 1610612759,
      "teamTricode": "SAS",
      "description": "V. Wembanyama finger roll Layup (22 PTS)",
      "descriptor": "finger roll",
      "personIdsFilter": [
        1641705
      ],
      "areaDetail": "0-8 Center",
      "shotDistance": 2.72,
      "timeActual": "2024-01-13T02:39:40.5Z",
      "area": "Restricted Area",
      "period": 3,
      "side": "right",
      "yLegacy": 16,
      "edited": "2024-01-13T02:40:13Z",
      "playerName": "Wembanyama",
      "isTargetScoreLastPeriod": false,
      "qualifiers": [
        "pointsinthepaint"
      ],
      "clock": "PT09M44.00S",
      "actionType": "2pt",
      "scoreHome": "77",
      "periodType": "REGULAR",
      "teamId": 1610612759,
      "actionNumber": 408,
      "x": 92.72339027595268,
      "y": 45.588235294117645,
      "subType": "Layup",
      "personId": 1641705,
      "xLegacy": -22,
      "scoreAway": "48",
      "pointsTotal": 22
    },
    {
      "playerNameI": "T. Rozier",
      "orderNumber": 4020000,
      "isFieldGoal": 1,
      "shotResult": "Missed",
      "possession": 1610612766,
      "teamTricode": "CHA",
      "description": "MISS T. Rozier 25' 3PT",
      "personIdsFilter": [
        1626179
      ],
      "areaDetail": "24+ Left Center",
      "shotDistance": 25.97,
      "timeActual": "2024-01-13T02:39:59.3Z",
      "area": "Above the Break 3",
      "period": 3,
      "side": "left",
      "yLegacy": 158,
      "edited": "2024-01-13T02:40:03Z",
      "playerName": "Rozier",
      "isTargetScoreLastPeriod": false,
      "qualifiers": [],
      "clock": "PT09M25.00S",
      "actionType": "3pt",
      "scoreHome": "77",
      "periodType": "REGULAR",
      "teamId": 1610612766,
      "actionNumber": 409,
      "x": 22.421156373193167,
      "y": 91.17647058823529,
      "subType": "Jump Shot",
      "personId": 1626179,
      "xLegacy": -206,
      "scoreAway": "48"
    },
    {
      "playerNameI": "D. Vassell",
      "orderNumber": 4030000,
      "isFieldGoal": 0,
      "possession": 1610612759,
      "teamTricode": "SAS",
      "description": "D. Vassell REBOUND (Off:0 Def:3)",
      "personIdsFilter": [
        1630170
      ],
      "areaDetail": "24+ Left Center",
      "reboundDefensiveTotal": 3,
      "timeActual": "2024-01-13T02:40:02.3Z",
      "shotActionNumber": 409,
      "area": "Above the Break 3",
      "reboundOffensiveTotal": 0,
      "period": 3,
      "side": null,
      "yLegacy": null,
      "edited": "2024-01-13T02:40:03Z",
      "playerName": "Vassell",
      "isTargetScoreLastPeriod": false,
      "qualifiers": [],
      "clock": "PT09M22.00S",
      "actionType": "rebound",
      "scoreHome": "77",
      "periodType": "REGULAR",
      "reboundTotal": 3,
      "teamId": 1610612759,
      "actionNumber": 410,
      "x": null,
      "y": null,
      "subType": "defensive",
      "personId": 1630170,
      "xLegacy": null,
      "scoreAway": "48"
    },
    {
      "playerNameI": "J. Sochan",
      "orderNumber": 4040000,
      "isFieldGoal": 1,
      "shotResult": "Missed",
      "possession": 1610612759,
      "teamTricode": "SAS",
      "description": "MISS J. Sochan 3PT",
      "personIdsFilter": [
        1631110
      ],
      "areaDetail": "24+ Left",
      "shotDistance": 23.77,
      "timeActual": "2024-01-13T02:40:10.9Z",
      "area": "Left Corner 3",
      "period": 3,
      "side": "right",
      "yLegacy": 0,
      "edited": "2024-01-13T02:40:23Z",
      "playerName": "Sochan",
      "isTargetScoreLastPeriod": false,
      "qualifiers": [],
      "clock": "PT09M13.00S",
      "actionType": "3pt",
      "scoreHome": "77",
      "periodType": "REGULAR",
      "teamId": 1610612759,
      "actionNumber": 411,
      "x": 94.43166885676742,
      "y": 2.450980392156863,
      "subType": "Jump Shot",
      "personId": 1631110,
      "xLegacy": -238,
      "scoreAway": "48"
    },
    {
      "playerNameI": "L. Ball",
      "orderNumber": 4050000,
      "isFieldGoal": 0,
      "possession": 1610612766,
      "teamTricode": "CHA",
      "description": "L. Ball REBOUND (Off:0 Def:2)",
      "personIdsFilter": [
        1630163
      ],
      "areaDetail": "24+ Left",
      "reboundDefensiveTotal": 2,
      "timeActual": "2024-01-13T02:40:14.9Z",
      "shotActionNumber": 411,
      "area": "Left Corner 3",
      "reboundOffensiveTotal": 0,
      "period": 3,
      "side": null,
      "yLegacy": null,
      "edited": "2024-01-13T02:40:23Z",
      "playerName": "Ball",
      "isTargetScoreLastPeriod": false,
      "qualifiers": [],
      "clock": "PT09M09.00S",
      "actionType": "rebound",
      "scoreHome": "77",
      "periodType": "REGULAR",
      "reboundTotal": 2,
      "teamId": 1610612766,
      "actionNumber": 412,
      "x": null,
      "y": null,
      "subType": "defensive",
      "personId": 1630163,
      "xLegacy": null,
      "scoreAway": "48"
    },
    {
      "playerNameI": "L. Ball",
      "orderNumber": 4060000,
      "isFieldGoal": 1,
      "shotResult": "Missed",
      "possession": 1610612766,
      "teamTricode": "CHA",
      "description": "MISS L. Ball 25' running 3PT",
      "descriptor": "running",
      "personIdsFilter": [
        1630163
      ],
      "areaDetail": "24+ Right Center",
      "shotDistance": 25.87,
      "timeActual": "2024-01-13T02:40:18.7Z",
      "area": "Above the Break 3",
      "period": 3,
      "side": "left",
      "yLegacy": 145,
      "edited": "2024-01-13T02:41:12Z",
      "playerName": "Ball",
      "isTargetScoreLastPeriod": false,
      "qualifiers": [
        "fastbreak"
      ],
      "clock": "PT09M05.00S",
      "actionType": "3pt",
      "scoreHome": "77",
      "periodType": "REGULAR",
      "teamId": 1610612766,
      "actionNumber": 413,
      "x": 20.97568988173456,
      "y": 7.107843137254902,
      "subType": "Jump Shot",
      "personId": 1630163,
      "xLegacy": 214,
      "scoreAway": "48"
    },
    {
      "playerNameI": "J. Sochan",
      "orderNumber": 4070000,
      "isFieldGoal": 0,
      "possession": 1610612759,
      "teamTricode": "SAS",
      "description": "J. Sochan REBOUND (Off:0 Def:5)",
      "personIdsFilter": [
        1631110
      ],
      "areaDetail": "24+ Right Center",
      "reboundDefensiveTotal": 5,
      "timeActual": "2024-01-13T02:40:22.7Z",
      "shotActionNumber": 413,
      "area": "Above the Break 3",
      "reboundOffensiveTotal": 0,
      "period": 3,
      "side": null,
      "yLegacy": null,
      "edited": "2024-01-13T02:40:30Z",
      "playerName": "Sochan",
      "isTargetScoreLastPeriod": false,
      "qualifiers": [],
      "clock": "PT09M01.00S",
      "actionType": "rebound",
      "scoreHome": "77",
      "periodType": "REGULAR",
      "reboundTotal": 5,
      "teamId": 1610612759,
      "actionNumber": 414,
      "x": null,
      "y": null,
      "subType": "defensive",
      "personId": 1631110,
      "xLegacy": null,
      "scoreAway": "48"
    },
    {
      "playerNameI": "J. Champagnie",
      "orderNumber": 4080000,
      "isFieldGoal": 1,
      "shotResult": "Missed",
      "possession": 1610612759,
      "teamTricode": "SAS",
      "description": "MISS J. Champagnie 27' running 3PT",
      "descriptor": "running",
      "personIdsFilter": [
        1630577
      ],
      "areaDetail": "24+ Right Center",
      "shotDistance": 27.8,
      "timeActual": "2024-01-13T02:40:28.2Z",
      "area": "Above the Break 3",
      "period": 3,
      "side": "right",
      "yLegacy": 223,
      "edited": "2024-01-13T02:41:34Z",
      "playerName": "Champagnie",
      "isTargetScoreLastPeriod": false,
      "qualifiers": [
        "fastbreak"
      ],
      "clock": "PT08M56.00S",
      "actionType": "3pt",
      "scoreHome": "77",
      "periodType": "REGULAR",
      "teamId": 1610612759,
      "actionNumber": 415,
      "x": 70.64717477003943,
      "y": 83.08823529411765,
      "subType": "Jump Shot",
      "personId": 1630577,
      "xLegacy": 165,
      "scoreAway": "48"
    },
    {
      "playerNameI": "V. Wembanyama",
      "orderNumber": 4090000,
      "isFieldGoal": 0,
      "possession": 1610612759,
      "teamTricode": "SAS",
      "description": "V. Wembanyama REBOUND (Off:3 Def:6)",
      "personIdsFilter": [
        1641705
      ],
      "areaDetail": "24+ Right Center",
      "reboundDefensiveTotal": 6,
      "timeActual": "2024-01-13T02:40:28.2Z",
      "shotActionNumber": 415,
      "area": "Above the Break 3",
      "reboundOffensiveTotal": 3,
      "period": 3,
      "side": null,
      "yLegacy": null,
      "edited": "2024-01-13T02:40:37Z",
      "playerName": "Wembanyama",
      "isTargetScoreLastPeriod": false,
      "qualifiers": [],
      "clock": "PT08M56.00S",
      "actionType": "rebound",
      "scoreHome": "77",
      "periodType": "REGULAR",
      "reboundTotal": 9,
      "teamId": 1610612759,
      "actionNumber": 416,
      "x": null,
      "y": null,
      "subType": "offensive",
      "personId": 1641705,
      "xLegacy": null,
      "scoreAway": "48"
    },
    {
      "officialId": 1628159,
      "foulTechnicalTotal": 0,
      "playerNameI": "N. Richards",
      "orderNumber": 4100000,
      "isFieldGoal": 0,
      "foulDrawnPlayerName": "Wembanyama",
      "possession": 1610612759,
      "teamTricode": "CHA",
      "foulPersonalTotal": 3,
      "description": "N. Richards shooting personal FOUL (3 PF) (Wembanyama 2 FT)",
      "descriptor": "shooting",
      "personIdsFilter": [
        1630208,
        1641705
      ],
      "areaDetail": "0-8 Center",
      "timeActual": "2024-01-13T02:40:34.3Z",
      "area": "In The Paint (Non-RA)",
      "period": 3,
      "side": null,
      "yLegacy": null,
      "edited": "2024-01-13T02:41:05Z",
      "playerName": "Richards",
      "isTargetScoreLastPeriod": false,
      "qualifiers": [
        "2freethrow"
      ],
      "clock": "PT08M54.00S",
      "actionType": "foul",
      "scoreHome": "77",
      "periodType": "REGULAR",
      "teamId": 1610612766,
      "actionNumber": 417,
      "x": null,
      "y": null,
      "subType": "personal",
      "personId": 1630208,
      "xLegacy": null,
      "scoreAway": "48",
      "foulDrawnPersonId": 1641705
    },
    {
      "playerNameI": "V. Wembanyama",
      "orderNumber": 4120000,
      "isFieldGoal": 0,
      "shotResult": "Made",
      "possession": 1610612759,
      "teamTricode": "SAS",
      "description": "V. Wembanyama Free Throw 1 of 2 (23 PTS)",
      "personIdsFilter": [
        1641705
      ],
      "timeActual": "2024-01-13T02:41:06.6Z",
      "period": 3,
      "side": null,
      "yLegacy": null,
      "edited": "2024-01-13T02:41:06Z",
      "playerName": "Wembanyama",
      "isTargetScoreLastPeriod": false,
      "qualifiers": [
        "2ndchance"
      ],
      "clock": "PT08M54.00S",
      "actionType": "freethrow",
      "scoreHome": "78",
      "periodType": "REGULAR",
      "teamId": 1610612759,
      "actionNumber": 419,
      "x": null,
      "y": null,
      "subType": "1 of 2",
      "personId": 1641705,
      "xLegacy": null,
      "scoreAway": "48",
      "pointsTotal": 23
    },
    {
      "playerNameI": "V. Wembanyama",
      "orderNumber": 4130000,
      "isFieldGoal": 0,
      "shotResult": "Made",
      "possession": 1610612759,
      "teamTricode": "SAS",
      "description": "V. Wembanyama Free Throw 2 of 2 (24 PTS)",
      "personIdsFilter": [
        1641705
      ],
      "timeActual": "2024-01-13T02:41:25.5Z",
      "period": 3,
      "side": null,
      "yLegacy": null,
      "edited": "2024-01-13T02:41:25Z",
      "playerName": "Wembanyama",
      "isTargetScoreLastPeriod": false,
      "qualifiers": [
        "2ndchance"
      ],
      "clock": "PT08M54.00S",
      "actionType": "freethrow",
      "scoreHome": "79",
      "periodType": "REGULAR",
      "teamId": 1610612759,
      "actionNumber": 420,
      "x": null,
      "y": null,
      "subType": "2 of 2",
      "personId": 1641705,
      "xLegacy": null,
      "scoreAway": "48",
      "pointsTotal": 24
    },
    {
      "playerNameI": "T. Rozier",
      "orderNumber": 4140000,
      "isFieldGoal": 1,
      "shotResult": "Made",
      "possession": 1610612766,
      "teamTricode": "CHA",
      "description": "T. Rozier 25' 3PT pullup (14 PTS) (L. Ball 3 AST)",
      "descriptor": "pullup",
      "personIdsFilter": [
        1626179,
        1630163
      ],
      "areaDetail": "24+ Right Center",
      "shotDistance": 25.91,
      "timeActual": "2024-01-13T02:41:40.3Z",
      "assistPersonId": 1630163,
      "area": "Above the Break 3",
      "period": 3,
      "side": "left",
      "yLegacy": 162,
      "edited": "2024-01-13T02:41:46Z",
      "playerName": "Rozier",
      "isTargetScoreLastPeriod": false,
      "qualifiers": [],
      "assistTotal": 3,
      "clock": "PT08M40.00S",
      "actionType": "3pt",
      "scoreHome": "79",
      "periodType": "REGULAR",
      "teamId": 1610612766,
      "actionNumber": 421,
      "x": 22.815374507227332,
      "y": 9.558823529411764,
      "subType": "Jump Shot",
      "personId": 1626179,
      "xLegacy": 202,
      "scoreAway": "51",
      "pointsTotal": 14,
      "assistPlayerNameInitial": "L. Ball"
    },
    {
      "playerNameI": "D. Vassell",
      "orderNumber": 4150000,
      "isFieldGoal": 1,
      "shotResult": "Made",
      "possession": 1610612759,
      "teamTricode": "SAS",
      "description": "D. Vassell 8' driving finger roll Layup (12 PTS) (T. Jones 6 AST)",
      "descriptor": "driving finger roll",
      "personIdsFilter": [
        1630170,
        1630200
      ],
      "areaDetail": "8-16 Center",
      "shotDistance": 8.1,
      "timeActual": "2024-01-13T02:41:51.2Z",
      "assistPersonId": 1630200,
      "area": "In The Paint (Non-RA)",
      "period": 3,
      "side": "right",
      "yLegacy": 80,
      "edited": "2024-01-13T02:42:08Z",
      "playerName": "Vassell",
      "isTargetScoreLastPeriod": false,
      "qualifiers": [
        "pointsinthepaint"
      ],
      "assistTotal": 6,
      "clock": "PT08M30.00S",
      "actionType": "2pt",
      "scoreHome": "81",
      "periodType": "REGULAR",
      "teamId": 1610612759,
      "actionNumber": 422,
      "x": 85.89027595269383,
      "y": 52.450980392156865,
      "subType": "Layup",
      "personId": 1630170,
      "xLegacy": 12,
      "scoreAway": "51",
      "pointsTotal": 12,
      "assistPlayerNameInitial": "T. Jones"
    },
    {
      "playerNameI": "B. McGowens",
      "orderNumber": 4160000,
      "isFieldGoal": 1,
      "shotResult": "Made",
      "possession": 1610612766,
      "teamTricode": "CHA",
      "description": "B. McGowens 26' 3PT  (3 PTS) (L. Ball 4 AST)",
      "personIdsFilter": [
        1631121,
        1630163
      ],
      "areaDetail": "24+ Right Center",
      "shotDistance": 26.38,
      "timeActual": "2024-01-13T02:42:05.2Z",
      "assistPersonId": 1630163,
      "area": "Above the Break 3",
      "period": 3,
      "side": "left",
      "yLegacy": 200,
      "edited": "2024-01-13T02:42:11Z",
      "playerName": "McGowens",
      "isTargetScoreLastPeriod": false,
      "qualifiers": [],
      "assistTotal": 4,
      "clock": "PT08M15.00S",
      "actionType": "3pt",
      "scoreHome": "81",
      "periodType": "REGULAR",
      "teamId": 1610612766,
      "actionNumber": 423,
      "x": 26.888961892247043,
      "y": 15.686274509803921,
      "subType": "Jump Shot",
      "personId": 1631121,
      "xLegacy": 172,
      "scoreAway": "54",
      "pointsTotal": 3,
      "assistPlayerNameInitial": "L. Ball"
    },
    {
      "playerNameI": "J. Sochan",
      "orderNumber": 4180000,
      "isFieldGoal": 1,
      "shotResult": "Made",
      "possession": 1610612759,
      "teamTricode": "SAS",
      "description": "J. Sochan Layup (10 PTS) (T. Jones 7 AST)",
      "personIdsFilter": [
        1631110,
        1630200
      ],
      "areaDetail": "0-8 Center",
      "shotDistance": 2.21,
      "timeActual": "2024-01-13T02:42:20.4Z",
      "assistPersonId": 1630200,
      "area": "Restricted Area",
      "period": 3,
      "side": "right",
      "yLegacy": 18,
      "edited": "2024-01-13T02:42:33Z",
      "playerName": "Sochan",
      "isTargetScoreLastPeriod": false,
      "qualifiers": [
        "pointsinthepaint"
      ],
      "assistTotal": 7,
      "clock": "PT08M01.00S",
      "actionType": "2pt",
      "scoreHome": "83",
      "periodType": "REGULAR",
      "teamId": 1610612759,
      "actionNumber": 425,
      "x": 92.46057818659659,
      "y": 52.450980392156865,
      "subType": "Layup",
      "personId": 1631110,
      "xLegacy": 12,
      "scoreAway": "54",
      "pointsTotal": 10,
      "assistPlayerNameInitial": "T. Jones"
    },
    {
      "playerNameI": "T. Rozier",
      "orderNumber": 4200000,
      "isFieldGoal": 1,
      "shotResult": "Missed",
      "possession": 1610612766,
      "teamTricode": "CHA",
      "description": "MISS T. Rozier 26' step back 3PT",
      "descriptor": "step back",
      "personIdsFilter": [
        1626179
      ],
      "areaDetail": "24+ Left Center",
      "shotDistance": 26.3,
      "timeActual": "2024-01-13T02:42:41.9Z",
      "area": "Above the Break 3",
      "period": 3,
      "side": "left",
      "yLegacy": 179,
      "edited": "2024-01-13T02:43:28Z",
      "playerName": "Rozier",
      "isTargetScoreLastPeriod": false,
      "qualifiers": [],
      "clock": "PT07M39.00S",
      "actionType": "3pt",
      "scoreHome": "83",
      "periodType": "REGULAR",
      "teamId": 1610612766,
      "actionNumber": 428,
      "x": 24.655059132720105,
      "y": 88.48039215686273,
      "subType": "Jump Shot",
      "personId": 1626179,
      "xLegacy": -192,
      "scoreAway": "54"
    },
    {
      "playerNameI": "J. Sochan",
      "orderNumber": 4210000,
      "isFieldGoal": 0,
      "possession": 1610612759,
      "teamTricode": "SAS",
      "description": "J. Sochan REBOUND (Off:0 Def:6)",
      "personIdsFilter": [
        1631110
      ],
      "areaDetail": "24+ Left Center",
      "reboundDefensiveTotal": 6,
      "timeActual": "2024-01-13T02:42:44.9Z",
      "shotActionNumber": 428,
      "area": "Above the Break 3",
      "reboundOffensiveTotal": 0,
      "period": 3,
      "side": null,
      "yLegacy": null,
      "edited": "2024-01-13T02:43:28Z",
      "playerName": "Sochan",
      "isTargetScoreLastPeriod": false,
      "qualifiers": [],
      "clock": "PT07M36.00S",
      "actionType": "rebound",
      "scoreHome": "83",
      "periodType": "REGULAR",
      "reboundTotal": 6,
      "teamId": 1610612759,
      "actionNumber": 429,
      "x": null,
      "y": null,
      "subType": "defensive",
      "personId": 1631110,
      "xLegacy": null,
      "scoreAway": "54"
    },
    {
      "playerNameI": "J. Champagnie",
      "orderNumber": 4220000,
      "isFieldGoal": 1,
      "shotResult": "Made",
      "possession": 1610612759,
      "teamTricode": "SAS",
      "description": "J. Champagnie 3PT  (6 PTS) (D. Vassell 4 AST)",
      "personIdsFilter": [
        1630577,
        1630170
      ],
      "areaDetail": "24+ Right",
      "shotDistance": 23.07,
      "timeActual": "2024-01-13T02:42:52.5Z",
      "assistPersonId": 1630170,
      "area": "Right Corner 3",
      "period": 3,
      "side": "right",
      "yLegacy": 11,
      "edited": "2024-01-13T02:42:59Z",
      "playerName": "Champagnie",
      "isTargetScoreLastPeriod": false,
      "qualifiers": [],
      "assistTotal": 4,
      "clock": "PT07M29.00S",
      "actionType": "3pt",
      "scoreHome": "86",
      "periodType": "REGULAR",
      "teamId": 1610612759,
      "actionNumber": 430,
      "x": 93.24901445466492,
      "y": 96.07843137254902,
      "subType": "Jump Shot",
      "personId": 1630577,
      "xLegacy": 230,
      "scoreAway": "54",
      "pointsTotal": 6,
      "assistPlayerNameInitial": "D. Vassell"
    },
    {
      "officialId": 1628159,
      "foulTechnicalTotal": 0,
      "playerNameI": "J. Champagnie",
      "orderNumber": 4240000,
      "isFieldGoal": 0,
      "foulDrawnPlayerName": "Ball",
      "possession": 1610612766,
      "teamTricode": "SAS",
      "foulPersonalTotal": 1,
      "description": "J. Champagnie shooting personal FOUL (1 PF) (Ball 2 FT)",
      "descriptor": "shooting",
      "personIdsFilter": [
        1630577,
        1630163
      ],
      "areaDetail": "0-8 Center",
      "timeActual": "2024-01-13T02:43:08.6Z",
      "area": "In The Paint (Non-RA)",
      "period": 3,
      "side": null,
      "yLegacy": null,
      "edited": "2024-01-13T02:43:16Z",
      "playerName": "Champagnie",
      "isTargetScoreLastPeriod": false,
      "qualifiers": [
        "2freethrow"
      ],
      "clock": "PT07M16.00S",
      "actionType": "foul",
      "scoreHome": "86",
      "periodType": "REGULAR",
      "teamId": 1610612759,
      "actionNumber": 432,
      "x": null,
      "y": null,
      "subType": "personal",
      "personId": 1630577,
      "xLegacy": null,
      "scoreAway": "54",
      "foulDrawnPersonId": 1630163
    },
    {
      "playerNameI": "L. Ball",
      "orderNumber": 4260000,
      "isFieldGoal": 0,
      "shotResult": "Made",
      "possession": 1610612766,
      "teamTricode": "CHA",
      "description": "L. Ball Free Throw 1 of 2 (17 PTS)",
      "personIdsFilter": [
        1630163
      ],
      "timeActual": "2024-01-13T02:44:12.2Z",
      "period": 3,
      "side": null,
      "yLegacy": null,
      "edited": "2024-01-13T02:44:12Z",
      "playerName": "Ball",
      "isTargetScoreLastPeriod": false,
      "qualifiers": [],
      "clock": "PT07M16.00S",
      "actionType": "freethrow",
      "scoreHome": "86",
      "periodType": "REGULAR",
      "teamId": 1610612766,
      "actionNumber": 434,
      "x": null,
      "y": null,
      "subType": "1 of 2",
      "personId": 1630163,
      "xLegacy": null,
      "scoreAway": "55",
      "pointsTotal": 17
    },
    {
      "playerNameI": "V. Wembanyama",
      "orderNumber": 4270000,
      "isFieldGoal": 0,
      "possession": 1610612766,
      "teamTricode": "SAS",
      "description": "SUB out: V. Wembanyama",
      "personIdsFilter": [
        1641705
      ],
      "timeActual": "2024-01-13T02:44:14.3Z",
      "period": 3,
      "side": null,
      "yLegacy": null,
      "edited": "2024-01-13T02:44:22Z",
      "playerName": "Wembanyama",
      "isTargetScoreLastPeriod": false,
      "qualifiers": [],
      "clock": "PT07M16.00S",
      "actionType": "substitution",
      "scoreHome": "86",
      "periodType": "REGULAR",
      "teamId": 1610612759,
      "actionNumber": 435,
      "x": null,
      "y": null,
      "subType": "out",
      "personId": 1641705,
      "xLegacy": null,
      "scoreAway": "55"
    },
    {
      "playerNameI": "D. Barlow",
      "orderNumber": 4280000,
      "isFieldGoal": 0,
      "possession": 1610612766,
      "teamTricode": "SAS",
      "description": "SUB in: D. Barlow",
      "personIdsFilter": [
        1631230
      ],
      "timeActual": "2024-01-13T02:44:14.3Z",
      "period": 3,
      "side": null,
      "yLegacy": null,
      "edited": "2024-01-13T02:44:22Z",
      "playerName": "Barlow",
      "isTargetScoreLastPeriod": false,
      "qualifiers": [],
      "clock": "PT07M16.00S",
      "actionType": "substitution",
      "scoreHome": "86",
      "periodType": "REGULAR",
      "teamId": 1610612759,
      "actionNumber": 436,
      "x": null,
      "y": null,
      "subType": "in",
      "personId": 1631230,
      "xLegacy": null,
      "scoreAway": "55"
    },
    {
      "playerNameI": "L. Ball",
      "orderNumber": 4290000,
      "isFieldGoal": 0,
      "shotResult": "Made",
      "possession": 1610612766,
      "teamTricode": "CHA",
      "description": "L. Ball Free Throw 2 of 2 (18 PTS)",
      "personIdsFilter": [
        1630163
      ],
      "timeActual": "2024-01-13T02:44:32.6Z",
      "period": 3,
      "side": null,
      "yLegacy": null,
      "edited": "2024-01-13T02:44:32Z",
      "playerName": "Ball",
      "isTargetScoreLastPeriod": false,
      "qualifiers": [],
      "clock": "PT07M16.00S",
      "actionType": "freethrow",
      "scoreHome": "86",
      "periodType": "REGULAR",
      "teamId": 1610612766,
      "actionNumber": 437,
      "x": null,
      "y": null,
      "subType": "2 of 2",
      "personId": 1630163,
      "xLegacy": null,
      "scoreAway": "56",
      "pointsTotal": 18
    },
    {
      "playerNameI": "T. Jones",
      "orderNumber": 4300000,
      "isFieldGoal": 1,
      "shotResult": "Missed",
      "possession": 1610612759,
      "teamTricode": "SAS",
      "description": "MISS T. Jones 14' pullup Shot",
      "descriptor": "pullup",
      "personIdsFilter": [
        1630200
      ],
      "areaDetail": "8-16 Center",
      "shotDistance": 14.38,
      "timeActual": "2024-01-13T02:44:46.7Z",
      "area": "In The Paint (Non-RA)",
      "period": 3,
      "side": "right",
      "yLegacy": 128,
      "edited": "2024-01-13T02:44:52Z",
      "playerName": "Jones",
      "isTargetScoreLastPeriod": false,
      "qualifiers": [
        "pointsinthepaint"
      ],
      "clock": "PT07M03.00S",
      "actionType": "2pt",
      "scoreHome": "86",
      "periodType": "REGULAR",
      "teamId": 1610612759,
      "actionNumber": 438,
      "x": 80.76544021024968,
      "y": 37.00980392156863,
      "subType": "Jump Shot",
      "personId": 1630200,
      "xLegacy": -65,
      "scoreAway": "56"
    },
    {
      "playerNameI": "L. Ball",
      "orderNumber": 4310000,
      "isFieldGoal": 0,
      "possession": 1610612766,
      "teamTricode": "CHA",
      "description": "L. Ball REBOUND (Off:0 Def:3)",
      "personIdsFilter": [
        1630163
      ],
      "areaDetail": "8-16 Center",
      "reboundDefensiveTotal": 3,
      "timeActual": "2024-01-13T02:44:49.7Z",
      "shotActionNumber": 438,
      "area": "In The Paint (Non-RA)",
      "reboundOffensiveTotal": 0,
      "period": 3,
      "side": null,
      "yLegacy": null,
      "edited": "2024-01-13T02:44:52Z",
      "playerName": "Ball",
      "isTargetScoreLastPeriod": false,
      "qualifiers": [],
      "clock": "PT07M00.00S",
      "actionType": "rebound",
      "scoreHome": "86",
      "periodType": "REGULAR",
      "reboundTotal": 3,
      "teamId": 1610612766,
      "actionNumber": 439,
      "x": null,
      "y": null,
      "subType": "defensive",
      "personId": 1630163,
      "xLegacy": null,
      "scoreAway": "56"
    },
    {
      "playerNameI": "L. Ball",
      "orderNumber": 4320000,
      "isFieldGoal": 0,
      "possession": 1610612766,
      "teamTricode": "CHA",
      "description": "L. Ball lost ball TURNOVER (5 TO)",
      "personIdsFilter": [
        1630163,
        1630200
      ],
      "areaDetail": "0-8 Center",
      "timeActual": "2024-01-13T02:44:55.2Z",
      "area": "In The Paint (Non-RA)",
      "period": 3,
      "side": null,
      "yLegacy": null,
      "edited": "2024-01-13T02:45:09Z",
      "playerName": "Ball",
      "isTargetScoreLastPeriod": false,
      "qualifiers": [],
      "clock": "PT06M54.00S",
      "turnoverTotal": 5,
      "actionType": "turnover",
      "scoreHome": "86",
      "periodType": "REGULAR",
      "stealPersonId": 1630200,
      "teamId": 1610612766,
      "actionNumber": 440,
      "x": null,
      "y": null,
      "subType": "lost ball",
      "personId": 1630163,
      "xLegacy": null,
      "scoreAway": "56",
      "stealPlayerName": "Jones"
    },
    {
      "playerNameI": "T. Jones",
      "orderNumber": 4330000,
      "isFieldGoal": 0,
      "possession": 1610612759,
      "teamTricode": "SAS",
      "description": "T. Jones STEAL (1 STL)",
      "personIdsFilter": [
        1630200
      ],
      "areaDetail": "0-8 Center",
      "timeActual": "2024-01-13T02:44:55.2Z",
      "area": "In The Paint (Non-RA)",
      "period": 3,
      "side": null,
      "yLegacy": null,
      "edited": "2024-01-13T02:44:57Z",
      "playerName": "Jones",
      "isTargetScoreLastPeriod": false,
      "qualifiers": [],
      "clock": "PT06M54.00S",
      "actionType": "steal",
      "scoreHome": "86",
      "periodType": "REGULAR",
      "teamId": 1610612759,
      "actionNumber": 441,
      "x": null,
      "y": null,
      "personId": 1630200,
      "subType": "",
      "xLegacy": null,
      "scoreAway": "56"
    },
    {
      "playerNameI": "J. Champagnie",
      "orderNumber": 4340000,
      "isFieldGoal": 1,
      "shotResult": "Missed",
      "possession": 1610612759,
      "teamTricode": "SAS",
      "description": "MISS J. Champagnie 25' running pullup 3PT",
      "descriptor": "running pullup",
      "personIdsFilter": [
        1630577
      ],
      "areaDetail": "24+ Left Center",
      "shotDistance": 25.6,
      "timeActual": "2024-01-13T02:45:00.9Z",
      "area": "Above the Break 3",
      "period": 3,
      "side": "right",
      "yLegacy": 123,
      "edited": "2024-01-13T02:55:14Z",
      "playerName": "Champagnie",
      "isTargetScoreLastPeriod": false,
      "qualifiers": [
        "fastbreak",
        "fromturnover"
      ],
      "clock": "PT06M49.00S",
      "actionType": "3pt",
      "scoreHome": "86",
      "periodType": "REGULAR",
      "teamId": 1610612759,
      "actionNumber": 442,
      "x": 81.2910643889619,
      "y": 5.147058823529411,
      "subType": "Jump Shot",
      "personId": 1630577,
      "xLegacy": -224,
      "scoreAway": "56"
    },
    {
      "orderNumber": 4350000,
      "isFieldGoal": 0,
      "possession": 1610612766,
      "teamTricode": "CHA",
      "description": "TEAM defensive REBOUND",
      "personIdsFilter": [],
      "areaDetail": "24+ Left Center",
      "timeActual": "2024-01-13T02:45:04.9Z",
      "shotActionNumber": 442,
      "area": "Above the Break 3",
      "period": 3,
      "side": null,
      "yLegacy": null,
      "edited": "2024-01-13T02:45:37Z",
      "isTargetScoreLastPeriod": false,
      "qualifiers": [
        "team"
      ],
      "clock": "PT06M45.00S",
      "actionType": "rebound",
      "scoreHome": "86",
      "periodType": "REGULAR",
      "teamId": 1610612766,
      "actionNumber": 443,
      "x": null,
      "y": null,
      "subType": "defensive",
      "personId": 0,
      "xLegacy": null,
      "scoreAway": "56"
    },
    {
      "officialId": 1627962,
      "foulTechnicalTotal": 0,
      "playerNameI": "T. Jones",
      "orderNumber": 4360000,
      "isFieldGoal": 0,
      "foulDrawnPlayerName": "McGowens",
      "possession": 1610612766,
      "teamTricode": "SAS",
      "foulPersonalTotal": 2,
      "description": "T. Jones loose ball personal FOUL (2 PF)",
      "descriptor": "loose ball",
      "personIdsFilter": [
        1630200,
        1631121
      ],
      "areaDetail": "24+ Left",
      "timeActual": "2024-01-13T02:45:12.9Z",
      "area": "Left Corner 3",
      "period": 3,
      "side": null,
      "yLegacy": null,
      "edited": "2024-01-13T02:46:05Z",
      "playerName": "Jones",
      "isTargetScoreLastPeriod": false,
      "qualifiers": [],
      "clock": "PT06M45.00S",
      "actionType": "foul",
      "scoreHome": "86",
      "periodType": "REGULAR",
      "teamId": 1610612759,
      "actionNumber": 444,
      "x": null,
      "y": null,
      "subType": "personal",
      "personId": 1630200,
      "xLegacy": null,
      "scoreAway": "56",
      "foulDrawnPersonId": 1631121
    },
    {
      "playerNameI": "J. Sochan",
      "orderNumber": 4380000,
      "isFieldGoal": 0,
      "possession": 1610612766,
      "teamTricode": "SAS",
      "description": "SUB out: J. Sochan",
      "personIdsFilter": [
        1631110
      ],
      "timeActual": "2024-01-13T02:45:27.5Z",
      "period": 3,
      "side": null,
      "yLegacy": null,
      "edited": "2024-01-13T02:45:37Z",
      "playerName": "Sochan",
      "isTargetScoreLastPeriod": false,
      "qualifiers": [],
      "clock": "PT06M45.00S",
      "actionType": "substitution",
      "scoreHome": "86",
      "periodType": "REGULAR",
      "teamId": 1610612759,
      "actionNumber": 446,
      "x": null,
      "y": null,
      "subType": "out",
      "personId": 1631110,
      "xLegacy": null,
      "scoreAway": "56"
    },
    {
      "playerNameI": "J. Champagnie",
      "orderNumber": 4390000,
      "isFieldGoal": 0,
      "possession": 1610612766,
      "teamTricode": "SAS",
      "description": "SUB out: J. Champagnie",
      "personIdsFilter": [
        1630577
      ],
      "timeActual": "2024-01-13T02:45:27.5Z",
      "period": 3,
      "side": null,
      "yLegacy": null,
      "edited": "2024-01-13T02:45:37Z",
      "playerName": "Champagnie",
      "isTargetScoreLastPeriod": false,
      "qualifiers": [],
      "clock": "PT06M45.00S",
      "actionType": "substitution",
      "scoreHome": "86",
      "periodType": "REGULAR",
      "teamId": 1610612759,
      "actionNumber": 447,
      "x": null,
      "y": null,
      "subType": "out",
      "personId": 1630577,
      "xLegacy": null,
      "scoreAway": "56"
    },
    {
      "playerNameI": "K. Johnson",
      "orderNumber": 4400000,
      "isFieldGoal": 0,
      "possession": 1610612766,
      "teamTricode": "SAS",
      "description": "SUB in: K. Johnson",
      "personIdsFilter": [
        1629640
      ],
      "timeActual": "2024-01-13T02:45:27.5Z",
      "period": 3,
      "side": null,
      "yLegacy": null,
      "edited": "2024-01-13T02:45:37Z",
      "playerName": "Johnson",
      "isTargetScoreLastPeriod": false,
      "qualifiers": [],
      "clock": "PT06M45.00S",
      "actionType": "substitution",
      "scoreHome": "86",
      "periodType": "REGULAR",
      "teamId": 1610612759,
      "actionNumber": 448,
      "x": null,
      "y": null,
      "subType": "in",
      "personId": 1629640,
      "xLegacy": null,
      "scoreAway": "56"
    },
    {
      "playerNameI": "C. Osman",
      "orderNumber": 4410000,
      "isFieldGoal": 0,
      "possession": 1610612766,
      "teamTricode": "SAS",
      "description": "SUB in: C. Osman",
      "personIdsFilter": [
        1626224
      ],
      "timeActual": "2024-01-13T02:45:27.5Z",
      "period": 3,
      "side": null,
      "yLegacy": null,
      "edited": "2024-01-13T02:45:37Z",
      "playerName": "Osman",
      "isTargetScoreLastPeriod": false,
      "qualifiers": [],
      "clock": "PT06M45.00S",
      "actionType": "substitution",
      "scoreHome": "86",
      "periodType": "REGULAR",
      "teamId": 1610612759,
      "actionNumber": 449,
      "x": null,
      "y": null,
      "subType": "in",
      "personId": 1626224,
      "xLegacy": null,
      "scoreAway": "56"
    },
    {
      "playerNameI": "N. Richards",
      "orderNumber": 4420000,
      "isFieldGoal": 1,
      "shotResult": "Made",
      "possession": 1610612766,
      "teamTricode": "CHA",
      "description": "N. Richards alley-oop DUNK (10 PTS) (L. Ball 5 AST)",
      "descriptor": "alley-oop",
      "personIdsFilter": [
        1630208,
        1630163
      ],
      "areaDetail": "0-8 Center",
      "shotDistance": 1.4,
      "timeActual": "2024-01-13T02:45:55.9Z",
      "assistPersonId": 1630163,
      "area": "Restricted Area",
      "period": 3,
      "side": "left",
      "yLegacy": 10,
      "edited": "2024-01-13T02:46:10Z",
      "playerName": "Richards",
      "isTargetScoreLastPeriod": false,
      "qualifiers": [
        "pointsinthepaint"
      ],
      "assistTotal": 5,
      "clock": "PT06M29.00S",
      "actionType": "2pt",
      "scoreHome": "86",
      "periodType": "REGULAR",
      "teamId": 1610612766,
      "actionNumber": 450,
      "x": 6.652431011826544,
      "y": 48.03921568627451,
      "subType": "DUNK",
      "personId": 1630208,
      "xLegacy": 10,
      "scoreAway": "58",
      "pointsTotal": 10,
      "assistPlayerNameInitial": "L. Ball"
    },
    {
      "playerNameI": "D. Vassell",
      "orderNumber": 4440000,
      "isFieldGoal": 1,
      "shotResult": "Missed",
      "possession": 1610612759,
      "teamTricode": "SAS",
      "description": "MISS D. Vassell 27' 3PT",
      "personIdsFilter": [
        1630170
      ],
      "areaDetail": "24+ Left Center",
      "shotDistance": 27.37,
      "timeActual": "2024-01-13T02:46:08.6Z",
      "area": "Above the Break 3",
      "period": 3,
      "side": "right",
      "yLegacy": 212,
      "edited": "2024-01-13T02:46:13Z",
      "playerName": "Vassell",
      "isTargetScoreLastPeriod": false,
      "qualifiers": [],
      "clock": "PT06M16.00S",
      "actionType": "3pt",
      "scoreHome": "86",
      "periodType": "REGULAR",
      "teamId": 1610612759,
      "actionNumber": 452,
      "x": 71.82982917214193,
      "y": 15.441176470588236,
      "subType": "Jump Shot",
      "personId": 1630170,
      "xLegacy": -173,
      "scoreAway": "58"
    },
    {
      "playerNameI": "M. Bridges",
      "orderNumber": 4450000,
      "isFieldGoal": 0,
      "possession": 1610612766,
      "teamTricode": "CHA",
      "description": "M. Bridges REBOUND (Off:1 Def:7)",
      "personIdsFilter": [
        1628970
      ],
      "areaDetail": "24+ Left Center",
      "reboundDefensiveTotal": 7,
      "timeActual": "2024-01-13T02:46:12.6Z",
      "shotActionNumber": 452,
      "area": "Above the Break 3",
      "reboundOffensiveTotal": 1,
      "period": 3,
      "side": null,
      "yLegacy": null,
      "edited": "2024-01-13T02:46:13Z",
      "playerName": "Bridges",
      "isTargetScoreLastPeriod": false,
      "qualifiers": [],
      "clock": "PT06M12.00S",
      "actionType": "rebound",
      "scoreHome": "86",
      "periodType": "REGULAR",
      "reboundTotal": 8,
      "teamId": 1610612766,
      "actionNumber": 453,
      "x": null,
      "y": null,
      "subType": "defensive",
      "personId": 1628970,
      "xLegacy": null,
      "scoreAway": "58"
    },
    {
      "playerNameI": "L. Ball",
      "orderNumber": 4460000,
      "isFieldGoal": 1,
      "shotResult": "Missed",
      "possession": 1610612766,
      "teamTricode": "CHA",
      "description": "MISS L. Ball 25' running 3PT",
      "descriptor": "running",
      "personIdsFilter": [
        1630163
      ],
      "areaDetail": "24+ Left Center",
      "shotDistance": 25.78,
      "timeActual": "2024-01-13T02:46:18.1Z",
      "area": "Above the Break 3",
      "period": 3,
      "side": "left",
      "yLegacy": 148,
      "edited": "2024-01-13T02:47:01Z",
      "playerName": "Ball",
      "isTargetScoreLastPeriod": false,
      "qualifiers": [
        "fastbreak"
      ],
      "clock": "PT06M07.00S",
      "actionType": "3pt",
      "scoreHome": "86",
      "periodType": "REGULAR",
      "teamId": 1610612766,
      "actionNumber": 454,
      "x": 21.369908015768726,
      "y": 92.15686274509804,
      "subType": "Jump Shot",
      "personId": 1630163,
      "xLegacy": -211,
      "scoreAway": "58"
    },
    {
      "playerNameI": "K. Johnson",
      "orderNumber": 4470000,
      "isFieldGoal": 0,
      "possession": 1610612759,
      "teamTricode": "SAS",
      "description": "K. Johnson REBOUND (Off:0 Def:1)",
      "personIdsFilter": [
        1629640
      ],
      "areaDetail": "24+ Left Center",
      "reboundDefensiveTotal": 1,
      "timeActual": "2024-01-13T02:46:22.3Z",
      "shotActionNumber": 454,
      "area": "Above the Break 3",
      "reboundOffensiveTotal": 0,
      "period": 3,
      "side": null,
      "yLegacy": null,
      "edited": "2024-01-13T02:46:22Z",
      "playerName": "Johnson",
      "isTargetScoreLastPeriod": false,
      "qualifiers": [],
      "clock": "PT06M03.00S",
      "actionType": "rebound",
      "scoreHome": "86",
      "periodType": "REGULAR",
      "reboundTotal": 1,
      "teamId": 1610612759,
      "actionNumber": 455,
      "x": null,
      "y": null,
      "subType": "defensive",
      "personId": 1629640,
      "xLegacy": null,
      "scoreAway": "58"
    },
    {
      "playerNameI": "D. Barlow",
      "orderNumber": 4480000,
      "isFieldGoal": 1,
      "shotResult": "Missed",
      "possession": 1610612759,
      "teamTricode": "SAS",
      "description": "MISS D. Barlow 10' floating Shot",
      "descriptor": "floating",
      "personIdsFilter": [
        1631230
      ],
      "areaDetail": "8-16 Center",
      "shotDistance": 10.65,
      "timeActual": "2024-01-13T02:46:35.4Z",
      "area": "In The Paint (Non-RA)",
      "period": 3,
      "side": "right",
      "yLegacy": 104,
      "edited": "2024-01-13T02:46:40Z",
      "playerName": "Barlow",
      "isTargetScoreLastPeriod": false,
      "qualifiers": [
        "pointsinthepaint"
      ],
      "clock": "PT05M49.00S",
      "actionType": "2pt",
      "scoreHome": "86",
      "periodType": "REGULAR",
      "teamId": 1610612759,
      "actionNumber": 456,
      "x": 83.39356110381078,
      "y": 45.09803921568628,
      "subType": "Jump Shot",
      "personId": 1631230,
      "xLegacy": -25,
      "scoreAway": "58"
    },
    {
      "playerNameI": "M. Bridges",
      "orderNumber": 4490000,
      "isFieldGoal": 0,
      "possession": 1610612766,
      "teamTricode": "CHA",
      "description": "M. Bridges REBOUND (Off:1 Def:8)",
      "personIdsFilter": [
        1628970
      ],
      "areaDetail": "8-16 Center",
      "reboundDefensiveTotal": 8,
      "timeActual": "2024-01-13T02:46:37.4Z",
      "shotActionNumber": 456,
      "area": "In The Paint (Non-RA)",
      "reboundOffensiveTotal": 1,
      "period": 3,
      "side": null,
      "yLegacy": null,
      "edited": "2024-01-13T02:46:40Z",
      "playerName": "Bridges",
      "isTargetScoreLastPeriod": false,
      "qualifiers": [],
      "clock": "PT05M47.00S",
      "actionType": "rebound",
      "scoreHome": "86",
      "periodType": "REGULAR",
      "reboundTotal": 9,
      "teamId": 1610612766,
      "actionNumber": 457,
      "x": null,
      "y": null,
      "subType": "defensive",
      "personId": 1628970,
      "xLegacy": null,
      "scoreAway": "58"
    },
    {
      "officialId": 1627962,
      "foulTechnicalTotal": 0,
      "playerNameI": "C. Osman",
      "orderNumber": 4500000,
      "isFieldGoal": 0,
      "foulDrawnPlayerName": "Bridges",
      "possession": 1610612766,
      "teamTricode": "SAS",
      "foulPersonalTotal": 1,
      "description": "C. Osman shooting personal FOUL (1 PF) (Bridges 2 FT)",
      "descriptor": "shooting",
      "personIdsFilter": [
        1626224,
        1628970
      ],
      "areaDetail": "0-8 Center",
      "timeActual": "2024-01-13T02:46:53.6Z",
      "area": "Restricted Area",
      "period": 3,
      "side": null,
      "yLegacy": null,
      "edited": "2024-01-13T02:47:14Z",
      "playerName": "Osman",
      "isTargetScoreLastPeriod": false,
      "qualifiers": [
        "2freethrow"
      ],
      "clock": "PT05M34.00S",
      "actionType": "foul",
      "scoreHome": "86",
      "periodType": "REGULAR",
      "teamId": 1610612759,
      "actionNumber": 458,
      "x": null,
      "y": null,
      "subType": "personal",
      "personId": 1626224,
      "xLegacy": null,
      "scoreAway": "58",
      "foulDrawnPersonId": 1628970
    },
    {
      "playerNameI": "M. Bridges",
      "orderNumber": 4520000,
      "isFieldGoal": 0,
      "shotResult": "Made",
      "possession": 1610612766,
      "teamTricode": "CHA",
      "description": "M. Bridges Free Throw 1 of 2 (10 PTS)",
      "personIdsFilter": [
        1628970
      ],
      "timeActual": "2024-01-13T02:47:19.1Z",
      "period": 3,
      "side": null,
      "yLegacy": null,
      "edited": "2024-01-13T02:47:19Z",
      "playerName": "Bridges",
      "isTargetScoreLastPeriod": false,
      "qualifiers": [],
      "clock": "PT05M34.00S",
      "actionType": "freethrow",
      "scoreHome": "86",
      "periodType": "REGULAR",
      "teamId": 1610612766,
      "actionNumber": 460,
      "x": null,
      "y": null,
      "subType": "1 of 2",
      "personId": 1628970,
      "xLegacy": null,
      "scoreAway": "59",
      "pointsTotal": 10
    },
    {
      "playerNameI": "T. Jones",
      "orderNumber": 4530000,
      "isFieldGoal": 0,
      "possession": 1610612766,
      "teamTricode": "SAS",
      "description": "SUB out: T. Jones",
      "personIdsFilter": [
        1630200
      ],
      "timeActual": "2024-01-13T02:47:20.4Z",
      "period": 3,
      "side": null,
      "yLegacy": null,
      "edited": "2024-01-13T02:47:27Z",
      "playerName": "Jones",
      "isTargetScoreLastPeriod": false,
      "qualifiers": [],
      "clock": "PT05M34.00S",
      "actionType": "substitution",
      "scoreHome": "86",
      "periodType": "REGULAR",
      "teamId": 1610612759,
      "actionNumber": 461,
      "x": null,
      "y": null,
      "subType": "out",
      "personId": 1630200,
      "xLegacy": null,
      "scoreAway": "59"
    },
    {
      "playerNameI": "L. Ball",
      "orderNumber": 4540000,
      "isFieldGoal": 0,
      "possession": 1610612766,
      "teamTricode": "CHA",
      "description": "SUB out: L. Ball",
      "personIdsFilter": [
        1630163
      ],
      "timeActual": "2024-01-13T02:47:20.4Z",
      "period": 3,
      "side": null,
      "yLegacy": null,
      "edited": "2024-01-13T02:47:27Z",
      "playerName": "Ball",
      "isTargetScoreLastPeriod": false,
      "qualifiers": [],
      "clock": "PT05M34.00S",
      "actionType": "substitution",
      "scoreHome": "86",
      "periodType": "REGULAR",
      "teamId": 1610612766,
      "actionNumber": 462,
      "x": null,
      "y": null,
      "subType": "out",
      "personId": 1630163,
      "xLegacy": null,
      "scoreAway": "59"
    },
    {
      "playerNameI": "M. Branham",
      "orderNumber": 4550000,
      "isFieldGoal": 0,
      "possession": 1610612766,
      "teamTricode": "SAS",
      "description": "SUB in: M. Branham",
      "personIdsFilter": [
        1631103
      ],
      "timeActual": "2024-01-13T02:47:20.4Z",
      "period": 3,
      "side": null,
      "yLegacy": null,
      "edited": "2024-01-13T02:47:27Z",
      "playerName": "Branham",
      "isTargetScoreLastPeriod": false,
      "qualifiers": [],
      "clock": "PT05M34.00S",
      "actionType": "substitution",
      "scoreHome": "86",
      "periodType": "REGULAR",
      "teamId": 1610612759,
      "actionNumber": 463,
      "x": null,
      "y": null,
      "subType": "in",
      "personId": 1631103,
      "xLegacy": null,
      "scoreAway": "59"
    },
    {
      "playerNameI": "I. Smith",
      "orderNumber": 4560000,
      "isFieldGoal": 0,
      "possession": 1610612766,
      "teamTricode": "CHA",
      "description": "SUB in: I. Smith",
      "personIdsFilter": [
        202397
      ],
      "timeActual": "2024-01-13T02:47:20.4Z",
      "period": 3,
      "side": null,
      "yLegacy": null,
      "edited": "2024-01-13T02:47:27Z",
      "playerName": "Smith",
      "isTargetScoreLastPeriod": false,
      "qualifiers": [],
      "clock": "PT05M34.00S",
      "actionType": "substitution",
      "scoreHome": "86",
      "periodType": "REGULAR",
      "teamId": 1610612766,
      "actionNumber": 464,
      "x": null,
      "y": null,
      "subType": "in",
      "personId": 202397,
      "xLegacy": null,
      "scoreAway": "59"
    },
    {
      "playerNameI": "M. Bridges",
      "orderNumber": 4570000,
      "isFieldGoal": 0,
      "shotResult": "Made",
      "possession": 1610612766,
      "teamTricode": "CHA",
      "description": "M. Bridges Free Throw 2 of 2 (11 PTS)",
      "personIdsFilter": [
        1628970
      ],
      "timeActual": "2024-01-13T02:47:42.1Z",
      "period": 3,
      "side": null,
      "yLegacy": null,
      "edited": "2024-01-13T02:47:42Z",
      "playerName": "Bridges",
      "isTargetScoreLastPeriod": false,
      "qualifiers": [],
      "clock": "PT05M34.00S",
      "actionType": "freethrow",
      "scoreHome": "86",
      "periodType": "REGULAR",
      "teamId": 1610612766,
      "actionNumber": 465,
      "x": null,
      "y": null,
      "subType": "2 of 2",
      "personId": 1628970,
      "xLegacy": null,
      "scoreAway": "60",
      "pointsTotal": 11
    },
    {
      "playerNameI": "K. Johnson",
      "orderNumber": 4580000,
      "isFieldGoal": 1,
      "shotResult": "Made",
      "possession": 1610612759,
      "teamTricode": "SAS",
      "description": "K. Johnson 26' 3PT  (5 PTS) (M. Branham 4 AST)",
      "personIdsFilter": [
        1629640,
        1631103
      ],
      "areaDetail": "24+ Left Center",
      "shotDistance": 26.88,
      "timeActual": "2024-01-13T02:47:53.0Z",
      "assistPersonId": 1631103,
      "area": "Above the Break 3",
      "period": 3,
      "side": "right",
      "yLegacy": 233,
      "edited": "2024-01-13T02:47:57Z",
      "playerName": "Johnson",
      "isTargetScoreLastPeriod": false,
      "qualifiers": [],
      "assistTotal": 4,
      "clock": "PT05M24.00S",
      "actionType": "3pt",
      "scoreHome": "89",
      "periodType": "REGULAR",
      "teamId": 1610612759,
      "actionNumber": 466,
      "x": 69.59592641261499,
      "y": 23.284313725490197,
      "subType": "Jump Shot",
      "personId": 1629640,
      "xLegacy": -134,
      "scoreAway": "60",
      "pointsTotal": 5,
      "assistPlayerNameInitial": "M. Branham"
    },
    {
      "playerNameI": "B. McGowens",
      "orderNumber": 4600000,
      "isFieldGoal": 0,
      "possession": 1610612766,
      "teamTricode": "CHA",
      "description": "B. McGowens bad pass TURNOVER (1 TO)",
      "personIdsFilter": [
        1631121,
        1630170
      ],
      "areaDetail": "0-8 Center",
      "timeActual": "2024-01-13T02:48:08.8Z",
      "area": "Restricted Area",
      "period": 3,
      "side": null,
      "yLegacy": null,
      "edited": "2024-01-13T02:48:19Z",
      "playerName": "McGowens",
      "isTargetScoreLastPeriod": false,
      "qualifiers": [],
      "clock": "PT05M09.00S",
      "turnoverTotal": 1,
      "actionType": "turnover",
      "scoreHome": "89",
      "periodType": "REGULAR",
      "stealPersonId": 1630170,
      "teamId": 1610612766,
      "actionNumber": 468,
      "x": null,
      "y": null,
      "subType": "bad pass",
      "personId": 1631121,
      "xLegacy": null,
      "scoreAway": "60",
      "stealPlayerName": "Vassell"
    },
    {
      "playerNameI": "D. Vassell",
      "orderNumber": 4610000,
      "isFieldGoal": 0,
      "possession": 1610612759,
      "teamTricode": "SAS",
      "description": "D. Vassell STEAL (2 STL)",
      "personIdsFilter": [
        1630170
      ],
      "areaDetail": "0-8 Center",
      "timeActual": "2024-01-13T02:48:08.8Z",
      "area": "Restricted Area",
      "period": 3,
      "side": null,
      "yLegacy": null,
      "edited": "2024-01-13T02:48:10Z",
      "playerName": "Vassell",
      "isTargetScoreLastPeriod": false,
      "qualifiers": [],
      "clock": "PT05M09.00S",
      "actionType": "steal",
      "scoreHome": "89",
      "periodType": "REGULAR",
      "teamId": 1610612759,
      "actionNumber": 469,
      "x": null,
      "y": null,
      "personId": 1630170,
      "subType": "",
      "xLegacy": null,
      "scoreAway": "60"
    },
    {
      "playerNameI": "M. Branham",
      "orderNumber": 4620000,
      "isFieldGoal": 1,
      "shotResult": "Missed",
      "possession": 1610612759,
      "teamTricode": "SAS",
      "description": "MISS M. Branham 12' pullup Shot",
      "descriptor": "pullup",
      "personIdsFilter": [
        1631103
      ],
      "areaDetail": "8-16 Right",
      "shotDistance": 12.6,
      "timeActual": "2024-01-13T02:48:16.2Z",
      "area": "In The Paint (Non-RA)",
      "period": 3,
      "side": "right",
      "yLegacy": 102,
      "edited": "2024-01-13T02:48:21Z",
      "playerName": "Branham",
      "isTargetScoreLastPeriod": false,
      "qualifiers": [
        "pointsinthepaint",
        "fromturnover"
      ],
      "clock": "PT05M01.00S",
      "actionType": "2pt",
      "scoreHome": "89",
      "periodType": "REGULAR",
      "teamId": 1610612759,
      "actionNumber": 470,
      "x": 83.52496714848883,
      "y": 64.70588235294117,
      "subType": "Jump Shot",
      "personId": 1631103,
      "xLegacy": 74,
      "scoreAway": "60"
    },
    {
      "playerNameI": "T. Rozier",
      "orderNumber": 4630000,
      "isFieldGoal": 0,
      "possession": 1610612766,
      "teamTricode": "CHA",
      "description": "T. Rozier REBOUND (Off:0 Def:2)",
      "personIdsFilter": [
        1626179
      ],
      "areaDetail": "8-16 Right",
      "reboundDefensiveTotal": 2,
      "timeActual": "2024-01-13T02:48:20.2Z",
      "shotActionNumber": 470,
      "area": "In The Paint (Non-RA)",
      "reboundOffensiveTotal": 0,
      "period": 3,
      "side": null,
      "yLegacy": null,
      "edited": "2024-01-13T02:48:21Z",
      "playerName": "Rozier",
      "isTargetScoreLastPeriod": false,
      "qualifiers": [],
      "clock": "PT04M57.00S",
      "actionType": "rebound",
      "scoreHome": "89",
      "periodType": "REGULAR",
      "reboundTotal": 2,
      "teamId": 1610612766,
      "actionNumber": 471,
      "x": null,
      "y": null,
      "subType": "defensive",
      "personId": 1626179,
      "xLegacy": null,
      "scoreAway": "60"
    },
    {
      "playerNameI": "M. Bridges",
      "orderNumber": 4640000,
      "isFieldGoal": 1,
      "shotResult": "Missed",
      "possession": 1610612766,
      "teamTricode": "CHA",
      "description": "MISS M. Bridges running Layup",
      "descriptor": "running",
      "personIdsFilter": [
        1628970
      ],
      "areaDetail": "0-8 Center",
      "shotDistance": 2.38,
      "timeActual": "2024-01-13T02:48:24.7Z",
      "area": "Restricted Area",
      "period": 3,
      "side": "left",
      "yLegacy": 9,
      "edited": "2024-01-13T02:49:48Z",
      "playerName": "Bridges",
      "isTargetScoreLastPeriod": false,
      "qualifiers": [
        "fastbreak",
        "pointsinthepaint"
      ],
      "clock": "PT04M52.00S",
      "actionType": "2pt",
      "scoreHome": "89",
      "periodType": "REGULAR",
      "teamId": 1610612766,
      "actionNumber": 472,
      "x": 6.521024967148489,
      "y": 45.588235294117645,
      "subType": "Layup",
      "personId": 1628970,
      "xLegacy": 22,
      "scoreAway": "60"
    },
    {
      "playerNameI": "N. Richards",
      "orderNumber": 4650000,
      "isFieldGoal": 0,
      "possession": 1610612766,
      "teamTricode": "CHA",
      "description": "N. Richards REBOUND (Off:5 Def:3)",
      "personIdsFilter": [
        1630208
      ],
      "areaDetail": "0-8 Center",
      "reboundDefensiveTotal": 3,
      "timeActual": "2024-01-13T02:48:29.7Z",
      "shotActionNumber": 472,
      "area": "Restricted Area",
      "reboundOffensiveTotal": 5,
      "period": 3,
      "side": null,
      "yLegacy": null,
      "edited": "2024-01-13T02:48:37Z",
      "playerName": "Richards",
      "isTargetScoreLastPeriod": false,
      "qualifiers": [],
      "clock": "PT04M47.00S",
      "actionType": "rebound",
      "scoreHome": "89",
      "periodType": "REGULAR",
      "reboundTotal": 8,
      "teamId": 1610612766,
      "actionNumber": 473,
      "x": null,
      "y": null,
      "subType": "offensive",
      "personId": 1630208,
      "xLegacy": null,
      "scoreAway": "60"
    },
    {
      "playerNameI": "N. Richards",
      "orderNumber": 4660000,
      "isFieldGoal": 1,
      "shotResult": "Made",
      "possession": 1610612766,
      "teamTricode": "CHA",
      "description": "N. Richards putback Layup (12 PTS)",
      "descriptor": "putback",
      "personIdsFilter": [
        1630208
      ],
      "areaDetail": "8-16 Left",
      "shotDistance": 0,
      "timeActual": "2024-01-13T02:48:29.6Z",
      "area": "Mid-Range",
      "period": 3,
      "side": "left",
      "yLegacy": 0,
      "edited": "2024-01-13T02:48:29Z",
      "playerName": "Richards",
      "isTargetScoreLastPeriod": false,
      "qualifiers": [
        "pointsinthepaint",
        "2ndchance"
      ],
      "clock": "PT04M47.00S",
      "actionType": "2pt",
      "scoreHome": "89",
      "periodType": "REGULAR",
      "teamId": 1610612766,
      "actionNumber": 474,
      "x": 5.590000152587891,
      "y": 50,
      "subType": "Layup",
      "personId": 1630208,
      "xLegacy": 0,
      "scoreAway": "62",
      "pointsTotal": 12
    },
    {
      "playerNameI": "K. Johnson",
      "orderNumber": 4670000,
      "isFieldGoal": 1,
      "shotResult": "Made",
      "possession": 1610612759,
      "teamTricode": "SAS",
      "description": "K. Johnson 9' floating Jump Shot (7 PTS)",
      "descriptor": "floating",
      "personIdsFilter": [
        1629640
      ],
      "areaDetail": "8-16 Center",
      "shotDistance": 9.01,
      "timeActual": "2024-01-13T02:48:42.1Z",
      "area": "In The Paint (Non-RA)",
      "period": 3,
      "side": "right",
      "yLegacy": 90,
      "edited": "2024-01-13T02:48:51Z",
      "playerName": "Johnson",
      "isTargetScoreLastPeriod": false,
      "qualifiers": [
        "pointsinthepaint"
      ],
      "clock": "PT04M35.00S",
      "actionType": "2pt",
      "scoreHome": "91",
      "periodType": "REGULAR",
      "teamId": 1610612759,
      "actionNumber": 475,
      "x": 84.83902759526939,
      "y": 50.73529411764706,
      "subType": "Jump Shot",
      "personId": 1629640,
      "xLegacy": 4,
      "scoreAway": "62",
      "pointsTotal": 7
    },
    {
      "playerNameI": "M. Bridges",
      "orderNumber": 4680000,
      "isFieldGoal": 1,
      "shotResult": "Missed",
      "possession": 1610612766,
      "teamTricode": "CHA",
      "description": "MISS M. Bridges 3PT",
      "personIdsFilter": [
        1628970
      ],
      "areaDetail": "24+ Right",
      "shotDistance": 23.05,
      "timeActual": "2024-01-13T02:48:56.1Z",
      "area": "Right Corner 3",
      "period": 3,
      "side": "left",
      "yLegacy": -6,
      "edited": "2024-01-13T02:49:07Z",
      "playerName": "Bridges",
      "isTargetScoreLastPeriod": false,
      "qualifiers": [],
      "clock": "PT04M21.00S",
      "actionType": "3pt",
      "scoreHome": "91",
      "periodType": "REGULAR",
      "teamId": 1610612766,
      "actionNumber": 476,
      "x": 4.944152431011826,
      "y": 3.9215686274509802,
      "subType": "Jump Shot",
      "personId": 1628970,
      "xLegacy": 230,
      "scoreAway": "62"
    },
    {
      "playerNameI": "C. Osman",
      "orderNumber": 4690000,
      "isFieldGoal": 0,
      "possession": 1610612759,
      "teamTricode": "SAS",
      "description": "C. Osman REBOUND (Off:0 Def:2)",
      "personIdsFilter": [
        1626224
      ],
      "areaDetail": "24+ Right",
      "reboundDefensiveTotal": 2,
      "timeActual": "2024-01-13T02:49:00.1Z",
      "shotActionNumber": 476,
      "area": "Right Corner 3",
      "reboundOffensiveTotal": 0,
      "period": 3,
      "side": null,
      "yLegacy": null,
      "edited": "2024-01-13T02:49:07Z",
      "playerName": "Osman",
      "isTargetScoreLastPeriod": false,
      "qualifiers": [],
      "clock": "PT04M17.00S",
      "actionType": "rebound",
      "scoreHome": "91",
      "periodType": "REGULAR",
      "reboundTotal": 2,
      "teamId": 1610612759,
      "actionNumber": 477,
      "x": null,
      "y": null,
      "subType": "defensive",
      "personId": 1626224,
      "xLegacy": null,
      "scoreAway": "62"
    },
    {
      "playerNameI": "C. Osman",
      "orderNumber": 4700000,
      "isFieldGoal": 0,
      "possession": 1610612759,
      "teamTricode": "SAS",
      "description": "C. Osman lost ball TURNOVER (1 TO)",
      "personIdsFilter": [
        1626224,
        1628970
      ],
      "areaDetail": "24+ Center",
      "timeActual": "2024-01-13T02:49:01.7Z",
      "area": "Above the Break 3",
      "period": 3,
      "side": null,
      "yLegacy": null,
      "edited": "2024-01-13T02:49:10Z",
      "playerName": "Osman",
      "isTargetScoreLastPeriod": false,
      "qualifiers": [],
      "clock": "PT04M15.00S",
      "turnoverTotal": 1,
      "actionType": "turnover",
      "scoreHome": "91",
      "periodType": "REGULAR",
      "stealPersonId": 1628970,
      "teamId": 1610612759,
      "actionNumber": 478,
      "x": null,
      "y": null,
      "subType": "lost ball",
      "personId": 1626224,
      "xLegacy": null,
      "scoreAway": "62",
      "stealPlayerName": "Bridges"
    },
    {
      "playerNameI": "M. Bridges",
      "orderNumber": 4710000,
      "isFieldGoal": 0,
      "possession": 1610612766,
      "teamTricode": "CHA",
      "description": "M. Bridges STEAL (1 STL)",
      "personIdsFilter": [
        1628970
      ],
      "areaDetail": "24+ Center",
      "timeActual": "2024-01-13T02:49:01.7Z",
      "area": "Above the Break 3",
      "period": 3,
      "side": null,
      "yLegacy": null,
      "edited": "2024-01-13T02:49:03Z",
      "playerName": "Bridges",
      "isTargetScoreLastPeriod": false,
      "qualifiers": [],
      "clock": "PT04M15.00S",
      "actionType": "steal",
      "scoreHome": "91",
      "periodType": "REGULAR",
      "teamId": 1610612766,
      "actionNumber": 479,
      "x": null,
      "y": null,
      "personId": 1628970,
      "subType": "",
      "xLegacy": null,
      "scoreAway": "62"
    },
    {
      "playerNameI": "D. Vassell",
      "orderNumber": 4730000,
      "isFieldGoal": 0,
      "possession": 1610612766,
      "teamTricode": "SAS",
      "description": "SUB out: D. Vassell",
      "personIdsFilter": [
        1630170
      ],
      "timeActual": "2024-01-13T02:49:08.7Z",
      "period": 3,
      "side": null,
      "yLegacy": null,
      "edited": "2024-01-13T02:49:17Z",
      "playerName": "Vassell",
      "isTargetScoreLastPeriod": false,
      "qualifiers": [],
      "clock": "PT04M14.00S",
      "actionType": "substitution",
      "scoreHome": "91",
      "periodType": "REGULAR",
      "teamId": 1610612759,
      "actionNumber": 481,
      "x": null,
      "y": null,
      "subType": "out",
      "personId": 1630170,
      "xLegacy": null,
      "scoreAway": "62"
    },
    {
      "playerNameI": "B. McGowens",
      "orderNumber": 4740000,
      "isFieldGoal": 0,
      "possession": 1610612766,
      "teamTricode": "CHA",
      "description": "SUB out: B. McGowens",
      "personIdsFilter": [
        1631121
      ],
      "timeActual": "2024-01-13T02:49:08.7Z",
      "period": 3,
      "side": null,
      "yLegacy": null,
      "edited": "2024-01-13T02:49:17Z",
      "playerName": "McGowens",
      "isTargetScoreLastPeriod": false,
      "qualifiers": [],
      "clock": "PT04M14.00S",
      "actionType": "substitution",
      "scoreHome": "91",
      "periodType": "REGULAR",
      "teamId": 1610612766,
      "actionNumber": 482,
      "x": null,
      "y": null,
      "subType": "out",
      "personId": 1631121,
      "xLegacy": null,
      "scoreAway": "62"
    },
    {
      "playerNameI": "D. McDermott",
      "orderNumber": 4750000,
      "isFieldGoal": 0,
      "possession": 1610612766,
      "teamTricode": "SAS",
      "description": "SUB in: D. McDermott",
      "personIdsFilter": [
        203926
      ],
      "timeActual": "2024-01-13T02:49:08.7Z",
      "period": 3,
      "side": null,
      "yLegacy": null,
      "edited": "2024-01-13T02:49:17Z",
      "playerName": "McDermott",
      "isTargetScoreLastPeriod": false,
      "qualifiers": [],
      "clock": "PT04M14.00S",
      "actionType": "substitution",
      "scoreHome": "91",
      "periodType": "REGULAR",
      "teamId": 1610612759,
      "actionNumber": 483,
      "x": null,
      "y": null,
      "subType": "in",
      "personId": 203926,
      "xLegacy": null,
      "scoreAway": "62"
    },
    {
      "playerNameI": "N. Smith Jr.",
      "orderNumber": 4760000,
      "isFieldGoal": 0,
      "possession": 1610612766,
      "teamTricode": "CHA",
      "description": "SUB in: N. Smith Jr.",
      "personIdsFilter": [
        1641733
      ],
      "timeActual": "2024-01-13T02:49:08.7Z",
      "period": 3,
      "side": null,
      "yLegacy": null,
      "edited": "2024-01-13T02:49:17Z",
      "playerName": "Smith Jr.",
      "isTargetScoreLastPeriod": false,
      "qualifiers": [],
      "clock": "PT04M14.00S",
      "actionType": "substitution",
      "scoreHome": "91",
      "periodType": "REGULAR",
      "teamId": 1610612766,
      "actionNumber": 484,
      "x": null,
      "y": null,
      "subType": "in",
      "personId": 1641733,
      "xLegacy": null,
      "scoreAway": "62"
    },
    {
      "playerNameI": "T. Rozier",
      "orderNumber": 4770000,
      "isFieldGoal": 1,
      "shotResult": "Missed",
      "possession": 1610612766,
      "teamTricode": "CHA",
      "description": "MISS T. Rozier 3PT",
      "personIdsFilter": [
        1626179
      ],
      "areaDetail": "24+ Left",
      "shotDistance": 23.17,
      "timeActual": "2024-01-13T02:49:27.4Z",
      "area": "Left Corner 3",
      "period": 3,
      "side": "left",
      "yLegacy": 8,
      "edited": "2024-01-13T02:49:31Z",
      "playerName": "Rozier",
      "isTargetScoreLastPeriod": false,
      "qualifiers": [
        "fromturnover"
      ],
      "clock": "PT04M10.00S",
      "actionType": "3pt",
      "scoreHome": "91",
      "periodType": "REGULAR",
      "teamId": 1610612766,
      "actionNumber": 485,
      "x": 6.389618922470433,
      "y": 96.32352941176471,
      "subType": "Jump Shot",
      "personId": 1626179,
      "xLegacy": -232,
      "scoreAway": "62"
    },
    {
      "playerNameI": "M. Branham",
      "orderNumber": 4780000,
      "isFieldGoal": 0,
      "possession": 1610612759,
      "teamTricode": "SAS",
      "description": "M. Branham REBOUND (Off:0 Def:2)",
      "personIdsFilter": [
        1631103
      ],
      "areaDetail": "24+ Left",
      "reboundDefensiveTotal": 2,
      "timeActual": "2024-01-13T02:49:30.4Z",
      "shotActionNumber": 485,
      "area": "Left Corner 3",
      "reboundOffensiveTotal": 0,
      "period": 3,
      "side": null,
      "yLegacy": null,
      "edited": "2024-01-13T02:49:31Z",
      "playerName": "Branham",
      "isTargetScoreLastPeriod": false,
      "qualifiers": [],
      "clock": "PT04M07.00S",
      "actionType": "rebound",
      "scoreHome": "91",
      "periodType": "REGULAR",
      "reboundTotal": 2,
      "teamId": 1610612759,
      "actionNumber": 486,
      "x": null,
      "y": null,
      "subType": "defensive",
      "personId": 1631103,
      "xLegacy": null,
      "scoreAway": "62"
    },
    {
      "playerNameI": "K. Johnson",
      "orderNumber": 4790000,
      "isFieldGoal": 1,
      "shotResult": "Missed",
      "possession": 1610612759,
      "teamTricode": "SAS",
      "description": "MISS K. Johnson 26' pullup 3PT",
      "descriptor": "pullup",
      "personIdsFilter": [
        1629640
      ],
      "areaDetail": "24+ Center",
      "shotDistance": 26.87,
      "timeActual": "2024-01-13T02:49:38.7Z",
      "area": "Above the Break 3",
      "period": 3,
      "side": "right",
      "yLegacy": 268,
      "edited": "2024-01-13T02:49:43Z",
      "playerName": "Johnson",
      "isTargetScoreLastPeriod": false,
      "qualifiers": [],
      "clock": "PT03M59.00S",
      "actionType": "3pt",
      "scoreHome": "91",
      "periodType": "REGULAR",
      "teamId": 1610612759,
      "actionNumber": 487,
      "x": 65.91655716162943,
      "y": 45.83333333333333,
      "subType": "Jump Shot",
      "personId": 1629640,
      "xLegacy": -21,
      "scoreAway": "62"
    },
    {
      "playerNameI": "N. Smith Jr.",
      "orderNumber": 4800000,
      "isFieldGoal": 0,
      "possession": 1610612766,
      "teamTricode": "CHA",
      "description": "N. Smith Jr. REBOUND (Off:1 Def:1)",
      "personIdsFilter": [
        1641733
      ],
      "areaDetail": "24+ Center",
      "reboundDefensiveTotal": 1,
      "timeActual": "2024-01-13T02:49:41.7Z",
      "shotActionNumber": 487,
      "area": "Above the Break 3",
      "reboundOffensiveTotal": 1,
      "period": 3,
      "side": null,
      "yLegacy": null,
      "edited": "2024-01-13T02:49:43Z",
      "playerName": "Smith Jr.",
      "isTargetScoreLastPeriod": false,
      "qualifiers": [],
      "clock": "PT03M56.00S",
      "actionType": "rebound",
      "scoreHome": "91",
      "periodType": "REGULAR",
      "reboundTotal": 2,
      "teamId": 1610612766,
      "actionNumber": 488,
      "x": null,
      "y": null,
      "subType": "defensive",
      "personId": 1641733,
      "xLegacy": null,
      "scoreAway": "62"
    },
    {
      "playerNameI": "T. Rozier",
      "orderNumber": 4810000,
      "isFieldGoal": 1,
      "shotResult": "Made",
      "possession": 1610612766,
      "teamTricode": "CHA",
      "description": "T. Rozier driving finger roll Layup (16 PTS) (N. Smith Jr. 2 AST)",
      "descriptor": "driving finger roll",
      "personIdsFilter": [
        1626179,
        1641733
      ],
      "areaDetail": "0-8 Center",
      "shotDistance": 2.48,
      "timeActual": "2024-01-13T02:49:51.8Z",
      "assistPersonId": 1641733,
      "area": "Restricted Area",
      "period": 3,
      "side": "left",
      "yLegacy": 11,
      "edited": "2024-01-13T02:49:58Z",
      "playerName": "Rozier",
      "isTargetScoreLastPeriod": false,
      "qualifiers": [
        "pointsinthepaint"
      ],
      "assistTotal": 2,
      "clock": "PT03M46.00S",
      "actionType": "2pt",
      "scoreHome": "91",
      "periodType": "REGULAR",
      "teamId": 1610612766,
      "actionNumber": 489,
      "x": 6.783837056504599,
      "y": 45.588235294117645,
      "subType": "Layup",
      "personId": 1626179,
      "xLegacy": 22,
      "scoreAway": "64",
      "pointsTotal": 16,
      "assistPlayerNameInitial": "N. Smith Jr."
    },
    {
      "orderNumber": 4830000,
      "isFieldGoal": 0,
      "possession": 1610612759,
      "teamTricode": "SAS",
      "description": "SAS Timeout",
      "personIdsFilter": [],
      "timeActual": "2024-01-13T02:49:57.4Z",
      "period": 3,
      "side": null,
      "yLegacy": null,
      "edited": "2024-01-13T02:49:57Z",
      "isTargetScoreLastPeriod": false,
      "qualifiers": [
        "team"
      ],
      "clock": "PT03M45.00S",
      "actionType": "timeout",
      "scoreHome": "91",
      "periodType": "REGULAR",
      "teamId": 1610612759,
      "actionNumber": 491,
      "x": null,
      "y": null,
      "subType": "full",
      "personId": 0,
      "xLegacy": null,
      "scoreAway": "64"
    },
    {
      "playerNameI": "N. Richards",
      "orderNumber": 4840000,
      "isFieldGoal": 0,
      "possession": 1610612759,
      "teamTricode": "CHA",
      "description": "SUB out: N. Richards",
      "personIdsFilter": [
        1630208
      ],
      "timeActual": "2024-01-13T02:52:23.5Z",
      "period": 3,
      "side": null,
      "yLegacy": null,
      "edited": "2024-01-13T02:52:36Z",
      "playerName": "Richards",
      "isTargetScoreLastPeriod": false,
      "qualifiers": [],
      "clock": "PT03M45.00S",
      "actionType": "substitution",
      "scoreHome": "91",
      "periodType": "REGULAR",
      "teamId": 1610612766,
      "actionNumber": 492,
      "x": null,
      "y": null,
      "subType": "out",
      "personId": 1630208,
      "xLegacy": null,
      "scoreAway": "64"
    },
    {
      "playerNameI": "N. Mensah",
      "orderNumber": 4850000,
      "isFieldGoal": 0,
      "possession": 1610612759,
      "teamTricode": "CHA",
      "description": "SUB in: N. Mensah",
      "personIdsFilter": [
        1641877
      ],
      "timeActual": "2024-01-13T02:52:23.5Z",
      "period": 3,
      "side": null,
      "yLegacy": null,
      "edited": "2024-01-13T02:52:36Z",
      "playerName": "Mensah",
      "isTargetScoreLastPeriod": false,
      "qualifiers": [],
      "clock": "PT03M45.00S",
      "actionType": "substitution",
      "scoreHome": "91",
      "periodType": "REGULAR",
      "teamId": 1610612766,
      "actionNumber": 493,
      "x": null,
      "y": null,
      "subType": "in",
      "personId": 1641877,
      "xLegacy": null,
      "scoreAway": "64"
    },
    {
      "playerNameI": "D. McDermott",
      "orderNumber": 4865000,
      "isFieldGoal": 0,
      "shotResult": "Made",
      "possession": 1610612759,
      "teamTricode": "SAS",
      "description": "D. McDermott flagrant Free Throw 1 of 3 (13 PTS)",
      "descriptor": "flagrant",
      "personIdsFilter": [
        203926
      ],
      "timeActual": "2024-01-13T02:53:01.2Z",
      "period": 3,
      "side": null,
      "yLegacy": null,
      "edited": "2024-01-13T02:57:02Z",
      "playerName": "McDermott",
      "isTargetScoreLastPeriod": false,
      "qualifiers": [],
      "clock": "PT03M32.00S",
      "actionType": "freethrow",
      "scoreHome": "92",
      "periodType": "REGULAR",
      "teamId": 1610612759,
      "actionNumber": 498,
      "x": null,
      "y": null,
      "subType": "1 of 3",
      "personId": 203926,
      "xLegacy": null,
      "scoreAway": "64",
      "pointsTotal": 13
    },
    {
      "playerNameI": "D. McDermott",
      "orderNumber": 4872500,
      "isFieldGoal": 0,
      "shotResult": "Made",
      "possession": 1610612759,
      "teamTricode": "SAS",
      "description": "D. McDermott flagrant Free Throw 2 of 3 (14 PTS)",
      "descriptor": "flagrant",
      "personIdsFilter": [
        203926
      ],
      "timeActual": "2024-01-13T02:53:01.2Z",
      "period": 3,
      "side": null,
      "yLegacy": null,
      "edited": "2024-01-13T02:57:02Z",
      "playerName": "McDermott",
      "isTargetScoreLastPeriod": false,
      "qualifiers": [],
      "clock": "PT03M32.00S",
      "actionType": "freethrow",
      "scoreHome": "93",
      "periodType": "REGULAR",
      "teamId": 1610612759,
      "actionNumber": 499,
      "x": null,
      "y": null,
      "subType": "2 of 3",
      "personId": 203926,
      "xLegacy": null,
      "scoreAway": "64",
      "pointsTotal": 14
    },
    {
      "playerNameI": "D. McDermott",
      "orderNumber": 4876250,
      "isFieldGoal": 0,
      "shotResult": "Missed",
      "possession": 1610612759,
      "teamTricode": "SAS",
      "description": "MISS D. McDermott flagrant Free Throw 3 of 3",
      "descriptor": "flagrant",
      "personIdsFilter": [
        203926
      ],
      "timeActual": "2024-01-13T02:53:01.2Z",
      "period": 3,
      "side": null,
      "yLegacy": null,
      "edited": "2024-01-13T02:57:02Z",
      "playerName": "McDermott",
      "isTargetScoreLastPeriod": false,
      "qualifiers": [],
      "clock": "PT03M32.00S",
      "actionType": "freethrow",
      "scoreHome": "93",
      "periodType": "REGULAR",
      "teamId": 1610612759,
      "actionNumber": 500,
      "x": null,
      "y": null,
      "subType": "3 of 3",
      "personId": 203926,
      "xLegacy": null,
      "scoreAway": "64"
    },
    {
      "orderNumber": 4878125,
      "isFieldGoal": 0,
      "possession": 1610612759,
      "teamTricode": "SAS",
      "description": "TEAM offensive REBOUND",
      "personIdsFilter": [],
      "timeActual": "2024-01-13T02:53:01.2Z",
      "shotActionNumber": 500,
      "period": 3,
      "side": null,
      "yLegacy": null,
      "edited": "2024-01-13T02:57:02Z",
      "isTargetScoreLastPeriod": false,
      "qualifiers": [
        "team",
        "deadball"
      ],
      "clock": "PT03M32.00S",
      "actionType": "rebound",
      "scoreHome": "93",
      "periodType": "REGULAR",
      "teamId": 1610612759,
      "actionNumber": 505,
      "x": null,
      "y": null,
      "subType": "offensive",
      "personId": 0,
      "xLegacy": null,
      "scoreAway": "64"
    },
    {
      "playerNameI": "K. Johnson",
      "orderNumber": 4980000,
      "isFieldGoal": 1,
      "shotResult": "Missed",
      "possession": 1610612759,
      "teamTricode": "SAS",
      "description": "MISS K. Johnson 26' 3PT",
      "personIdsFilter": [
        1629640
      ],
      "areaDetail": "24+ Left Center",
      "shotDistance": 26.85,
      "timeActual": "2024-01-13T02:56:06.6Z",
      "area": "Above the Break 3",
      "period": 3,
      "side": "right",
      "yLegacy": 241,
      "edited": "2024-01-13T02:56:13Z",
      "playerName": "Johnson",
      "isTargetScoreLastPeriod": false,
      "qualifiers": [],
      "clock": "PT03M21.00S",
      "actionType": "3pt",
      "scoreHome": "93",
      "periodType": "REGULAR",
      "teamId": 1610612759,
      "actionNumber": 506,
      "x": 68.80749014454665,
      "y": 26.225490196078432,
      "subType": "Jump Shot",
      "personId": 1629640,
      "xLegacy": -119,
      "scoreAway": "64"
    },
    {
      "playerNameI": "N. Mensah",
      "orderNumber": 4990000,
      "isFieldGoal": 0,
      "possession": 1610612766,
      "teamTricode": "CHA",
      "description": "N. Mensah REBOUND (Off:1 Def:2)",
      "personIdsFilter": [
        1641877
      ],
      "areaDetail": "24+ Left Center",
      "reboundDefensiveTotal": 2,
      "timeActual": "2024-01-13T02:56:08.6Z",
      "shotActionNumber": 506,
      "area": "Above the Break 3",
      "reboundOffensiveTotal": 1,
      "period": 3,
      "side": null,
      "yLegacy": null,
      "edited": "2024-01-13T02:56:13Z",
      "playerName": "Mensah",
      "isTargetScoreLastPeriod": false,
      "qualifiers": [],
      "clock": "PT03M19.00S",
      "actionType": "rebound",
      "scoreHome": "93",
      "periodType": "REGULAR",
      "reboundTotal": 3,
      "teamId": 1610612766,
      "actionNumber": 507,
      "x": null,
      "y": null,
      "subType": "defensive",
      "personId": 1641877,
      "xLegacy": null,
      "scoreAway": "64"
    },
    {
      "playerNameI": "T. Rozier",
      "orderNumber": 5000000,
      "isFieldGoal": 1,
      "shotResult": "Missed",
      "possession": 1610612766,
      "teamTricode": "CHA",
      "description": "MISS T. Rozier 26' 3PT",
      "personIdsFilter": [
        1626179
      ],
      "areaDetail": "24+ Left Center",
      "shotDistance": 26.02,
      "timeActual": "2024-01-13T02:56:24.5Z",
      "area": "Above the Break 3",
      "period": 3,
      "side": "left",
      "yLegacy": 151,
      "edited": "2024-01-13T02:56:32Z",
      "playerName": "Rozier",
      "isTargetScoreLastPeriod": false,
      "qualifiers": [],
      "clock": "PT03M04.00S",
      "actionType": "3pt",
      "scoreHome": "93",
      "periodType": "REGULAR",
      "teamId": 1610612766,
      "actionNumber": 508,
      "x": 21.632720105124836,
      "y": 92.40196078431373,
      "subType": "Jump Shot",
      "personId": 1626179,
      "xLegacy": -212,
      "scoreAway": "64"
    },
    {
      "playerNameI": "N. Mensah",
      "orderNumber": 5010000,
      "isFieldGoal": 0,
      "possession": 1610612766,
      "teamTricode": "CHA",
      "description": "N. Mensah REBOUND (Off:2 Def:2)",
      "personIdsFilter": [
        1641877
      ],
      "areaDetail": "24+ Left Center",
      "reboundDefensiveTotal": 2,
      "timeActual": "2024-01-13T02:56:28.5Z",
      "shotActionNumber": 508,
      "area": "Above the Break 3",
      "reboundOffensiveTotal": 2,
      "period": 3,
      "side": null,
      "yLegacy": null,
      "edited": "2024-01-13T02:56:32Z",
      "playerName": "Mensah",
      "isTargetScoreLastPeriod": false,
      "qualifiers": [],
      "clock": "PT03M00.00S",
      "actionType": "rebound",
      "scoreHome": "93",
      "periodType": "REGULAR",
      "reboundTotal": 4,
      "teamId": 1610612766,
      "actionNumber": 509,
      "x": null,
      "y": null,
      "subType": "offensive",
      "personId": 1641877,
      "xLegacy": null,
      "scoreAway": "64"
    },
    {
      "playerNameI": "M. Bridges",
      "orderNumber": 5020000,
      "isFieldGoal": 1,
      "shotResult": "Made",
      "possession": 1610612766,
      "teamTricode": "CHA",
      "description": "M. Bridges 25' 3PT  (14 PTS) (N. Mensah 1 AST)",
      "personIdsFilter": [
        1628970,
        1641877
      ],
      "areaDetail": "24+ Center",
      "shotDistance": 25.75,
      "timeActual": "2024-01-13T02:56:29.5Z",
      "assistPersonId": 1641877,
      "area": "Above the Break 3",
      "period": 3,
      "side": "left",
      "yLegacy": 257,
      "edited": "2024-01-13T02:56:45Z",
      "playerName": "Bridges",
      "isTargetScoreLastPeriod": false,
      "qualifiers": [
        "2ndchance"
      ],
      "assistTotal": 1,
      "clock": "PT02M58.00S",
      "actionType": "3pt",
      "scoreHome": "93",
      "periodType": "REGULAR",
      "teamId": 1610612766,
      "actionNumber": 510,
      "x": 32.933639947437584,
      "y": 52.94117647058824,
      "subType": "Jump Shot",
      "personId": 1628970,
      "xLegacy": -15,
      "scoreAway": "67",
      "pointsTotal": 14,
      "assistPlayerNameInitial": "N. Mensah"
    },
    {
      "officialId": 202049,
      "playerNameI": "C. Osman",
      "orderNumber": 5040000,
      "isFieldGoal": 0,
      "possession": 1610612759,
      "teamTricode": "SAS",
      "description": "C. Osman step out-of-bounds TURNOVER (2 TO)",
      "descriptor": "step",
      "personIdsFilter": [
        1626224
      ],
      "areaDetail": "24+ Right",
      "timeActual": "2024-01-13T02:56:42.7Z",
      "area": "Right Corner 3",
      "period": 3,
      "side": null,
      "yLegacy": null,
      "edited": "2024-01-13T02:56:50Z",
      "playerName": "Osman",
      "isTargetScoreLastPeriod": false,
      "qualifiers": [],
      "clock": "PT02M48.00S",
      "turnoverTotal": 2,
      "actionType": "turnover",
      "scoreHome": "93",
      "periodType": "REGULAR",
      "teamId": 1610612759,
      "actionNumber": 512,
      "x": null,
      "y": null,
      "subType": "out-of-bounds",
      "personId": 1626224,
      "xLegacy": null,
      "scoreAway": "67"
    },
    {
      "playerNameI": "T. Rozier",
      "orderNumber": 5050000,
      "isFieldGoal": 0,
      "possession": 1610612766,
      "teamTricode": "CHA",
      "description": "SUB out: T. Rozier",
      "personIdsFilter": [
        1626179
      ],
      "timeActual": "2024-01-13T02:56:46.6Z",
      "period": 3,
      "side": null,
      "yLegacy": null,
      "edited": "2024-01-13T02:56:56Z",
      "playerName": "Rozier",
      "isTargetScoreLastPeriod": false,
      "qualifiers": [],
      "clock": "PT02M48.00S",
      "actionType": "substitution",
      "scoreHome": "93",
      "periodType": "REGULAR",
      "teamId": 1610612766,
      "actionNumber": 513,
      "x": null,
      "y": null,
      "subType": "out",
      "personId": 1626179,
      "xLegacy": null,
      "scoreAway": "67"
    },
    {
      "playerNameI": "L. Ball",
      "orderNumber": 5060000,
      "isFieldGoal": 0,
      "possession": 1610612766,
      "teamTricode": "CHA",
      "description": "SUB in: L. Ball",
      "personIdsFilter": [
        1630163
      ],
      "timeActual": "2024-01-13T02:56:46.6Z",
      "period": 3,
      "side": null,
      "yLegacy": null,
      "edited": "2024-01-13T02:56:56Z",
      "playerName": "Ball",
      "isTargetScoreLastPeriod": false,
      "qualifiers": [],
      "clock": "PT02M48.00S",
      "actionType": "substitution",
      "scoreHome": "93",
      "periodType": "REGULAR",
      "teamId": 1610612766,
      "actionNumber": 514,
      "x": null,
      "y": null,
      "subType": "in",
      "personId": 1630163,
      "xLegacy": null,
      "scoreAway": "67"
    },
    {
      "playerNameI": "M. Bridges",
      "orderNumber": 5070000,
      "isFieldGoal": 1,
      "shotResult": "Missed",
      "possession": 1610612766,
      "teamTricode": "CHA",
      "description": "MISS M. Bridges 9' pullup Shot",
      "descriptor": "pullup",
      "personIdsFilter": [
        1628970
      ],
      "areaDetail": "8-16 Center",
      "shotDistance": 9.66,
      "timeActual": "2024-01-13T02:57:17.3Z",
      "area": "In The Paint (Non-RA)",
      "period": 3,
      "side": "left",
      "yLegacy": 96,
      "edited": "2024-01-13T02:57:23Z",
      "playerName": "Bridges",
      "isTargetScoreLastPeriod": false,
      "qualifiers": [
        "pointsinthepaint",
        "fromturnover"
      ],
      "clock": "PT02M30.00S",
      "actionType": "2pt",
      "scoreHome": "93",
      "periodType": "REGULAR",
      "teamId": 1610612766,
      "actionNumber": 515,
      "x": 15.850854139290407,
      "y": 50.98039215686274,
      "subType": "Jump Shot",
      "personId": 1628970,
      "xLegacy": -5,
      "scoreAway": "67"
    },
    {
      "playerNameI": "N. Mensah",
      "orderNumber": 5080000,
      "isFieldGoal": 0,
      "possession": 1610612766,
      "teamTricode": "CHA",
      "description": "N. Mensah REBOUND (Off:3 Def:2)",
      "personIdsFilter": [
        1641877
      ],
      "areaDetail": "8-16 Center",
      "reboundDefensiveTotal": 2,
      "timeActual": "2024-01-13T02:57:21.3Z",
      "shotActionNumber": 515,
      "area": "In The Paint (Non-RA)",
      "reboundOffensiveTotal": 3,
      "period": 3,
      "side": null,
      "yLegacy": null,
      "edited": "2024-01-13T02:57:23Z",
      "playerName": "Mensah",
      "isTargetScoreLastPeriod": false,
      "qualifiers": [],
      "clock": "PT02M26.00S",
      "actionType": "rebound",
      "scoreHome": "93",
      "periodType": "REGULAR",
      "reboundTotal": 5,
      "teamId": 1610612766,
      "actionNumber": 516,
      "x": null,
      "y": null,
      "subType": "offensive",
      "personId": 1641877,
      "xLegacy": null,
      "scoreAway": "67"
    },
    {
      "playerNameI": "N. Mensah",
      "orderNumber": 5090000,
      "isFieldGoal": 1,
      "shotResult": "Missed",
      "possession": 1610612766,
      "teamTricode": "CHA",
      "description": "MISS N. Mensah tip Layup",
      "descriptor": "tip",
      "personIdsFilter": [
        1641877
      ],
      "areaDetail": "0-8 Center",
      "shotDistance": 0,
      "timeActual": "2024-01-13T02:57:21.8Z",
      "area": "Restricted Area",
      "period": 3,
      "side": "left",
      "yLegacy": 0,
      "edited": "2024-01-13T02:57:28Z",
      "playerName": "Mensah",
      "isTargetScoreLastPeriod": false,
      "qualifiers": [
        "2ndchance",
        "pointsinthepaint",
        "fromturnover"
      ],
      "clock": "PT02M26.00S",
      "actionType": "2pt",
      "scoreHome": "93",
      "periodType": "REGULAR",
      "teamId": 1610612766,
      "actionNumber": 517,
      "x": 5.590000152587891,
      "y": 50,
      "subType": "Layup",
      "personId": 1641877,
      "xLegacy": 0,
      "scoreAway": "67"
    },
    {
      "playerNameI": "V. Wembanyama",
      "orderNumber": 5100000,
      "isFieldGoal": 0,
      "possession": 1610612759,
      "teamTricode": "SAS",
      "description": "V. Wembanyama REBOUND (Off:3 Def:7)",
      "personIdsFilter": [
        1641705
      ],
      "areaDetail": "0-8 Center",
      "reboundDefensiveTotal": 7,
      "timeActual": "2024-01-13T02:57:21.8Z",
      "shotActionNumber": 517,
      "area": "Restricted Area",
      "reboundOffensiveTotal": 3,
      "period": 3,
      "side": null,
      "yLegacy": null,
      "edited": "2024-01-13T02:57:28Z",
      "playerName": "Wembanyama",
      "isTargetScoreLastPeriod": false,
      "qualifiers": [],
      "clock": "PT02M26.00S",
      "actionType": "rebound",
      "scoreHome": "93",
      "periodType": "REGULAR",
      "reboundTotal": 10,
      "teamId": 1610612759,
      "actionNumber": 518,
      "x": null,
      "y": null,
      "subType": "defensive",
      "personId": 1641705,
      "xLegacy": null,
      "scoreAway": "67"
    },
    {
      "playerNameI": "M. Branham",
      "orderNumber": 5110000,
      "isFieldGoal": 0,
      "possession": 1610612759,
      "teamTricode": "SAS",
      "description": "M. Branham lost ball TURNOVER (2 TO)",
      "personIdsFilter": [
        1631103,
        1630163
      ],
      "areaDetail": "16-24 Right",
      "timeActual": "2024-01-13T02:57:25.7Z",
      "area": "Mid-Range",
      "period": 3,
      "side": null,
      "yLegacy": null,
      "edited": "2024-01-13T02:57:37Z",
      "playerName": "Branham",
      "isTargetScoreLastPeriod": false,
      "qualifiers": [],
      "clock": "PT02M22.00S",
      "turnoverTotal": 2,
      "actionType": "turnover",
      "scoreHome": "93",
      "periodType": "REGULAR",
      "stealPersonId": 1630163,
      "teamId": 1610612759,
      "actionNumber": 519,
      "x": null,
      "y": null,
      "subType": "lost ball",
      "personId": 1631103,
      "xLegacy": null,
      "scoreAway": "67",
      "stealPlayerName": "Ball"
    },
    {
      "playerNameI": "L. Ball",
      "orderNumber": 5120000,
      "isFieldGoal": 0,
      "possession": 1610612766,
      "teamTricode": "CHA",
      "description": "L. Ball STEAL (4 STL)",
      "personIdsFilter": [
        1630163
      ],
      "areaDetail": "16-24 Right",
      "timeActual": "2024-01-13T02:57:25.7Z",
      "area": "Mid-Range",
      "period": 3,
      "side": null,
      "yLegacy": null,
      "edited": "2024-01-13T02:57:33Z",
      "playerName": "Ball",
      "isTargetScoreLastPeriod": false,
      "qualifiers": [],
      "clock": "PT02M22.00S",
      "actionType": "steal",
      "scoreHome": "93",
      "periodType": "REGULAR",
      "teamId": 1610612766,
      "actionNumber": 520,
      "x": null,
      "y": null,
      "personId": 1630163,
      "subType": "",
      "xLegacy": null,
      "scoreAway": "67"
    },
    {
      "officialId": 1628159,
      "playerNameI": "L. Ball",
      "orderNumber": 5130000,
      "isFieldGoal": 0,
      "possession": 1610612766,
      "teamTricode": "CHA",
      "description": "L. Ball bad pass out-of-bounds TURNOVER (6 TO)",
      "descriptor": "bad pass",
      "personIdsFilter": [
        1630163
      ],
      "areaDetail": "8-16 Left",
      "timeActual": "2024-01-13T02:57:36.4Z",
      "area": "Mid-Range",
      "period": 3,
      "side": null,
      "yLegacy": null,
      "edited": "2024-01-13T02:57:44Z",
      "playerName": "Ball",
      "isTargetScoreLastPeriod": false,
      "qualifiers": [],
      "clock": "PT02M19.00S",
      "turnoverTotal": 6,
      "actionType": "turnover",
      "scoreHome": "93",
      "periodType": "REGULAR",
      "teamId": 1610612766,
      "actionNumber": 521,
      "x": null,
      "y": null,
      "subType": "out-of-bounds",
      "personId": 1630163,
      "xLegacy": null,
      "scoreAway": "67"
    },
    {
      "playerNameI": "V. Wembanyama",
      "orderNumber": 5140000,
      "isFieldGoal": 1,
      "shotResult": "Made",
      "possession": 1610612759,
      "teamTricode": "SAS",
      "description": "V. Wembanyama 8' driving finger roll Layup (26 PTS) (C. Osman 1 AST)",
      "descriptor": "driving finger roll",
      "personIdsFilter": [
        1641705,
        1626224
      ],
      "areaDetail": "8-16 Center",
      "shotDistance": 8.14,
      "timeActual": "2024-01-13T02:57:55.8Z",
      "assistPersonId": 1626224,
      "area": "In The Paint (Non-RA)",
      "period": 3,
      "side": "right",
      "yLegacy": 81,
      "edited": "2024-01-13T02:58:01Z",
      "playerName": "Wembanyama",
      "isTargetScoreLastPeriod": false,
      "qualifiers": [
        "pointsinthepaint",
        "fromturnover"
      ],
      "assistTotal": 1,
      "clock": "PT02M02.00S",
      "actionType": "2pt",
      "scoreHome": "95",
      "periodType": "REGULAR",
      "teamId": 1610612759,
      "actionNumber": 522,
      "x": 85.75886990801577,
      "y": 50,
      "subType": "Layup",
      "personId": 1641705,
      "xLegacy": 0,
      "scoreAway": "67",
      "pointsTotal": 26,
      "assistPlayerNameInitial": "C. Osman"
    },
    {
      "playerNameI": "L. Ball",
      "orderNumber": 5150000,
      "isFieldGoal": 1,
      "shotResult": "Made",
      "possession": 1610612766,
      "teamTricode": "CHA",
      "description": "L. Ball 19' pullup Jump Shot (20 PTS) (I. Smith 3 AST)",
      "descriptor": "pullup",
      "personIdsFilter": [
        1630163,
        202397
      ],
      "areaDetail": "16-24 Right Center",
      "shotDistance": 19.14,
      "timeActual": "2024-01-13T02:58:10.5Z",
      "assistPersonId": 202397,
      "area": "Mid-Range",
      "period": 3,
      "side": "left",
      "yLegacy": 180,
      "edited": "2024-01-13T02:58:15Z",
      "playerName": "Ball",
      "isTargetScoreLastPeriod": false,
      "qualifiers": [],
      "assistTotal": 3,
      "clock": "PT01M47.00S",
      "actionType": "2pt",
      "scoreHome": "95",
      "periodType": "REGULAR",
      "teamId": 1610612766,
      "actionNumber": 523,
      "x": 24.78646517739816,
      "y": 37.254901960784316,
      "subType": "Jump Shot",
      "personId": 1630163,
      "xLegacy": 64,
      "scoreAway": "69",
      "pointsTotal": 20,
      "assistPlayerNameInitial": "I. Smith"
    },
    {
      "playerNameI": "C. Osman",
      "orderNumber": 5160000,
      "isFieldGoal": 1,
      "shotResult": "Made",
      "possession": 1610612759,
      "teamTricode": "SAS",
      "description": "C. Osman 3PT  (6 PTS) (B. Wesley 1 AST)",
      "personIdsFilter": [
        1626224,
        1631104
      ],
      "areaDetail": "24+ Left",
      "shotDistance": 23.5,
      "timeActual": "2024-01-13T02:58:25.2Z",
      "assistPersonId": 1631104,
      "area": "Left Corner 3",
      "period": 3,
      "side": "right",
      "yLegacy": 21,
      "edited": "2024-01-13T02:58:33Z",
      "playerName": "Osman",
      "isTargetScoreLastPeriod": false,
      "qualifiers": [],
      "assistTotal": 1,
      "clock": "PT01M32.00S",
      "actionType": "3pt",
      "scoreHome": "98",
      "periodType": "REGULAR",
      "teamId": 1610612759,
      "actionNumber": 524,
      "x": 92.19776609724047,
      "y": 3.1862745098039214,
      "subType": "Jump Shot",
      "personId": 1626224,
      "xLegacy": -234,
      "scoreAway": "69",
      "pointsTotal": 6,
      "assistPlayerNameInitial": "B. Wesley"
    },
    {
      "officialId": 202049,
      "foulTechnicalTotal": 0,
      "playerNameI": "V. Wembanyama",
      "orderNumber": 5180000,
      "isFieldGoal": 0,
      "foulDrawnPlayerName": "Ball",
      "possession": 1610612766,
      "teamTricode": "SAS",
      "foulPersonalTotal": 2,
      "description": "V. Wembanyama shooting personal FOUL (2 PF) (Ball 2 FT)",
      "descriptor": "shooting",
      "personIdsFilter": [
        1641705,
        1630163
      ],
      "areaDetail": "0-8 Center",
      "timeActual": "2024-01-13T02:58:38.0Z",
      "area": "Restricted Area",
      "period": 3,
      "side": null,
      "yLegacy": null,
      "edited": "2024-01-13T02:58:53Z",
      "playerName": "Wembanyama",
      "isTargetScoreLastPeriod": false,
      "qualifiers": [
        "inpenalty",
        "2freethrow"
      ],
      "clock": "PT01M22.00S",
      "actionType": "foul",
      "scoreHome": "98",
      "periodType": "REGULAR",
      "teamId": 1610612759,
      "actionNumber": 526,
      "x": null,
      "y": null,
      "subType": "personal",
      "personId": 1641705,
      "xLegacy": null,
      "scoreAway": "69",
      "foulDrawnPersonId": 1630163
    },
    {
      "playerNameI": "L. Ball",
      "orderNumber": 5200000,
      "isFieldGoal": 0,
      "shotResult": "Made",
      "possession": 1610612766,
      "teamTricode": "CHA",
      "description": "L. Ball Free Throw 1 of 2 (21 PTS)",
      "personIdsFilter": [
        1630163
      ],
      "timeActual": "2024-01-13T02:59:09.3Z",
      "period": 3,
      "side": null,
      "yLegacy": null,
      "edited": "2024-01-13T02:59:09Z",
      "playerName": "Ball",
      "isTargetScoreLastPeriod": false,
      "qualifiers": [],
      "clock": "PT01M22.00S",
      "actionType": "freethrow",
      "scoreHome": "98",
      "periodType": "REGULAR",
      "teamId": 1610612766,
      "actionNumber": 529,
      "x": null,
      "y": null,
      "subType": "1 of 2",
      "personId": 1630163,
      "xLegacy": null,
      "scoreAway": "70",
      "pointsTotal": 21
    },
    {
      "playerNameI": "L. Ball",
      "orderNumber": 5210000,
      "isFieldGoal": 0,
      "shotResult": "Made",
      "possession": 1610612766,
      "teamTricode": "CHA",
      "description": "L. Ball Free Throw 2 of 2 (22 PTS)",
      "personIdsFilter": [
        1630163
      ],
      "timeActual": "2024-01-13T02:59:33.6Z",
      "period": 3,
      "side": null,
      "yLegacy": null,
      "edited": "2024-01-13T02:59:33Z",
      "playerName": "Ball",
      "isTargetScoreLastPeriod": false,
      "qualifiers": [],
      "clock": "PT01M22.00S",
      "actionType": "freethrow",
      "scoreHome": "98",
      "periodType": "REGULAR",
      "teamId": 1610612766,
      "actionNumber": 530,
      "x": null,
      "y": null,
      "subType": "2 of 2",
      "personId": 1630163,
      "xLegacy": null,
      "scoreAway": "71",
      "pointsTotal": 22
    },
    {
      "officialId": 202049,
      "foulTechnicalTotal": 0,
      "playerNameI": "C. Osman",
      "orderNumber": 5220000,
      "isFieldGoal": 0,
      "foulDrawnPlayerName": "Smith",
      "possession": 1610612759,
      "teamTricode": "SAS",
      "foulPersonalTotal": 2,
      "description": "C. Osman charge offensive FOUL (2 PF)",
      "descriptor": "charge",
      "personIdsFilter": [
        1626224,
        202397
      ],
      "areaDetail": "0-8 Center",
      "timeActual": "2024-01-13T02:59:45.7Z",
      "area": "In The Paint (Non-RA)",
      "period": 3,
      "side": null,
      "yLegacy": null,
      "edited": "2024-01-13T03:01:44Z",
      "playerName": "Osman",
      "isTargetScoreLastPeriod": false,
      "qualifiers": [
        "inpenalty"
      ],
      "clock": "PT01M14.00S",
      "actionType": "foul",
      "scoreHome": "98",
      "periodType": "REGULAR",
      "teamId": 1610612759,
      "actionNumber": 531,
      "x": null,
      "y": null,
      "subType": "offensive",
      "personId": 1626224,
      "xLegacy": null,
      "scoreAway": "71",
      "foulDrawnPersonId": 202397
    },
    {
      "officialId": 202049,
      "playerNameI": "C. Osman",
      "orderNumber": 5240000,
      "isFieldGoal": 0,
      "possession": 1610612759,
      "teamTricode": "SAS",
      "description": "C. Osman offensive foul TURNOVER (3 TO)",
      "personIdsFilter": [
        1626224
      ],
      "areaDetail": "0-8 Center",
      "timeActual": "2024-01-13T02:59:45.7Z",
      "area": "In The Paint (Non-RA)",
      "period": 3,
      "side": null,
      "yLegacy": null,
      "edited": "2024-01-13T02:59:45Z",
      "playerName": "Osman",
      "isTargetScoreLastPeriod": false,
      "qualifiers": [],
      "clock": "PT01M14.00S",
      "turnoverTotal": 3,
      "actionType": "turnover",
      "scoreHome": "98",
      "periodType": "REGULAR",
      "teamId": 1610612759,
      "actionNumber": 533,
      "x": null,
      "y": null,
      "subType": "offensive foul",
      "personId": 1626224,
      "xLegacy": null,
      "scoreAway": "71"
    },
    {
      "playerNameI": "I. Smith",
      "orderNumber": 5250000,
      "isFieldGoal": 0,
      "possession": 1610612766,
      "teamTricode": "CHA",
      "description": "I. Smith bad pass TURNOVER (2 TO)",
      "personIdsFilter": [
        202397,
        1629640
      ],
      "areaDetail": "16-24 Center",
      "timeActual": "2024-01-13T03:00:12.1Z",
      "area": "Mid-Range",
      "period": 3,
      "side": null,
      "yLegacy": null,
      "edited": "2024-01-13T03:05:54Z",
      "playerName": "Smith",
      "isTargetScoreLastPeriod": false,
      "qualifiers": [],
      "clock": "PT01M02.00S",
      "turnoverTotal": 2,
      "actionType": "turnover",
      "scoreHome": "98",
      "periodType": "REGULAR",
      "stealPersonId": 1629640,
      "teamId": 1610612766,
      "actionNumber": 534,
      "x": null,
      "y": null,
      "subType": "bad pass",
      "personId": 202397,
      "xLegacy": null,
      "scoreAway": "71",
      "stealPlayerName": "Johnson"
    },
    {
      "playerNameI": "K. Johnson",
      "orderNumber": 5260000,
      "isFieldGoal": 0,
      "possession": 1610612759,
      "teamTricode": "SAS",
      "description": "K. Johnson STEAL (1 STL)",
      "personIdsFilter": [
        1629640
      ],
      "areaDetail": "16-24 Center",
      "timeActual": "2024-01-13T03:00:12.1Z",
      "area": "Mid-Range",
      "period": 3,
      "side": null,
      "yLegacy": null,
      "edited": "2024-01-13T03:00:15Z",
      "playerName": "Johnson",
      "isTargetScoreLastPeriod": false,
      "qualifiers": [],
      "clock": "PT01M02.00S",
      "actionType": "steal",
      "scoreHome": "98",
      "periodType": "REGULAR",
      "teamId": 1610612759,
      "actionNumber": 535,
      "x": null,
      "y": null,
      "personId": 1629640,
      "subType": "",
      "xLegacy": null,
      "scoreAway": "71"
    },
    {
      "playerNameI": "K. Johnson",
      "orderNumber": 5270000,
      "isFieldGoal": 1,
      "shotResult": "Missed",
      "possession": 1610612759,
      "teamTricode": "SAS",
      "description": "MISS K. Johnson running Layup",
      "descriptor": "running",
      "personIdsFilter": [
        1629640
      ],
      "areaDetail": "0-8 Center",
      "shotDistance": 2.33,
      "timeActual": "2024-01-13T03:00:16.7Z",
      "area": "Restricted Area",
      "period": 3,
      "side": "right",
      "yLegacy": 23,
      "edited": "2024-01-13T03:03:06Z",
      "playerName": "Johnson",
      "isTargetScoreLastPeriod": false,
      "qualifiers": [
        "fastbreak",
        "pointsinthepaint",
        "fromturnover"
      ],
      "clock": "PT01M00.00S",
      "actionType": "2pt",
      "scoreHome": "98",
      "periodType": "REGULAR",
      "teamId": 1610612759,
      "actionNumber": 536,
      "x": 91.93495400788436,
      "y": 49.754901960784316,
      "subType": "Layup",
      "personId": 1629640,
      "xLegacy": -1,
      "scoreAway": "71"
    },
    {
      "playerNameI": "C. Osman",
      "orderNumber": 5280000,
      "isFieldGoal": 0,
      "possession": 1610612759,
      "teamTricode": "SAS",
      "description": "C. Osman REBOUND (Off:1 Def:2)",
      "personIdsFilter": [
        1626224
      ],
      "areaDetail": "0-8 Center",
      "reboundDefensiveTotal": 2,
      "timeActual": "2024-01-13T03:00:18.6Z",
      "shotActionNumber": 536,
      "area": "Restricted Area",
      "reboundOffensiveTotal": 1,
      "period": 3,
      "side": null,
      "yLegacy": null,
      "edited": "2024-01-13T03:03:06Z",
      "playerName": "Osman",
      "isTargetScoreLastPeriod": false,
      "qualifiers": [],
      "clock": "PT00M58.80S",
      "actionType": "rebound",
      "scoreHome": "98",
      "periodType": "REGULAR",
      "reboundTotal": 3,
      "teamId": 1610612759,
      "actionNumber": 537,
      "x": null,
      "y": null,
      "subType": "offensive",
      "personId": 1626224,
      "xLegacy": null,
      "scoreAway": "71"
    },
    {
      "playerNameI": "C. Osman",
      "orderNumber": 5290000,
      "isFieldGoal": 1,
      "shotResult": "Made",
      "possession": 1610612759,
      "teamTricode": "SAS",
      "description": "C. Osman putback Layup (8 PTS)",
      "descriptor": "putback",
      "personIdsFilter": [
        1626224
      ],
      "areaDetail": "0-8 Center",
      "shotDistance": 0,
      "timeActual": "2024-01-13T03:00:25.5Z",
      "area": "Restricted Area",
      "period": 3,
      "side": "right",
      "yLegacy": 0,
      "edited": "2024-01-13T03:03:20Z",
      "playerName": "Osman",
      "isTargetScoreLastPeriod": false,
      "qualifiers": [
        "2ndchance",
        "pointsinthepaint",
        "fromturnover"
      ],
      "clock": "PT00M58.50S",
      "actionType": "2pt",
      "scoreHome": "100",
      "periodType": "REGULAR",
      "teamId": 1610612759,
      "actionNumber": 538,
      "x": 94.40999984741211,
      "y": 50,
      "subType": "Layup",
      "personId": 1626224,
      "xLegacy": 0,
      "scoreAway": "71",
      "pointsTotal": 8
    },
    {
      "playerNameI": "N. Mensah",
      "orderNumber": 5300000,
      "isFieldGoal": 0,
      "possession": 1610612766,
      "teamTricode": "CHA",
      "description": "N. Mensah lost ball TURNOVER (2 TO)",
      "personIdsFilter": [
        1641877,
        1626224
      ],
      "areaDetail": "0-8 Center",
      "timeActual": "2024-01-13T03:00:31.9Z",
      "area": "In The Paint (Non-RA)",
      "period": 3,
      "side": null,
      "yLegacy": null,
      "edited": "2024-01-13T03:00:44Z",
      "playerName": "Mensah",
      "isTargetScoreLastPeriod": false,
      "qualifiers": [],
      "clock": "PT00M46.80S",
      "turnoverTotal": 2,
      "actionType": "turnover",
      "scoreHome": "100",
      "periodType": "REGULAR",
      "stealPersonId": 1626224,
      "teamId": 1610612766,
      "actionNumber": 539,
      "x": null,
      "y": null,
      "subType": "lost ball",
      "personId": 1641877,
      "xLegacy": null,
      "scoreAway": "71",
      "stealPlayerName": "Osman"
    },
    {
      "playerNameI": "C. Osman",
      "orderNumber": 5310000,
      "isFieldGoal": 0,
      "possession": 1610612759,
      "teamTricode": "SAS",
      "description": "C. Osman STEAL (1 STL)",
      "personIdsFilter": [
        1626224
      ],
      "areaDetail": "0-8 Center",
      "timeActual": "2024-01-13T03:00:31.9Z",
      "area": "In The Paint (Non-RA)",
      "period": 3,
      "side": null,
      "yLegacy": null,
      "edited": "2024-01-13T03:00:34Z",
      "playerName": "Osman",
      "isTargetScoreLastPeriod": false,
      "qualifiers": [],
      "clock": "PT00M46.80S",
      "actionType": "steal",
      "scoreHome": "100",
      "periodType": "REGULAR",
      "teamId": 1610612759,
      "actionNumber": 540,
      "x": null,
      "y": null,
      "personId": 1626224,
      "subType": "",
      "xLegacy": null,
      "scoreAway": "71"
    },
    {
      "playerNameI": "M. Branham",
      "orderNumber": 5320000,
      "isFieldGoal": 1,
      "shotResult": "Missed",
      "possession": 1610612759,
      "teamTricode": "SAS",
      "description": "MISS M. Branham 27' 3PT",
      "personIdsFilter": [
        1631103
      ],
      "areaDetail": "24+ Right Center",
      "shotDistance": 27.39,
      "timeActual": "2024-01-13T03:00:44.7Z",
      "area": "Above the Break 3",
      "period": 3,
      "side": "right",
      "yLegacy": 227,
      "edited": "2024-01-13T03:00:49Z",
      "playerName": "Branham",
      "isTargetScoreLastPeriod": false,
      "qualifiers": [
        "fromturnover"
      ],
      "clock": "PT00M34.00S",
      "actionType": "3pt",
      "scoreHome": "100",
      "periodType": "REGULAR",
      "teamId": 1610612759,
      "actionNumber": 541,
      "x": 70.25295663600527,
      "y": 80.63725490196079,
      "subType": "Jump Shot",
      "personId": 1631103,
      "xLegacy": 153,
      "scoreAway": "71"
    },
    {
      "playerNameI": "N. Smith Jr.",
      "orderNumber": 5330000,
      "isFieldGoal": 0,
      "possession": 1610612766,
      "teamTricode": "CHA",
      "description": "N. Smith Jr. REBOUND (Off:1 Def:2)",
      "personIdsFilter": [
        1641733
      ],
      "areaDetail": "24+ Right Center",
      "reboundDefensiveTotal": 2,
      "timeActual": "2024-01-13T03:00:48.2Z",
      "shotActionNumber": 541,
      "area": "Above the Break 3",
      "reboundOffensiveTotal": 1,
      "period": 3,
      "side": null,
      "yLegacy": null,
      "edited": "2024-01-13T03:00:49Z",
      "playerName": "Smith Jr.",
      "isTargetScoreLastPeriod": false,
      "qualifiers": [],
      "clock": "PT00M30.50S",
      "actionType": "rebound",
      "scoreHome": "100",
      "periodType": "REGULAR",
      "reboundTotal": 3,
      "teamId": 1610612766,
      "actionNumber": 542,
      "x": null,
      "y": null,
      "subType": "defensive",
      "personId": 1641733,
      "xLegacy": null,
      "scoreAway": "71"
    },
    {
      "playerNameI": "N. Smith Jr.",
      "orderNumber": 5340000,
      "isFieldGoal": 1,
      "shotResult": "Missed",
      "possession": 1610612766,
      "teamTricode": "CHA",
      "description": "MISS N. Smith Jr. running Layup",
      "descriptor": "running",
      "personIdsFilter": [
        1641733
      ],
      "areaDetail": "0-8 Center",
      "shotDistance": 0.8,
      "timeActual": "2024-01-13T03:00:51.9Z",
      "area": "Restricted Area",
      "period": 3,
      "side": "left",
      "yLegacy": 6,
      "edited": "2024-01-13T03:04:14Z",
      "playerName": "Smith Jr.",
      "isTargetScoreLastPeriod": false,
      "qualifiers": [
        "fastbreak",
        "pointsinthepaint"
      ],
      "clock": "PT00M26.80S",
      "actionType": "2pt",
      "scoreHome": "100",
      "periodType": "REGULAR",
      "teamId": 1610612766,
      "actionNumber": 543,
      "x": 6.258212877792378,
      "y": 49.01960784313725,
      "subType": "Layup",
      "personId": 1641733,
      "xLegacy": 5,
      "scoreAway": "71"
    },
    {
      "playerNameI": "V. Wembanyama",
      "orderNumber": 5350000,
      "isFieldGoal": 0,
      "possession": 1610612759,
      "teamTricode": "SAS",
      "description": "V. Wembanyama REBOUND (Off:3 Def:8)",
      "personIdsFilter": [
        1641705
      ],
      "areaDetail": "0-8 Center",
      "reboundDefensiveTotal": 8,
      "timeActual": "2024-01-13T03:00:54.5Z",
      "shotActionNumber": 543,
      "area": "Restricted Area",
      "reboundOffensiveTotal": 3,
      "period": 3,
      "side": null,
      "yLegacy": null,
      "edited": "2024-01-13T03:01:20Z",
      "playerName": "Wembanyama",
      "isTargetScoreLastPeriod": false,
      "qualifiers": [],
      "clock": "PT00M24.20S",
      "actionType": "rebound",
      "scoreHome": "100",
      "periodType": "REGULAR",
      "reboundTotal": 11,
      "teamId": 1610612759,
      "actionNumber": 544,
      "x": null,
      "y": null,
      "subType": "defensive",
      "personId": 1641705,
      "xLegacy": null,
      "scoreAway": "71"
    },
    {
      "playerNameI": "K. Johnson",
      "orderNumber": 5360000,
      "isFieldGoal": 1,
      "shotResult": "Made",
      "possession": 1610612759,
      "teamTricode": "SAS",
      "description": "K. Johnson 24' 3PT fadeaway (10 PTS) (B. Wesley 2 AST)",
      "descriptor": "fadeaway",
      "personIdsFilter": [
        1629640,
        1631104
      ],
      "areaDetail": "24+ Left",
      "shotDistance": 24.03,
      "timeActual": "2024-01-13T03:01:17.6Z",
      "assistPersonId": 1631104,
      "area": "Left Corner 3",
      "period": 3,
      "side": "right",
      "yLegacy": -6,
      "edited": "2024-01-13T03:04:39Z",
      "playerName": "Johnson",
      "isTargetScoreLastPeriod": false,
      "qualifiers": [],
      "assistTotal": 2,
      "clock": "PT00M02.20S",
      "actionType": "3pt",
      "scoreHome": "103",
      "periodType": "REGULAR",
      "teamId": 1610612759,
      "actionNumber": 545,
      "x": 95.0886990801577,
      "y": 1.9607843137254901,
      "subType": "Jump Shot",
      "personId": 1629640,
      "xLegacy": -240,
      "scoreAway": "71",
      "pointsTotal": 10,
      "assistPlayerNameInitial": "B. Wesley"
    },
    {
      "officialId": 1627962,
      "playerNameI": "M. Bridges",
      "orderNumber": 5380000,
      "isFieldGoal": 0,
      "possession": 1610612766,
      "teamTricode": "CHA",
      "description": "M. Bridges bad pass out-of-bounds TURNOVER (1 TO)",
      "descriptor": "bad pass",
      "personIdsFilter": [
        1628970
      ],
      "areaDetail": "8-16 Center",
      "timeActual": "2024-01-13T03:01:29.5Z",
      "area": "Mid-Range",
      "period": 3,
      "side": null,
      "yLegacy": null,
      "edited": "2024-01-13T03:01:40Z",
      "playerName": "Bridges",
      "isTargetScoreLastPeriod": false,
      "qualifiers": [],
      "clock": "PT00M01.20S",
      "turnoverTotal": 1,
      "actionType": "turnover",
      "scoreHome": "103",
      "periodType": "REGULAR",
      "teamId": 1610612766,
      "actionNumber": 547,
      "x": null,
      "y": null,
      "subType": "out-of-bounds",
      "personId": 1628970,
      "xLegacy": null,
      "scoreAway": "71"
    },
    {
      "playerNameI": "K. Johnson",
      "orderNumber": 5390000,
      "isFieldGoal": 1,
      "shotResult": "Missed",
      "possession": 1610612759,
      "teamTricode": "SAS",
      "description": "MISS K. Johnson 48' 3PT",
      "personIdsFilter": [
        1629640
      ],
      "areaDetail": "24+ Right Center",
      "shotDistance": 48.49,
      "timeActual": "2024-01-13T03:01:38.2Z",
      "area": "Above the Break 3",
      "period": 3,
      "side": "right",
      "yLegacy": 469,
      "edited": "2024-01-13T03:06:33Z",
      "playerName": "Johnson",
      "isTargetScoreLastPeriod": false,
      "qualifiers": [
        "fromturnover"
      ],
      "clock": "PT00M00.60S",
      "actionType": "3pt",
      "scoreHome": "103",
      "periodType": "REGULAR",
      "teamId": 1610612759,
      "actionNumber": 548,
      "x": 44.49737187910644,
      "y": 25.49019607843137,
      "subType": "Jump Shot",
      "personId": 1629640,
      "xLegacy": -123,
      "scoreAway": "71"
    },
    {
      "orderNumber": 5400000,
      "isFieldGoal": 0,
      "possession": 1610612759,
      "teamTricode": "SAS",
      "description": "TEAM offensive REBOUND",
      "personIdsFilter": [],
      "areaDetail": "24+ Right Center",
      "timeActual": "2024-01-13T03:01:38.2Z",
      "shotActionNumber": 548,
      "area": "Above the Break 3",
      "period": 3,
      "side": null,
      "yLegacy": null,
      "edited": "2024-01-13T03:06:16Z",
      "isTargetScoreLastPeriod": false,
      "qualifiers": [
        "team"
      ],
      "clock": "PT00M00.60S",
      "actionType": "rebound",
      "scoreHome": "103",
      "periodType": "REGULAR",
      "teamId": 1610612759,
      "actionNumber": 549,
      "x": null,
      "y": null,
      "subType": "offensive",
      "personId": 0,
      "xLegacy": null,
      "scoreAway": "71"
    },
    {
      "period": 3,
      "side": null,
      "orderNumber": 5410000,
      "yLegacy": null,
      "isFieldGoal": 0,
      "edited": "2024-01-13T03:01:46Z",
      "isTargetScoreLastPeriod": false,
      "possession": 1610612759,
      "qualifiers": [],
      "description": "Period End",
      "clock": "PT00M00.00S",
      "personIdsFilter": [],
      "actionType": "period",
      "scoreHome": "103",
      "periodType": "REGULAR",
      "actionNumber": 550,
      "x": null,
      "timeActual": "2024-01-13T03:01:46.4Z",
      "y": null,
      "subType": "end",
      "personId": 0,
      "xLegacy": null,
      "scoreAway": "71"
    },
    {
      "playerNameI": "B. Wesley",
      "orderNumber": 5420000,
      "isFieldGoal": 0,
      "possession": 1610612759,
      "teamTricode": "SAS",
      "description": "SUB out: B. Wesley",
      "personIdsFilter": [
        1631104
      ],
      "timeActual": "2024-01-13T03:03:52.3Z",
      "period": 4,
      "side": null,
      "yLegacy": null,
      "edited": "2024-01-13T03:04:18Z",
      "playerName": "Wesley",
      "isTargetScoreLastPeriod": false,
      "qualifiers": [
        "startperiod"
      ],
      "clock": "PT12M00.00S",
      "actionType": "substitution",
      "scoreHome": "103",
      "periodType": "REGULAR",
      "teamId": 1610612759,
      "actionNumber": 551,
      "x": null,
      "y": null,
      "subType": "out",
      "personId": 1631104,
      "xLegacy": null,
      "scoreAway": "71"
    },
    {
      "playerNameI": "C. Osman",
      "orderNumber": 5430000,
      "isFieldGoal": 0,
      "possession": 1610612759,
      "teamTricode": "SAS",
      "description": "SUB out: C. Osman",
      "personIdsFilter": [
        1626224
      ],
      "timeActual": "2024-01-13T03:03:52.3Z",
      "period": 4,
      "side": null,
      "yLegacy": null,
      "edited": "2024-01-13T03:04:18Z",
      "playerName": "Osman",
      "isTargetScoreLastPeriod": false,
      "qualifiers": [
        "startperiod"
      ],
      "clock": "PT12M00.00S",
      "actionType": "substitution",
      "scoreHome": "103",
      "periodType": "REGULAR",
      "teamId": 1610612759,
      "actionNumber": 552,
      "x": null,
      "y": null,
      "subType": "out",
      "personId": 1626224,
      "xLegacy": null,
      "scoreAway": "71"
    },
    {
      "playerNameI": "M. Branham",
      "orderNumber": 5440000,
      "isFieldGoal": 0,
      "possession": 1610612759,
      "teamTricode": "SAS",
      "description": "SUB out: M. Branham",
      "personIdsFilter": [
        1631103
      ],
      "timeActual": "2024-01-13T03:03:52.3Z",
      "period": 4,
      "side": null,
      "yLegacy": null,
      "edited": "2024-01-13T03:04:18Z",
      "playerName": "Branham",
      "isTargetScoreLastPeriod": false,
      "qualifiers": [
        "startperiod"
      ],
      "clock": "PT12M00.00S",
      "actionType": "substitution",
      "scoreHome": "103",
      "periodType": "REGULAR",
      "teamId": 1610612759,
      "actionNumber": 553,
      "x": null,
      "y": null,
      "subType": "out",
      "personId": 1631103,
      "xLegacy": null,
      "scoreAway": "71"
    },
    {
      "playerNameI": "M. Bridges",
      "orderNumber": 5450000,
      "isFieldGoal": 0,
      "possession": 1610612759,
      "teamTricode": "CHA",
      "description": "SUB out: M. Bridges",
      "personIdsFilter": [
        1628970
      ],
      "timeActual": "2024-01-13T03:03:52.3Z",
      "period": 4,
      "side": null,
      "yLegacy": null,
      "edited": "2024-01-13T03:04:18Z",
      "playerName": "Bridges",
      "isTargetScoreLastPeriod": false,
      "qualifiers": [
        "startperiod"
      ],
      "clock": "PT12M00.00S",
      "actionType": "substitution",
      "scoreHome": "103",
      "periodType": "REGULAR",
      "teamId": 1610612766,
      "actionNumber": 554,
      "x": null,
      "y": null,
      "subType": "out",
      "personId": 1628970,
      "xLegacy": null,
      "scoreAway": "71"
    },
    {
      "playerNameI": "I. Smith",
      "orderNumber": 5460000,
      "isFieldGoal": 0,
      "possession": 1610612759,
      "teamTricode": "CHA",
      "description": "SUB out: I. Smith",
      "personIdsFilter": [
        202397
      ],
      "timeActual": "2024-01-13T03:03:52.3Z",
      "period": 4,
      "side": null,
      "yLegacy": null,
      "edited": "2024-01-13T03:04:18Z",
      "playerName": "Smith",
      "isTargetScoreLastPeriod": false,
      "qualifiers": [
        "startperiod"
      ],
      "clock": "PT12M00.00S",
      "actionType": "substitution",
      "scoreHome": "103",
      "periodType": "REGULAR",
      "teamId": 1610612766,
      "actionNumber": 555,
      "x": null,
      "y": null,
      "subType": "out",
      "personId": 202397,
      "xLegacy": null,
      "scoreAway": "71"
    },
    {
      "playerNameI": "J. Sochan",
      "orderNumber": 5470000,
      "isFieldGoal": 0,
      "possession": 1610612759,
      "teamTricode": "SAS",
      "description": "SUB in: J. Sochan",
      "personIdsFilter": [
        1631110
      ],
      "timeActual": "2024-01-13T03:03:52.3Z",
      "period": 4,
      "side": null,
      "yLegacy": null,
      "edited": "2024-01-13T03:04:18Z",
      "playerName": "Sochan",
      "isTargetScoreLastPeriod": false,
      "qualifiers": [
        "startperiod"
      ],
      "clock": "PT12M00.00S",
      "actionType": "substitution",
      "scoreHome": "103",
      "periodType": "REGULAR",
      "teamId": 1610612759,
      "actionNumber": 556,
      "x": null,
      "y": null,
      "subType": "in",
      "personId": 1631110,
      "xLegacy": null,
      "scoreAway": "71"
    },
    {
      "playerNameI": "D. Vassell",
      "orderNumber": 5480000,
      "isFieldGoal": 0,
      "possession": 1610612759,
      "teamTricode": "SAS",
      "description": "SUB in: D. Vassell",
      "personIdsFilter": [
        1630170
      ],
      "timeActual": "2024-01-13T03:03:52.3Z",
      "period": 4,
      "side": null,
      "yLegacy": null,
      "edited": "2024-01-13T03:04:18Z",
      "playerName": "Vassell",
      "isTargetScoreLastPeriod": false,
      "qualifiers": [
        "startperiod"
      ],
      "clock": "PT12M00.00S",
      "actionType": "substitution",
      "scoreHome": "103",
      "periodType": "REGULAR",
      "teamId": 1610612759,
      "actionNumber": 557,
      "x": null,
      "y": null,
      "subType": "in",
      "personId": 1630170,
      "xLegacy": null,
      "scoreAway": "71"
    },
    {
      "playerNameI": "T. Jones",
      "orderNumber": 5490000,
      "isFieldGoal": 0,
      "possession": 1610612759,
      "teamTricode": "SAS",
      "description": "SUB in: T. Jones",
      "personIdsFilter": [
        1630200
      ],
      "timeActual": "2024-01-13T03:03:52.3Z",
      "period": 4,
      "side": null,
      "yLegacy": null,
      "edited": "2024-01-13T03:04:18Z",
      "playerName": "Jones",
      "isTargetScoreLastPeriod": false,
      "qualifiers": [
        "startperiod"
      ],
      "clock": "PT12M00.00S",
      "actionType": "substitution",
      "scoreHome": "103",
      "periodType": "REGULAR",
      "teamId": 1610612759,
      "actionNumber": 558,
      "x": null,
      "y": null,
      "subType": "in",
      "personId": 1630200,
      "xLegacy": null,
      "scoreAway": "71"
    },
    {
      "playerNameI": "J. Thor",
      "orderNumber": 5500000,
      "isFieldGoal": 0,
      "possession": 1610612759,
      "teamTricode": "CHA",
      "description": "SUB in: J. Thor",
      "personIdsFilter": [
        1630550
      ],
      "timeActual": "2024-01-13T03:03:52.3Z",
      "period": 4,
      "side": null,
      "yLegacy": null,
      "edited": "2024-01-13T03:04:18Z",
      "playerName": "Thor",
      "isTargetScoreLastPeriod": false,
      "qualifiers": [
        "startperiod"
      ],
      "clock": "PT12M00.00S",
      "actionType": "substitution",
      "scoreHome": "103",
      "periodType": "REGULAR",
      "teamId": 1610612766,
      "actionNumber": 559,
      "x": null,
      "y": null,
      "subType": "in",
      "personId": 1630550,
      "xLegacy": null,
      "scoreAway": "71"
    },
    {
      "playerNameI": "B. McGowens",
      "orderNumber": 5510000,
      "isFieldGoal": 0,
      "possession": 1610612759,
      "teamTricode": "CHA",
      "description": "SUB in: B. McGowens",
      "personIdsFilter": [
        1631121
      ],
      "timeActual": "2024-01-13T03:03:52.3Z",
      "period": 4,
      "side": null,
      "yLegacy": null,
      "edited": "2024-01-13T03:04:18Z",
      "playerName": "McGowens",
      "isTargetScoreLastPeriod": false,
      "qualifiers": [
        "startperiod"
      ],
      "clock": "PT12M00.00S",
      "actionType": "substitution",
      "scoreHome": "103",
      "periodType": "REGULAR",
      "teamId": 1610612766,
      "actionNumber": 560,
      "x": null,
      "y": null,
      "subType": "in",
      "personId": 1631121,
      "xLegacy": null,
      "scoreAway": "71"
    },
    {
      "period": 4,
      "side": null,
      "orderNumber": 5520000,
      "yLegacy": null,
      "isFieldGoal": 0,
      "edited": "2024-01-13T03:04:22Z",
      "isTargetScoreLastPeriod": false,
      "possession": 1610612759,
      "qualifiers": [],
      "description": "Period Start",
      "clock": "PT12M00.00S",
      "personIdsFilter": [],
      "actionType": "period",
      "scoreHome": "103",
      "periodType": "REGULAR",
      "actionNumber": 561,
      "x": null,
      "timeActual": "2024-01-13T03:04:22.4Z",
      "y": null,
      "subType": "start",
      "personId": 0,
      "xLegacy": null,
      "scoreAway": "71"
    },
    {
      "playerNameI": "D. Vassell",
      "orderNumber": 5530000,
      "isFieldGoal": 0,
      "possession": 1610612759,
      "teamTricode": "SAS",
      "description": "D. Vassell bad pass TURNOVER (2 TO)",
      "personIdsFilter": [
        1630170,
        1630163
      ],
      "areaDetail": "16-24 Left",
      "timeActual": "2024-01-13T03:04:36.8Z",
      "area": "Mid-Range",
      "period": 4,
      "side": null,
      "yLegacy": null,
      "edited": "2024-01-13T03:04:43Z",
      "playerName": "Vassell",
      "isTargetScoreLastPeriod": false,
      "qualifiers": [],
      "clock": "PT11M45.00S",
      "turnoverTotal": 2,
      "actionType": "turnover",
      "scoreHome": "103",
      "periodType": "REGULAR",
      "stealPersonId": 1630163,
      "teamId": 1610612759,
      "actionNumber": 563,
      "x": null,
      "y": null,
      "subType": "bad pass",
      "personId": 1630170,
      "xLegacy": null,
      "scoreAway": "71",
      "stealPlayerName": "Ball"
    },
    {
      "playerNameI": "L. Ball",
      "orderNumber": 5540000,
      "isFieldGoal": 0,
      "possession": 1610612766,
      "teamTricode": "CHA",
      "description": "L. Ball STEAL (5 STL)",
      "personIdsFilter": [
        1630163
      ],
      "areaDetail": "16-24 Left",
      "timeActual": "2024-01-13T03:04:36.8Z",
      "area": "Mid-Range",
      "period": 4,
      "side": null,
      "yLegacy": null,
      "edited": "2024-01-13T03:04:39Z",
      "playerName": "Ball",
      "isTargetScoreLastPeriod": false,
      "qualifiers": [],
      "clock": "PT11M45.00S",
      "actionType": "steal",
      "scoreHome": "103",
      "periodType": "REGULAR",
      "teamId": 1610612766,
      "actionNumber": 564,
      "x": null,
      "y": null,
      "personId": 1630163,
      "subType": "",
      "xLegacy": null,
      "scoreAway": "71"
    },
    {
      "officialId": 1628159,
      "foulTechnicalTotal": 0,
      "playerNameI": "T. Jones",
      "orderNumber": 5550000,
      "isFieldGoal": 0,
      "foulDrawnPlayerName": "Ball",
      "possession": 1610612766,
      "teamTricode": "SAS",
      "foulPersonalTotal": 3,
      "description": "T. Jones shooting personal FOUL (3 PF) (Ball 2 FT)",
      "descriptor": "shooting",
      "personIdsFilter": [
        1630200,
        1630163
      ],
      "areaDetail": "0-8 Center",
      "timeActual": "2024-01-13T03:04:42.6Z",
      "area": "Restricted Area",
      "period": 4,
      "side": null,
      "yLegacy": null,
      "edited": "2024-01-13T03:04:50Z",
      "playerName": "Jones",
      "isTargetScoreLastPeriod": false,
      "qualifiers": [
        "2freethrow"
      ],
      "clock": "PT11M41.00S",
      "actionType": "foul",
      "scoreHome": "103",
      "periodType": "REGULAR",
      "teamId": 1610612759,
      "actionNumber": 565,
      "x": null,
      "y": null,
      "subType": "personal",
      "personId": 1630200,
      "xLegacy": null,
      "scoreAway": "71",
      "foulDrawnPersonId": 1630163
    },
    {
      "playerNameI": "L. Ball",
      "orderNumber": 5570000,
      "isFieldGoal": 0,
      "shotResult": "Made",
      "possession": 1610612766,
      "teamTricode": "CHA",
      "description": "L. Ball Free Throw 1 of 2 (23 PTS)",
      "personIdsFilter": [
        1630163
      ],
      "timeActual": "2024-01-13T03:05:09.2Z",
      "period": 4,
      "side": null,
      "yLegacy": null,
      "edited": "2024-01-13T03:05:09Z",
      "playerName": "Ball",
      "isTargetScoreLastPeriod": false,
      "qualifiers": [
        "fromturnover",
        "fastbreak"
      ],
      "clock": "PT11M41.00S",
      "actionType": "freethrow",
      "scoreHome": "103",
      "periodType": "REGULAR",
      "teamId": 1610612766,
      "actionNumber": 567,
      "x": null,
      "y": null,
      "subType": "1 of 2",
      "personId": 1630163,
      "xLegacy": null,
      "scoreAway": "72",
      "pointsTotal": 23
    },
    {
      "playerNameI": "L. Ball",
      "orderNumber": 5580000,
      "isFieldGoal": 0,
      "shotResult": "Made",
      "possession": 1610612766,
      "teamTricode": "CHA",
      "description": "L. Ball Free Throw 2 of 2 (24 PTS)",
      "personIdsFilter": [
        1630163
      ],
      "timeActual": "2024-01-13T03:05:25.8Z",
      "period": 4,
      "side": null,
      "yLegacy": null,
      "edited": "2024-01-13T03:05:25Z",
      "playerName": "Ball",
      "isTargetScoreLastPeriod": false,
      "qualifiers": [
        "fastbreak",
        "fromturnover"
      ],
      "clock": "PT11M41.00S",
      "actionType": "freethrow",
      "scoreHome": "103",
      "periodType": "REGULAR",
      "teamId": 1610612766,
      "actionNumber": 568,
      "x": null,
      "y": null,
      "subType": "2 of 2",
      "personId": 1630163,
      "xLegacy": null,
      "scoreAway": "73",
      "pointsTotal": 24
    },
    {
      "playerNameI": "J. Sochan",
      "orderNumber": 5590000,
      "isFieldGoal": 1,
      "shotResult": "Made",
      "possession": 1610612759,
      "teamTricode": "SAS",
      "description": "J. Sochan driving Layup (12 PTS) (D. Vassell 5 AST)",
      "descriptor": "driving",
      "personIdsFilter": [
        1631110,
        1630170
      ],
      "areaDetail": "0-8 Center",
      "shotDistance": 1.84,
      "timeActual": "2024-01-13T03:05:45.3Z",
      "assistPersonId": 1630170,
      "area": "Restricted Area",
      "period": 4,
      "side": "right",
      "yLegacy": 11,
      "edited": "2024-01-13T03:06:27Z",
      "playerName": "Sochan",
      "isTargetScoreLastPeriod": false,
      "qualifiers": [
        "pointsinthepaint"
      ],
      "assistTotal": 5,
      "clock": "PT11M24.00S",
      "actionType": "2pt",
      "scoreHome": "105",
      "periodType": "REGULAR",
      "teamId": 1610612759,
      "actionNumber": 569,
      "x": 93.24901445466492,
      "y": 52.94117647058824,
      "subType": "Layup",
      "personId": 1631110,
      "xLegacy": 15,
      "scoreAway": "73",
      "pointsTotal": 12,
      "assistPlayerNameInitial": "D. Vassell"
    },
    {
      "officialId": 1628159,
      "foulTechnicalTotal": 0,
      "playerNameI": "J. Thor",
      "orderNumber": 5610000,
      "isFieldGoal": 0,
      "foulDrawnPlayerName": "Sochan",
      "possession": 1610612759,
      "teamTricode": "CHA",
      "foulPersonalTotal": 2,
      "description": "J. Thor shooting personal FOUL (2 PF) (Sochan 1 FT)",
      "descriptor": "shooting",
      "personIdsFilter": [
        1630550,
        1631110
      ],
      "areaDetail": "0-8 Center",
      "timeActual": "2024-01-13T03:05:48.2Z",
      "area": "Restricted Area",
      "period": 4,
      "side": null,
      "yLegacy": null,
      "edited": "2024-01-13T03:05:56Z",
      "playerName": "Thor",
      "isTargetScoreLastPeriod": false,
      "qualifiers": [
        "1freethrow"
      ],
      "clock": "PT11M24.00S",
      "actionType": "foul",
      "scoreHome": "105",
      "periodType": "REGULAR",
      "teamId": 1610612766,
      "actionNumber": 571,
      "x": null,
      "y": null,
      "subType": "personal",
      "personId": 1630550,
      "xLegacy": null,
      "scoreAway": "73",
      "foulDrawnPersonId": 1631110
    },
    {
      "playerNameI": "V. Wembanyama",
      "orderNumber": 5630000,
      "isFieldGoal": 0,
      "possession": 1610612759,
      "teamTricode": "SAS",
      "description": "SUB out: V. Wembanyama",
      "personIdsFilter": [
        1641705
      ],
      "timeActual": "2024-01-13T03:06:04.0Z",
      "period": 4,
      "side": null,
      "yLegacy": null,
      "edited": "2024-01-13T03:06:07Z",
      "playerName": "Wembanyama",
      "isTargetScoreLastPeriod": false,
      "qualifiers": [],
      "clock": "PT11M24.00S",
      "actionType": "substitution",
      "scoreHome": "105",
      "periodType": "REGULAR",
      "teamId": 1610612759,
      "actionNumber": 573,
      "x": null,
      "y": null,
      "subType": "out",
      "personId": 1641705,
      "xLegacy": null,
      "scoreAway": "73"
    },
    {
      "playerNameI": "C. Osman",
      "orderNumber": 5640000,
      "isFieldGoal": 0,
      "possession": 1610612759,
      "teamTricode": "SAS",
      "description": "SUB in: C. Osman",
      "personIdsFilter": [
        1626224
      ],
      "timeActual": "2024-01-13T03:06:04.0Z",
      "period": 4,
      "side": null,
      "yLegacy": null,
      "edited": "2024-01-13T03:06:07Z",
      "playerName": "Osman",
      "isTargetScoreLastPeriod": false,
      "qualifiers": [],
      "clock": "PT11M24.00S",
      "actionType": "substitution",
      "scoreHome": "105",
      "periodType": "REGULAR",
      "teamId": 1610612759,
      "actionNumber": 574,
      "x": null,
      "y": null,
      "subType": "in",
      "personId": 1626224,
      "xLegacy": null,
      "scoreAway": "73"
    },
    {
      "playerNameI": "J. Sochan",
      "orderNumber": 5650000,
      "isFieldGoal": 0,
      "shotResult": "Made",
      "possession": 1610612759,
      "teamTricode": "SAS",
      "description": "J. Sochan Free Throw 1 of 1 (13 PTS)",
      "personIdsFilter": [
        1631110
      ],
      "timeActual": "2024-01-13T03:06:24.7Z",
      "period": 4,
      "side": null,
      "yLegacy": null,
      "edited": "2024-01-13T03:06:24Z",
      "playerName": "Sochan",
      "isTargetScoreLastPeriod": false,
      "qualifiers": [],
      "clock": "PT11M24.00S",
      "actionType": "freethrow",
      "scoreHome": "106",
      "periodType": "REGULAR",
      "teamId": 1610612759,
      "actionNumber": 575,
      "x": null,
      "y": null,
      "subType": "1 of 1",
      "personId": 1631110,
      "xLegacy": null,
      "scoreAway": "73",
      "pointsTotal": 13
    },
    {
      "playerNameI": "N. Smith Jr.",
      "orderNumber": 5660000,
      "isFieldGoal": 1,
      "shotResult": "Made",
      "possession": 1610612766,
      "teamTricode": "CHA",
      "description": "N. Smith Jr. 12' Jump Shot (2 PTS) (N. Mensah 2 AST)",
      "personIdsFilter": [
        1641733,
        1641877
      ],
      "areaDetail": "8-16 Right",
      "shotDistance": 12.45,
      "timeActual": "2024-01-13T03:06:43.8Z",
      "assistPersonId": 1641877,
      "area": "In The Paint (Non-RA)",
      "period": 4,
      "side": "left",
      "yLegacy": 98,
      "edited": "2024-01-13T03:07:00Z",
      "playerName": "Smith Jr.",
      "isTargetScoreLastPeriod": false,
      "qualifiers": [
        "pointsinthepaint"
      ],
      "assistTotal": 2,
      "clock": "PT11M05.00S",
      "actionType": "2pt",
      "scoreHome": "106",
      "periodType": "REGULAR",
      "teamId": 1610612766,
      "actionNumber": 576,
      "x": 15.982260183968464,
      "y": 34.55882352941176,
      "subType": "Jump Shot",
      "personId": 1641733,
      "xLegacy": 77,
      "scoreAway": "75",
      "pointsTotal": 2,
      "assistPlayerNameInitial": "N. Mensah"
    },
    {
      "playerNameI": "K. Johnson",
      "orderNumber": 5680000,
      "isFieldGoal": 1,
      "shotResult": "Missed",
      "possession": 1610612759,
      "teamTricode": "SAS",
      "description": "MISS K. Johnson 27' pullup 3PT",
      "descriptor": "pullup",
      "personIdsFilter": [
        1629640
      ],
      "areaDetail": "24+ Right Center",
      "shotDistance": 27.83,
      "timeActual": "2024-01-13T03:06:57.0Z",
      "area": "Above the Break 3",
      "period": 4,
      "side": "right",
      "yLegacy": 241,
      "edited": "2024-01-13T03:09:18Z",
      "playerName": "Johnson",
      "isTargetScoreLastPeriod": false,
      "qualifiers": [],
      "clock": "PT10M52.00S",
      "actionType": "3pt",
      "scoreHome": "106",
      "periodType": "REGULAR",
      "teamId": 1610612759,
      "actionNumber": 578,
      "x": 68.80749014454665,
      "y": 77.94117647058823,
      "subType": "Jump Shot",
      "personId": 1629640,
      "xLegacy": 140,
      "scoreAway": "75"
    },
    {
      "playerNameI": "N. Smith Jr.",
      "orderNumber": 5690000,
      "isFieldGoal": 0,
      "possession": 1610612766,
      "teamTricode": "CHA",
      "description": "N. Smith Jr. REBOUND (Off:1 Def:3)",
      "personIdsFilter": [
        1641733
      ],
      "areaDetail": "24+ Right Center",
      "reboundDefensiveTotal": 3,
      "timeActual": "2024-01-13T03:06:57.0Z",
      "shotActionNumber": 578,
      "area": "Above the Break 3",
      "reboundOffensiveTotal": 1,
      "period": 4,
      "side": null,
      "yLegacy": null,
      "edited": "2024-01-13T03:07:04Z",
      "playerName": "Smith Jr.",
      "isTargetScoreLastPeriod": false,
      "qualifiers": [],
      "clock": "PT10M52.00S",
      "actionType": "rebound",
      "scoreHome": "106",
      "periodType": "REGULAR",
      "reboundTotal": 4,
      "teamId": 1610612766,
      "actionNumber": 579,
      "x": null,
      "y": null,
      "subType": "defensive",
      "personId": 1641733,
      "xLegacy": null,
      "scoreAway": "75"
    },
    {
      "playerNameI": "B. McGowens",
      "orderNumber": 5700000,
      "isFieldGoal": 1,
      "shotResult": "Missed",
      "possession": 1610612766,
      "teamTricode": "CHA",
      "description": "MISS B. McGowens 26' 3PT",
      "personIdsFilter": [
        1631121
      ],
      "areaDetail": "24+ Left Center",
      "shotDistance": 26.05,
      "timeActual": "2024-01-13T03:07:07.3Z",
      "area": "Above the Break 3",
      "period": 4,
      "side": "left",
      "yLegacy": 174,
      "edited": "2024-01-13T03:07:23Z",
      "playerName": "McGowens",
      "isTargetScoreLastPeriod": false,
      "qualifiers": [],
      "clock": "PT10M41.00S",
      "actionType": "3pt",
      "scoreHome": "106",
      "periodType": "REGULAR",
      "teamId": 1610612766,
      "actionNumber": 580,
      "x": 24.129434954007884,
      "y": 88.72549019607843,
      "subType": "Jump Shot",
      "personId": 1631121,
      "xLegacy": -194,
      "scoreAway": "75"
    },
    {
      "playerNameI": "K. Johnson",
      "orderNumber": 5710000,
      "isFieldGoal": 0,
      "possession": 1610612759,
      "teamTricode": "SAS",
      "description": "K. Johnson REBOUND (Off:0 Def:2)",
      "personIdsFilter": [
        1629640
      ],
      "areaDetail": "24+ Left Center",
      "reboundDefensiveTotal": 2,
      "timeActual": "2024-01-13T03:07:11.3Z",
      "shotActionNumber": 580,
      "area": "Above the Break 3",
      "reboundOffensiveTotal": 0,
      "period": 4,
      "side": null,
      "yLegacy": null,
      "edited": "2024-01-13T03:07:58Z",
      "playerName": "Johnson",
      "isTargetScoreLastPeriod": false,
      "qualifiers": [],
      "clock": "PT10M37.00S",
      "actionType": "rebound",
      "scoreHome": "106",
      "periodType": "REGULAR",
      "reboundTotal": 2,
      "teamId": 1610612759,
      "actionNumber": 581,
      "x": null,
      "y": null,
      "subType": "defensive",
      "personId": 1629640,
      "xLegacy": null,
      "scoreAway": "75"
    },
    {
      "officialId": 1627962,
      "foulTechnicalTotal": 0,
      "playerNameI": "N. Mensah",
      "orderNumber": 5720000,
      "isFieldGoal": 0,
      "foulDrawnPlayerName": "Jones",
      "possession": 1610612759,
      "teamTricode": "CHA",
      "foulPersonalTotal": 5,
      "description": "N. Mensah shooting personal FOUL (5 PF) (Jones 2 FT)",
      "descriptor": "shooting",
      "personIdsFilter": [
        1641877,
        1630200
      ],
      "areaDetail": "0-8 Center",
      "timeActual": "2024-01-13T03:07:23.0Z",
      "area": "Restricted Area",
      "period": 4,
      "side": null,
      "yLegacy": null,
      "edited": "2024-01-13T03:07:45Z",
      "playerName": "Mensah",
      "isTargetScoreLastPeriod": false,
      "qualifiers": [
        "2freethrow"
      ],
      "clock": "PT10M29.00S",
      "actionType": "foul",
      "scoreHome": "106",
      "periodType": "REGULAR",
      "teamId": 1610612766,
      "actionNumber": 582,
      "x": null,
      "y": null,
      "subType": "personal",
      "personId": 1641877,
      "xLegacy": null,
      "scoreAway": "75",
      "foulDrawnPersonId": 1630200
    },
    {
      "playerNameI": "T. Jones",
      "orderNumber": 5740000,
      "isFieldGoal": 0,
      "shotResult": "Made",
      "possession": 1610612759,
      "teamTricode": "SAS",
      "description": "T. Jones Free Throw 1 of 2 (5 PTS)",
      "personIdsFilter": [
        1630200
      ],
      "timeActual": "2024-01-13T03:07:46.2Z",
      "period": 4,
      "side": null,
      "yLegacy": null,
      "edited": "2024-01-13T03:07:46Z",
      "playerName": "Jones",
      "isTargetScoreLastPeriod": false,
      "qualifiers": [],
      "clock": "PT10M29.00S",
      "actionType": "freethrow",
      "scoreHome": "107",
      "periodType": "REGULAR",
      "teamId": 1610612759,
      "actionNumber": 584,
      "x": null,
      "y": null,
      "subType": "1 of 2",
      "personId": 1630200,
      "xLegacy": null,
      "scoreAway": "75",
      "pointsTotal": 5
    },
    {
      "playerNameI": "T. Jones",
      "orderNumber": 5750000,
      "isFieldGoal": 0,
      "shotResult": "Made",
      "possession": 1610612759,
      "teamTricode": "SAS",
      "description": "T. Jones Free Throw 2 of 2 (6 PTS)",
      "personIdsFilter": [
        1630200
      ],
      "timeActual": "2024-01-13T03:07:58.1Z",
      "period": 4,
      "side": null,
      "yLegacy": null,
      "edited": "2024-01-13T03:07:58Z",
      "playerName": "Jones",
      "isTargetScoreLastPeriod": false,
      "qualifiers": [],
      "clock": "PT10M29.00S",
      "actionType": "freethrow",
      "scoreHome": "108",
      "periodType": "REGULAR",
      "teamId": 1610612759,
      "actionNumber": 585,
      "x": null,
      "y": null,
      "subType": "2 of 2",
      "personId": 1630200,
      "xLegacy": null,
      "scoreAway": "75",
      "pointsTotal": 6
    },
    {
      "playerNameI": "T. Jones",
      "orderNumber": 5770000,
      "isFieldGoal": 0,
      "possession": 1610612766,
      "teamTricode": "SAS",
      "description": "SUB out: T. Jones",
      "personIdsFilter": [
        1630200
      ],
      "timeActual": "2024-01-13T03:08:18.2Z",
      "period": 4,
      "side": null,
      "yLegacy": null,
      "edited": "2024-01-13T03:08:21Z",
      "playerName": "Jones",
      "isTargetScoreLastPeriod": false,
      "qualifiers": [],
      "clock": "PT10M16.00S",
      "actionType": "substitution",
      "scoreHome": "108",
      "periodType": "REGULAR",
      "teamId": 1610612759,
      "actionNumber": 587,
      "x": null,
      "y": null,
      "subType": "out",
      "personId": 1630200,
      "xLegacy": null,
      "scoreAway": "75"
    },
    {
      "playerNameI": "B. Wesley",
      "orderNumber": 5780000,
      "isFieldGoal": 0,
      "possession": 1610612766,
      "teamTricode": "SAS",
      "description": "SUB in: B. Wesley",
      "personIdsFilter": [
        1631104
      ],
      "timeActual": "2024-01-13T03:08:18.2Z",
      "period": 4,
      "side": null,
      "yLegacy": null,
      "edited": "2024-01-13T03:08:21Z",
      "playerName": "Wesley",
      "isTargetScoreLastPeriod": false,
      "qualifiers": [],
      "clock": "PT10M16.00S",
      "actionType": "substitution",
      "scoreHome": "108",
      "periodType": "REGULAR",
      "teamId": 1610612759,
      "actionNumber": 588,
      "x": null,
      "y": null,
      "subType": "in",
      "personId": 1631104,
      "xLegacy": null,
      "scoreAway": "75"
    },
    {
      "playerNameI": "B. McGowens",
      "orderNumber": 5790000,
      "isFieldGoal": 0,
      "possession": 1610612766,
      "teamTricode": "CHA",
      "description": "B. McGowens bad pass TURNOVER (2 TO)",
      "personIdsFilter": [
        1631121,
        1631110
      ],
      "areaDetail": "24+ Left Center",
      "timeActual": "2024-01-13T03:08:36.3Z",
      "area": "Above the Break 3",
      "period": 4,
      "side": null,
      "yLegacy": null,
      "edited": "2024-01-13T03:08:45Z",
      "playerName": "McGowens",
      "isTargetScoreLastPeriod": false,
      "qualifiers": [],
      "clock": "PT10M14.00S",
      "turnoverTotal": 2,
      "actionType": "turnover",
      "scoreHome": "108",
      "periodType": "REGULAR",
      "stealPersonId": 1631110,
      "teamId": 1610612766,
      "actionNumber": 589,
      "x": null,
      "y": null,
      "subType": "bad pass",
      "personId": 1631121,
      "xLegacy": null,
      "scoreAway": "75",
      "stealPlayerName": "Sochan"
    },
    {
      "playerNameI": "J. Sochan",
      "orderNumber": 5800000,
      "isFieldGoal": 0,
      "possession": 1610612759,
      "teamTricode": "SAS",
      "description": "J. Sochan STEAL (2 STL)",
      "personIdsFilter": [
        1631110
      ],
      "areaDetail": "24+ Left Center",
      "timeActual": "2024-01-13T03:08:36.3Z",
      "area": "Above the Break 3",
      "period": 4,
      "side": null,
      "yLegacy": null,
      "edited": "2024-01-13T03:08:39Z",
      "playerName": "Sochan",
      "isTargetScoreLastPeriod": false,
      "qualifiers": [],
      "clock": "PT10M14.00S",
      "actionType": "steal",
      "scoreHome": "108",
      "periodType": "REGULAR",
      "teamId": 1610612759,
      "actionNumber": 590,
      "x": null,
      "y": null,
      "personId": 1631110,
      "subType": "",
      "xLegacy": null,
      "scoreAway": "75"
    },
    {
      "playerNameI": "K. Johnson",
      "orderNumber": 5810000,
      "isFieldGoal": 1,
      "shotResult": "Missed",
      "possession": 1610612759,
      "teamTricode": "SAS",
      "description": "MISS K. Johnson running DUNK",
      "descriptor": "running",
      "personIdsFilter": [
        1629640
      ],
      "areaDetail": "0-8 Center",
      "shotDistance": 2.72,
      "timeActual": "2024-01-13T03:08:40.6Z",
      "area": "Restricted Area",
      "period": 4,
      "side": "right",
      "yLegacy": 26,
      "edited": "2024-01-13T03:10:50Z",
      "playerName": "Johnson",
      "isTargetScoreLastPeriod": false,
      "qualifiers": [
        "fastbreak",
        "pointsinthepaint",
        "fromturnover"
      ],
      "clock": "PT10M09.00S",
      "actionType": "2pt",
      "scoreHome": "108",
      "periodType": "REGULAR",
      "teamId": 1610612759,
      "actionNumber": 591,
      "x": 91.67214191852825,
      "y": 51.71568627450981,
      "subType": "DUNK",
      "personId": 1629640,
      "xLegacy": 9,
      "scoreAway": "75"
    },
    {
      "playerNameI": "N. Mensah",
      "orderNumber": 5820000,
      "isFieldGoal": 0,
      "possession": 1610612766,
      "teamTricode": "CHA",
      "description": "N. Mensah REBOUND (Off:3 Def:3)",
      "personIdsFilter": [
        1641877
      ],
      "areaDetail": "0-8 Center",
      "reboundDefensiveTotal": 3,
      "timeActual": "2024-01-13T03:08:43.6Z",
      "shotActionNumber": 591,
      "area": "Restricted Area",
      "reboundOffensiveTotal": 3,
      "period": 4,
      "side": null,
      "yLegacy": null,
      "edited": "2024-01-13T03:08:43Z",
      "playerName": "Mensah",
      "isTargetScoreLastPeriod": false,
      "qualifiers": [],
      "clock": "PT10M06.00S",
      "actionType": "rebound",
      "scoreHome": "108",
      "periodType": "REGULAR",
      "reboundTotal": 6,
      "teamId": 1610612766,
      "actionNumber": 592,
      "x": null,
      "y": null,
      "subType": "defensive",
      "personId": 1641877,
      "xLegacy": null,
      "scoreAway": "75"
    },
    {
      "playerNameI": "J. Thor",
      "orderNumber": 5830000,
      "isFieldGoal": 1,
      "shotResult": "Missed",
      "possession": 1610612766,
      "teamTricode": "CHA",
      "description": "MISS J. Thor 25' 3PT",
      "personIdsFilter": [
        1630550
      ],
      "areaDetail": "24+ Right Center",
      "shotDistance": 25.99,
      "timeActual": "2024-01-13T03:08:51.0Z",
      "area": "Above the Break 3",
      "period": 4,
      "side": "left",
      "yLegacy": 231,
      "edited": "2024-01-13T03:08:56Z",
      "playerName": "Thor",
      "isTargetScoreLastPeriod": false,
      "qualifiers": [],
      "clock": "PT09M59.00S",
      "actionType": "3pt",
      "scoreHome": "108",
      "periodType": "REGULAR",
      "teamId": 1610612766,
      "actionNumber": 593,
      "x": 30.17411300919842,
      "y": 26.225490196078432,
      "subType": "Jump Shot",
      "personId": 1630550,
      "xLegacy": 119,
      "scoreAway": "75"
    },
    {
      "playerNameI": "C. Osman",
      "orderNumber": 5840000,
      "isFieldGoal": 0,
      "possession": 1610612759,
      "teamTricode": "SAS",
      "description": "C. Osman REBOUND (Off:1 Def:3)",
      "personIdsFilter": [
        1626224
      ],
      "areaDetail": "24+ Right Center",
      "reboundDefensiveTotal": 3,
      "timeActual": "2024-01-13T03:08:55.0Z",
      "shotActionNumber": 593,
      "area": "Above the Break 3",
      "reboundOffensiveTotal": 1,
      "period": 4,
      "side": null,
      "yLegacy": null,
      "edited": "2024-01-13T03:08:56Z",
      "playerName": "Osman",
      "isTargetScoreLastPeriod": false,
      "qualifiers": [],
      "clock": "PT09M55.00S",
      "actionType": "rebound",
      "scoreHome": "108",
      "periodType": "REGULAR",
      "reboundTotal": 4,
      "teamId": 1610612759,
      "actionNumber": 594,
      "x": null,
      "y": null,
      "subType": "defensive",
      "personId": 1626224,
      "xLegacy": null,
      "scoreAway": "75"
    },
    {
      "playerNameI": "C. Osman",
      "orderNumber": 5850000,
      "isFieldGoal": 1,
      "shotResult": "Made",
      "possession": 1610612759,
      "teamTricode": "SAS",
      "description": "C. Osman 26' 3PT  (11 PTS) (J. Sochan 4 AST)",
      "personIdsFilter": [
        1626224,
        1631110
      ],
      "areaDetail": "24+ Left Center",
      "shotDistance": 26.7,
      "timeActual": "2024-01-13T03:09:01.0Z",
      "assistPersonId": 1631110,
      "area": "Above the Break 3",
      "period": 4,
      "side": "right",
      "yLegacy": 185,
      "edited": "2024-01-13T03:09:12Z",
      "playerName": "Osman",
      "isTargetScoreLastPeriod": false,
      "qualifiers": [],
      "assistTotal": 4,
      "clock": "PT09M50.00S",
      "actionType": "3pt",
      "scoreHome": "111",
      "periodType": "REGULAR",
      "teamId": 1610612759,
      "actionNumber": 595,
      "x": 74.72076215505913,
      "y": 11.519607843137255,
      "subType": "Jump Shot",
      "personId": 1626224,
      "xLegacy": -192,
      "scoreAway": "75",
      "pointsTotal": 11,
      "assistPlayerNameInitial": "J. Sochan"
    },
    {
      "officialId": 1627962,
      "foulTechnicalTotal": 0,
      "playerNameI": "B. Wesley",
      "orderNumber": 5870000,
      "isFieldGoal": 0,
      "foulDrawnPlayerName": "Ball",
      "possession": 1610612766,
      "teamTricode": "SAS",
      "foulPersonalTotal": 3,
      "description": "B. Wesley shooting personal FOUL (3 PF) (Ball 2 FT)",
      "descriptor": "shooting",
      "personIdsFilter": [
        1631104,
        1630163
      ],
      "areaDetail": "0-8 Center",
      "timeActual": "2024-01-13T03:09:14.3Z",
      "area": "Restricted Area",
      "period": 4,
      "side": null,
      "yLegacy": null,
      "edited": "2024-01-13T03:09:41Z",
      "playerName": "Wesley",
      "isTargetScoreLastPeriod": false,
      "qualifiers": [
        "2freethrow"
      ],
      "clock": "PT09M38.00S",
      "actionType": "foul",
      "scoreHome": "111",
      "periodType": "REGULAR",
      "teamId": 1610612759,
      "actionNumber": 597,
      "x": null,
      "y": null,
      "subType": "personal",
      "personId": 1631104,
      "xLegacy": null,
      "scoreAway": "75",
      "foulDrawnPersonId": 1630163
    },
    {
      "playerNameI": "L. Ball",
      "orderNumber": 5890000,
      "isFieldGoal": 0,
      "shotResult": "Made",
      "possession": 1610612766,
      "teamTricode": "CHA",
      "description": "L. Ball Free Throw 1 of 2 (25 PTS)",
      "personIdsFilter": [
        1630163
      ],
      "timeActual": "2024-01-13T03:09:48.7Z",
      "period": 4,
      "side": null,
      "yLegacy": null,
      "edited": "2024-01-13T03:09:48Z",
      "playerName": "Ball",
      "isTargetScoreLastPeriod": false,
      "qualifiers": [],
      "clock": "PT09M38.00S",
      "actionType": "freethrow",
      "scoreHome": "111",
      "periodType": "REGULAR",
      "teamId": 1610612766,
      "actionNumber": 599,
      "x": null,
      "y": null,
      "subType": "1 of 2",
      "personId": 1630163,
      "xLegacy": null,
      "scoreAway": "76",
      "pointsTotal": 25
    },
    {
      "playerNameI": "K. Johnson",
      "orderNumber": 5900000,
      "isFieldGoal": 0,
      "possession": 1610612766,
      "teamTricode": "SAS",
      "description": "SUB out: K. Johnson",
      "personIdsFilter": [
        1629640
      ],
      "timeActual": "2024-01-13T03:09:49.9Z",
      "period": 4,
      "side": null,
      "yLegacy": null,
      "edited": "2024-01-13T03:10:05Z",
      "playerName": "Johnson",
      "isTargetScoreLastPeriod": false,
      "qualifiers": [],
      "clock": "PT09M38.00S",
      "actionType": "substitution",
      "scoreHome": "111",
      "periodType": "REGULAR",
      "teamId": 1610612759,
      "actionNumber": 600,
      "x": null,
      "y": null,
      "subType": "out",
      "personId": 1629640,
      "xLegacy": null,
      "scoreAway": "76"
    },
    {
      "playerNameI": "J. Sochan",
      "orderNumber": 5910000,
      "isFieldGoal": 0,
      "possession": 1610612766,
      "teamTricode": "SAS",
      "description": "SUB out: J. Sochan",
      "personIdsFilter": [
        1631110
      ],
      "timeActual": "2024-01-13T03:09:49.9Z",
      "period": 4,
      "side": null,
      "yLegacy": null,
      "edited": "2024-01-13T03:10:05Z",
      "playerName": "Sochan",
      "isTargetScoreLastPeriod": false,
      "qualifiers": [],
      "clock": "PT09M38.00S",
      "actionType": "substitution",
      "scoreHome": "111",
      "periodType": "REGULAR",
      "teamId": 1610612759,
      "actionNumber": 601,
      "x": null,
      "y": null,
      "subType": "out",
      "personId": 1631110,
      "xLegacy": null,
      "scoreAway": "76"
    },
    {
      "playerNameI": "C. Osman",
      "orderNumber": 5920000,
      "isFieldGoal": 0,
      "possession": 1610612766,
      "teamTricode": "SAS",
      "description": "SUB out: C. Osman",
      "personIdsFilter": [
        1626224
      ],
      "timeActual": "2024-01-13T03:09:49.9Z",
      "period": 4,
      "side": null,
      "yLegacy": null,
      "edited": "2024-01-13T03:10:05Z",
      "playerName": "Osman",
      "isTargetScoreLastPeriod": false,
      "qualifiers": [],
      "clock": "PT09M38.00S",
      "actionType": "substitution",
      "scoreHome": "111",
      "periodType": "REGULAR",
      "teamId": 1610612759,
      "actionNumber": 602,
      "x": null,
      "y": null,
      "subType": "out",
      "personId": 1626224,
      "xLegacy": null,
      "scoreAway": "76"
    },
    {
      "playerNameI": "D. Vassell",
      "orderNumber": 5930000,
      "isFieldGoal": 0,
      "possession": 1610612766,
      "teamTricode": "SAS",
      "description": "SUB out: D. Vassell",
      "personIdsFilter": [
        1630170
      ],
      "timeActual": "2024-01-13T03:09:49.9Z",
      "period": 4,
      "side": null,
      "yLegacy": null,
      "edited": "2024-01-13T03:10:05Z",
      "playerName": "Vassell",
      "isTargetScoreLastPeriod": false,
      "qualifiers": [],
      "clock": "PT09M38.00S",
      "actionType": "substitution",
      "scoreHome": "111",
      "periodType": "REGULAR",
      "teamId": 1610612759,
      "actionNumber": 603,
      "x": null,
      "y": null,
      "subType": "out",
      "personId": 1630170,
      "xLegacy": null,
      "scoreAway": "76"
    },
    {
      "playerNameI": "S. Mamukelashvili",
      "orderNumber": 5940000,
      "isFieldGoal": 0,
      "possession": 1610612766,
      "teamTricode": "SAS",
      "description": "SUB in: S. Mamukelashvili",
      "personIdsFilter": [
        1630572
      ],
      "timeActual": "2024-01-13T03:09:49.9Z",
      "period": 4,
      "side": null,
      "yLegacy": null,
      "edited": "2024-01-13T03:10:05Z",
      "playerName": "Mamukelashvili",
      "isTargetScoreLastPeriod": false,
      "qualifiers": [],
      "clock": "PT09M38.00S",
      "actionType": "substitution",
      "scoreHome": "111",
      "periodType": "REGULAR",
      "teamId": 1610612759,
      "actionNumber": 604,
      "x": null,
      "y": null,
      "subType": "in",
      "personId": 1630572,
      "xLegacy": null,
      "scoreAway": "76"
    },
    {
      "playerNameI": "D. Graham",
      "orderNumber": 5950000,
      "isFieldGoal": 0,
      "possession": 1610612766,
      "teamTricode": "SAS",
      "description": "SUB in: D. Graham",
      "personIdsFilter": [
        1628984
      ],
      "timeActual": "2024-01-13T03:09:49.9Z",
      "period": 4,
      "side": null,
      "yLegacy": null,
      "edited": "2024-01-13T03:10:05Z",
      "playerName": "Graham",
      "isTargetScoreLastPeriod": false,
      "qualifiers": [],
      "clock": "PT09M38.00S",
      "actionType": "substitution",
      "scoreHome": "111",
      "periodType": "REGULAR",
      "teamId": 1610612759,
      "actionNumber": 605,
      "x": null,
      "y": null,
      "subType": "in",
      "personId": 1628984,
      "xLegacy": null,
      "scoreAway": "76"
    },
    {
      "playerNameI": "M. Diakite",
      "orderNumber": 5960000,
      "isFieldGoal": 0,
      "possession": 1610612766,
      "teamTricode": "SAS",
      "description": "SUB in: M. Diakite",
      "personIdsFilter": [
        1629603
      ],
      "timeActual": "2024-01-13T03:09:49.9Z",
      "period": 4,
      "side": null,
      "yLegacy": null,
      "edited": "2024-01-13T03:10:05Z",
      "playerName": "Diakite",
      "isTargetScoreLastPeriod": false,
      "qualifiers": [],
      "clock": "PT09M38.00S",
      "actionType": "substitution",
      "scoreHome": "111",
      "periodType": "REGULAR",
      "teamId": 1610612759,
      "actionNumber": 606,
      "x": null,
      "y": null,
      "subType": "in",
      "personId": 1629603,
      "xLegacy": null,
      "scoreAway": "76"
    },
    {
      "playerNameI": "J. Champagnie",
      "orderNumber": 5970000,
      "isFieldGoal": 0,
      "possession": 1610612766,
      "teamTricode": "SAS",
      "description": "SUB in: J. Champagnie",
      "personIdsFilter": [
        1630577
      ],
      "timeActual": "2024-01-13T03:09:49.9Z",
      "period": 4,
      "side": null,
      "yLegacy": null,
      "edited": "2024-01-13T03:10:05Z",
      "playerName": "Champagnie",
      "isTargetScoreLastPeriod": false,
      "qualifiers": [],
      "clock": "PT09M38.00S",
      "actionType": "substitution",
      "scoreHome": "111",
      "periodType": "REGULAR",
      "teamId": 1610612759,
      "actionNumber": 607,
      "x": null,
      "y": null,
      "subType": "in",
      "personId": 1630577,
      "xLegacy": null,
      "scoreAway": "76"
    },
    {
      "playerNameI": "L. Ball",
      "orderNumber": 5980000,
      "isFieldGoal": 0,
      "shotResult": "Made",
      "possession": 1610612766,
      "teamTricode": "CHA",
      "description": "L. Ball Free Throw 2 of 2 (26 PTS)",
      "personIdsFilter": [
        1630163
      ],
      "timeActual": "2024-01-13T03:10:13.0Z",
      "period": 4,
      "side": null,
      "yLegacy": null,
      "edited": "2024-01-13T03:10:13Z",
      "playerName": "Ball",
      "isTargetScoreLastPeriod": false,
      "qualifiers": [],
      "clock": "PT09M38.00S",
      "actionType": "freethrow",
      "scoreHome": "111",
      "periodType": "REGULAR",
      "teamId": 1610612766,
      "actionNumber": 608,
      "x": null,
      "y": null,
      "subType": "2 of 2",
      "personId": 1630163,
      "xLegacy": null,
      "scoreAway": "77",
      "pointsTotal": 26
    },
    {
      "playerNameI": "M. Diakite",
      "orderNumber": 5990000,
      "isFieldGoal": 1,
      "shotResult": "Made",
      "possession": 1610612759,
      "teamTricode": "SAS",
      "description": "M. Diakite 6' floating Jump Shot (2 PTS) (D. Graham 1 AST)",
      "descriptor": "floating",
      "personIdsFilter": [
        1629603,
        1628984
      ],
      "areaDetail": "0-8 Center",
      "shotDistance": 6.17,
      "timeActual": "2024-01-13T03:10:30.0Z",
      "assistPersonId": 1628984,
      "area": "In The Paint (Non-RA)",
      "period": 4,
      "side": "right",
      "yLegacy": 62,
      "edited": "2024-01-13T03:10:37Z",
      "playerName": "Diakite",
      "isTargetScoreLastPeriod": false,
      "qualifiers": [
        "pointsinthepaint"
      ],
      "assistTotal": 1,
      "clock": "PT09M23.00S",
      "actionType": "2pt",
      "scoreHome": "113",
      "periodType": "REGULAR",
      "teamId": 1610612759,
      "actionNumber": 609,
      "x": 87.86136662286465,
      "y": 50.49019607843137,
      "subType": "Jump Shot",
      "personId": 1629603,
      "xLegacy": 2,
      "scoreAway": "77",
      "pointsTotal": 2,
      "assistPlayerNameInitial": "D. Graham"
    },
    {
      "officialId": 1628159,
      "foulTechnicalTotal": 0,
      "playerNameI": "S. Mamukelashvili",
      "orderNumber": 6010000,
      "isFieldGoal": 0,
      "foulDrawnPlayerName": "Ball",
      "possession": 1610612766,
      "teamTricode": "SAS",
      "foulPersonalTotal": 1,
      "description": "S. Mamukelashvili shooting personal FOUL (1 PF) (Ball 2 FT)",
      "descriptor": "shooting",
      "personIdsFilter": [
        1630572,
        1630163
      ],
      "areaDetail": "0-8 Center",
      "timeActual": "2024-01-13T03:10:41.8Z",
      "area": "In The Paint (Non-RA)",
      "period": 4,
      "side": null,
      "yLegacy": null,
      "edited": "2024-01-13T03:10:50Z",
      "playerName": "Mamukelashvili",
      "isTargetScoreLastPeriod": false,
      "qualifiers": [
        "2freethrow"
      ],
      "clock": "PT09M14.00S",
      "actionType": "foul",
      "scoreHome": "113",
      "periodType": "REGULAR",
      "teamId": 1610612759,
      "actionNumber": 611,
      "x": null,
      "y": null,
      "subType": "personal",
      "personId": 1630572,
      "xLegacy": null,
      "scoreAway": "77",
      "foulDrawnPersonId": 1630163
    },
    {
      "playerNameI": "L. Ball",
      "orderNumber": 6030000,
      "isFieldGoal": 0,
      "shotResult": "Made",
      "possession": 1610612766,
      "teamTricode": "CHA",
      "description": "L. Ball Free Throw 1 of 2 (27 PTS)",
      "personIdsFilter": [
        1630163
      ],
      "timeActual": "2024-01-13T03:11:09.9Z",
      "period": 4,
      "side": null,
      "yLegacy": null,
      "edited": "2024-01-13T03:11:10Z",
      "playerName": "Ball",
      "isTargetScoreLastPeriod": false,
      "qualifiers": [],
      "clock": "PT09M14.00S",
      "actionType": "freethrow",
      "scoreHome": "113",
      "periodType": "REGULAR",
      "teamId": 1610612766,
      "actionNumber": 613,
      "x": null,
      "y": null,
      "subType": "1 of 2",
      "personId": 1630163,
      "xLegacy": null,
      "scoreAway": "78",
      "pointsTotal": 27
    },
    {
      "playerNameI": "L. Ball",
      "orderNumber": 6040000,
      "isFieldGoal": 0,
      "shotResult": "Made",
      "possession": 1610612766,
      "teamTricode": "CHA",
      "description": "L. Ball Free Throw 2 of 2 (28 PTS)",
      "personIdsFilter": [
        1630163
      ],
      "timeActual": "2024-01-13T03:11:27.8Z",
      "period": 4,
      "side": null,
      "yLegacy": null,
      "edited": "2024-01-13T03:11:27Z",
      "playerName": "Ball",
      "isTargetScoreLastPeriod": false,
      "qualifiers": [],
      "clock": "PT09M14.00S",
      "actionType": "freethrow",
      "scoreHome": "113",
      "periodType": "REGULAR",
      "teamId": 1610612766,
      "actionNumber": 614,
      "x": null,
      "y": null,
      "subType": "2 of 2",
      "personId": 1630163,
      "xLegacy": null,
      "scoreAway": "79",
      "pointsTotal": 28
    },
    {
      "officialId": 202049,
      "foulTechnicalTotal": 0,
      "playerNameI": "L. Ball",
      "orderNumber": 6050000,
      "isFieldGoal": 0,
      "foulDrawnPlayerName": "Wesley",
      "possession": 1610612759,
      "teamTricode": "CHA",
      "foulPersonalTotal": 4,
      "description": "L. Ball personal FOUL (4 PF)",
      "personIdsFilter": [
        1630163,
        1631104
      ],
      "areaDetail": "0-8 Center",
      "timeActual": "2024-01-13T03:11:35.4Z",
      "area": "In The Paint (Non-RA)",
      "period": 4,
      "side": null,
      "yLegacy": null,
      "edited": "2024-01-13T03:11:44Z",
      "playerName": "Ball",
      "isTargetScoreLastPeriod": false,
      "qualifiers": [],
      "clock": "PT09M12.00S",
      "actionType": "foul",
      "scoreHome": "113",
      "periodType": "REGULAR",
      "teamId": 1610612766,
      "actionNumber": 615,
      "x": null,
      "y": null,
      "subType": "personal",
      "personId": 1630163,
      "xLegacy": null,
      "scoreAway": "79",
      "foulDrawnPersonId": 1631104
    },
    {
      "playerNameI": "L. Ball",
      "orderNumber": 6070000,
      "isFieldGoal": 0,
      "possession": 1610612759,
      "teamTricode": "CHA",
      "description": "SUB out: L. Ball",
      "personIdsFilter": [
        1630163
      ],
      "timeActual": "2024-01-13T03:11:43.4Z",
      "period": 4,
      "side": null,
      "yLegacy": null,
      "edited": "2024-01-13T03:11:45Z",
      "playerName": "Ball",
      "isTargetScoreLastPeriod": false,
      "qualifiers": [],
      "clock": "PT09M12.00S",
      "actionType": "substitution",
      "scoreHome": "113",
      "periodType": "REGULAR",
      "teamId": 1610612766,
      "actionNumber": 617,
      "x": null,
      "y": null,
      "subType": "out",
      "personId": 1630163,
      "xLegacy": null,
      "scoreAway": "79"
    },
    {
      "playerNameI": "I. Smith",
      "orderNumber": 6080000,
      "isFieldGoal": 0,
      "possession": 1610612759,
      "teamTricode": "CHA",
      "description": "SUB in: I. Smith",
      "personIdsFilter": [
        202397
      ],
      "timeActual": "2024-01-13T03:11:43.4Z",
      "period": 4,
      "side": null,
      "yLegacy": null,
      "edited": "2024-01-13T03:11:45Z",
      "playerName": "Smith",
      "isTargetScoreLastPeriod": false,
      "qualifiers": [],
      "clock": "PT09M12.00S",
      "actionType": "substitution",
      "scoreHome": "113",
      "periodType": "REGULAR",
      "teamId": 1610612766,
      "actionNumber": 618,
      "x": null,
      "y": null,
      "subType": "in",
      "personId": 202397,
      "xLegacy": null,
      "scoreAway": "79"
    },
    {
      "playerNameI": "B. Wesley",
      "orderNumber": 6090000,
      "isFieldGoal": 1,
      "shotResult": "Missed",
      "possession": 1610612759,
      "teamTricode": "SAS",
      "description": "MISS B. Wesley 6' floating Shot",
      "descriptor": "floating",
      "personIdsFilter": [
        1631104
      ],
      "areaDetail": "0-8 Center",
      "shotDistance": 6.25,
      "timeActual": "2024-01-13T03:12:01.6Z",
      "area": "In The Paint (Non-RA)",
      "period": 4,
      "side": "right",
      "yLegacy": 62,
      "edited": "2024-01-13T03:12:20Z",
      "playerName": "Wesley",
      "isTargetScoreLastPeriod": false,
      "qualifiers": [
        "pointsinthepaint"
      ],
      "clock": "PT08M58.00S",
      "actionType": "2pt",
      "scoreHome": "113",
      "periodType": "REGULAR",
      "teamId": 1610612759,
      "actionNumber": 619,
      "x": 87.77923784494087,
      "y": 50.513174019607845,
      "subType": "Jump Shot",
      "personId": 1631104,
      "xLegacy": 3,
      "scoreAway": "79"
    },
    {
      "playerNameI": "N. Smith Jr.",
      "orderNumber": 6100000,
      "isFieldGoal": 0,
      "possession": 1610612766,
      "teamTricode": "CHA",
      "description": "N. Smith Jr. REBOUND (Off:1 Def:4)",
      "personIdsFilter": [
        1641733
      ],
      "areaDetail": "0-8 Center",
      "reboundDefensiveTotal": 4,
      "timeActual": "2024-01-13T03:12:04.6Z",
      "shotActionNumber": 619,
      "area": "In The Paint (Non-RA)",
      "reboundOffensiveTotal": 1,
      "period": 4,
      "side": null,
      "yLegacy": null,
      "edited": "2024-01-13T03:12:20Z",
      "playerName": "Smith Jr.",
      "isTargetScoreLastPeriod": false,
      "qualifiers": [],
      "clock": "PT08M55.00S",
      "actionType": "rebound",
      "scoreHome": "113",
      "periodType": "REGULAR",
      "reboundTotal": 5,
      "teamId": 1610612766,
      "actionNumber": 620,
      "x": null,
      "y": null,
      "subType": "defensive",
      "personId": 1641733,
      "xLegacy": null,
      "scoreAway": "79"
    },
    {
      "playerNameI": "N. Smith Jr.",
      "orderNumber": 6110000,
      "isFieldGoal": 1,
      "shotResult": "Missed",
      "possession": 1610612766,
      "teamTricode": "CHA",
      "description": "MISS N. Smith Jr. 26' 3PT",
      "personIdsFilter": [
        1641733
      ],
      "areaDetail": "24+ Right Center",
      "shotDistance": 26.54,
      "timeActual": "2024-01-13T03:12:12.2Z",
      "area": "Above the Break 3",
      "period": 4,
      "side": "left",
      "yLegacy": 235,
      "edited": "2024-01-13T03:12:30Z",
      "playerName": "Smith Jr.",
      "isTargetScoreLastPeriod": false,
      "qualifiers": [],
      "clock": "PT08M47.00S",
      "actionType": "3pt",
      "scoreHome": "113",
      "periodType": "REGULAR",
      "teamId": 1610612766,
      "actionNumber": 621,
      "x": 30.56833114323259,
      "y": 25.245098039215684,
      "subType": "Jump Shot",
      "personId": 1641733,
      "xLegacy": 124,
      "scoreAway": "79"
    },
    {
      "playerNameI": "N. Mensah",
      "orderNumber": 6120000,
      "isFieldGoal": 0,
      "possession": 1610612766,
      "teamTricode": "CHA",
      "description": "N. Mensah REBOUND (Off:4 Def:3)",
      "personIdsFilter": [
        1641877
      ],
      "areaDetail": "24+ Right Center",
      "reboundDefensiveTotal": 3,
      "timeActual": "2024-01-13T03:12:13.2Z",
      "shotActionNumber": 621,
      "area": "Above the Break 3",
      "reboundOffensiveTotal": 4,
      "period": 4,
      "side": null,
      "yLegacy": null,
      "edited": "2024-01-13T03:14:35Z",
      "playerName": "Mensah",
      "isTargetScoreLastPeriod": false,
      "qualifiers": [],
      "clock": "PT08M46.00S",
      "actionType": "rebound",
      "scoreHome": "113",
      "periodType": "REGULAR",
      "reboundTotal": 7,
      "teamId": 1610612766,
      "actionNumber": 622,
      "x": null,
      "y": null,
      "subType": "offensive",
      "personId": 1641877,
      "xLegacy": null,
      "scoreAway": "79"
    },
    {
      "playerNameI": "B. McGowens",
      "orderNumber": 6140000,
      "isFieldGoal": 1,
      "shotResult": "Made",
      "possession": 1610612766,
      "teamTricode": "CHA",
      "description": "B. McGowens 19' pullup Jump Shot (5 PTS)",
      "descriptor": "pullup",
      "personIdsFilter": [
        1631121
      ],
      "areaDetail": "16-24 Right Center",
      "shotDistance": 19.13,
      "timeActual": "2024-01-13T03:12:43.0Z",
      "area": "Mid-Range",
      "period": 4,
      "side": "left",
      "yLegacy": 176,
      "edited": "2024-01-13T03:12:48Z",
      "playerName": "McGowens",
      "isTargetScoreLastPeriod": false,
      "qualifiers": [
        "2ndchance"
      ],
      "clock": "PT08M35.00S",
      "actionType": "2pt",
      "scoreHome": "113",
      "periodType": "REGULAR",
      "teamId": 1610612766,
      "actionNumber": 624,
      "x": 24.26084099868594,
      "y": 34.80392156862745,
      "subType": "Jump Shot",
      "personId": 1631121,
      "xLegacy": 76,
      "scoreAway": "81",
      "pointsTotal": 5
    },
    {
      "playerNameI": "M. Diakite",
      "orderNumber": 6150000,
      "isFieldGoal": 1,
      "shotResult": "Made",
      "possession": 1610612759,
      "teamTricode": "SAS",
      "description": "M. Diakite 8' floating Jump Shot (4 PTS) (J. Champagnie 1 AST)",
      "descriptor": "floating",
      "personIdsFilter": [
        1629603,
        1630577
      ],
      "areaDetail": "8-16 Center",
      "shotDistance": 8.77,
      "timeActual": "2024-01-13T03:12:55.7Z",
      "assistPersonId": 1630577,
      "area": "In The Paint (Non-RA)",
      "period": 4,
      "side": "right",
      "yLegacy": 88,
      "edited": "2024-01-13T03:13:00Z",
      "playerName": "Diakite",
      "isTargetScoreLastPeriod": false,
      "qualifiers": [
        "pointsinthepaint"
      ],
      "assistTotal": 1,
      "clock": "PT08M23.00S",
      "actionType": "2pt",
      "scoreHome": "115",
      "periodType": "REGULAR",
      "teamId": 1610612759,
      "actionNumber": 625,
      "x": 85.10183968462549,
      "y": 48.77450980392157,
      "subType": "Jump Shot",
      "personId": 1629603,
      "xLegacy": -6,
      "scoreAway": "81",
      "pointsTotal": 4,
      "assistPlayerNameInitial": "J. Champagnie"
    },
    {
      "playerNameI": "N. Smith Jr.",
      "orderNumber": 6170000,
      "isFieldGoal": 1,
      "shotResult": "Made",
      "possession": 1610612766,
      "teamTricode": "CHA",
      "description": "N. Smith Jr. 3PT  (5 PTS) (I. Smith 4 AST)",
      "personIdsFilter": [
        1641733,
        202397
      ],
      "areaDetail": "24+ Right",
      "shotDistance": 23.92,
      "timeActual": "2024-01-13T03:13:08.3Z",
      "assistPersonId": 202397,
      "area": "Right Corner 3",
      "period": 4,
      "side": "left",
      "yLegacy": 10,
      "edited": "2024-01-13T03:13:12Z",
      "playerName": "Smith Jr.",
      "isTargetScoreLastPeriod": false,
      "qualifiers": [],
      "assistTotal": 4,
      "clock": "PT08M10.00S",
      "actionType": "3pt",
      "scoreHome": "115",
      "periodType": "REGULAR",
      "teamId": 1610612766,
      "actionNumber": 627,
      "x": 6.652431011826544,
      "y": 2.2058823529411766,
      "subType": "Jump Shot",
      "personId": 1641733,
      "xLegacy": 239,
      "scoreAway": "84",
      "pointsTotal": 5,
      "assistPlayerNameInitial": "I. Smith"
    },
    {
      "playerNameI": "J. Champagnie",
      "orderNumber": 6190000,
      "isFieldGoal": 1,
      "shotResult": "Missed",
      "possession": 1610612759,
      "teamTricode": "SAS",
      "description": "MISS J. Champagnie 7' driving Layup",
      "descriptor": "driving",
      "personIdsFilter": [
        1630577
      ],
      "areaDetail": "0-8 Center",
      "shotDistance": 7.06,
      "timeActual": "2024-01-13T03:13:27.4Z",
      "area": "In The Paint (Non-RA)",
      "period": 4,
      "side": "right",
      "yLegacy": 54,
      "edited": "2024-01-13T03:13:36Z",
      "playerName": "Champagnie",
      "isTargetScoreLastPeriod": false,
      "qualifiers": [
        "pointsinthepaint"
      ],
      "clock": "PT07M52.00S",
      "actionType": "2pt",
      "scoreHome": "115",
      "periodType": "REGULAR",
      "teamId": 1610612759,
      "actionNumber": 629,
      "x": 88.64980289093299,
      "y": 59.068627450980394,
      "subType": "Layup",
      "personId": 1630577,
      "xLegacy": 45,
      "scoreAway": "84"
    },
    {
      "playerNameI": "I. Smith",
      "orderNumber": 6200000,
      "isFieldGoal": 0,
      "possession": 1610612766,
      "teamTricode": "CHA",
      "description": "I. Smith REBOUND (Off:0 Def:1)",
      "personIdsFilter": [
        202397
      ],
      "areaDetail": "0-8 Center",
      "reboundDefensiveTotal": 1,
      "timeActual": "2024-01-13T03:13:29.4Z",
      "shotActionNumber": 629,
      "area": "In The Paint (Non-RA)",
      "reboundOffensiveTotal": 0,
      "period": 4,
      "side": null,
      "yLegacy": null,
      "edited": "2024-01-13T03:15:39Z",
      "playerName": "Smith",
      "isTargetScoreLastPeriod": false,
      "qualifiers": [],
      "clock": "PT07M50.00S",
      "actionType": "rebound",
      "scoreHome": "115",
      "periodType": "REGULAR",
      "reboundTotal": 1,
      "teamId": 1610612766,
      "actionNumber": 630,
      "x": null,
      "y": null,
      "subType": "defensive",
      "personId": 202397,
      "xLegacy": null,
      "scoreAway": "84"
    },
    {
      "playerNameI": "B. McGowens",
      "orderNumber": 6210000,
      "isFieldGoal": 1,
      "shotResult": "Made",
      "possession": 1610612766,
      "teamTricode": "CHA",
      "description": "B. McGowens running Layup (7 PTS) (I. Smith 5 AST)",
      "descriptor": "running",
      "personIdsFilter": [
        1631121,
        202397
      ],
      "areaDetail": "0-8 Center",
      "shotDistance": 1.74,
      "timeActual": "2024-01-13T03:13:32.2Z",
      "assistPersonId": 202397,
      "area": "Restricted Area",
      "period": 4,
      "side": "left",
      "yLegacy": -2,
      "edited": "2024-01-13T03:15:59Z",
      "playerName": "McGowens",
      "isTargetScoreLastPeriod": false,
      "qualifiers": [
        "fastbreak",
        "pointsinthepaint"
      ],
      "assistTotal": 5,
      "clock": "PT07M48.00S",
      "actionType": "2pt",
      "scoreHome": "115",
      "periodType": "REGULAR",
      "teamId": 1610612766,
      "actionNumber": 631,
      "x": 5.338370565045992,
      "y": 46.568627450980394,
      "subType": "Layup",
      "personId": 1631121,
      "xLegacy": 17,
      "scoreAway": "86",
      "pointsTotal": 7,
      "assistPlayerNameInitial": "I. Smith"
    },
    {
      "orderNumber": 6230000,
      "isFieldGoal": 0,
      "possession": 1610612759,
      "teamTricode": "SAS",
      "description": "SAS Timeout",
      "personIdsFilter": [],
      "timeActual": "2024-01-13T03:13:39.6Z",
      "period": 4,
      "side": null,
      "yLegacy": null,
      "edited": "2024-01-13T03:13:39Z",
      "isTargetScoreLastPeriod": false,
      "qualifiers": [
        "team",
        "mandatory"
      ],
      "clock": "PT07M47.00S",
      "actionType": "timeout",
      "scoreHome": "115",
      "periodType": "REGULAR",
      "teamId": 1610612759,
      "actionNumber": 633,
      "x": null,
      "y": null,
      "subType": "full",
      "personId": 0,
      "xLegacy": null,
      "scoreAway": "86"
    },
    {
      "playerNameI": "D. Graham",
      "orderNumber": 6240000,
      "isFieldGoal": 1,
      "shotResult": "Missed",
      "possession": 1610612759,
      "teamTricode": "SAS",
      "description": "MISS D. Graham 27' 3PT",
      "personIdsFilter": [
        1628984
      ],
      "areaDetail": "24+ Left Center",
      "shotDistance": 27.71,
      "timeActual": "2024-01-13T03:16:49.2Z",
      "area": "Above the Break 3",
      "period": 4,
      "side": "right",
      "yLegacy": 260,
      "edited": "2024-01-13T03:16:55Z",
      "playerName": "Graham",
      "isTargetScoreLastPeriod": false,
      "qualifiers": [],
      "clock": "PT07M31.00S",
      "actionType": "3pt",
      "scoreHome": "115",
      "periodType": "REGULAR",
      "teamId": 1610612759,
      "actionNumber": 634,
      "x": 66.70499342969777,
      "y": 31.127450980392158,
      "subType": "Jump Shot",
      "personId": 1628984,
      "xLegacy": -94,
      "scoreAway": "86"
    },
    {
      "playerNameI": "J. Thor",
      "orderNumber": 6250000,
      "isFieldGoal": 0,
      "possession": 1610612766,
      "teamTricode": "CHA",
      "description": "J. Thor REBOUND (Off:2 Def:1)",
      "personIdsFilter": [
        1630550
      ],
      "areaDetail": "24+ Left Center",
      "reboundDefensiveTotal": 1,
      "timeActual": "2024-01-13T03:16:53.2Z",
      "shotActionNumber": 634,
      "area": "Above the Break 3",
      "reboundOffensiveTotal": 2,
      "period": 4,
      "side": null,
      "yLegacy": null,
      "edited": "2024-01-13T03:16:55Z",
      "playerName": "Thor",
      "isTargetScoreLastPeriod": false,
      "qualifiers": [],
      "clock": "PT07M27.00S",
      "actionType": "rebound",
      "scoreHome": "115",
      "periodType": "REGULAR",
      "reboundTotal": 3,
      "teamId": 1610612766,
      "actionNumber": 635,
      "x": null,
      "y": null,
      "subType": "defensive",
      "personId": 1630550,
      "xLegacy": null,
      "scoreAway": "86"
    },
    {
      "playerNameI": "B. McGowens",
      "orderNumber": 6260000,
      "isFieldGoal": 1,
      "shotResult": "Made",
      "possession": 1610612766,
      "teamTricode": "CHA",
      "description": "B. McGowens driving reverse Layup (9 PTS)",
      "descriptor": "driving reverse",
      "personIdsFilter": [
        1631121
      ],
      "areaDetail": "0-8 Center",
      "shotDistance": 4.19,
      "timeActual": "2024-01-13T03:17:12.1Z",
      "area": "Restricted Area",
      "period": 4,
      "side": "left",
      "yLegacy": -4,
      "edited": "2024-01-13T03:17:50Z",
      "playerName": "McGowens",
      "isTargetScoreLastPeriod": false,
      "qualifiers": [
        "pointsinthepaint"
      ],
      "clock": "PT07M08.00S",
      "actionType": "2pt",
      "scoreHome": "115",
      "periodType": "REGULAR",
      "teamId": 1610612766,
      "actionNumber": 636,
      "x": 5.206964520367937,
      "y": 58.333333333333336,
      "subType": "Layup",
      "personId": 1631121,
      "xLegacy": -42,
      "scoreAway": "88",
      "pointsTotal": 9
    },
    {
      "playerNameI": "J. Champagnie",
      "orderNumber": 6270000,
      "isFieldGoal": 1,
      "shotResult": "Missed",
      "possession": 1610612759,
      "teamTricode": "SAS",
      "description": "MISS J. Champagnie 26' 3PT",
      "personIdsFilter": [
        1630577
      ],
      "areaDetail": "24+ Center",
      "shotDistance": 26.69,
      "timeActual": "2024-01-13T03:17:30.1Z",
      "area": "Above the Break 3",
      "period": 4,
      "side": "right",
      "yLegacy": 267,
      "edited": "2024-01-13T03:17:36Z",
      "playerName": "Champagnie",
      "isTargetScoreLastPeriod": false,
      "qualifiers": [],
      "clock": "PT06M49.00S",
      "actionType": "3pt",
      "scoreHome": "115",
      "periodType": "REGULAR",
      "teamId": 1610612759,
      "actionNumber": 637,
      "x": 66.04796320630749,
      "y": 52.450980392156865,
      "subType": "Jump Shot",
      "personId": 1630577,
      "xLegacy": 12,
      "scoreAway": "88"
    },
    {
      "playerNameI": "I. Smith",
      "orderNumber": 6280000,
      "isFieldGoal": 0,
      "possession": 1610612766,
      "teamTricode": "CHA",
      "description": "I. Smith REBOUND (Off:0 Def:2)",
      "personIdsFilter": [
        202397
      ],
      "areaDetail": "24+ Center",
      "reboundDefensiveTotal": 2,
      "timeActual": "2024-01-13T03:17:30.1Z",
      "shotActionNumber": 637,
      "area": "Above the Break 3",
      "reboundOffensiveTotal": 0,
      "period": 4,
      "side": null,
      "yLegacy": null,
      "edited": "2024-01-13T03:17:36Z",
      "playerName": "Smith",
      "isTargetScoreLastPeriod": false,
      "qualifiers": [],
      "clock": "PT06M49.00S",
      "actionType": "rebound",
      "scoreHome": "115",
      "periodType": "REGULAR",
      "reboundTotal": 2,
      "teamId": 1610612766,
      "actionNumber": 638,
      "x": null,
      "y": null,
      "subType": "defensive",
      "personId": 202397,
      "xLegacy": null,
      "scoreAway": "88"
    },
    {
      "playerNameI": "N. Smith Jr.",
      "orderNumber": 6290000,
      "isFieldGoal": 1,
      "shotResult": "Made",
      "possession": 1610612766,
      "teamTricode": "CHA",
      "description": "N. Smith Jr. 11' turnaround bank Jump Shot (7 PTS) (I. Smith 6 AST)",
      "descriptor": "turnaround bank",
      "personIdsFilter": [
        1641733,
        202397
      ],
      "areaDetail": "8-16 Right",
      "shotDistance": 11.19,
      "timeActual": "2024-01-13T03:17:42.6Z",
      "assistPersonId": 202397,
      "area": "Mid-Range",
      "period": 4,
      "side": "left",
      "yLegacy": 58,
      "edited": "2024-01-13T03:17:50Z",
      "playerName": "Smith Jr.",
      "isTargetScoreLastPeriod": false,
      "qualifiers": [],
      "assistTotal": 6,
      "clock": "PT06M37.00S",
      "actionType": "2pt",
      "scoreHome": "115",
      "periodType": "REGULAR",
      "teamId": 1610612766,
      "actionNumber": 639,
      "x": 11.777266754270697,
      "y": 30.88235294117647,
      "subType": "Jump Shot",
      "personId": 1641733,
      "xLegacy": 96,
      "scoreAway": "90",
      "pointsTotal": 7,
      "assistPlayerNameInitial": "I. Smith"
    },
    {
      "playerNameI": "J. Champagnie",
      "orderNumber": 6310000,
      "isFieldGoal": 0,
      "possession": 1610612759,
      "teamTricode": "SAS",
      "description": "J. Champagnie bad pass TURNOVER (1 TO)",
      "personIdsFilter": [
        1630577,
        202397
      ],
      "areaDetail": "8-16 Right",
      "timeActual": "2024-01-13T03:17:57.8Z",
      "area": "In The Paint (Non-RA)",
      "period": 4,
      "side": null,
      "yLegacy": null,
      "edited": "2024-01-13T03:18:04Z",
      "playerName": "Champagnie",
      "isTargetScoreLastPeriod": false,
      "qualifiers": [],
      "clock": "PT06M22.00S",
      "turnoverTotal": 1,
      "actionType": "turnover",
      "scoreHome": "115",
      "periodType": "REGULAR",
      "stealPersonId": 202397,
      "teamId": 1610612759,
      "actionNumber": 641,
      "x": null,
      "y": null,
      "subType": "bad pass",
      "personId": 1630577,
      "xLegacy": null,
      "scoreAway": "90",
      "stealPlayerName": "Smith"
    },
    {
      "playerNameI": "I. Smith",
      "orderNumber": 6320000,
      "isFieldGoal": 0,
      "possession": 1610612766,
      "teamTricode": "CHA",
      "description": "I. Smith STEAL (1 STL)",
      "personIdsFilter": [
        202397
      ],
      "areaDetail": "8-16 Right",
      "timeActual": "2024-01-13T03:17:57.8Z",
      "area": "In The Paint (Non-RA)",
      "period": 4,
      "side": null,
      "yLegacy": null,
      "edited": "2024-01-13T03:18:01Z",
      "playerName": "Smith",
      "isTargetScoreLastPeriod": false,
      "qualifiers": [],
      "clock": "PT06M22.00S",
      "actionType": "steal",
      "scoreHome": "115",
      "periodType": "REGULAR",
      "teamId": 1610612766,
      "actionNumber": 642,
      "x": null,
      "y": null,
      "personId": 202397,
      "subType": "",
      "xLegacy": null,
      "scoreAway": "90"
    },
    {
      "playerNameI": "N. Smith Jr.",
      "orderNumber": 6330000,
      "isFieldGoal": 0,
      "possession": 1610612766,
      "teamTricode": "CHA",
      "description": "N. Smith Jr. bad pass TURNOVER (1 TO)",
      "personIdsFilter": [
        1641733,
        1631104
      ],
      "areaDetail": "24+ Center",
      "timeActual": "2024-01-13T03:18:08.2Z",
      "area": "Above the Break 3",
      "period": 4,
      "side": null,
      "yLegacy": null,
      "edited": "2024-01-13T03:18:14Z",
      "playerName": "Smith Jr.",
      "isTargetScoreLastPeriod": false,
      "qualifiers": [],
      "clock": "PT06M12.00S",
      "turnoverTotal": 1,
      "actionType": "turnover",
      "scoreHome": "115",
      "periodType": "REGULAR",
      "stealPersonId": 1631104,
      "teamId": 1610612766,
      "actionNumber": 643,
      "x": null,
      "y": null,
      "subType": "bad pass",
      "personId": 1641733,
      "xLegacy": null,
      "scoreAway": "90",
      "stealPlayerName": "Wesley"
    },
    {
      "playerNameI": "B. Wesley",
      "orderNumber": 6340000,
      "isFieldGoal": 0,
      "possession": 1610612759,
      "teamTricode": "SAS",
      "description": "B. Wesley STEAL (1 STL)",
      "personIdsFilter": [
        1631104
      ],
      "areaDetail": "24+ Center",
      "timeActual": "2024-01-13T03:18:08.2Z",
      "area": "Above the Break 3",
      "period": 4,
      "side": null,
      "yLegacy": null,
      "edited": "2024-01-13T03:18:10Z",
      "playerName": "Wesley",
      "isTargetScoreLastPeriod": false,
      "qualifiers": [],
      "clock": "PT06M12.00S",
      "actionType": "steal",
      "scoreHome": "115",
      "periodType": "REGULAR",
      "teamId": 1610612759,
      "actionNumber": 644,
      "x": null,
      "y": null,
      "personId": 1631104,
      "subType": "",
      "xLegacy": null,
      "scoreAway": "90"
    },
    {
      "playerNameI": "B. Wesley",
      "orderNumber": 6350000,
      "isFieldGoal": 1,
      "shotResult": "Made",
      "possession": 1610612759,
      "teamTricode": "SAS",
      "description": "B. Wesley running DUNK (2 PTS)",
      "descriptor": "running",
      "personIdsFilter": [
        1631104
      ],
      "areaDetail": "0-8 Center",
      "shotDistance": 1.59,
      "timeActual": "2024-01-13T03:18:11.5Z",
      "area": "Restricted Area",
      "period": 4,
      "side": "right",
      "yLegacy": 16,
      "edited": "2024-01-13T03:18:22Z",
      "playerName": "Wesley",
      "isTargetScoreLastPeriod": false,
      "qualifiers": [
        "pointsinthepaint",
        "fromturnover",
        "fastbreak"
      ],
      "clock": "PT06M08.00S",
      "actionType": "2pt",
      "scoreHome": "117",
      "periodType": "REGULAR",
      "teamId": 1610612759,
      "actionNumber": 645,
      "x": 92.72339027595268,
      "y": 50.245098039215684,
      "subType": "DUNK",
      "personId": 1631104,
      "xLegacy": 1,
      "scoreAway": "90",
      "pointsTotal": 2
    },
    {
      "officialId": 1628159,
      "playerNameI": "B. McGowens",
      "orderNumber": 6360000,
      "isFieldGoal": 0,
      "possession": 1610612766,
      "teamTricode": "CHA",
      "description": "B. McGowens backcourt TURNOVER (3 TO)",
      "personIdsFilter": [
        1631121
      ],
      "areaDetail": "24+ Left Center",
      "timeActual": "2024-01-13T03:18:36.4Z",
      "area": "Above the Break 3",
      "period": 4,
      "side": null,
      "yLegacy": null,
      "edited": "2024-01-13T03:28:21Z",
      "playerName": "McGowens",
      "isTargetScoreLastPeriod": false,
      "qualifiers": [],
      "clock": "PT05M47.00S",
      "turnoverTotal": 3,
      "actionType": "turnover",
      "scoreHome": "117",
      "periodType": "REGULAR",
      "teamId": 1610612766,
      "actionNumber": 646,
      "x": null,
      "y": null,
      "subType": "backcourt",
      "personId": 1631121,
      "xLegacy": null,
      "scoreAway": "90"
    },
    {
      "playerNameI": "I. Smith",
      "orderNumber": 6370000,
      "isFieldGoal": 0,
      "possession": 1610612759,
      "teamTricode": "CHA",
      "description": "SUB out: I. Smith",
      "personIdsFilter": [
        202397
      ],
      "timeActual": "2024-01-13T03:18:44.5Z",
      "period": 4,
      "side": null,
      "yLegacy": null,
      "edited": "2024-01-13T03:18:52Z",
      "playerName": "Smith",
      "isTargetScoreLastPeriod": false,
      "qualifiers": [],
      "clock": "PT05M47.00S",
      "actionType": "substitution",
      "scoreHome": "117",
      "periodType": "REGULAR",
      "teamId": 1610612766,
      "actionNumber": 647,
      "x": null,
      "y": null,
      "subType": "out",
      "personId": 202397,
      "xLegacy": null,
      "scoreAway": "90"
    },
    {
      "playerNameI": "J. Bouknight",
      "orderNumber": 6380000,
      "isFieldGoal": 0,
      "possession": 1610612759,
      "teamTricode": "CHA",
      "description": "SUB in: J. Bouknight",
      "personIdsFilter": [
        1630547
      ],
      "timeActual": "2024-01-13T03:18:44.5Z",
      "period": 4,
      "side": null,
      "yLegacy": null,
      "edited": "2024-01-13T03:18:52Z",
      "playerName": "Bouknight",
      "isTargetScoreLastPeriod": false,
      "qualifiers": [],
      "clock": "PT05M47.00S",
      "actionType": "substitution",
      "scoreHome": "117",
      "periodType": "REGULAR",
      "teamId": 1610612766,
      "actionNumber": 648,
      "x": null,
      "y": null,
      "subType": "in",
      "personId": 1630547,
      "xLegacy": null,
      "scoreAway": "90"
    },
    {
      "playerNameI": "J. Thor",
      "orderNumber": 6390000,
      "isFieldGoal": 0,
      "possession": 1610612759,
      "teamTricode": "CHA",
      "description": "SUB out: J. Thor",
      "personIdsFilter": [
        1630550
      ],
      "timeActual": "2024-01-13T03:19:04.5Z",
      "period": 4,
      "side": null,
      "yLegacy": null,
      "edited": "2024-01-13T03:19:08Z",
      "playerName": "Thor",
      "isTargetScoreLastPeriod": false,
      "qualifiers": [],
      "clock": "PT05M47.00S",
      "actionType": "substitution",
      "scoreHome": "117",
      "periodType": "REGULAR",
      "teamId": 1610612766,
      "actionNumber": 649,
      "x": null,
      "y": null,
      "subType": "out",
      "personId": 1630550,
      "xLegacy": null,
      "scoreAway": "90"
    },
    {
      "playerNameI": "L. Black",
      "orderNumber": 6400000,
      "isFieldGoal": 0,
      "possession": 1610612759,
      "teamTricode": "CHA",
      "description": "SUB in: L. Black",
      "personIdsFilter": [
        1641778
      ],
      "timeActual": "2024-01-13T03:19:04.5Z",
      "period": 4,
      "side": null,
      "yLegacy": null,
      "edited": "2024-01-13T03:19:08Z",
      "playerName": "Black",
      "isTargetScoreLastPeriod": false,
      "qualifiers": [],
      "clock": "PT05M47.00S",
      "actionType": "substitution",
      "scoreHome": "117",
      "periodType": "REGULAR",
      "teamId": 1610612766,
      "actionNumber": 650,
      "x": null,
      "y": null,
      "subType": "in",
      "personId": 1641778,
      "xLegacy": null,
      "scoreAway": "90"
    },
    {
      "officialId": 1627962,
      "foulTechnicalTotal": 0,
      "playerNameI": "L. Black",
      "orderNumber": 6410000,
      "isFieldGoal": 0,
      "foulDrawnPlayerName": "Mamukelashvili",
      "possession": 1610612759,
      "teamTricode": "CHA",
      "foulPersonalTotal": 1,
      "description": "L. Black personal FOUL (1 PF)",
      "personIdsFilter": [
        1641778,
        1630572
      ],
      "areaDetail": "8-16 Left",
      "timeActual": "2024-01-13T03:19:26.6Z",
      "area": "In The Paint (Non-RA)",
      "period": 4,
      "side": null,
      "yLegacy": null,
      "edited": "2024-01-13T03:19:50Z",
      "playerName": "Black",
      "isTargetScoreLastPeriod": false,
      "qualifiers": [],
      "clock": "PT05M37.00S",
      "actionType": "foul",
      "scoreHome": "117",
      "periodType": "REGULAR",
      "teamId": 1610612766,
      "actionNumber": 651,
      "x": null,
      "y": null,
      "subType": "personal",
      "personId": 1641778,
      "xLegacy": null,
      "scoreAway": "90",
      "foulDrawnPersonId": 1630572
    },
    {
      "officialId": 1628159,
      "foulTechnicalTotal": 0,
      "playerNameI": "N. Mensah",
      "orderNumber": 6440000,
      "isFieldGoal": 0,
      "foulDrawnPlayerName": "Mamukelashvili",
      "possession": 1610612759,
      "teamTricode": "CHA",
      "foulPersonalTotal": 6,
      "description": "N. Mensah shooting personal FOUL (6 PF) (Mamukelashvili 2 FT)",
      "descriptor": "shooting",
      "personIdsFilter": [
        1641877,
        1630572
      ],
      "areaDetail": "0-8 Center",
      "timeActual": "2024-01-13T03:20:03.7Z",
      "area": "Restricted Area",
      "period": 4,
      "side": null,
      "yLegacy": null,
      "edited": "2024-01-13T03:20:32Z",
      "playerName": "Mensah",
      "isTargetScoreLastPeriod": false,
      "qualifiers": [
        "inpenalty",
        "2freethrow"
      ],
      "clock": "PT05M26.00S",
      "actionType": "foul",
      "scoreHome": "117",
      "periodType": "REGULAR",
      "teamId": 1610612766,
      "actionNumber": 654,
      "x": null,
      "y": null,
      "subType": "personal",
      "personId": 1641877,
      "xLegacy": null,
      "scoreAway": "90",
      "foulDrawnPersonId": 1630572
    },
    {
      "playerNameI": "N. Mensah",
      "orderNumber": 6460000,
      "isFieldGoal": 0,
      "possession": 1610612759,
      "teamTricode": "CHA",
      "description": "SUB out: N. Mensah",
      "personIdsFilter": [
        1641877
      ],
      "timeActual": "2024-01-13T03:20:16.3Z",
      "period": 4,
      "side": null,
      "yLegacy": null,
      "edited": "2024-01-13T03:20:29Z",
      "playerName": "Mensah",
      "isTargetScoreLastPeriod": false,
      "qualifiers": [],
      "clock": "PT05M26.00S",
      "actionType": "substitution",
      "scoreHome": "117",
      "periodType": "REGULAR",
      "teamId": 1610612766,
      "actionNumber": 656,
      "x": null,
      "y": null,
      "subType": "out",
      "personId": 1641877,
      "xLegacy": null,
      "scoreAway": "90"
    },
    {
      "playerNameI": "J. Thor",
      "orderNumber": 6470000,
      "isFieldGoal": 0,
      "possession": 1610612759,
      "teamTricode": "CHA",
      "description": "SUB in: J. Thor",
      "personIdsFilter": [
        1630550
      ],
      "timeActual": "2024-01-13T03:20:16.3Z",
      "period": 4,
      "side": null,
      "yLegacy": null,
      "edited": "2024-01-13T03:20:29Z",
      "playerName": "Thor",
      "isTargetScoreLastPeriod": false,
      "qualifiers": [],
      "clock": "PT05M26.00S",
      "actionType": "substitution",
      "scoreHome": "117",
      "periodType": "REGULAR",
      "teamId": 1610612766,
      "actionNumber": 657,
      "x": null,
      "y": null,
      "subType": "in",
      "personId": 1630550,
      "xLegacy": null,
      "scoreAway": "90"
    },
    {
      "playerNameI": "S. Mamukelashvili",
      "orderNumber": 6480000,
      "isFieldGoal": 0,
      "shotResult": "Missed",
      "possession": 1610612759,
      "teamTricode": "SAS",
      "description": "MISS S. Mamukelashvili Free Throw 1 of 2",
      "personIdsFilter": [
        1630572
      ],
      "timeActual": "2024-01-13T03:20:33.5Z",
      "period": 4,
      "side": null,
      "yLegacy": null,
      "edited": "2024-01-13T03:20:33Z",
      "playerName": "Mamukelashvili",
      "isTargetScoreLastPeriod": false,
      "qualifiers": [
        "fromturnover"
      ],
      "clock": "PT05M26.00S",
      "actionType": "freethrow",
      "scoreHome": "117",
      "periodType": "REGULAR",
      "teamId": 1610612759,
      "actionNumber": 658,
      "x": null,
      "y": null,
      "subType": "1 of 2",
      "personId": 1630572,
      "xLegacy": null,
      "scoreAway": "90"
    },
    {
      "orderNumber": 6490000,
      "isFieldGoal": 0,
      "possession": 1610612759,
      "teamTricode": "SAS",
      "description": "TEAM offensive REBOUND",
      "personIdsFilter": [],
      "timeActual": "2024-01-13T03:20:33.5Z",
      "shotActionNumber": 658,
      "period": 4,
      "side": null,
      "yLegacy": null,
      "edited": "2024-01-13T03:20:33Z",
      "isTargetScoreLastPeriod": false,
      "qualifiers": [
        "deadball",
        "team"
      ],
      "clock": "PT05M26.00S",
      "actionType": "rebound",
      "scoreHome": "117",
      "periodType": "REGULAR",
      "teamId": 1610612759,
      "actionNumber": 659,
      "x": null,
      "y": null,
      "subType": "offensive",
      "personId": 0,
      "xLegacy": null,
      "scoreAway": "90"
    },
    {
      "playerNameI": "S. Mamukelashvili",
      "orderNumber": 6500000,
      "isFieldGoal": 0,
      "shotResult": "Made",
      "possession": 1610612759,
      "teamTricode": "SAS",
      "description": "S. Mamukelashvili Free Throw 2 of 2 (1 PTS)",
      "personIdsFilter": [
        1630572
      ],
      "timeActual": "2024-01-13T03:20:33.5Z",
      "period": 4,
      "side": null,
      "yLegacy": null,
      "edited": "2024-01-13T03:20:51Z",
      "playerName": "Mamukelashvili",
      "isTargetScoreLastPeriod": false,
      "qualifiers": [
        "fromturnover"
      ],
      "clock": "PT05M26.00S",
      "actionType": "freethrow",
      "scoreHome": "118",
      "periodType": "REGULAR",
      "teamId": 1610612759,
      "actionNumber": 660,
      "x": null,
      "y": null,
      "subType": "2 of 2",
      "personId": 1630572,
      "xLegacy": null,
      "scoreAway": "90",
      "pointsTotal": 1
    },
    {
      "playerNameI": "J. Bouknight",
      "orderNumber": 6510000,
      "isFieldGoal": 1,
      "shotResult": "Missed",
      "possession": 1610612766,
      "teamTricode": "CHA",
      "description": "MISS J. Bouknight 25' 3PT",
      "personIdsFilter": [
        1630547
      ],
      "areaDetail": "24+ Right Center",
      "shotDistance": 25.83,
      "timeActual": "2024-01-13T03:21:00.7Z",
      "area": "Above the Break 3",
      "period": 4,
      "side": "left",
      "yLegacy": 132,
      "edited": "2024-01-13T03:21:18Z",
      "playerName": "Bouknight",
      "isTargetScoreLastPeriod": false,
      "qualifiers": [],
      "clock": "PT05M12.00S",
      "actionType": "3pt",
      "scoreHome": "118",
      "periodType": "REGULAR",
      "teamId": 1610612766,
      "actionNumber": 661,
      "x": 19.66162943495401,
      "y": 5.637254901960785,
      "subType": "Jump Shot",
      "personId": 1630547,
      "xLegacy": 222,
      "scoreAway": "90"
    },
    {
      "playerNameI": "N. Smith Jr.",
      "orderNumber": 6520000,
      "isFieldGoal": 0,
      "possession": 1610612766,
      "teamTricode": "CHA",
      "description": "N. Smith Jr. REBOUND (Off:2 Def:4)",
      "personIdsFilter": [
        1641733
      ],
      "areaDetail": "24+ Right Center",
      "reboundDefensiveTotal": 4,
      "timeActual": "2024-01-13T03:21:06.6Z",
      "shotActionNumber": 661,
      "area": "Above the Break 3",
      "reboundOffensiveTotal": 2,
      "period": 4,
      "side": null,
      "yLegacy": null,
      "edited": "2024-01-13T03:21:06Z",
      "playerName": "Smith Jr.",
      "isTargetScoreLastPeriod": false,
      "qualifiers": [],
      "clock": "PT05M06.00S",
      "actionType": "rebound",
      "scoreHome": "118",
      "periodType": "REGULAR",
      "reboundTotal": 6,
      "teamId": 1610612766,
      "actionNumber": 662,
      "x": null,
      "y": null,
      "subType": "offensive",
      "personId": 1641733,
      "xLegacy": null,
      "scoreAway": "90"
    },
    {
      "playerNameI": "L. Black",
      "orderNumber": 6530000,
      "isFieldGoal": 1,
      "shotResult": "Missed",
      "possession": 1610612766,
      "teamTricode": "CHA",
      "description": "MISS L. Black 24' 3PT",
      "personIdsFilter": [
        1641778
      ],
      "areaDetail": "24+ Center",
      "shotDistance": 24.77,
      "timeActual": "2024-01-13T03:21:11.1Z",
      "area": "Above the Break 3",
      "period": 4,
      "side": "left",
      "yLegacy": 242,
      "edited": "2024-01-13T03:21:22Z",
      "playerName": "Black",
      "isTargetScoreLastPeriod": false,
      "qualifiers": [
        "2ndchance"
      ],
      "clock": "PT05M02.00S",
      "actionType": "3pt",
      "scoreHome": "118",
      "periodType": "REGULAR",
      "teamId": 1610612766,
      "actionNumber": 663,
      "x": 31.35676741130092,
      "y": 60.29411764705882,
      "subType": "Jump Shot",
      "personId": 1641778,
      "xLegacy": -51,
      "scoreAway": "90"
    },
    {
      "playerNameI": "B. Wesley",
      "orderNumber": 6540000,
      "isFieldGoal": 0,
      "possession": 1610612759,
      "teamTricode": "SAS",
      "description": "B. Wesley REBOUND (Off:0 Def:1)",
      "personIdsFilter": [
        1631104
      ],
      "areaDetail": "24+ Center",
      "reboundDefensiveTotal": 1,
      "timeActual": "2024-01-13T03:21:16.1Z",
      "shotActionNumber": 663,
      "area": "Above the Break 3",
      "reboundOffensiveTotal": 0,
      "period": 4,
      "side": null,
      "yLegacy": null,
      "edited": "2024-01-13T03:21:22Z",
      "playerName": "Wesley",
      "isTargetScoreLastPeriod": false,
      "qualifiers": [],
      "clock": "PT04M57.00S",
      "actionType": "rebound",
      "scoreHome": "118",
      "periodType": "REGULAR",
      "reboundTotal": 1,
      "teamId": 1610612759,
      "actionNumber": 664,
      "x": null,
      "y": null,
      "subType": "defensive",
      "personId": 1631104,
      "xLegacy": null,
      "scoreAway": "90"
    },
    {
      "playerNameI": "J. Champagnie",
      "orderNumber": 6550000,
      "isFieldGoal": 1,
      "shotResult": "Made",
      "possession": 1610612759,
      "teamTricode": "SAS",
      "description": "J. Champagnie 25' 3PT  (9 PTS) (B. Wesley 3 AST)",
      "personIdsFilter": [
        1630577,
        1631104
      ],
      "areaDetail": "24+ Left Center",
      "shotDistance": 25.96,
      "timeActual": "2024-01-13T03:21:29.0Z",
      "assistPersonId": 1631104,
      "area": "Above the Break 3",
      "period": 4,
      "side": "right",
      "yLegacy": 172,
      "edited": "2024-01-13T03:21:33Z",
      "playerName": "Champagnie",
      "isTargetScoreLastPeriod": false,
      "qualifiers": [],
      "assistTotal": 3,
      "clock": "PT04M43.00S",
      "actionType": "3pt",
      "scoreHome": "121",
      "periodType": "REGULAR",
      "teamId": 1610612759,
      "actionNumber": 665,
      "x": 76.16622864651774,
      "y": 11.029411764705882,
      "subType": "Jump Shot",
      "personId": 1630577,
      "xLegacy": -195,
      "scoreAway": "90",
      "pointsTotal": 9,
      "assistPlayerNameInitial": "B. Wesley"
    },
    {
      "playerNameI": "N. Smith Jr.",
      "orderNumber": 6570000,
      "isFieldGoal": 1,
      "shotResult": "Missed",
      "possession": 1610612766,
      "teamTricode": "CHA",
      "description": "MISS N. Smith Jr. 18' step back Shot",
      "descriptor": "step back",
      "personIdsFilter": [
        1641733
      ],
      "areaDetail": "16-24 Right Center",
      "shotDistance": 18.74,
      "timeActual": "2024-01-13T03:21:44.7Z",
      "area": "Mid-Range",
      "period": 4,
      "side": "left",
      "yLegacy": 172,
      "edited": "2024-01-13T03:22:53Z",
      "playerName": "Smith Jr.",
      "isTargetScoreLastPeriod": false,
      "qualifiers": [],
      "clock": "PT04M28.00S",
      "actionType": "2pt",
      "scoreHome": "121",
      "periodType": "REGULAR",
      "teamId": 1610612766,
      "actionNumber": 667,
      "x": 23.866622864651774,
      "y": 35.049019607843135,
      "subType": "Jump Shot",
      "personId": 1641733,
      "xLegacy": 75,
      "scoreAway": "90"
    },
    {
      "playerNameI": "J. Champagnie",
      "orderNumber": 6580000,
      "isFieldGoal": 0,
      "possession": 1610612759,
      "teamTricode": "SAS",
      "description": "J. Champagnie REBOUND (Off:0 Def:2)",
      "personIdsFilter": [
        1630577
      ],
      "areaDetail": "16-24 Right Center",
      "reboundDefensiveTotal": 2,
      "timeActual": "2024-01-13T03:21:48.7Z",
      "shotActionNumber": 667,
      "area": "Mid-Range",
      "reboundOffensiveTotal": 0,
      "period": 4,
      "side": null,
      "yLegacy": null,
      "edited": "2024-01-13T03:21:57Z",
      "playerName": "Champagnie",
      "isTargetScoreLastPeriod": false,
      "qualifiers": [],
      "clock": "PT04M24.00S",
      "actionType": "rebound",
      "scoreHome": "121",
      "periodType": "REGULAR",
      "reboundTotal": 2,
      "teamId": 1610612759,
      "actionNumber": 668,
      "x": null,
      "y": null,
      "subType": "defensive",
      "personId": 1630577,
      "xLegacy": null,
      "scoreAway": "90"
    },
    {
      "officialId": 1627962,
      "foulTechnicalTotal": 0,
      "playerNameI": "J. Thor",
      "orderNumber": 6590000,
      "isFieldGoal": 0,
      "foulDrawnPlayerName": "Diakite",
      "possession": 1610612759,
      "teamTricode": "CHA",
      "foulPersonalTotal": 3,
      "description": "J. Thor shooting personal FOUL (3 PF) (Diakite 2 FT)",
      "descriptor": "shooting",
      "personIdsFilter": [
        1630550,
        1629603
      ],
      "areaDetail": "0-8 Center",
      "timeActual": "2024-01-13T03:22:08.0Z",
      "area": "Restricted Area",
      "period": 4,
      "side": null,
      "yLegacy": null,
      "edited": "2024-01-13T03:22:32Z",
      "playerName": "Thor",
      "isTargetScoreLastPeriod": false,
      "qualifiers": [
        "inpenalty",
        "2freethrow"
      ],
      "clock": "PT04M07.00S",
      "actionType": "foul",
      "scoreHome": "121",
      "periodType": "REGULAR",
      "teamId": 1610612766,
      "actionNumber": 669,
      "x": null,
      "y": null,
      "subType": "personal",
      "personId": 1630550,
      "xLegacy": null,
      "scoreAway": "90",
      "foulDrawnPersonId": 1629603
    },
    {
      "playerNameI": "M. Diakite",
      "orderNumber": 6610000,
      "isFieldGoal": 0,
      "shotResult": "Made",
      "possession": 1610612759,
      "teamTricode": "SAS",
      "description": "M. Diakite Free Throw 1 of 2 (5 PTS)",
      "personIdsFilter": [
        1629603
      ],
      "timeActual": "2024-01-13T03:22:37.9Z",
      "period": 4,
      "side": null,
      "yLegacy": null,
      "edited": "2024-01-13T03:22:38Z",
      "playerName": "Diakite",
      "isTargetScoreLastPeriod": false,
      "qualifiers": [],
      "clock": "PT04M07.00S",
      "actionType": "freethrow",
      "scoreHome": "122",
      "periodType": "REGULAR",
      "teamId": 1610612759,
      "actionNumber": 671,
      "x": null,
      "y": null,
      "subType": "1 of 2",
      "personId": 1629603,
      "xLegacy": null,
      "scoreAway": "90",
      "pointsTotal": 5
    },
    {
      "playerNameI": "M. Diakite",
      "orderNumber": 6620000,
      "isFieldGoal": 0,
      "shotResult": "Made",
      "possession": 1610612759,
      "teamTricode": "SAS",
      "description": "M. Diakite Free Throw 2 of 2 (6 PTS)",
      "personIdsFilter": [
        1629603
      ],
      "timeActual": "2024-01-13T03:22:56.2Z",
      "period": 4,
      "side": null,
      "yLegacy": null,
      "edited": "2024-01-13T03:22:56Z",
      "playerName": "Diakite",
      "isTargetScoreLastPeriod": false,
      "qualifiers": [],
      "clock": "PT04M07.00S",
      "actionType": "freethrow",
      "scoreHome": "123",
      "periodType": "REGULAR",
      "teamId": 1610612759,
      "actionNumber": 672,
      "x": null,
      "y": null,
      "subType": "2 of 2",
      "personId": 1629603,
      "xLegacy": null,
      "scoreAway": "90",
      "pointsTotal": 6
    },
    {
      "playerNameI": "B. McGowens",
      "orderNumber": 6630000,
      "isFieldGoal": 1,
      "shotResult": "Missed",
      "possession": 1610612766,
      "teamTricode": "CHA",
      "description": "MISS B. McGowens Layup - blocked",
      "personIdsFilter": [
        1631121,
        1630572
      ],
      "areaDetail": "0-8 Center",
      "shotDistance": 5,
      "timeActual": "2024-01-13T03:23:16.7Z",
      "blockPlayerName": "Mamukelashvili",
      "area": "In The Paint (Non-RA)",
      "period": 4,
      "side": "left",
      "yLegacy": 42,
      "edited": "2024-01-13T03:23:26Z",
      "playerName": "McGowens",
      "isTargetScoreLastPeriod": false,
      "qualifiers": [
        "pointsinthepaint"
      ],
      "clock": "PT03M48.00S",
      "actionType": "2pt",
      "scoreHome": "123",
      "periodType": "REGULAR",
      "blockPersonId": 1630572,
      "teamId": 1610612766,
      "actionNumber": 673,
      "x": 10.068988173455978,
      "y": 44.6078431372549,
      "subType": "Layup",
      "personId": 1631121,
      "xLegacy": 27,
      "scoreAway": "90"
    },
    {
      "playerNameI": "S. Mamukelashvili",
      "orderNumber": 6640000,
      "isFieldGoal": 0,
      "possession": 1610612766,
      "teamTricode": "SAS",
      "description": "S. Mamukelashvili BLOCK (1 BLK)",
      "personIdsFilter": [
        1630572
      ],
      "areaDetail": "0-8 Center",
      "timeActual": "2024-01-13T03:23:16.7Z",
      "area": "In The Paint (Non-RA)",
      "period": 4,
      "side": null,
      "yLegacy": null,
      "edited": "2024-01-13T03:23:19Z",
      "playerName": "Mamukelashvili",
      "isTargetScoreLastPeriod": false,
      "qualifiers": [],
      "clock": "PT03M48.00S",
      "actionType": "block",
      "scoreHome": "123",
      "periodType": "REGULAR",
      "teamId": 1610612759,
      "actionNumber": 674,
      "x": null,
      "y": null,
      "personId": 1630572,
      "subType": "",
      "xLegacy": null,
      "scoreAway": "90"
    },
    {
      "playerNameI": "S. Mamukelashvili",
      "orderNumber": 6650000,
      "isFieldGoal": 0,
      "possession": 1610612759,
      "teamTricode": "SAS",
      "description": "S. Mamukelashvili REBOUND (Off:0 Def:1)",
      "personIdsFilter": [
        1630572
      ],
      "areaDetail": "0-8 Center",
      "reboundDefensiveTotal": 1,
      "timeActual": "2024-01-13T03:23:20.7Z",
      "shotActionNumber": 673,
      "area": "In The Paint (Non-RA)",
      "reboundOffensiveTotal": 0,
      "period": 4,
      "side": null,
      "yLegacy": null,
      "edited": "2024-01-13T03:23:26Z",
      "playerName": "Mamukelashvili",
      "isTargetScoreLastPeriod": false,
      "qualifiers": [],
      "clock": "PT03M44.00S",
      "actionType": "rebound",
      "scoreHome": "123",
      "periodType": "REGULAR",
      "reboundTotal": 1,
      "teamId": 1610612759,
      "actionNumber": 675,
      "x": null,
      "y": null,
      "subType": "defensive",
      "personId": 1630572,
      "xLegacy": null,
      "scoreAway": "90"
    },
    {
      "playerNameI": "S. Mamukelashvili",
      "orderNumber": 6660000,
      "isFieldGoal": 1,
      "shotResult": "Missed",
      "possession": 1610612759,
      "teamTricode": "SAS",
      "description": "MISS S. Mamukelashvili running Layup - blocked",
      "descriptor": "running",
      "personIdsFilter": [
        1630572,
        1630547
      ],
      "areaDetail": "0-8 Center",
      "shotDistance": 5.55,
      "timeActual": "2024-01-13T03:23:23.3Z",
      "blockPlayerName": "Bouknight",
      "area": "In The Paint (Non-RA)",
      "period": 4,
      "side": "right",
      "yLegacy": 55,
      "edited": "2024-01-13T03:23:37Z",
      "playerName": "Mamukelashvili",
      "isTargetScoreLastPeriod": false,
      "qualifiers": [
        "pointsinthepaint",
        "fastbreak"
      ],
      "clock": "PT03M41.00S",
      "actionType": "2pt",
      "scoreHome": "123",
      "periodType": "REGULAR",
      "blockPersonId": 1630547,
      "teamId": 1610612759,
      "actionNumber": 676,
      "x": 88.51839684625493,
      "y": 50.49019607843137,
      "subType": "Layup",
      "personId": 1630572,
      "xLegacy": 2,
      "scoreAway": "90"
    },
    {
      "playerNameI": "J. Bouknight",
      "orderNumber": 6670000,
      "isFieldGoal": 0,
      "possession": 1610612759,
      "teamTricode": "CHA",
      "description": "J. Bouknight BLOCK (1 BLK)",
      "personIdsFilter": [
        1630547
      ],
      "areaDetail": "0-8 Center",
      "timeActual": "2024-01-13T03:23:23.3Z",
      "area": "In The Paint (Non-RA)",
      "period": 4,
      "side": null,
      "yLegacy": null,
      "edited": "2024-01-13T03:23:26Z",
      "playerName": "Bouknight",
      "isTargetScoreLastPeriod": false,
      "qualifiers": [],
      "clock": "PT03M41.00S",
      "actionType": "block",
      "scoreHome": "123",
      "periodType": "REGULAR",
      "teamId": 1610612766,
      "actionNumber": 677,
      "x": null,
      "y": null,
      "personId": 1630547,
      "subType": "",
      "xLegacy": null,
      "scoreAway": "90"
    },
    {
      "playerNameI": "J. Thor",
      "orderNumber": 6680000,
      "isFieldGoal": 0,
      "possession": 1610612766,
      "teamTricode": "CHA",
      "description": "J. Thor REBOUND (Off:2 Def:2)",
      "personIdsFilter": [
        1630550
      ],
      "areaDetail": "0-8 Center",
      "reboundDefensiveTotal": 2,
      "timeActual": "2024-01-13T03:23:23.3Z",
      "shotActionNumber": 676,
      "area": "In The Paint (Non-RA)",
      "reboundOffensiveTotal": 2,
      "period": 4,
      "side": null,
      "yLegacy": null,
      "edited": "2024-01-13T03:23:37Z",
      "playerName": "Thor",
      "isTargetScoreLastPeriod": false,
      "qualifiers": [],
      "clock": "PT03M41.00S",
      "actionType": "rebound",
      "scoreHome": "123",
      "periodType": "REGULAR",
      "reboundTotal": 4,
      "teamId": 1610612766,
      "actionNumber": 678,
      "x": null,
      "y": null,
      "subType": "defensive",
      "personId": 1630550,
      "xLegacy": null,
      "scoreAway": "90"
    },
    {
      "playerNameI": "L. Black",
      "orderNumber": 6690000,
      "isFieldGoal": 1,
      "shotResult": "Made",
      "possession": 1610612766,
      "teamTricode": "CHA",
      "description": "L. Black running alley-oop DUNK (2 PTS) (N. Smith Jr. 3 AST)",
      "descriptor": "running alley-oop",
      "personIdsFilter": [
        1641778,
        1641733
      ],
      "areaDetail": "0-8 Center",
      "shotDistance": 1.76,
      "timeActual": "2024-01-13T03:23:28.6Z",
      "assistPersonId": 1641733,
      "area": "Restricted Area",
      "period": 4,
      "side": "left",
      "yLegacy": 11,
      "edited": "2024-01-13T03:24:41Z",
      "playerName": "Black",
      "isTargetScoreLastPeriod": false,
      "qualifiers": [
        "fastbreak",
        "pointsinthepaint"
      ],
      "assistTotal": 3,
      "clock": "PT03M35.00S",
      "actionType": "2pt",
      "scoreHome": "123",
      "periodType": "REGULAR",
      "teamId": 1610612766,
      "actionNumber": 679,
      "x": 6.783837056504599,
      "y": 47.30392156862745,
      "subType": "DUNK",
      "personId": 1641778,
      "xLegacy": 13,
      "scoreAway": "92",
      "pointsTotal": 2,
      "assistPlayerNameInitial": "N. Smith Jr."
    },
    {
      "playerNameI": "D. Graham",
      "orderNumber": 6710000,
      "isFieldGoal": 1,
      "shotResult": "Made",
      "possession": 1610612759,
      "teamTricode": "SAS",
      "description": "D. Graham 17' pullup Jump Shot (2 PTS)",
      "descriptor": "pullup",
      "personIdsFilter": [
        1628984
      ],
      "areaDetail": "16-24 Right Center",
      "shotDistance": 17.12,
      "timeActual": "2024-01-13T03:23:37.6Z",
      "area": "Mid-Range",
      "period": 4,
      "side": "right",
      "yLegacy": 144,
      "edited": "2024-01-13T03:23:48Z",
      "playerName": "Graham",
      "isTargetScoreLastPeriod": false,
      "qualifiers": [],
      "clock": "PT03M26.00S",
      "actionType": "2pt",
      "scoreHome": "125",
      "periodType": "REGULAR",
      "teamId": 1610612759,
      "actionNumber": 681,
      "x": 79.05716162943496,
      "y": 68.38235294117648,
      "subType": "Jump Shot",
      "personId": 1628984,
      "xLegacy": 92,
      "scoreAway": "92",
      "pointsTotal": 2
    },
    {
      "officialId": 1628159,
      "foulTechnicalTotal": 0,
      "playerNameI": "D. Graham",
      "orderNumber": 6720000,
      "isFieldGoal": 0,
      "foulDrawnPlayerName": "Smith Jr.",
      "possession": 1610612766,
      "teamTricode": "SAS",
      "foulPersonalTotal": 1,
      "description": "D. Graham personal FOUL (1 PF)",
      "personIdsFilter": [
        1628984,
        1641733
      ],
      "areaDetail": "16-24 Center",
      "timeActual": "2024-01-13T03:23:57.7Z",
      "area": "Mid-Range",
      "period": 4,
      "side": null,
      "yLegacy": null,
      "edited": "2024-01-13T03:24:19Z",
      "playerName": "Graham",
      "isTargetScoreLastPeriod": false,
      "qualifiers": [],
      "clock": "PT03M09.00S",
      "actionType": "foul",
      "scoreHome": "125",
      "periodType": "REGULAR",
      "teamId": 1610612759,
      "actionNumber": 682,
      "x": null,
      "y": null,
      "subType": "personal",
      "personId": 1628984,
      "xLegacy": null,
      "scoreAway": "92",
      "foulDrawnPersonId": 1641733
    },
    {
      "playerNameI": "B. McGowens",
      "orderNumber": 6740000,
      "isFieldGoal": 1,
      "shotResult": "Made",
      "possession": 1610612766,
      "teamTricode": "CHA",
      "description": "B. McGowens 6' driving bank Jump Shot (11 PTS) (N. Smith Jr. 4 AST)",
      "descriptor": "driving bank",
      "personIdsFilter": [
        1631121,
        1641733
      ],
      "areaDetail": "0-8 Center",
      "shotDistance": 6.75,
      "timeActual": "2024-01-13T03:24:29.2Z",
      "assistPersonId": 1641733,
      "area": "In The Paint (Non-RA)",
      "period": 4,
      "side": "left",
      "yLegacy": 67,
      "edited": "2024-01-13T03:24:40Z",
      "playerName": "McGowens",
      "isTargetScoreLastPeriod": false,
      "qualifiers": [
        "pointsinthepaint"
      ],
      "assistTotal": 4,
      "clock": "PT03M00.00S",
      "actionType": "2pt",
      "scoreHome": "125",
      "periodType": "REGULAR",
      "teamId": 1610612766,
      "actionNumber": 684,
      "x": 12.697109067017081,
      "y": 51.71568627450981,
      "subType": "Jump Shot",
      "personId": 1631121,
      "xLegacy": -9,
      "scoreAway": "94",
      "pointsTotal": 11,
      "assistPlayerNameInitial": "N. Smith Jr."
    },
    {
      "officialId": 202049,
      "foulTechnicalTotal": 0,
      "playerNameI": "J. Champagnie",
      "orderNumber": 6760000,
      "isFieldGoal": 0,
      "foulDrawnPlayerName": "McGowens",
      "possession": 1610612766,
      "teamTricode": "SAS",
      "foulPersonalTotal": 2,
      "description": "J. Champagnie shooting personal FOUL (2 PF) (McGowens 1 FT)",
      "descriptor": "shooting",
      "personIdsFilter": [
        1630577,
        1631121
      ],
      "areaDetail": "0-8 Center",
      "timeActual": "2024-01-13T03:24:32.6Z",
      "area": "In The Paint (Non-RA)",
      "period": 4,
      "side": null,
      "yLegacy": null,
      "edited": "2024-01-13T03:24:41Z",
      "playerName": "Champagnie",
      "isTargetScoreLastPeriod": false,
      "qualifiers": [
        "inpenalty",
        "1freethrow"
      ],
      "clock": "PT03M00.00S",
      "actionType": "foul",
      "scoreHome": "125",
      "periodType": "REGULAR",
      "teamId": 1610612759,
      "actionNumber": 686,
      "x": null,
      "y": null,
      "subType": "personal",
      "personId": 1630577,
      "xLegacy": null,
      "scoreAway": "94",
      "foulDrawnPersonId": 1631121
    },
    {
      "playerNameI": "B. McGowens",
      "orderNumber": 6780000,
      "isFieldGoal": 0,
      "shotResult": "Made",
      "possession": 1610612766,
      "teamTricode": "CHA",
      "description": "B. McGowens Free Throw 1 of 1 (12 PTS)",
      "personIdsFilter": [
        1631121
      ],
      "timeActual": "2024-01-13T03:24:54.5Z",
      "period": 4,
      "side": null,
      "yLegacy": null,
      "edited": "2024-01-13T03:24:54Z",
      "playerName": "McGowens",
      "isTargetScoreLastPeriod": false,
      "qualifiers": [],
      "clock": "PT03M00.00S",
      "actionType": "freethrow",
      "scoreHome": "125",
      "periodType": "REGULAR",
      "teamId": 1610612766,
      "actionNumber": 688,
      "x": null,
      "y": null,
      "subType": "1 of 1",
      "personId": 1631121,
      "xLegacy": null,
      "scoreAway": "95",
      "pointsTotal": 12
    },
    {
      "playerNameI": "M. Diakite",
      "orderNumber": 6790000,
      "isFieldGoal": 1,
      "shotResult": "Made",
      "possession": 1610612759,
      "teamTricode": "SAS",
      "description": "M. Diakite finger roll Layup (8 PTS) (D. Graham 2 AST)",
      "descriptor": "finger roll",
      "personIdsFilter": [
        1629603,
        1628984
      ],
      "areaDetail": "0-8 Center",
      "shotDistance": 2.5,
      "timeActual": "2024-01-13T03:25:15.2Z",
      "assistPersonId": 1628984,
      "area": "Restricted Area",
      "period": 4,
      "side": "right",
      "yLegacy": 25,
      "edited": "2024-01-13T03:25:35Z",
      "playerName": "Diakite",
      "isTargetScoreLastPeriod": false,
      "qualifiers": [
        "pointsinthepaint"
      ],
      "assistTotal": 2,
      "clock": "PT02M44.00S",
      "actionType": "2pt",
      "scoreHome": "127",
      "periodType": "REGULAR",
      "teamId": 1610612759,
      "actionNumber": 689,
      "x": 91.80354796320631,
      "y": 49.01960784313725,
      "subType": "Layup",
      "personId": 1629603,
      "xLegacy": -5,
      "scoreAway": "95",
      "pointsTotal": 8,
      "assistPlayerNameInitial": "D. Graham"
    },
    {
      "playerNameI": "J. Bouknight",
      "orderNumber": 6810000,
      "isFieldGoal": 1,
      "shotResult": "Missed",
      "possession": 1610612766,
      "teamTricode": "CHA",
      "description": "MISS J. Bouknight 24' pullup 3PT",
      "descriptor": "pullup",
      "personIdsFilter": [
        1630547
      ],
      "areaDetail": "24+ Right",
      "shotDistance": 24.71,
      "timeActual": "2024-01-13T03:25:39.6Z",
      "area": "Right Corner 3",
      "period": 4,
      "side": "left",
      "yLegacy": 83,
      "edited": "2024-01-13T03:25:44Z",
      "playerName": "Bouknight",
      "isTargetScoreLastPeriod": false,
      "qualifiers": [],
      "clock": "PT02M19.00S",
      "actionType": "3pt",
      "scoreHome": "127",
      "periodType": "REGULAR",
      "teamId": 1610612766,
      "actionNumber": 691,
      "x": 14.4053876478318,
      "y": 3.431372549019608,
      "subType": "Jump Shot",
      "personId": 1630547,
      "xLegacy": 233,
      "scoreAway": "95"
    },
    {
      "playerNameI": "B. Wesley",
      "orderNumber": 6820000,
      "isFieldGoal": 0,
      "possession": 1610612759,
      "teamTricode": "SAS",
      "description": "B. Wesley REBOUND (Off:0 Def:2)",
      "personIdsFilter": [
        1631104
      ],
      "areaDetail": "24+ Right",
      "reboundDefensiveTotal": 2,
      "timeActual": "2024-01-13T03:25:41.9Z",
      "shotActionNumber": 691,
      "area": "Right Corner 3",
      "reboundOffensiveTotal": 0,
      "period": 4,
      "side": null,
      "yLegacy": null,
      "edited": "2024-01-13T03:25:41Z",
      "playerName": "Wesley",
      "isTargetScoreLastPeriod": false,
      "qualifiers": [],
      "clock": "PT02M17.00S",
      "actionType": "rebound",
      "scoreHome": "127",
      "periodType": "REGULAR",
      "reboundTotal": 2,
      "teamId": 1610612759,
      "actionNumber": 692,
      "x": null,
      "y": null,
      "subType": "defensive",
      "personId": 1631104,
      "xLegacy": null,
      "scoreAway": "95"
    },
    {
      "playerNameI": "J. Champagnie",
      "orderNumber": 6830000,
      "isFieldGoal": 1,
      "shotResult": "Missed",
      "possession": 1610612759,
      "teamTricode": "SAS",
      "description": "MISS J. Champagnie 27' running 3PT",
      "descriptor": "running",
      "personIdsFilter": [
        1630577
      ],
      "areaDetail": "24+ Left Center",
      "shotDistance": 27.05,
      "timeActual": "2024-01-13T03:25:47.5Z",
      "area": "Above the Break 3",
      "period": 4,
      "side": "right",
      "yLegacy": 211,
      "edited": "2024-01-13T03:26:46Z",
      "playerName": "Champagnie",
      "isTargetScoreLastPeriod": false,
      "qualifiers": [
        "fastbreak"
      ],
      "clock": "PT02M11.00S",
      "actionType": "3pt",
      "scoreHome": "127",
      "periodType": "REGULAR",
      "teamId": 1610612759,
      "actionNumber": 693,
      "x": 71.96123521681997,
      "y": 16.176470588235293,
      "subType": "Jump Shot",
      "personId": 1630577,
      "xLegacy": -169,
      "scoreAway": "95"
    },
    {
      "playerNameI": "J. Bouknight",
      "orderNumber": 6840000,
      "isFieldGoal": 0,
      "possession": 1610612766,
      "teamTricode": "CHA",
      "description": "J. Bouknight REBOUND (Off:0 Def:1)",
      "personIdsFilter": [
        1630547
      ],
      "areaDetail": "24+ Left Center",
      "reboundDefensiveTotal": 1,
      "timeActual": "2024-01-13T03:25:50.5Z",
      "shotActionNumber": 693,
      "area": "Above the Break 3",
      "reboundOffensiveTotal": 0,
      "period": 4,
      "side": null,
      "yLegacy": null,
      "edited": "2024-01-13T03:25:51Z",
      "playerName": "Bouknight",
      "isTargetScoreLastPeriod": false,
      "qualifiers": [],
      "clock": "PT02M08.00S",
      "actionType": "rebound",
      "scoreHome": "127",
      "periodType": "REGULAR",
      "reboundTotal": 1,
      "teamId": 1610612766,
      "actionNumber": 694,
      "x": null,
      "y": null,
      "subType": "defensive",
      "personId": 1630547,
      "xLegacy": null,
      "scoreAway": "95"
    },
    {
      "playerNameI": "B. McGowens",
      "orderNumber": 6860000,
      "isFieldGoal": 0,
      "possession": 1610612766,
      "teamTricode": "CHA",
      "description": "B. McGowens offensive-kicked-ball TURNOVER (4 TO)",
      "personIdsFilter": [
        1631121
      ],
      "areaDetail": "8-16 Center",
      "timeActual": "2024-01-13T03:26:03.8Z",
      "area": "In The Paint (Non-RA)",
      "period": 4,
      "side": null,
      "yLegacy": null,
      "edited": "2024-01-13T03:26:22Z",
      "playerName": "McGowens",
      "isTargetScoreLastPeriod": false,
      "qualifiers": [],
      "clock": "PT02M01.00S",
      "turnoverTotal": 4,
      "actionType": "turnover",
      "scoreHome": "127",
      "periodType": "REGULAR",
      "teamId": 1610612766,
      "actionNumber": 696,
      "x": null,
      "y": null,
      "subType": "offensive-kicked-ball",
      "personId": 1631121,
      "xLegacy": null,
      "scoreAway": "95"
    },
    {
      "orderNumber": 6870000,
      "isFieldGoal": 0,
      "possession": 1610612759,
      "teamTricode": "CHA",
      "description": "CHA Timeout",
      "personIdsFilter": [],
      "timeActual": "2024-01-13T03:26:40.8Z",
      "period": 4,
      "side": null,
      "yLegacy": null,
      "edited": "2024-01-13T03:26:40Z",
      "isTargetScoreLastPeriod": false,
      "qualifiers": [
        "team"
      ],
      "clock": "PT02M01.00S",
      "actionType": "timeout",
      "scoreHome": "127",
      "periodType": "REGULAR",
      "teamId": 1610612766,
      "actionNumber": 697,
      "x": null,
      "y": null,
      "subType": "full",
      "personId": 0,
      "xLegacy": null,
      "scoreAway": "95"
    },
    {
      "playerNameI": "D. Graham",
      "orderNumber": 6880000,
      "isFieldGoal": 1,
      "shotResult": "Made",
      "possession": 1610612759,
      "teamTricode": "SAS",
      "description": "D. Graham 26' 3PT pullup (5 PTS)",
      "descriptor": "pullup",
      "personIdsFilter": [
        1628984
      ],
      "areaDetail": "24+ Left Center",
      "shotDistance": 26.41,
      "timeActual": "2024-01-13T03:29:05.3Z",
      "area": "Above the Break 3",
      "period": 4,
      "side": "right",
      "yLegacy": 216,
      "edited": "2024-01-13T03:29:10Z",
      "playerName": "Graham",
      "isTargetScoreLastPeriod": false,
      "qualifiers": [
        "fromturnover"
      ],
      "clock": "PT01M53.00S",
      "actionType": "3pt",
      "scoreHome": "130",
      "periodType": "REGULAR",
      "teamId": 1610612759,
      "actionNumber": 698,
      "x": 71.43561103810775,
      "y": 19.607843137254903,
      "subType": "Jump Shot",
      "personId": 1628984,
      "xLegacy": -152,
      "scoreAway": "95",
      "pointsTotal": 5
    },
    {
      "playerNameI": "J. Thor",
      "orderNumber": 6890000,
      "isFieldGoal": 0,
      "possession": 1610612766,
      "teamTricode": "CHA",
      "description": "J. Thor bad pass TURNOVER (1 TO)",
      "personIdsFilter": [
        1630550,
        1628984
      ],
      "areaDetail": "16-24 Right",
      "timeActual": "2024-01-13T03:29:26.0Z",
      "area": "Mid-Range",
      "period": 4,
      "side": null,
      "yLegacy": null,
      "edited": "2024-01-13T03:29:30Z",
      "playerName": "Thor",
      "isTargetScoreLastPeriod": false,
      "qualifiers": [],
      "clock": "PT01M37.00S",
      "turnoverTotal": 1,
      "actionType": "turnover",
      "scoreHome": "130",
      "periodType": "REGULAR",
      "stealPersonId": 1628984,
      "teamId": 1610612766,
      "actionNumber": 699,
      "x": null,
      "y": null,
      "subType": "bad pass",
      "personId": 1630550,
      "xLegacy": null,
      "scoreAway": "95",
      "stealPlayerName": "Graham"
    },
    {
      "playerNameI": "D. Graham",
      "orderNumber": 6900000,
      "isFieldGoal": 0,
      "possession": 1610612759,
      "teamTricode": "SAS",
      "description": "D. Graham STEAL (1 STL)",
      "personIdsFilter": [
        1628984
      ],
      "areaDetail": "16-24 Right",
      "timeActual": "2024-01-13T03:29:26.0Z",
      "area": "Mid-Range",
      "period": 4,
      "side": null,
      "yLegacy": null,
      "edited": "2024-01-13T03:29:27Z",
      "playerName": "Graham",
      "isTargetScoreLastPeriod": false,
      "qualifiers": [],
      "clock": "PT01M37.00S",
      "actionType": "steal",
      "scoreHome": "130",
      "periodType": "REGULAR",
      "teamId": 1610612759,
      "actionNumber": 700,
      "x": null,
      "y": null,
      "personId": 1628984,
      "subType": "",
      "xLegacy": null,
      "scoreAway": "95"
    },
    {
      "playerNameI": "D. Graham",
      "orderNumber": 6910000,
      "isFieldGoal": 1,
      "shotResult": "Made",
      "possession": 1610612759,
      "teamTricode": "SAS",
      "description": "D. Graham 3PT running (8 PTS) (M. Diakite 1 AST)",
      "descriptor": "running",
      "personIdsFilter": [
        1628984,
        1629603
      ],
      "areaDetail": "24+ Left",
      "shotDistance": 23.65,
      "timeActual": "2024-01-13T03:29:31.9Z",
      "assistPersonId": 1629603,
      "area": "Left Corner 3",
      "period": 4,
      "side": "right",
      "yLegacy": 2,
      "edited": "2024-01-13T03:30:52Z",
      "playerName": "Graham",
      "isTargetScoreLastPeriod": false,
      "qualifiers": [
        "fromturnover",
        "fastbreak"
      ],
      "assistTotal": 1,
      "clock": "PT01M31.00S",
      "actionType": "3pt",
      "scoreHome": "133",
      "periodType": "REGULAR",
      "teamId": 1610612759,
      "actionNumber": 701,
      "x": 94.1688567674113,
      "y": 2.696078431372549,
      "subType": "Jump Shot",
      "personId": 1628984,
      "xLegacy": -237,
      "scoreAway": "95",
      "pointsTotal": 8,
      "assistPlayerNameInitial": "M. Diakite"
    },
    {
      "playerNameI": "N. Smith Jr.",
      "orderNumber": 6930000,
      "isFieldGoal": 1,
      "shotResult": "Made",
      "possession": 1610612766,
      "teamTricode": "CHA",
      "description": "N. Smith Jr. floating Jump Shot (9 PTS)",
      "descriptor": "floating",
      "personIdsFilter": [
        1641733
      ],
      "areaDetail": "0-8 Center",
      "shotDistance": 4.87,
      "timeActual": "2024-01-13T03:29:40.5Z",
      "area": "In The Paint (Non-RA)",
      "period": 4,
      "side": "left",
      "yLegacy": 48,
      "edited": "2024-01-13T03:29:44Z",
      "playerName": "Smith Jr.",
      "isTargetScoreLastPeriod": false,
      "qualifiers": [
        "pointsinthepaint"
      ],
      "clock": "PT01M26.00S",
      "actionType": "2pt",
      "scoreHome": "133",
      "periodType": "REGULAR",
      "teamId": 1610612766,
      "actionNumber": 703,
      "x": 10.726018396846255,
      "y": 48.77450980392157,
      "subType": "Jump Shot",
      "personId": 1641733,
      "xLegacy": 6,
      "scoreAway": "97",
      "pointsTotal": 9
    },
    {
      "playerNameI": "D. Graham",
      "orderNumber": 6940000,
      "isFieldGoal": 1,
      "shotResult": "Missed",
      "possession": 1610612759,
      "teamTricode": "SAS",
      "description": "MISS D. Graham 27' pullup 3PT",
      "descriptor": "pullup",
      "personIdsFilter": [
        1628984
      ],
      "areaDetail": "24+ Left Center",
      "shotDistance": 27.62,
      "timeActual": "2024-01-13T03:29:53.9Z",
      "area": "Above the Break 3",
      "period": 4,
      "side": "right",
      "yLegacy": 262,
      "edited": "2024-01-13T03:34:20Z",
      "playerName": "Graham",
      "isTargetScoreLastPeriod": false,
      "qualifiers": [],
      "clock": "PT01M15.00S",
      "actionType": "3pt",
      "scoreHome": "133",
      "periodType": "REGULAR",
      "teamId": 1610612759,
      "actionNumber": 704,
      "x": 66.5735873850197,
      "y": 32.35294117647059,
      "subType": "Jump Shot",
      "personId": 1628984,
      "xLegacy": -88,
      "scoreAway": "97"
    },
    {
      "playerNameI": "S. Mamukelashvili",
      "orderNumber": 6950000,
      "isFieldGoal": 0,
      "possession": 1610612759,
      "teamTricode": "SAS",
      "description": "S. Mamukelashvili REBOUND (Off:1 Def:1)",
      "personIdsFilter": [
        1630572
      ],
      "areaDetail": "24+ Left Center",
      "reboundDefensiveTotal": 1,
      "timeActual": "2024-01-13T03:29:56.9Z",
      "shotActionNumber": 704,
      "area": "Above the Break 3",
      "reboundOffensiveTotal": 1,
      "period": 4,
      "side": null,
      "yLegacy": null,
      "edited": "2024-01-13T03:34:20Z",
      "playerName": "Mamukelashvili",
      "isTargetScoreLastPeriod": false,
      "qualifiers": [],
      "clock": "PT01M12.00S",
      "actionType": "rebound",
      "scoreHome": "133",
      "periodType": "REGULAR",
      "reboundTotal": 2,
      "teamId": 1610612759,
      "actionNumber": 705,
      "x": null,
      "y": null,
      "subType": "offensive",
      "personId": 1630572,
      "xLegacy": null,
      "scoreAway": "97"
    },
    {
      "playerNameI": "B. Wesley",
      "orderNumber": 6960000,
      "isFieldGoal": 1,
      "shotResult": "Made",
      "possession": 1610612759,
      "teamTricode": "SAS",
      "description": "B. Wesley driving Layup (4 PTS)",
      "descriptor": "driving",
      "personIdsFilter": [
        1631104
      ],
      "areaDetail": "0-8 Center",
      "shotDistance": 3.2,
      "timeActual": "2024-01-13T03:30:08.2Z",
      "area": "Restricted Area",
      "period": 4,
      "side": "right",
      "yLegacy": 29,
      "edited": "2024-01-13T03:32:15Z",
      "playerName": "Wesley",
      "isTargetScoreLastPeriod": false,
      "qualifiers": [
        "pointsinthepaint",
        "2ndchance"
      ],
      "clock": "PT01M02.00S",
      "actionType": "2pt",
      "scoreHome": "135",
      "periodType": "REGULAR",
      "teamId": 1610612759,
      "actionNumber": 706,
      "x": 91.27792378449409,
      "y": 47.549019607843135,
      "subType": "Layup",
      "personId": 1631104,
      "xLegacy": -12,
      "scoreAway": "97",
      "pointsTotal": 4
    },
    {
      "playerNameI": "J. Thor",
      "orderNumber": 6970000,
      "isFieldGoal": 1,
      "shotResult": "Made",
      "possession": 1610612766,
      "teamTricode": "CHA",
      "description": "J. Thor DUNK (5 PTS) (N. Smith Jr. 5 AST)",
      "personIdsFilter": [
        1630550,
        1641733
      ],
      "areaDetail": "0-8 Center",
      "shotDistance": 1.52,
      "timeActual": "2024-01-13T03:30:23.5Z",
      "assistPersonId": 1641733,
      "area": "Restricted Area",
      "period": 4,
      "side": "left",
      "yLegacy": 15,
      "edited": "2024-01-13T03:30:29Z",
      "playerName": "Thor",
      "isTargetScoreLastPeriod": false,
      "qualifiers": [
        "pointsinthepaint"
      ],
      "assistTotal": 5,
      "clock": "PT00M50.00S",
      "actionType": "2pt",
      "scoreHome": "135",
      "periodType": "REGULAR",
      "teamId": 1610612766,
      "actionNumber": 707,
      "x": 7.178055190538765,
      "y": 49.50980392156863,
      "subType": "DUNK",
      "personId": 1630550,
      "xLegacy": 2,
      "scoreAway": "99",
      "pointsTotal": 5,
      "assistPlayerNameInitial": "N. Smith Jr."
    },
    {
      "officialId": 202049,
      "orderNumber": 6990000,
      "isFieldGoal": 0,
      "possession": 1610612759,
      "teamTricode": "SAS",
      "description": "SAS shot clock Team TURNOVER",
      "personIdsFilter": [],
      "areaDetail": "24+ Center",
      "timeActual": "2024-01-13T03:30:53.0Z",
      "area": "Above the Break 3",
      "period": 4,
      "side": null,
      "yLegacy": null,
      "edited": "2024-01-13T03:32:48Z",
      "isTargetScoreLastPeriod": false,
      "qualifiers": [
        "team"
      ],
      "clock": "PT00M26.00S",
      "actionType": "turnover",
      "scoreHome": "135",
      "periodType": "REGULAR",
      "teamId": 1610612759,
      "actionNumber": 709,
      "x": null,
      "y": null,
      "subType": "shot clock",
      "personId": 0,
      "xLegacy": null,
      "scoreAway": "99"
    },
    {
      "officialId": 202049,
      "orderNumber": 7000000,
      "isFieldGoal": 0,
      "possession": 1610612766,
      "teamTricode": "CHA",
      "description": "CHA shot clock Team TURNOVER",
      "personIdsFilter": [],
      "areaDetail": "24+ Left Center",
      "timeActual": "2024-01-13T03:31:17.3Z",
      "area": "Above the Break 3",
      "period": 4,
      "side": null,
      "yLegacy": null,
      "edited": "2024-01-13T03:33:20Z",
      "isTargetScoreLastPeriod": false,
      "qualifiers": [
        "team"
      ],
      "clock": "PT00M02.10S",
      "actionType": "turnover",
      "scoreHome": "135",
      "periodType": "REGULAR",
      "teamId": 1610612766,
      "actionNumber": 710,
      "x": null,
      "y": null,
      "subType": "shot clock",
      "personId": 0,
      "xLegacy": null,
      "scoreAway": "99"
    },
    {
      "period": 4,
      "side": null,
      "orderNumber": 7010000,
      "yLegacy": null,
      "isFieldGoal": 0,
      "edited": "2024-01-13T03:31:43Z",
      "isTargetScoreLastPeriod": false,
      "possession": 1610612759,
      "qualifiers": [],
      "description": "Period End",
      "clock": "PT00M00.00S",
      "personIdsFilter": [],
      "actionType": "period",
      "scoreHome": "135",
      "periodType": "REGULAR",
      "actionNumber": 711,
      "x": null,
      "timeActual": "2024-01-13T03:31:43.3Z",
      "y": null,
      "subType": "end",
      "personId": 0,
      "xLegacy": null,
      "scoreAway": "99"
    },
    {
      "period": 4,
      "side": null,
      "orderNumber": 7020000,
      "yLegacy": null,
      "isFieldGoal": 0,
      "edited": "2024-01-13T03:31:47Z",
      "isTargetScoreLastPeriod": false,
      "possession": 0,
      "qualifiers": [],
      "description": "Game End",
      "clock": "PT00M00.00S",
      "personIdsFilter": [],
      "actionType": "game",
      "scoreHome": "135",
      "periodType": "REGULAR",
      "actionNumber": 712,
      "x": null,
      "timeActual": "2024-01-13T03:31:47.7Z",
      "y": null,
      "subType": "end",
      "personId": 0,
      "xLegacy": null,
      "scoreAway": "99"
    }
  ]
}

1630163 steal
1630200 foul
1641705 turnover
1641706 foul
1630577 FT make
1626179 2PT make
1630163 assist
1630577 FT make
1630208 foul
1630577 FT make
1641705 FT make
1641705 dreb
1641705 FT make
1626179 3PT miss
1630208 dreb
1630577 3PT miss
1641706 3PT miss
1630170 2PT miss
1630208 block
1628970 dreb
1641705 3PT miss
1641706 2PT miss
1641705 dreb
1641705 2PT miss
1626179 dreb
1641705 dreb
1630163 3PT miss
1630170 turnover
1626179 steal
1641706 oreb
1630163 2PT miss
1641706 2PT miss
1641706 oreb
1641706 2PT miss
1630163 foul
1628970 dreb
1630163 steal
1630170 dreb
1630163 turnover
1641705 turnover
1630170 3PT miss
1628970 2PT miss
1631110 steal
1641705 2PT miss
1630163 3PT miss
1626179 foul
1630170 2PT make
1641705 assist
1630170 FT make
1630170 foul
1630208 2PT make
1630200 2PT make
1626179 assist
1641706 FT miss
1641706 FT make
1631110 turnover
1626179 steal
1626179 3PT miss
1630200 dreb
1630200 2PT make
1630163 2PT make
1641706 assist
1628970 2PT miss
1630170 2PT make
1630208 oreb
1630208 2PT make
1630208 dreb
1641706 turnover
1628970 2PT miss
1631103 2PT miss
1631110 dreb
1631110 block
1631103 2PT make
1630170 foul
1630170 assist
1630170 2PT make
1631110 assist
1630208 FT make
1630208 FT make
1631230 2PT miss
1630550 foul
1626224 FT make
1628970 dreb
1626224 FT miss
1630550 2PT miss
1630550 oreb
1631230 block
1641877 oreb
1630550 2PT miss
1630163 turnover
1631103 2PT miss
1628970 dreb
1631230 block
1628970 2PT miss
1630163 2PT make
1626224 2PT make
202397 assist
1631104 foul
1630163 turnover
1631230 dreb
1630163 steal
1631103 2PT make
202397 2PT miss
1629640 turnover
1629640 foul
1629640 assist
1630163 FT make
1630163 FT miss
1626224 dreb
1631230 foul
1629640 2PT miss
1628970 FT make
1641877 foul
1628970 FT make
1629640 FT make
1631104 foul
1629640 FT make
1630163 FT make
1641877 foul
1630163 FT make
1631230 FT miss
1631230 FT make
1630163 2PT make
1629640 3PT miss
1630208 oreb
203926 dreb
1641706 2PT miss
1629640 turnover
1630208 2PT miss
1630208 oreb
1630550 3PT miss
1630208 2PT miss
1641705 block
1641705 dreb
1630208 foul
1641705 FT make
1641705 FT make
1641705 turnover
1641706 steal
1630550 2PT make
1629640 foul
1630163 assist
1630163 FT make
1630163 FT make
1641705 dreb
1630163 3PT miss
1641705 2PT miss
1641705 oreb
1641705 oreb
1641705 2PT miss
1626179 2PT miss
1641705 2PT make
1630200 dreb
1630208 2PT miss
1631103 2PT make
1630200 assist
1641705 block
1630208 oreb
1630208 2PT make
1630163 foul
1641705 2PT make
1630163 2PT make
1631103 assist
1626179 2PT miss
1641705 dreb
1631110 2PT make
1630200 assist
1630208 dreb
1630200 3PT miss
203926 dreb
202397 2PT miss
1631110 2PT make
1641733 oreb
1628970 3PT miss
1631110 dreb
1641733 2PT miss
1641733 foul
1641705 2PT make
1626179 2PT make
1631110 assist
1630208 assist
1626179 foul
1630170 FT make
1630170 FT make
1630170 dreb
1641877 2PT miss
203926 2PT make
1631230 dreb
1630200 assist
1641733 3PT miss
1630170 2PT miss
203926 2PT make
202397 2PT miss
1628970 oreb
1630170 assist
1631230 foul
1628970 2PT make
1628970 FT make
203926 2PT make
1631230 assist
1631230 dreb
1641877 2PT miss
1641877 dreb
1626179 2PT make
203926 3PT miss
1641733 assist
1631230 oreb
1630170 2PT miss
1631230 2PT make
1628970 2PT make
203926 2PT make
202397 assist
1631110 dreb
1631103 assist
202397 2PT miss
203926 3PT miss
1631121 foul
1631110 FT make
1631110 FT miss
1628970 dreb
1626179 2PT make
1630163 dreb
1631230 2PT miss
1631230 dreb
1641877 2PT miss
1630170 steal
1631103 turnover
1631121 steal
1626179 turnover
1628970 foul
1631230 FT make
1641877 foul
1631230 FT make
1641877 turnover
1626179 block
1630170 2PT miss
1631103 dreb
1630163 2PT miss
1631110 2PT make
1630163 2PT miss
1631103 assist
1630163 foul
1630163 turnover
1628970 2PT make
1641705 2PT make
1626179 assist
1631110 assist
1641705 2PT make
1630200 assist
1630163 3PT miss
1631110 dreb
1630577 dreb
1641705 foul
1641705 2PT make
1626179 FT make
1630170 assist
1626179 FT miss
1641705 2PT make
1630200 dreb
1628970 3PT miss
1630200 assist
1626179 3PT miss
1641705 2PT make
1630170 dreb
1630163 dreb
1631110 3PT miss
1630163 3PT miss
1631110 dreb
1630577 3PT miss
1641705 oreb
1630208 foul
1641705 FT make
1626179 2PT make
1641705 FT make
1630163 assist
1631121 2PT make
1630170 2PT make
1630163 assist
1631110 2PT make
1630200 assist
1626179 3PT miss
1630200 assist
1631110 dreb
1630577 foul
1630577 2PT make
1630170 assist
1630163 FT make
1630163 dreb
1630200 2PT miss
1630163 FT make
1630163 turnover
1630200 steal
1630577 3PT miss
1630200 foul
1630208 2PT make
1628970 dreb
1630170 3PT miss
1630163 assist
1630163 3PT miss
1629640 dreb
1631230 2PT miss
1628970 dreb
1626224 foul
1628970 FT make
1631121 turnover
1628970 FT make
1629640 2PT make
1630170 steal
1631103 assist
1626179 dreb
1631103 2PT miss
1630208 oreb
1628970 2PT miss
1630208 2PT make
1629640 2PT make
1628970 3PT miss
1626224 dreb
1626224 turnover
1628970 steal
1631103 dreb
1626179 3PT miss
1641733 dreb
1629640 3PT miss
1626179 2PT make
1641733 assist
203926 FT make
203926 FT make
203926 FT miss
1629640 3PT miss
1641877 dreb
1641877 oreb
1626179 3PT miss
1626224 turnover
1628970 2PT make
1641877 assist
1628970 2PT miss
1641877 oreb
1641877 2PT miss
1641705 dreb
1631103 turnover
1630163 steal
1630163 turnover
1641705 2PT make
1626224 assist
1630163 2PT make
202397 assist
1626224 2PT make
1631104 assist
1630163 FT make
1630163 FT make
1626224 foul
1626224 turnover
202397 turnover
1629640 steal
1629640 2PT miss
1626224 oreb
1626224 2PT make
1641877 turnover
1641733 dreb
1626224 steal
1641705 dreb
1641705 foul
1628970 turnover
1641733 2PT miss
1631103 3PT miss
1629640 2PT make
1631104 assist
1629640 3PT miss
1630163 steal
1630170 turnover
1630200 foul
1630163 FT make
1631110 2PT make
1630550 foul
1630163 FT make
1630170 assist
1641733 2PT make
1631110 FT make
1641877 assist
1629640 3PT miss
1641733 dreb
1631121 3PT miss
1629640 dreb
1641877 foul
1630200 FT make
1630200 FT make
1631121 turnover
1631110 steal
1629640 2PT miss
1641877 dreb
1626224 dreb
1630550 3PT miss
1631104 foul
1626224 2PT make
1631110 assist
1630163 FT make
1630572 foul
1630163 FT make
1629603 2PT make
1630163 FT make
1630163 foul
1628984 assist
1630163 FT make
1631104 2PT miss
1641733 dreb
1641877 oreb
1641733 3PT miss
1631121 2PT make
1629603 2PT make
1630577 assist
1641733 2PT make
1630577 2PT miss
202397 assist
202397 dreb
1631121 2PT make
1628984 3PT miss
202397 assist
1630550 dreb
1631121 2PT make
202397 dreb
1630577 3PT miss
1630577 turnover
1641733 2PT make
202397 steal
202397 assist
1641733 turnover
1631104 steal
1631104 2PT make
1631121 turnover
1641778 foul
1641877 foul
1630572 FT miss
1630572 FT make
1641733 oreb
1630547 3PT miss
1631104 dreb
1641778 3PT miss
1630577 2PT make
1630577 dreb
1631104 assist
1641733 2PT miss
1630550 foul
1629603 FT make
1629603 FT make
1630572 block
1631121 2PT miss
1630572 dreb
1630547 block
1630572 2PT miss
1630550 dreb
1641778 2PT make
1628984 foul
1641733 assist
1630577 foul
1631121 2PT make
1641733 assist
1631121 FT make
1631104 dreb
1630547 dreb
1629603 2PT make
1630547 3PT miss
1628984 assist
1630577 3PT miss
1631121 turnover
1628984 2PT make
1630550 turnover
1628984 2PT make
1628984 steal
1628984 2PT make
1641733 2PT make
1629603 assist
1628984 3PT miss
1630572 oreb
0 turnover
1631104 2PT make
1630550 2PT make
0 turnover
1641733 assist
Game 0022300541 has concluded
test statcollector thread set
]]></system-out>
  </testcase>
  <testcase name="testStatProcessor" classname="nbatools.TestPastGames" time="0.001"/>
</testsuite>